<?xml version="1.0" encoding="UTF-8"?>
<!-- Generated by org.testng.reporters.JUnitReportReporter -->
<testsuite hostname="ac969bbfe826" failures="0" tests="8" name="org.udemy.globant.tests.vendorportal.VendorPortalTest" time="18.702" errors="1" timestamp="2024-05-07T02:28:55 GMT" skipped="0">
  <testcase classname="org.udemy.globant.tests.vendorportal.VendorPortalTest" name="loginTest" time="2.769"/>
  <testcase classname="org.udemy.globant.tests.vendorportal.VendorPortalTest" name="dashboardTest" time="3.152"/>
  <testcase classname="org.udemy.globant.tests.vendorportal.VendorPortalTest" name="loginTest" time="1.001"/>
  <testcase classname="org.udemy.globant.tests.vendorportal.VendorPortalTest" name="loginTest" time="2.766"/>
  <testcase classname="org.udemy.globant.tests.vendorportal.VendorPortalTest" name="dashboardTest" time="1.200">
    <error message="Unable to locate element: input[type=&#039;search&#039;]
For documentation on this error, please visit: https://www.selenium.dev/documentation/webdriver/troubleshooting/errors#no-such-element-exception
Build info: version: &#039;4.19.1&#039;, revision: &#039;abe0ee07dc&#039;
System info: os.name: &#039;Linux&#039;, os.arch: &#039;aarch64&#039;, os.version: &#039;6.6.12-linuxkit&#039;, java.version: &#039;22.0.1&#039;
Driver info: org.openqa.selenium.remote.RemoteWebDriver
Command: [edb3c8f0-cf12-4d26-bead-ea9a31b030f4, findElement {value=input[type=&#039;search&#039;], using=css selector}]
Capabilities {acceptInsecureCerts: true, browserName: firefox, browserVersion: 117.0, moz:accessibilityChecks: false, moz:buildID: 20230912013654, moz:debuggerAddress: 127.0.0.1:25568, moz:firefoxOptions: {}, moz:geckodriverVersion: 0.33.0, moz:headless: false, moz:platformVersion: 6.6.12-linuxkit, moz:processID: 2789, moz:profile: /tmp/rust_mozprofile7bIjiL, moz:shutdownTimeout: 60000, moz:webdriverClick: true, moz:windowless: false, pageLoadStrategy: normal, platformName: linux, proxy: Proxy(), se:bidi: ws://192.168.32.3:4444/sess..., se:cdp: ws://192.168.32.3:4444/sess..., se:cdpVersion: 85.0, se:noVncPort: 7900, se:vnc: ws://192.168.32.3:4444/sess..., se:vncEnabled: true, se:vncLocalAddress: ws://192.168.32.3:7900, setWindowRect: true, strictFileInteractability: false, timeouts: {implicit: 0, pageLoad: 300000, script: 30000}, unhandledPromptBehavior: dismiss and notify}
Session ID: edb3c8f0-cf12-4d26-bead-ea9a31b030f4" type="org.openqa.selenium.NoSuchElementException">
      <![CDATA[org.openqa.selenium.NoSuchElementException: Unable to locate element: input[type='search']
For documentation on this error, please visit: https://www.selenium.dev/documentation/webdriver/troubleshooting/errors#no-such-element-exception
Build info: version: '4.19.1', revision: 'abe0ee07dc'
System info: os.name: 'Linux', os.arch: 'aarch64', os.version: '6.6.12-linuxkit', java.version: '22.0.1'
Driver info: org.openqa.selenium.remote.RemoteWebDriver
Command: [edb3c8f0-cf12-4d26-bead-ea9a31b030f4, findElement {value=input[type='search'], using=css selector}]
Capabilities {acceptInsecureCerts: true, browserName: firefox, browserVersion: 117.0, moz:accessibilityChecks: false, moz:buildID: 20230912013654, moz:debuggerAddress: 127.0.0.1:25568, moz:firefoxOptions: {}, moz:geckodriverVersion: 0.33.0, moz:headless: false, moz:platformVersion: 6.6.12-linuxkit, moz:processID: 2789, moz:profile: /tmp/rust_mozprofile7bIjiL, moz:shutdownTimeout: 60000, moz:webdriverClick: true, moz:windowless: false, pageLoadStrategy: normal, platformName: linux, proxy: Proxy(), se:bidi: ws://192.168.32.3:4444/sess..., se:cdp: ws://192.168.32.3:4444/sess..., se:cdpVersion: 85.0, se:noVncPort: 7900, se:vnc: ws://192.168.32.3:4444/sess..., se:vncEnabled: true, se:vncLocalAddress: ws://192.168.32.3:7900, setWindowRect: true, strictFileInteractability: false, timeouts: {implicit: 0, pageLoad: 300000, script: 30000}, unhandledPromptBehavior: dismiss and notify}
Session ID: edb3c8f0-cf12-4d26-bead-ea9a31b030f4
at java.base/jdk.internal.reflect.DirectConstructorHandleAccessor.newInstance(DirectConstructorHandleAccessor.java:62)
at java.base/java.lang.reflect.Constructor.newInstanceWithCaller(Constructor.java:502)
at java.base/java.lang.reflect.Constructor.newInstance(Constructor.java:486)
at org.openqa.selenium.remote.ErrorCodec.decode(ErrorCodec.java:167)
at org.openqa.selenium.remote.codec.w3c.W3CHttpResponseCodec.decode(W3CHttpResponseCodec.java:138)
at org.openqa.selenium.remote.codec.w3c.W3CHttpResponseCodec.decode(W3CHttpResponseCodec.java:50)
at org.openqa.selenium.remote.HttpCommandExecutor.execute(HttpCommandExecutor.java:190)
at org.openqa.selenium.remote.TracedCommandExecutor.execute(TracedCommandExecutor.java:51)
at org.openqa.selenium.remote.RemoteWebDriver.execute(RemoteWebDriver.java:518)
at org.openqa.selenium.remote.ElementLocation$ElementFinder$2.findElement(ElementLocation.java:165)
at org.openqa.selenium.remote.ElementLocation.findElement(ElementLocation.java:59)
at org.openqa.selenium.remote.RemoteWebDriver.findElement(RemoteWebDriver.java:355)
at org.openqa.selenium.remote.RemoteWebDriver.findElement(RemoteWebDriver.java:349)
at org.openqa.selenium.support.pagefactory.DefaultElementLocator.findElement(DefaultElementLocator.java:68)
at org.openqa.selenium.support.pagefactory.internal.LocatingElementHandler.invoke(LocatingElementHandler.java:38)
at jdk.proxy2/jdk.proxy2.$Proxy14.sendKeys(Unknown Source)
at org.udemy.globant.tests.vendorportal.VendorPortalTest.dashboardTest(VendorPortalTest.java:46)
at java.base/jdk.internal.reflect.DirectMethodHandleAccessor.invoke(DirectMethodHandleAccessor.java:103)
at java.base/java.lang.reflect.Method.invoke(Method.java:580)
at org.testng.internal.invokers.MethodInvocationHelper.invokeMethod(MethodInvocationHelper.java:139)
at org.testng.internal.invokers.TestInvoker.invokeMethod(TestInvoker.java:664)
at org.testng.internal.invokers.TestInvoker.invokeTestMethod(TestInvoker.java:228)
at org.testng.internal.invokers.MethodRunner.runInSequence(MethodRunner.java:63)
at org.testng.internal.invokers.TestInvoker$MethodInvocationAgent.invoke(TestInvoker.java:961)
at org.testng.internal.invokers.TestInvoker.invokeTestMethods(TestInvoker.java:201)
at org.testng.internal.invokers.TestMethodWorker.invokeTestMethods(TestMethodWorker.java:148)
at org.testng.internal.invokers.TestMethodWorker.run(TestMethodWorker.java:128)
at java.base/java.util.ArrayList.forEach(ArrayList.java:1597)
at org.testng.TestRunner.privateRun(TestRunner.java:819)
at org.testng.TestRunner.run(TestRunner.java:619)
at org.testng.SuiteRunner.runTest(SuiteRunner.java:443)
at org.testng.SuiteRunner$SuiteWorker.run(SuiteRunner.java:481)
at org.testng.internal.thread.ThreadUtil.lambda$execute$0(ThreadUtil.java:58)
at java.base/java.util.concurrent.FutureTask.run(FutureTask.java:317)
at java.base/java.util.concurrent.ThreadPoolExecutor.runWorker(ThreadPoolExecutor.java:1144)
at java.base/java.util.concurrent.ThreadPoolExecutor$Worker.run(ThreadPoolExecutor.java:642)
at java.base/java.lang.Thread.run(Thread.java:1570)
]]>
    </error>
    <system-out>
      <![CDATA[<img width=700px src='data:image/png;base64,iVBORw0KGgoAAAANSUhEUgAABVAAAAN9CAYAAAB1nFKaAAAgAElEQVR4XuydB2BUxbqA//SE0GvooFQVEFFsYL3eq6hg12fvvaPYsTcUu6hgw96u5Xq9VmygoCIoXZDeQgkQSEhP3sw5ObtnN9uz2ZLzzXtesrvnzJn5ZnZ2z7f/zKSMHL28RkgQcCiBTx7t4dCaU20IQAACEIAABCAAAQhAAAIQgAAEIACBUAikIFBDwcQxjZUAArWxtiz1ggAEIAABCEAAAhCAAAQgAAEIQAAC0SGAQI0OR3JJUgII1CRtOIoNAQhAAAIQgAAEIAABCEAAAhCAAARiRACBGiPQXCYxCSBQE7NdKBUEIAABCEAAAhCAAAQgAAEIQAACEEgUAgjURGkJyhEXAgjUuGDnohCAAAQgAAEIQAACEIAABCAAAQhAIGkIIFCTpqkoaEMQQKA2BFXyhAAEIAABCEAAAhCAAAQgAAEIQAACjYcAArXxtCU1iYAAAjUCaJwCAQhAAAIQgAAEIAABCEAAAhCAAAQcRACB6qDGpqp1CSBQ6RUQgAAEIAABCEAAAhCAAAQgAAEIQAACgQggUOkfjiaAQHV081N5CEAAAhCAAAQgAAEIQAACEIAABCAQlAACNSgiDmjMBBCojbl1qRsEIAABCEAAAhCAAAQgAAEIQAACEKg/AQRq/RmSQxITQKAmceNRdAhAAAIQgAAEIAABCEAAAhCAAAQgEAMCCNQYQOYSiUsAgZq4bUPJIAABCEAAAhCAAAQgAAEIQAACEIBAIhBAoCZCK1CGuBFAoMYNPReGAAQgAAEIQAACEIAABCAAAQhAAAJJQQCBmhTNRCEbigACtaHIki8EIAABCEAAAhCAAAQgAAEIQAACEGgcBBCojaMdqUWEBBCoEYLjNAhAAAIQgAAEIAABCEAAAhCAAAQg4BACCFSHNDTV9E0AgUrPgAAEIAABCEAAAhCAAAQgAAEIQAACEAhEAIFK/3A0AQSqo5ufykMAAhCAAAQgAAEIQAACEIAABCImsGZ9oXTp2CLi8zkxeQggUJOnrShpAxBAoDYAVLKEAAQgAAEIQAACEIAABCAAAQg4gAAC1QGNXFtFBKpz2pqa+iCAQKVbQAACEIAABCAAAQhAAAIQgAAEIBAJAQRqJNSS8xwEanK2G6WOEgEEapRAkg0EIAABCEAAAhCAAAQgAAEIQMBhBBCozmlwBKpz2pqa+iCAQKVbQAACEIAABCAAAQhAAAIQgAAEIBAJAQRqJNSS8xwEanK2G6WOEgEEapRAkg0EIAABCEAAAhCAAAQgAAEIQMBhBBCozmlwBKpz2pqa+iCAQKVbQAACEIAABCAAAQhAAAIQgAAEIBAJAQRqJNSS8xwEanK2G6WOEgEEapRAkg0EIAABCEAAAhCAAAQgAAEIQMBhBBCozmlwBKpz2pqa+iCAQKVbQAACEIAABCAAAQhAAAIQgEBjIVC1Yb1sn/iUlM+dLTXFRUGrlZLbVDIHDJbmF18taR06Bj0+UQ4IVM9Y1gmBmig9ouHLgUBteMZcIYEJIFATuHEoGgQgAAEIQAACEIAABCAAAQiETEBLxc1XnReSOPXOVEvHtk+/khQSNdR6xqJOCNSQu2fSH4hATfompAL1IYBArQ89zoUABCAAAQhAAAIQgAAEIACBRCGw9d6bpWzGtIiLk7XfMGl1x0MRnx+rE8OpZ0PXCYEaq1aP/3UQqPFvA0oQRwII1DjC59IQgAAEIAABCEAAAhCAAAQgEDUCG0450iP6tOWNYyWj7+4i1VWyfdLTUvbb9IDX0hGbHd77ImrlaaiMPOqZniFtn5gkKdk5kpKRIalt28uGk/8lNTuLjcs3dJ0QqA3VyomXLwI18dqEEsWQAAI1hrC5FAQgAAEIQAACEIAABCAAAQg0GIH8o4d55J3WpZtUrVklWfvsL01PP18Krrso6LXzPos8gjVo5lE6wLueVrZNRp0i2XvvJ1vuuN7jSg1ZJwRqlBo1CbJBoMaokdq0SJPjD2khg3rnSIfW6bKzrFrWbKiQKb8VyQ+ziqS6pm5BUlNFbj23g/TpliUvfLhZfpqz02dph++ZK1ec3FZ+nF0kEz4o8HlMXpt0ufviPKmorJFrH1srlVUxqniCXwaBmuANRPEgAAEIQAACEIAABCAAAQhAICQC/sRizuFHSfawQ2Tr3TcZ+WQfdLik5ORIyZf/rZNvQ8rGkCoRwkG+6qkjUNu99J5svetGqViyCIEaAkcOCY8AAjU8XhEd3aNjpjxwRZ7kZisj6iNN/HiLfDZte51X/rFPU7nq1LaG7NxeXCUX3b/ap/i8+LjWcvSw5sb5D03eKNPn1hWt912aJwN6ZRvHnHfPatmyHYOqWSBQI+rSnAQBCEAAAhCAAAQgAAEIQAACCUagjljMyJS2j70g6T12kcJnx0vJN/+TljeMlbSOnSQlNV0q162WwscfkJrSEldNklWgNj39PEnv2Uu23X9bnVZpyDrFMwJ19h8L5LeZc6S8vELS0tKkZ88uMuyAIdK0aW6C9czGURwEagza8bbz2svQ3ZtIcUm1PPP+Zlm0okyyMlJkDyU0h/RrIh9M2SZ/ryn3KElKisizYzpL89w0+fDbQjnnmFby/L8L5PPpO+qU+OLj28jRBzYznt9cWCWXP7xGysrdIa0H75Ur15/eznXe+feulgJ1HAmBSh+AAAQgAAEIQAACEIAABCAAgcZBwEOgKqmQ3qW7VK5eIWnt86TdpHck//jD1Hqo1ZJ96D8lNbuJ7Pz845jKxmhR9hbFKc1bSHtVv4Ixl0vlyuUxrVO8BOqChX/L9Bmz5eQTj5LmzZtKVVW1zJ33l2RlZUr/frtGCzX52AggUGPQHcZf20l6dcmUX+btlAde3RjSFYcNypUbz2onH35fKO99vU1eGdtNduyskkseXKPHO49kF6j6hY/UOa/+d6txTJPsFJlwUxdp1SwNgeqDPBGoIXVHDoIABCAAAQhAAAIQgAAEIACBBCdgF4spWdnS8ua7Jb1bT6PUJd9/LUWvTzL+ztpvuLHpUun3X9WpUUNGa0YLn7dAbXLMCZKxS28pfOphn5doyDrFS6B++t8p0qlTBxmy1x7Rwko+QQggUGPQRS4Y2VpGHtTcWOdUT6//c3GJLF1TJsvWldeRoVZxnhzdSbrlZRrCdOOWSrnkhDYy4oBm8tS7m411U+3JEqgzlKDdtXOWtFbrrV4zfq2sVmusWq9pqarXYNWJCFQ3PQRqDN4AXAICEIAABCAAAQhAAAIQgAAEGpyAfff5SC6W0iRXOrz/ZSSnxvSccOrZ0HWKl0DV0ad/LV4uxx5zmLRp3bIO//nzl8jvs+Yp51QtFRWVMnToIBk0sJ9x3DMTXpd99h4oi9X5O4qK5aDh+8jmzVtl1ap1ajZzuRyw316y++69Y9qmyXAxBGoMWiknK0UuO7GtDB+cK6lqar6VitSU/u9mFsmbX2yVkjL3lPt9dsuR28/vIL8tKJH7Xt5gHN6lfYYxpX/tpgq5YtxaqbFtOmVJ0ql/FMusRSVyzWltZf6yMnnpPwXy6DWdJL+g0shngjpfJwSquw0QqDF4A3AJCEAAAhCAAAQgAAEIQAACEGhwAlvvvVnKZkyL+DpZ+w2TVnc8FPH5sToxnHo2dJ3iJVC1GP3p51kyZ+4iNX2/Sjp3zpPd+/eSfrXT97UQ1VP7MzMzZOfOEnnuhbfkumvOk1S1W/kDDz0nR4841BCq+fmb5OVXP1Ai9nAZsEcfWbtug/z7wy/k6ivPiVVzJs11EKgxbKrmuakysFeO9OqaKbv1zJa+3bOMq/80Z6eMe809tX/cVR1drxWXuufrW5tQPfrGJtGy1Ep2gTr+zU3y5OjO0j0vw/X6I69vMiJen7+lCwLVq70RqDF8A3ApCEAAAhCAAAQgAAEIQAACEGgwAlUb1svmK8+Vmp1uXxDqxXSkZttnXpW0Dh1DPSVux4Vaz1jUKV4C1Q6/qHinrFm9Xqb99Lv06tVdDjl4X1m7Nl9m/7HQiEBNUevh6vVRtUDNyck2BOro6y4w1kvVrz807gW5cfRFkpGRbmxI9ehjL8qtN18Wt/ZN1AsjUOPYMucd21qOO7i5VFTWyEk3rzRKMlBtLHXvpXkBS7VyfYVcrabo+xKoWq5aEaz69aVqc6rrn1gnHdukI1B9UEWgxvENwKUhAAEIQAACEIAABCAAAQhAIKoEtFzcPvFJKZ8zOySRqiVj5sDB0vzia5JCnlqwAtUzlnVKBIFqMVmxcq1M+fZnOf/ck2T84y/JmaePkrw8c0Nx/fiyS8+QJrUCdcwNF0t6eppLoN485hIjOhWB6v/tiECN6lDlO7Obzm4vOvpUr126eFWZbC+uknat0uVSta5pn25ZsmV7lZx3z2rjZC1PtUR94/Ot8v6UQo8MVV+WV+7oKi3VhlB6Myq9KZVO9ghULVB1uueSPBmg8hn7fL7MXVqKQPXTzgjUGLwBuAQEIAABCEAAAhCAAAQgAAEIQKAREoiXQP1x6q/SoUM76a0iTrX41Oucfv7FD0aE6eGH7W8I0wvPP0VatWohy5atlnfe+69cqyJQEaiRd0IEauTsQj5z4q1dpEPrdJ/H67VMn3lvs3yj5GqvLpky/tpOxmZTF923WjYXVtU555xjWskJajMoLWJvfGq9KVCPay1HD2suU2cXy6NqCr9OGekp0qp5mrEBlU55KgL1hdop/FrWamlLEkGg0gsgAAEIQAACEIAABCAAAQhAAAIQiIRAvATq+vWb5OcZs2TtmnxRc/SNaNJ+fXeRgw8aKmlpafL30pUybdpMycrOlG5dO8viJcvkjP8bZayJ+vSzr8sVl51hiNcaJaWemfCGXHn5mcZU/6qqapnw/Bty1RVnR4KjUZ+DQI1B8+qI0REHNJPBfXOks9oMKisjVQnMSmN6/Sc/FMrCFWVGKfTaqHdfnGesb/r8vwt8lqxNizQZd3Un2VBQIbdOUG8UlQ4ZkitXnNRWXv50i3z+8w6f56n3krE2qk7XqOn/lfhTgwUCNQZvAC4BAQhAAAIQgAAEIAABCEAAAhBohATiJVAbIcqErxICNeGbiAI2JAEEakPSJW8IQAACEIAABCAAAQhAAAIQgEDjJYBAbbxt610zBKpz2pqa+iCAQKVbQAACEIAABCAAAQhAAAIQgAAEIBAJAQRqJNSS8xwEanK2G6WOEgEEapRAkg0EIAABCEAAAhCAAAQgAAEIQMBhBBCozmlwBKpz2pqa+iCAQKVbQAACEIAABCAAAQhAAAIQgAAEIBAJAQRqJNSS8xwEanK2G6WOEgEEapRAkg0EIAABCEAAAhCAAAQgAAEIQMBhBBCozmlwBKpz2pqa+iCAQKVbQAACEIAABCAAAQhAAAIQgAAEIBAJAQRqJNSS8xwEanK2G6WOEgEEapRAkg0EIAABCEAAAhCAAAQgAAEIQMBhBBCozmlwBKpz2pqa+iCAQKVbQAACEIAABCAAAQhAAAIQgAAEIBAJAQRqJNSS8xwEanK2G6WOEgEEapRAkg0EIAABCEAAAhCAAAQgAAEIQMBhBBCozmlwBKpz2pqa+iCAQKVbQAACEIAABCAAAQhAAAIQgAAEIBAJAQRqJNSS8xwEanK2G6WOEgEEapRAkg0EIAABCEAAAhCAAAQgAAEIQMBhBBCozmlwBKpz2pqa+iCAQKVbQAACEIAABCAAAQhAAAIQgAAEIBAJAQRqJNSS8xwEanK2G6WOEgEEapRAkg0EIAABCEAAAhCAAAQgAAEIQMBhBBCozmlwBKpz2pqa+iCAQKVbQAACEIAABCAAAQhAAAIQgAAEIBAJAQRqJNSS8xwEanK2G6WOEgEEapRAkg0EIAABCEAAAhCAAAQgAAEIQAACEGikBBCojbRhqVZoBBCooXHiKAhAAAIQgAAEIAABCEAAAhCAAAQg4FQCCFSntjz1NgggUOkIEIAABCAAAQhAAAIQgAAEIAABCEAAAoEIIFDpH44mgEB1dPNTeQhAAAIQgAAEIAABCEAAAhCAAAQgEJQAAjUoIg5ozAQQqI25dakbBCAAAQhAAAIQgAAEIAABCEAAAhCoPwEEav0ZkkMSE0CgJnHjUXQIQAACEIAABCAAAQhAAAIQgAAEIBADAgjUGEDmEolLAIGauG1DySAAAQhAAAIQgAAEIAABCEAAAhCAQCIQQKAmQitQhrgRQKDGDT0XhgAEIAABCEAAAhCAAAQgAAEIQAACSUEAgZoUzUQhG4oAArWhyJIvBCAAAQhAAAIQgAAEIAABCEAAAhBoHAQQqI2jHalFhAQQqBGC4zQIQAACEIAABCAAAQhAAAIQgAAEIOAQAghUhzQ01fRNAIFKz4AABCAAAQhAAAIQgAAEIAABCEAAAhAIRACBSv9wNAEEqqObn8pDAAIQgAAEIAABCEAAAhCAAAQgAIGgBBCoQRFxQGMmgEBtzK1L3SAAAQhAAAIQgAAEIAABCEAAAhCAQP0JIFDrz5AckpgAAjWJG4+iQwACEIAABCAAAQhAAAIQgAAEIACBGBBAoMYAMpdIXAII1MRtG0oGAQhAAAIQgAAEIAABCEAAAhCAAAQSgQACNRFagTLEjQACNW7ouTAEIAABCEAAAhCAAAQgAAEIQAACEEgKAvUWqJ3aZSRFRSlk4ySwblNFvSr22th2xvk1NTW2f1Ncj9UrQV6vvXzt+Skp5mMrv2CFC/W4YPnwOgQgAAEIQAACEIAABCAAAQhAAAIQaKwEUizhEqSC1nG1mkbE6zzz9Rr1tClw3PnaH9d9vd4CtbE2DPVyBoHXxrY33jh26emWqSYD/dhbjLrFp1222pi53qnmc4He50hUZ/Q1agkBCEAAAhCAAAQgAAEIQAACEIBA+AQCyVMv/eJTwFjS1PQznuJUn+9+znI4deUqAjX8duOMRkTAFKg6mRLV+Eu9e3wJUl8i1TrejcR8kyFFG1EnoSoQgAAEIAABCEAAAhCAAAQgAAEIJAUBt2x1ex67gLVHqHrKVPN4/ZynsK2VqSNHL3fnmBQoKCQEokfg9TtNger+xcJ3NKp6C3lJUU/h6l0i3wK1dn5/9IpPThCAAAQgAAEIQAACEIAABCAAAQhAwKEE6ipNX9GqvoSoJUutgDr/U/pNtESgOrSLUW2TwBt3dbCtf2pRqStH7ULUOzzcHplq50oUKr0MAhCAAAQgAAEIQAACEIAABCAAAQjEhoAveWqfom+Vwr7MYl1xauhSU5rWxsEZUalEoMamEblKYhLQAlUn73VPzdIGFqnmeb7rZZenIa5znJiAKBUEIAABCEAAAhCAAAQgAAEIQAACEEhgAnY342+9VG83E0ic6qra5anxGIGawD2AojU4gTfvzvOYmh+qSLUKVjfKlDVQG7zRuAAEIAABCEAAAhCAAAQgAAEIQAACEPBBwNcaqKYQ9VxW0f+0fjNT73VTEah0N0cT0AJVJ88p+vbIUzueuuGmvqbpM3Xf0V2KykMAAhCAAAQgAAEIQAACEIAABCAQRwLB10G1CueWqr6m9dtFKgI1jg3KpeNP4M27O2p96ipIaCLVOtz3/H0EavzblRJAAAIQgAAEIAABCEAAAhCAAAQg4EwC/qbxW2ub2qkEE6fmsayB6syeRK1dBEyBaq5t4U+e6te9pai/tU/tMhbMEIAABCAAAQhAAAIQgAAEIAABCEAAAvEg4Dll3yqBv7VQ3a/bo1JTXHvfEIEajzbkmglD4K17OtbKUesN4hlVGuoUff9CNWGqSkEgAAEIQAACEIAABCAAAQhAAAIQgICjCPja2Du0Kf5uT6SPR6A6qttQWW8CWqBayZSl5hvEOyJVPxdoan6k0/YRr/RJCEAAAhCAAAQgAAEIQAACEIAABCAQmIAvERoKM//T+X1vLOX2NDWeG0mNHL3c90KOoZSCYyCQ5ATevreTj+n5bpFqVs//WyRyccrbLsm7DsWHAAQgAAEIQAACEIAABCAAAQhAIMYEAgnRQEUJfJ59ur+nONV5EoEa40bmcolHQAtUK9Vd59SSnJ67soUjTcM5NvHoUCIIQAACEIAABCAAAQhAAAIQgAAEIJD4BMIRq/pYzxnBpv/xzsP+mCn8id8HKGEDErALVH8iVT/vFqH+FyFGljZgQ5E1BCAAAQhAAAIQgAAEIAABCEAAAhAIg0BdUWo/2bc09SVSjeeYwh8GeQ5tdATeua+zUSd/8jP0dU99i9VGB4wKQQACEIAABCAAAQhAAAIQgAAEIACBpCHgXkIxnPVQrepZ5yBQk6bBKWhDELAEqpV3sCjSYK97lzHc4xuijuQJAQhAAAIQgAAEIAABCEAAAhCAAAQaM4FwpvBrDsGOrzOdnwjU2HSfzIwUyc1JlayMVMlIF8lU/9pTeUW1VFSKlKl/i0uqpbyCTYZi0TLeAtV+zXDkZzjHxqJeXAMCEIAABCAAAQhAAAIQgAAEIAABCDidQDBRaucTMEIVgdpwXSk9LUVaNE2TpkqcpqeHN8W7srJGipRILSyqksoqZGpDtdK793cxsg5FgIZyTEOVk3whAAEIQAACEIAABCAAAQhAAAIQgAAEokcgFLnKFP7o8a6TU6oKLm3bIl2a5aZF5So7iqtkc2GlVFdHJTsysRF45z5ToKoN2FwpElEayTk0BAQgAAEIQAACEIAABCAAAQhAAAIQgEDDEQhFknpf3X5OTW1MI2ugRrmN9DT99q3SJTU1vIjTYMWorq6RjVsrjen9pOgRcE/hd7dXfWVq9EpHThCAAAQgAAEIQAACEIAABCAAAQhAAAINTcCXNDWvaRpUBGoUW0CL02hFnforlo5G1SKVFB0Cegp/3ehRT/ltF6rGW8f6+SE6RSAXCEAAAhCAAAQgAAEIQAACEIAABCAAgRgR8I5Krat5PJfS1McjUKPQOHrKfvtWGcYmUbFIOgp149YKpvRHAba1BqqVlW85Wjea2Fuq+isKsjUKjUQWEIAABCAAAQhAAAIQgAAEIAABCEAgAIFQp+r7jomru/eQd34I1Ch0v7w2sZOnVnG1RM0vqIhC6Z2dhbdA9abhX4BGtkRDqOLV2a1C7SEAAQhAAAIQgAAEIAABCEAAAhCAgH8CkU8O9r1RezABi0CtZ2+MxbR9f0XctqNKCtTmUqTICQQTqP5yjm5kaWQyNvJacyYEIAABCEAAAhCAAAQgAAEIQAACEEgWAr6lZySlDyZK/eWJQI2Edu05esq+jj6NZ9JRqGwsFXkLRCpQI7+i55nRFbHRKhX5QAACEIAABCAAAQhAAAIQgAAEIACBxCEQqfiMVg0QqBGS1Oueds/LlNTU+EYPVlfXyMr8ctZDjbAd4y1QIyw2p0EAAhCAAAQgAAEIQAACEIAABCAAAQjEiAACNULQ7VunS7MmaRGeHd3TmMofOU8EauTsOBMCEIAABCAAAQhAAAIQgAAEIAABCDiBAAI1glZOT0uR7h0zIziz4U5Zub5cKquityZEw5U0sXJ+74GurgIxnT6x2obSQAACEIAABCAAAQhAAAIQgAAEIACBeBGwLxuAQI2gFdq0SJeWzRIj+tQqPlGoETSkOsUuUP3lgFiNjC1nQQACEIAABCAAAQhAAAIQgAAEIACBRCcQyvqqCNQIWlGvfZqeHt+1T72LXVlproVKCo9AKAI1vBzdR9vF6+aCLfLgg4/Ltm2FdbLTb9SmTXOlmfqvR8/u0r9/X9ln78GSkZEe6aUb5LxVq9bII48+LYMG7SEXXnBW2Nf44Yef5O13PpT/O+0EOfjgA8M+v7GckL9hg+oLT8guqq2vuebSxlIt6gEBCEAAAhCAAAQgAAEIQAACEIgrgVBEaKQFRKCGSS4zI0W6dkis6ftWFVZvKJfyCqbxh9OkDSlQ7eWY/cdcefrpicZT3m9oXxGuLVs2l+OPO0aGD98/nOo06LHTfvpFXn75DWndqqU8+ui9YV/rJXXuTyqP/ffbRy666Oywz28sJ8z8/Q+ZMOElycrKkucmPNpYqkU9IAABCEAAAhCAAAQgAAEIQAACjZYAAjXMpm3VPE1aN0+syECrCpu3VUphUVWYNXL24bESqLNmz5FnnplkyNOXXnzKA3p1dbXs3Fki69fny4KFi+WHH6apSNXtxjEHHXSAnHP2aXWkazxa7adpM+SlV96UVq1ayPhH7wu7CC+9pATqz1qg7q0E6jlhn99YTvht5mx57rmXlUDNVAJ1fGOpFvWAAAQgAAEIQAACEIAABCAAAQg0WgII1DCbNq9NhuTmpIZ5VmwOLy6plvyCithcrJFcJREEqjfKiopKeeOt92Tqj9ONl4477mgZeeyRcSeOQI1OEyBQo8ORXCAAAQhAAAIQgAAEIAABCEAAArEigEANk3TXDhmSmZGYArW8olpWb0CghtOkiShQrfJPnDhZZvwy04g+feiBsdKufdtwqhb1YxGo0UGKQI0OR3KBAAQgAAEIQAACEIAABCAAAQjEigACNUzSu3bJCvOM2B6+dE1ZbC+Y5FdLZIFavHOn3HDDWCkrK5NDDx0mZ515alxpI1Cjgx+BGh2O5AIBCEAAAhCAAAQgAAEIQAACEIgVAQRqmKQRqGECS/DDE1mganSTX3tHrYn6k9+Nm7Zs2So/T/9N5i9YKOvW5ktx8U7JzW0inTrnyYEH7CfDDtzXbwts3VooX371rcybu0AKVD5VVVVqfdOW0qfPrnLoIcNkl116eJzrLVDXrF0nX375rfy1+G/ZpvJq2rSJ9Np1FzlqxD+kZ4/uda7rvQbqgvl/yZdffyurV69Va8DuVHVsLXsM6C///Mch0rZdG7/lrqiokO/VOrEzf/tD1q3LVxunlatyt5JevXoaonnXXXr6Pbe0tEx+/fV3+fPPebJy1RopLNwumZkZ0rZtG9lrr0Fy5L8ON9Ym9U4vvviazFGcbrn5WmndupV89/1UmT59pmzatFn2GjxQLrzQvSlWeXmFTJ36s3r9N9mwYZNU11RLh9MU+hcAACAASURBVA7tVXvsq9a03V/+UNdmDdQEHxgoHgQgAAEIQAACEIAABCAAAQhAwEYAgRpmd0CghgkswQ9PdIE6fcZMmTRpskFx3MN3K9HX2kV0ypQf5O13PhS9CZVOaWlp0qplCyncvl30Oqo6DRu2n5x/3hl1WuHvv5fJY49PEC0UtTBs166dWpoiXdapjaz0czqdcMIxcszR/3Kdaxeop59+srzwwqtSWVkpLVs2V1Gy5VJSUuoqx3XXXia77dbX47p2gdpeCcVPPvmfsTyBlrbl5eVSVFRsHJ+TnS1XXH6h7La75/n6tY1KSD7+5PNKTG40j83JliZKGGuBqwWwTscec6RaN3ZEnY23dJ2fUOfqDbt00te2ym4916VzJ7ntttF1JOqNN90pBZu3yLnn/J+SozNk6bLlrrodqBhfUMtYb/711NMvyIoVq4zXMxTT5i2aS9GOYiOSuG+fXqKPf/nlN9hEqk6v5AkIQAACEIAABCAAAQhAAAIQgEBiEkCghtkuCNQwgSX44YkuUFeuXC133zPOoHjzTdca0aFWeuXVt2TOnPkq6nK4DB06WDq0b29IwZqaGpk2bYbo13Uac+PV0q9fb9d5Wrjectu9smnjZhk+fH857dQTDBGpU1VVtcz+Y44hN/OU5Lziigtd51kCNTU1VYnBDBkyZJCccPwxRkSmTitWrpKJL7wm+Rs2qHM7yAMP3O7R+pZAba2E6Zat24xozxEjjlCRq7nGcctXrJTXXntXdJ11ee6793YlV1u48igpLZW77x4nGzduMiI6zznnNOnX16yXlr5Tvv1BPvzwv0b9T/+/E+UfKpLVnnSk7uTJb8uBKir3wAOHSvduXSU9Pd04ZImSqxMmvGREpI4aeZSMGjXC49wxY+6UzQVbpI0S2FsKtsohhxwoQ/baU3r27O5ip0945NGnZeHCxUqOZsmZp58k++2/jyG2Ndc//pirIorflmz1ms5Li+vnJoz3uA4PIAABCEAAAhCAAAQgAAEIQAACEEg8AgjUMNuETaTCBJbghye6QN28qUDG3HyXQfGqqy6WwXsOcBHVolAnLU19paefmSSzZ8+Rfxx+sJyuZJ6VdJTp7bffb8jDZ595xIiSDCVZAlUfu+++Q+SSi8+tc5qezv/ww08azz9w/+2Sl9fBdYwlUPUTI446Qk46aWSd83Uk6J13PSgFSlIefPCBcs7Zp7mO+c+nn8vHH//PWKLgvntvkxYqstM7faWWJHjn3Y8MwTv+0XtdctY6TovMtDTfm8B9/c138vbbH0qXLp3lnrtv9sjaEqj6yWuuuVQGDdy9zrX1sgBPPvWC8fz1110he+zRr84xy5avlPvue9R4HoEaSq/jGAhAAAIQgAAEIAABCEAAAhCAQPwJIFDDbIO8NhmSm+NbwISZVdQPLy6plvyCiqjn25gzTHSBqtfYvOnmu40m8BaowdrFEo5a9mnpZyVLoGpx+vRT44w1QENJdoGqo0t1lKl30tGtl1x6vTGd/lp1zYE20WgJVH3dJ594SLKzfW/IppcmePOtDwz5+cTjD4iOeNXpplvuNqJmR41SEaIjPSNErXJoQXrDjXcYkaRnn3WqihQdFkrVjGMs+aujR5+bYEpOK1kCVddH18tXevGl1+Xnn3+Vvv16yU03XuP3us9OeFF+//1PBGrILcOBEIAABCAAAQhAAAIQgAAEIACB+BJAoIbJv1XzNGndPLSIvTCzrvfhm7dVSmGRuQ4kKTQCiS5QA03h966hlpc6grNUrbVZo0TilG9/lK++/k56997V2PzISloy3nzLXUaUpxaCJ514rBF1GSxZArVJkxx55mlzWQFf6drrbpHt24vkoovOkf3329t1iCVQ+/XvLWNuuNrv+etVhOxtKkJWp4ceGCvtO7RT+e2Qa6+71Xju1luuUxtG7eL3/Oeff0V+/W2WHHDAULnwgrMCVqtYbV5Vpqb/V1VWyWq1KdYzKmpXpxcnPekSt/qxJVBPOOFYtS7sP33mqaN6tZwOdIw+8bvvpsnrb7yLQA3W4XgdAhCAAAQgAAEIQAACEIAABCCQIAQQqGE2RGZGinTtUHeX7jCzaZDDV28oVzuSm9O6SaERSHSBqtft1DvA6zRunNpEqo17Eyk9hf8XtaP8zN9myyq1o3zBlq3G+p/eqbeSjbco6WhPS5Ysleeef1n0pkc6NWvWVHr06Ca77tpDTU/fQ7p371onH/smUuMfvc8vYC06tfDUO9MfoNYAtZIlUPVz9l3rvTPS65lefsUNxtPWuq+rVq+Ru+562CcH7/PfVVP4v1RT+fUmVjeMvrJOvaf99Iss/Xu5bFTRvXoTLF9p0sQnPab6WwL1DLUUwuFqSQRf6eprbjY2wrrggjPlwAP29cvHmurPFP7Q3qMcBQEIQAACEIAABCAAAQhAAAIQiDcBBGoELdA9L1OtH+l73ckIsovKKZWVNbIyvzwqeTkpk0QXqHojqKlTpxviVAtUe7LWONVT3PWO9bv06K7WBW0hWWpqfIZa3/T7H6YZGxr5Eqg6n5KSUrVh1FyZO3e+2lV+hej1Vq2kp6FfdMHZrg2i9PPREqh6E6cLzj/TbzfTUbRXXjXGeF1HzuoI2jUqOnTs2AeN5x5Va5vqjaj8Jb2OqV7PVG+cpTfQspKOxn3nnQ+Nh1oW9+3TS9q0aSU5KqI2PT1D8lX06Cf/+dx4PRKBetXVN0lx8U4VeXu2irx1i2Pvcup1aXXbIVCdNNJQVwhAAAIQgAAEIAABCEAAAhBIZgII1Ahar02LdGnZLC2CMxvulG07qqSg0Hc0XcNdNflzTmSBqqeX33DDWClTU/IPP+xgOeMM90ZQi/5aooTqU8YGUjdryehjSvsXX34j7733iV+B6t16etr93Hnz5T+ffmGsNdpX7XB/0xi3gIyWQPUVGWovy9q16+WOsQ8YT1lT+HVkp47w1Om2266XXXfp6bfzTZjwksz8/Q+Pja40Qx0ZW1ZWbmxepTex8k7LV6yUe+811z6NRKBaU/j95W9db8qUH9Uar+8jUJN/+KAGEIAABCAAAQhAAAIQgAAEIOAQAgjUCBo6PS1FundMrGn8K9eXS2UV0/fDbc5EFqiTJk2W6TNmGmtxPvTgndK2rXv6/jfffC9vvf1vad++nXptrM9qv/TKm0bUqL8IVH+s7GuQPv30w5LbpIlxaLQEqo68fPyxB/xuIqWn3+tp+HpZgccfu9+1Fuktt94rGzZslOOOO1pGHnukz+Ibm1cpUaojQe3T7VevXit33vWQcY6/CNaffv5F9DIDkQpUa4mC/v37yI03XOW3Kz751Auip/ETgRruu5XjIQABCEAAAhCAAAQgAAEIQAAC8SGAQI2Qe/vW6dKsSWJEoRJ9GmEjqtMSUaBWVFTKG2+9J1N/nG5U7ES1ydPRIzw3Lvrxx5/l1clvGxLuqScfFr2zvT1t3Vooo2+43XjKW6DqdVL1hlNpab77r14X9frRtxnn6rVOW7VqYfwdLYGq89IbMenNlryTjrrVkZyFhdvl0EOHyVlnnuo6REfGfvzxZ4ZYvfeeW6V582Z1zv/sf1/Jv//9qcHjkXH3qmOaGsds3LBJbr71HuNva11V+8mah14iQG8CpVMkEah/zpkvTz75vHG+FqhapHqnJX8vkwcffNx4GoFaBw9PQAACEIAABCAAAQhAAAIQgAAEEpIAAjXCZlFBgaLXQk1Nje9aqNXV5tqnyv+QIiCQCAJVC00dMZmfv0EWqDVLv/9+mtrcqdCozSGHDJOzz3JLRKuK+vUxN91lbIKk1xQ984xTDCGnU/6GDfL8c6/K1m3bZMeOojoCVQvGKd/+IP/652Ey/KADPNYT1VPlX3/9Xflt5mzp0rmT3HPPLS6q0RKoOmp248ZNhkQ9Sk2lz8nJNq6xbPlKmayksI4WbaLWJb3v3tulZcvmruuXl1fI3feMEx0h26ljnpx77v9Jr9qlC0pKS+Wrr76T/6g1TDVPX9PodQSqzltvkHXVlRe51nfV0vbNN96X+QsWGbx0ikSg6vPGP/aszJ+/SHKys+VM1W5D99nL2IxKC1q9rMBrr70jzZs1N9oIgRrBG5ZTIAABCEAAAhCAAAQgAAEIQAACcSCAQK0H9NycVMlrk1GPHOp/an5BhRSXYE8jJRkrgao3a3r66YlGMfW6pfakhZ93atGiuZxw/DEyfPj+fqumd5N/RU3T1+frafadOneUMrWDvd6xXgvGQw8dbqy1qTdh0psxWWnu3AXywsRXRW/WpFPbdm2kpdp8qlRtKrVh40bREbBNm+bK6OuvMGSjlfT1Xn75DUO46mnw/tJ1199mRJB6b6b0kjr3J5WHFr4dOrSXDz/81IiCbaM2yCopKXHJS12XK668UPqpNVi9k16bVW/ApDeV0klHmGZlZcuWLVtFT9/XSYvhU045rg5nLU/1urFamOoI1c5KEOvrr1a80lLT5MILzzLy1unFSU+6lg7Qj2+86U4p2LxFLQtwshx++EF+6759+w55SrXzMrUpl07ZakOv5s2bGzz0Oqz9+veWQw8eLs89/7Iqd5Y8N8Fcc5UEAQhAAAIQgAAEIAABCEAAAhCAQOISQKDWs23iOZWfqfv1bDx1eqwEakHBVrn/gfGuyFJ7ybVQzc1toqamN5OePbsZU7915GJGRnA5r0Xd5198I0uWLDOiWFu1bin7DBksR6vozm0qAvXBB59QEvYAJRRHecDSkaZTp00XLVPXrVsvRUWmVNTRoQMH7C5HHHGoa/q7daIWsw8//KQMGriHXHzxOX7hazk7b+5CueWWa6VTp46u43744Sd5+51/G9Gyw4btJ4sWLpEvvpoiq1atMcrepnVrGThwN+Pabdq08pu/3gjqZ7Ve6Qy1PqwWvsXFJdJCTefv06eXHHbYcFdUqq8M9NIGepr/n3PmyTb1d25ujuzWv5+MGnWUWmO2jdx550OSrSJib79ttMfpLytR/fvMP9TSBpcH3MBKn1RRUSFTp06Xn6f/JhvyN0p1TbXkdeig6ryvIcS3KZl6332PSo8e3eTaay6tfycmBwhAAAIQgAAEIAABCEAAAhCAAAQalAACNQp4dRSqjkaNZdqxs0o2bqmM5SUb5bViJVAbJTwqBQEIQAACEIAABCAAAQhAAAIQgAAEHEAAgRqFRtbrobZvFTuJqqfsb9xawbqnUWg7BGoUIJIFBCAAAQhAAAIQgAAEIAABCEAAAhBoxAQQqFFs3FhM52fafhQbTGWFQI0uT3KDAAQgAAEIQAACEIAABCAAAQhAAAKNjQACNcotqqfyt2+Vrjag8dwoqL6Xqa6uUVGnlWwYVV+QXucjUKMMlOwgAAEIQAACEIAABCAAAQhAAAIQgEAjI4BAbYAG1VP6WzVLl5bN0qKSu4463bqjkin7UaHpmQkCtQGgkiUEIAABCEAAAhCAAAQgAAEIQAACEGhEBBCoDdiY6Wkp0qJpmjRVUanp6eFFpFZW1kiRWuu0sKhKKqtqGrCUzs462QVqTQ19w9k9mNo3BIGUlPDG64YoQyLnybiTyK1D2ZKVAONO4JZj3EnWnk25E5kA4w7jTiL3T8rWOAkk+7iDQI1Rv8zMSJGcrFTjv4x0kcwMFaZqS+UV1VJRKVJSVm38V16BGItF0ySSQOXmIBYtzjUg0DAEkvXLAONOw/QHcoVALAgw7sSCMteAAATsBBh36A8QgECsCSTSuINAjXXrc72EIhAPgYqwSKguQGEg0KAEEuUDn3GnQZuZzCGQUAQYdxKqOSgMBBxBgHHHEc1MJSGQUATiMe4gUBOqC1CYWBOIhUBFXMS6VbkeBBKXQKw+6Bl3ErcPUDIIxJoA406siXM9CECAcYc+AAEIxJpALMYdBGqsW5XrJRSBhhCoiIuEamIKA4GEJhCtD3rGnYRuZgoHgYQiwLiTUM1BYSDgCAKMO45oZioJgYQiEK1xx14pBGpCNTGFiTWBaArURBUYiVquWLc114OAJtAQH6TRIBtpuRL1/Z2o5YpGW5EHBMIlEOn7O9zrhHt8pOVK1Pd3opYr3HbheAhEg0Ck7+9oXDtQHpGWK1Hf34laroZuR/KHgC8Ckb6/G5pmNMuFQG3o1iL/hCYQDYHaUB+c0c2XXcUTuiNSuBgRiN7mfNH8ILZXPtR8ozs+uEsQ3XwZd2LUsblMQhNg3AnWPIw7wQjxOgTCJcC4E4wY404wQrwOgXAJNJ5xJ+CPQCNHL49eTcNlzPEQiDOB+gjUaH3w+s8nMvmQEtlpcW4JLg+B+BCoifgT0PeJoQrQYLX1lw/jTjByvA6BxCfAuOPdRpF9ceH7TuL3dUqYOAQYdxh3Eqc3UhKnEEi2cSeUdiECNRRKHNNoCUQiUOsrMOqe7/vGIZQbg/qWpdE2LBWDQD0IhCJB/X8h8BSroeQV8FfO2oGgvu91xp16dAhOhUAMCIQyVjDuxKAhuAQEHESAcSdwY9f3u5eDuhJVhUDIBBJx3Am58OpABGo4tDi20REIV6BG+kHqeZ6nMPUlSiO9TqNrICoEgQQm4OsLQF3B4RaqoXxhiGZ1GXeiSZO8IJAYBBh3EqMdKAUEnESAccdJrU1dIZAYBGI17oR7f4ZATYz+QSniRCAcgRqu1AxVXoSbb5xQcVkIQCAEAvYP4WjIVGt8CPXDnXEnhEbiEAg0MgKMO42sQakOBJKAAONOEjQSRYRAIyMQ7XHHwhPqfZY+HoHayDoV1QmPQCgCNVzB6U9g2CNN65dneHXkaAhAIDoEwvlwNT5gbW96T5kaPCrV3xgR2tqo7ih3xp3otD25QCBeBBh34kWe60LAuQQYd5zb9tQcAvEiEMtxx18dQykDAjVePYTrJgSBYAI1HNHpS5yGKy/CuV5CAKQQEICAhygN5QPZLVN9i9Rg44CnmLWvuWqKU8YdOiUEGj+BkL7k+/wRh3Gn8fcOagiBhiHAuNMwXMkVAhDwTyDa404w1sGuh0ANRpDXGzWBQAI1mMSwg3Ef6ykwguUR7HXf12jUTULlIJCQBIJ9mNoLHexY63VvkaqfD3VM8DyWcSchOw2FgkA9CQQbSxh36gmY0yEAgToEGHfoFBCAQKwJxGrcCbVegcqDQA2VIsc1SgL+BGqoEiMScRos72CvezdEuMc3yoakUhCIEoFwPsD1JYMdH/ADuDY6zBKpNTXVRi2C5eleFzW19niz8oHGgmDjRLDXGXei1MHIBgI+CAR7z3ufEux4xh26GQQgEIxAsHGEcSf4d6tgjHkdAhDwJBDPcUfdKYV0n2WV2F9ZEaj0akcTqI9ADVee+hMUoUsP97qGjm40Kg+BuBAIvm5pIPnp90PYJlHNsSDwh7t93NF5WjN0wx1fGHfi0om4KATCJMC4EyYwDocABOpNgHGn3gjJAAIQCJNAw487tT+JhCxREahhNiGHO4OAL4EaSiSWp8SofTvW3XLbeMFXfoGfqytKg0kSZ7QWtYRAfAjUnXJvL4d/4enrgzfYL6/mMOI7T1/jjj8ijDvx6StcFQLRIsC4Y1/fOVpUyQcCEAhEgHGHcYd3CARiTSAW447nNUKPRPV5Lzdy9HJGilj3Eq6XMAS8BWo05WkoAsM8xlOYalkaSjksiOEcmzDgKQgEEpRAMMFpL7a5Dql3RWrqTMEPJlLdU/LNscCXRA30o409f8adBO1YFAsCAQgw7oTWPfi+ExonjoJAKAQYd0KhFN49WWg5chQEnEsgHuOORTtaEpUp/M7tv9RcEbAL1FC+mIcSeRpMYPia+h/u9NtQGi+U+oSSD8dAoDESCOcD3Lv+gabj+9oYyvuDOxBPXx/u7uODT9m3520fAxh3GmMvpk7JRoBxx7+MqM93lvqcm2x9iPJCIFwCjDuMO+H2GY6HQH0JJMq4412OaEhUBGp9ewfnJzWBcASqtzwNJko1mLoCwx5tWjf4u2FEalI3EYWHQFQJWMthRJJpsHVMPfP0fK/bz/WOGPUXoaplrHtjqVRjvVN/446/KNS6Ue6MO5G0PedAoD4EGHcYd+rTfzgXApEQYNxh3Imk33AOBOpDINHGHV2XQPdZwfaesFh43Mcxhb8+XYRzk52AJVCDRS+EK0/DEaehiFhTxiY7bcoPgeQl4OsLQbCp+WZt/YtUOw1/ctZ63/v7QhL4Rxf/P9gw7iRvX6TkziHAuOOctqamEEgUAow7idISlAMCziHQEOOOv+AVuxQNtPeEN30rPyJQndMvqakPAqEI1GDT9r1FhH956mlAfU+vNQvpX5ZiUenIEIg9gbobuxlq1OvpwB/U1sHuNVL1GOB/aon1mvs8+/G+xh33tBT72sqMO7HvL1wRAtEgwLgTDYrkAQEIhEOAcSccWhwLAQhEg0DDjDvmvZr3XjPux+FO50egRqOtySPpCWiBGlr0qe+1B/3JU89ps6EJDF+b0fgDHKzMSd8wVAACCUAg8Po9dTd/s4ocikjVU/NdH8Q+PtytMSQ11bxOdbUeR0ypGmjcSUlJrS0G404CdCGKAIGwCTDueCLj+07YXYgTIBA2AcYdxp2wOw0nQKCeBBpy3LHumcKVqMHWbtWvE4Faz4bn9OQmEEyg2kWor/UHfUWR+pOnvo/15udfelhHcjOR3H2O0icXgfCn6bsjU/2LVEuCuiNQ617HFKeWW/XenMp7PLDGHTMf9zjCuJNc/Y3SQsDXl33fz/n+EYdxhz4EAQhEQoDvOyY17rMi6T2cA4HICDTUuFP7bvYZrOIrKtV+nxVIoiJQI2tnzmpEBN69v4vf2gRb9zSQPLXL1uACI7RIMXdB60agNaImoSoQSBgC3jLSKlgoEaZ2+el9vDUV31p3xx6Jao0XOpLUPo6Ykaf2TaXc44Bbnppf/L2jVK08PaPcGXcSpqNREAjYCDDu2LsD33d4c0AgFgQYdxh3YtHPuAYEPN5pXkEf0brPMu/BzPsmf5Go/iWqeX8UUKKyiRQd2ckEggvU4FP33XLCXHcwdHkaOErMbBf/Nw9u0eLkFqTuEIguAfemTf7W4/GM8AwU7WV+ANe+k32sju7rw9163+vD7SLU+tu+2LnxtcB4wnPcsROpK08Zd6LbY8gNAvUnwLjD95369yJygEB4BBh3GHfC6zEcDYH6E4jFuOMZmGLcLQWNRLXO8ZauvmrMFP769wNySGIC/gRqoOjTcCNPA0V/ecpXE6T3Wqj+RClTTJK441H0hCfg/cujvw98uxe1f2BbItSqqL8Np+wS1X2sO/rU/YFuRZa6o1Cta/j70abueGLKU8adhO9+FNChBBh3rMgPzw7A9x2HviGodkwIMO4w7sSko3ERCNgINNS4430vFk4kqvc9mb8oVAQqXdnRBAILVN9RXd7ywVcEmPcxxSXVsm1HtTTLVWFlavMYEgQg4AwCaWmpkpWZLmmpWoC6p9jr2nv/QmpuLGXKU7dMNR94/nBjSlTvaf72cUfnXVhVJgXlJdKmJldSGHac0eGoJQQUgXiOOzsqq2RLaaW0Sk1Tu995LhVC40AAAo2XQDzHHaksksryQimTdlJV7XsGUeMlT80g4FwC3uOO9/2V9djfdP5AU/kRqM7tV9Q8AAFfAjX86FPrAr6ju1bkV8pDk7dJcWm19O6aLg9f2cm4uSFBAAKNm4AeS6qVQCjeWS47isukWdNM9fuJaTK9fyG1R7j6mO3vAcpcC9UzYsL7R5tFZQVy/sqPZbuSqINzOspHu5/OuNO4uxu1g4BBIJ7jzlI11t24YKUUKYm6e9McmbRvP8Yd+iUEHEAgnuNOaukySf/7ZpGqIqlpsptk7fks444D+hxVhICvcceayutvVqCvpdXq7lVhfJvyuF+z0yYClb7naAL+BWp40afWm8xbYmzaWiV3TNxqyFOdLhjZWkYe1NzRzKk8BJxIoKy8UjZvKZbcnPQ666K61zrV0afuiK2601vs65fqCAsdheq9mZTI2vLtcvKK9w15qtOd3Q+VC/P2diJ26gwBRxOI5biTX1ohl89bYchTna7t21X+r3t7R/On8hBwIoFYjjsp5fmSsfhqQ57qlLHLlZLe+WQnYqfOEHA0AWvcadokw+d9lgnH3MfC1zR/Ozz/e1TU5sImUo7ua46vfDgC1XvtU2vqvj95qgPE3vq6WL6YXuzifN9leTJg12zHcwcABJxIoHB7iVRUVUl6qntzOk9Jqp/XQtQUo743kdIf/Km1Eah1N4TS4864TT/L6wV/uBC/1/802b95Vycip84QcDyBWI07L6zaJB+uL3DxnrB3HxnSupnj+QMAAk4kEKtxJ3P9JEnZ9JELcdbAJyS1xWAnIqfOEHA8ge07Sv3eZ7nvt9wS1Tvy1AKIQHV8VwJAIALeAtUtRc3ds/1vGGXf7Knu1H1rOu4dE7fJyvxyVxE+ebQHDQIBCDiUQKWKzNpYUCRNstMNAnqMsSSplqLmc2ZEqb9p/Hps8Yw6dUehWuPOySvfk0Ulm12UV+97o0OJU20IQCBW484V81fI30WlLuC//HMI8CEAAYcSiNW4k/X3lSI7l7ko5wz/waHEqTYEIFBVVe3zPsu6vzIJmWske0/l9z2NXx/pjli1CDOFn77maAL+BKo/eWq8jZSlCBR9akkM/YY7+55NHnzfurebmsLL+qeO7nRU3rEEqtX6p2vzt6vN5LRA9fwA149TVWSq99hifaDb12a2Psz1+qruCHgLa40MWPScB+N5e18tLdKyHMudikPAyQRiNe7865e/PDB/c9ie0ixdbSRFggAEHEcgVuNO1pyjPdjm7P+ZSHpTx/GmwhCAgOlofN1n+V4P1RSjkUShIlDpbY4mEK5Ada9x6pYVnlLVikw1o1K9BSoRqI7ublTe4QT0+LFmfWGtQNUw3Gst6whUT4FqjCxexKydZc0PfS1Qren+1u6S+gRvgUoEqsM7HtV3NIFYjTveApUIVEd3OyrvcAKxGnfqCFQiUB3e86i+80HVagAAIABJREFU0wn4us8y7rg8ZGk4UahEoDq9T1F/LwJ2gepv+n44a5/ao0/1eefc655Gqy+NQKULQsCZBKxxRH+wN22SVvuLpzVd3/wF1D5t3xKinhGodY+xIuLN48zo+IF/Pe8BGYHqzD5HrSEQy3HnyF8XewBHoNL/IOBMArEcd7LnHuMBmSn8zuxz1BoCFgHv+yxTnpoC1RKp5rGB10J1r4Oqj/WUqESg0t8cTcCXQA2+9qmOCjPfdMZbqnZKv7c81a8hUB3dvag8BFwEvG8orA9xc9zQ0/drP85rP+DtEaVujG6BauWnVgWo/WB3r9mMQKXjQQAC1vcT/a91Q9GQ4w4ClT4HAQjEetxBoNLnIAABOwHv7zv2JdPqRqG6xWhdwWrtOWHdZ1mzANXzI0cv954jSCtAwDEEIhOo5hvJ/iXBlKiez+vnzr3PvSOtfpUIVMd0LSoKAQ8CdoGq10G2PsTN5/X0fffh7k2i3D/U2H8ptUfFmwLVvpFUjQxa/ILHtYlApTNCwJkEYjnuHPXbEg/IRKA6s89RawjEctzJmXesB3AiUOl/EHA2AS1Q7fdZJg0zAMVXFGpom0kRgersXkXtPQgEE6ihTN93y1NToLo3mRIEKv0NAhAwCHjfUBgf5645+1qomuOHfTFz/YGv1zg1j9WG1f17p7XkiPnDjXmMdQ0EKp0OAhCI9biDQKXPQQACsR53EKj0OQhAwE7AEqjWfZZ5X+Ve89RfFKqvzaTc0/gRqPQyCLgIWALVkhHBp++b62jYJam/6FMtNs67nwhUuhsEIOApUJtkW8LUFKPmmOJeo0ePKe61T016lmu1XrPGHetcS7TqfPZcQgQqfQ4CEIjtuDNiJhGo9DkIQCC2406T+USg0ucgAAE3AS1Qrfssb1nqHYVqCdJwo1CZwk+PczSBSASq99qn5q+txv96iVUEqqM7F5WHgI2APQLV+mA3Zaievq8jTd2S1PrV1L6xnRWd6hkVb55TXa3HHmsaPwKVjgcBCJgEYjnuIFDpdRCAQKzHHQQqfQ4CELATsAtU637KikK1i1J3xKl7f4lQ10FFoNLnHE0gHIHqlhmBN4+yT+knAtXR3YvKQ8BDYugH1gd7rd7wEKjmB735irUOqrU5nfWrqSVE7M9bAtWaokIEKh0PAhCw/9gSi3EHgUqfgwAEYj3uIFDpcxCAgC+Bat1TuaNQQ5/G7z2d3wqUcwlWNpGi0zmZQCCBGmj9U7fE8L15lPVGO+/+LR542UTKyb2NujuVQN0bCms9HnsEqv5hxtw0yv7BbRelFj/7jzn6WE+BWqOm8E/0QM0mUk7tedTbyQRiPe6MmPm3B242kXJy76PuTiUQ63GnyfyRHqjZRMqpPY96Q8AkYP5gbN5nWcEn3tGmnpGm7nuvUNdBJQKV3uZoAqEIVHvEV6D1T611US3hoUUIAtXR3YvKQ8Ag4O+GwlrPVE/hN5P7Q9y9Dqr1mrlEiBWZah2rzzIFqiVeEah0OwhAIPbjDgKVXgcBCMT6+w4ClT4HAQjYCdgFqnFnpW6j7FGo4a6D6msjKQQqfc7RBLwFat1drt03IVZUqSVE7FP17euf6uPMLxA1cv4DWz34EoHq6O5G5R1KwPuGIifLkqXWh7r5r5aipgit1anqD3sEquePOaZstcYh6zV1huz59yQP0kSgOrTjUW1HE4j1uDPi96UevIlAdXT3o/IOJRDrcafJglEepIlAdWjHo9oQqCWgBap1n2WKU0+BWleqmvdkgTaS8p4hiECluzmagBao1nRYK7rUAmKfpm9KU+N/jZc9o019P6ePQaA6untReQi4xgsLhfuDXT+jN5AyX7Gmjdg3k3L/6mn+guodDW+NRfrf6mr98a7+RyUEKh0PAhDwLTIabtxBoNLnIACBWI87CFT6HAQgYCdg3WfZN45yR6Aad1x+p/bb78cCrYOKQKXPOZpAqALVvuagr/VPLaFqRZBZkWEIVEd3LyoPAYNA4BsKHWVa7ZpeYheoZjSqaVitY8y/3ULVOkZP40eg0uEgAAGLQKzHHQQqfQ8CEIj1uINApc9BAAKBBar3GqdugeoWpnXXQUWg0q8g4IdAtAWqNX3fihZDoNL1IAABfzcUNTUpKgLV80M7EoFq/HCjBWqKGQ1PBCp9DgIQiPW4g0Clz0EAArEedxCo9DkIQMCfQDXvqepO4/deB9U+Rd9zgykzZ+91UIlApc85moA/gWr/AmBFl1qbt7ijTd3T+u1T+q31T/W/Fzy4zYMva6A6urtReYcS8L6hyM40Rac5hd8tUGs/pj2m66fWzvGv1nP0vT7E9WMrOl4LVElRx6h/Bi990YM0a6A6tONRbUcTiPW4c/SsZR68WQPV0d2PyjuUQKzHndyFx3mQZg1Uh3Y8qg2BWgJ6Cr++z3JP4fctUK17Kmt6vzmjTx9rbd7rXl4NgUr3goCNQDCB6r3moFuU6s1brIysjVys59yPEah0NwhAwN8NhZ6eb35QWx/0xse5bSMpK0JVr3Fqbkxn/ZpqX4/Z+OVUvVCj10BFoNLhIAAB148rJgrrhsK8YWiYcQeBSreDAARi/X0HgUqfgwAE7ATsAtX3OqimILVvLmUJUn8bSSFQ6WMQiFCghruBlBYdFzy41YM3Eah0Pwg4j0DdGwrNwFzftK5Ada9xat8V0trEzj7F38jFeMEuUFNUBOokD8hEoDqvz1FjCMR63Dl61lIP6ESg0gch4DwCsR53cheO8oBMBKrz+hw1hkBdgeoWpIE2jfK1uZQpVy3J6v7Xug8zzhk5erkrjg78EHAagXAiUAMJVHN6rRk5Zm0ghUB1Wm+ivhDwTSD4DYUlVM0ParckNaedWM+5I1Ct52rlae0BZgQqApV+CAEI1N28LjvTGmesH26iO+4gUOl1EIBArL/vIFDpcxCAQHCBas72s5ZFCyRVdV4IVPoUBAIQiIZAta9/Wqs11HRbU6gSgUr3gwAEfN1Q1NRUqw/ytNqFyXU0qsnJcxqJf4HqubyIGYFaXVOlRp1UIlDpchCAQO0PuiYIc0qbHiYabtxBoNLpIACBWH/fQaDS5yAAAV8C1S1M607ZR6DSZyBQDwLRFqjeEagXPsQmUvVoHk6FQKMg4H1DkZVhRqq7p/CbU00iFajmmXp9VDMCda9lbCLVKDoOlYBAPQjEetw5ZjabSNWjuTgVAo2CQKzHnaaL2ESqUXQcKgGBKBHQPxjr+yxrjVNTlvreSIop/FGCTjbOImAXqNYUfUNF1O4QZY/y8jeF3x6BikB1Vv+hthAIRsB+M6GPtT7YLYFqSdN6CVRjzr8ZXYZADdYivA6Bxk8gHuMOArXx9ytqCIFABOIx7iBQ6ZMQgICdQEMIVDN/96a/rIFKn3M0gVAEqmuTFiPCy1wy2JSmxl+1f/t+TASqo7sXlYeAxzRaXwLVFKfuqfqeOz2mGmOM9cFtCNLaYz2m8OtxyBiXEKh0OQhAwHP901iNOwhUeh4EnE0gmEBtiO87CFRn9zlqDwFvAt4C1VzP1H8EqnEXVnuMGdxiRqy6n7eugEClt0HAIIBApSNAAAINSSAeNxRM4W/IFiVvCCQ+gXiMOwjUxO8XlBACDUkgHuMOArUhW5S8IZB8BBCoyddmlDjJCCBQk6zBKC4EkoxAPG4oEKhJ1kkoLgSiTCAe4w4CNcqNSHYQSDIC8Rh3EKhJ1kkoLgQamAACtYEBkz0EGk6gmlPomMJPH4OAswn4v6Ewp4xEd0qbmsiv/h+B6uw+R+0hEI9xB4FKv4OAswnEY9xBoDq7z1F7CHgTcAtU97R9pvDTTyAQRQKWQDXXHbTWGvTcRCqyNVARqFFsJrKCQNISCHRDkZpqrrETjTVQdS7VegxDoCZtX6HgEIgWgXiMOwjUaLUe+UAgOQnEY9xBoCZnX6HUEGgoAg0lUC1XZAS/jBy93G2NGqom5AuBBCWAQE3QhgmhWOs2V8rq/HLZd48mIRydnIeszK+QzdsqZUi/nOSsAKUOsImUCAI1+TrId4XLpWNGU+nXpF3yFd5W4kUlm2V92XY5tOUuSV0PCu+bQDxEBgKV3ggBZxOIx7iDQHV2n6P2EPAmgEClT0CggQlEIlDtu1/rcC/92PxPF9b9d6ym8N/+fL7M/bvUg9SNZ7WTYYNyjeeqVblufXa9dGybIdec1tbjuFsn5Mv8Zea5OhiuQ5t0Of1freSgwbmyY2e1XDFujYw+o70M6p3tOu/+lzfKkP45cuT+zUSfP2zPXBlxQDN5/fOtsmxtudxxfgclhszD/1pZJo++sUkm3trFmKq8s7RG3vhiq/z0Z7EUl1RLnrreEUObyaiDmxvH/7m41Hh9pRKjTXNSZehuTeTMEa2Mv73Tg69ulBZN0+Tyk9qIZtCve5aceVQrj8Nm/1Uij7+tr99VsjNTpEptUv7vbwvli+nbpbCoymAycnhz+ed+zYzzZi0qkec/LJCHruworZunGc9VVolcdP9queuiPBk7MV+27VBPeKX2rdPl8es6yeUPr5GxF+RJr66ZriPeUFy07B2j2uSPxSXyzPub5YVbukpabZUuVHmf8o+W8s99zTIUl1bLzc+sN57TbaLLM+k2s/yk5CNQnxsKe2SqNb5Yz9nHIRU/b4CJZQTqqQvflZ+3r/JokAm9jpVj2/Qzy6LKdOL8t6VnTit5bJejXMcVVpXJAbNfkO3qX52yUtJk99wOcn/Pf8geTTqIFpS3L/9aPtz9DOmQYY5h5TVVcuDsifJ6v5MMcXnygnfkmDZ95ZwOg+WEBW/JwS16yjWd93ddY+L632RO8QZ5ptcxxnM7qsrlkdVT5b9b/pLtlaXSPbulnNpugFzccR/j9amFK2Xcmqny187N0iI9S45o2UvGdBsuLdPc454+rkyVQ5d9bPdDZVSb/q7rPbD6B5mydal8tsfZkp2a7nr+YXXN+aocr/Q7UdLUDqA6zSpaJ1f8/an8vOcl8n0IdT1y7mS5qOPecmLb3V353rL8K72fqDzQ8wjXc+vKd8jIea/L6K7D5P/aDXQ9/2PhChmz7EuZtudFkp7iHkc1i9sU5+mDL5EmqRnJ98aixAEJxGPciYVAvfS3v2T21iKj7mnqLdWtSbZc1beLHNi2hUxauk5eXLrexaV1Zroc3bmtXNG7s/Huq1KD6GvL8+XD1Ztka3mldGmSJad17yDHdTG/FxWpD/vjf5yrxgj3Z3yW+jLz9WGD5Jrfl8g/8lqra++Qb/K31mGfrr7gvHPg7tJV5WmlK2YulgEtc+XSXp09jp9RsF3umrtcPho+QHKsLwLqiGeWrJVpG7fJ5P37i76ulYLVS32tkfdXbZT3Vm6U/NJyaZOVIYe0bykX9uokzdPTRDPTZT+pazt5Tl3jrx07Zfzg3gY/neYVFsvtfy6Tjw4aUDtK8eaCQGQE4jHuxFKgVix/Qaq2/CzZgyeqmyb1XlffCUp+OUmy+oyR1Nbu7yCaXtnc6yWt9b6S3vlUA2adc2sRV6x8WWp2rpLM/neJ/W/fLVAtZX9eJSk5XSSzzy3uQ6qKpOTX09QNyw7zOVW21NyektHzMkltsadUb/tNyhc/Itn7vK2+Qpr3NkbyPk8/l5KujntHUrLcPxJXb1XnL6k9v6pYSmaeJVn9xkpqyyGurMrn36oY7Ke+/JVI1eYfJWvQsx5VqN72u5Qtuk9y9vtAyubcINWFszxez+x3l6S1GhIwb31O1abv6qLRZd57sip6MylfNkGqCqapclRKatM+ktHjQsVgkNkGK1+RylWvus/PaC3pHY5UnC6WyvxPpXLdx5I96Bn14WIG5lSu/8R8bsgrvpuDZxOSQDgC1ejyxnJq+gNR/1dje2y+ZiUiUBOyuSlUPAg0BoF63j2rZR8lGg/fp6mBUL/Xe3TMlMwM800/fe5OeeXTLbJNCcPx13SSrh3cN8v63AG9spVEbCEVlTXy1S875PtZRfLyHV2ltKxGLn1ojTTLTZUnrussbVuaH7rXjF+nrpdjyEp9/nAlW88/trU89tYm+WFWsZxwaAs552hTZM6Yt1O06PxwXA/j8fWPr5OCwko5RknLdi3TDVH6izrmsWs7SUm5ut6DawxZe8heTaVIicRpfxTLKYe3lEF9PEVGQWGVXHDfarnp7Pay/4Amcok6T0dqPjumiyFldapWdxVXj18rqzdUyKt3dpVWzdIMefndzCI57pAW0rldhvy5pES+/71YzjmmlZygntP1f/b9AunfM0vuv6yjITm16D39jlVyz8V50kSJ3B3FVbJK5amZXnRca+mkJKwWuU2yUw1etyuBrPlYSXNZs7HCqKOV/zv3d5ecLLN9XvvfVvn0x+3ymBKwum20cF64olSeGt3ZEL5n3blKrj+9nRy8lymTSMlFIB43FLFYA3WfWc/J4a12lVPa7WGOO+r/+iu5aQnEz7cslvtWfS+bKnbKf/c4S/rktDGOW1G6VYb/+aLcqSTkPs26KFlRJuNW/ygl6svuNwPPk7c3zpExy79Ur3WW9/qfZkg/LV33mPmUvNXvFBneorvoa49s21/u6HaI8Xd+RZFM7nuiHFYbTXnnym9lTlG+fLT76VJZUy0j5r0m65VgPD9viHTObC5/qejLL7cskc8GnC07lVwd/sckOVDle0Lb3Qyx+2nBIrmq0/7Gtezp44KFcvXf/5U/hlwprdPN9/jGimI58I+JRr46/7M77Ok6RR/7kTrnsk5D5dauBxvPf7F1iVy0+GNZPnS0vL9pXtC67jbzSbmk41APQXzmoveNvN7od7LrWmNXTDGEdmFVqSFnM2plqcVz0T7XSq5NlG6pLJFBvz8jTynJfLxNBifXu4vS+iMQj3EnFgL1mB/myJDWzQzxWaY+5N9V0nD65kL578EDZdzCVfLX9p1y14Cexo9Jf24rkif/WiMPDtpFDuvQSu6fv1I+X1cgZ/ToIN1zs+VXJTI/X79FruzTRc5Sz63eWSYnTZsnV6vHg1qZ36ey1ZeAXk1zRF/3CCUhT+zWTlYXmz/+XDdriRyrBK3OO0P92jm4VTOXlNSvnzB1nmxQQvO9YbtL5xxTrFap37rO+Hm+LC8ulf8dMlDaZJrfxwrKK5S8nSd5OZlyarf2cqKSnVYaq2RroHrpen+kpPDx6pzdW+TKxtIK+XJ9gVzfr6sMbdPcVfZrlGjWeX2p6nxWzzy5UollnX5Q0nbMH0vl5yP2UuXnh1pGlcgJxGPciZlALd8iJb+dpsRiByVFT5T0jscZoMrmXKNuOCoka88JLnDV2+cYojNLybjU5gPUr8C+z9UnlP91r1QrgZo9eJLH375aQYvJiuUTpKZ8qzr+BUlp0sM4rKZ0jZT+doZk9r1DUpv1lprKnVKhRGJNRaESi69JVf5/DQGac8AXSg6670+s8zJ6j1bCdVcjr5SUTElp2kv/5SqC/fyaigLjWpLeQrL3elHxaG8cVzrrfCWMD1ASdG+DSdYej0pqK/NHaoPT3OuMPLMGPCalv6gflfWxeUfWvppiXL+mfFPAvNPzjpKakjVmfvNuUuePkPS26ruV+m6T2nx3VYaLlfUskvQuqp3UD+CVG76Q6u0LVTs8bbxusN6xRDL73arX2VOvzTE4Zfa/xzz/9/NUufZXHG+VmuKlUjpbfZfqqX58rpXgkb8zODOWBBCosaTNtRxJ4J37zC+Q4ayB6o42NT624h6BqiXmv1Q06MlKNJp1MaNJrTTm6fWyn5KMq9V0cP3a1ae6o1DtAlQf//fqchn95Dp55OqO0qyJilyoFah5KsLyoSs7iQpmCChQf1uwU0qVCNVicz81td4uUKf8ZsrJh6/qaESLeqdZKlr07kkqauzGzh6S11fH1NJTR5a+MrarESmqBWp+QaUMV9GwN5xp3nh8NUNd74MC428tUHcqIXv5w2vlgpGtZeRBZsSrTlpY6mu/dlc3+XamWUYtW3Vk7YWjWnsIVEvkLlheJreoqF4tpK1o0/UqylTzGqPqvldf9xeUZ95TU2UL/AtUHexy09PrDFk64sBmMkGV+b5L82SPXU1prKVy/57ZdaKHfXHhucQj4OuGIjO92hhzAk3h1+e5N5kyvusZY431nL8IVP38kGUveYBYve+NUQejxeXpHQYp0agiDlRK1fWxfeEeNf9NObJ1b1msojr1a+Nro1AtgfpK3xPkHy3NL+zPq4jR8aunyZKh17kEansVfaqjWe/qflhQgVpaU2mw+d+Ac6RbVguxC1RLIH6sIlqHNO1Uh4OOAj1r0QcyZeD5LsnrD9aNy76QGTvWyNRBF7oOeUjJ3wU7N8kxrfvK02unyw97qmiHWg5aoH6zbamStBXyfJ9RcmSr3j4FaqC6hiJQtylpOnTW80o4nyqXq+jW67scKCfVRqz6E6i6Aloc761E9eO7joh6/yDD+BKIx7hz7OzlHpX+5Z/u6KRo0bBEppaBOi3ZUSJnTl8gr+zXX95ZuUFWKjE5Wf2tk47MPHzKbDl/l45ysJKcJys5em3frvJ/3c0bfp1un7NMZmxWIvXQQZJfUm4I1EcG72pEtFrjmv465X1d/dr+X/0uVyjZeqaSr76SFqhrS8qUeG0l9w00l8r4eM1meXDBSuNvu0CdoCJDdV0OV8e+oqJo3x++hxpHzKSlZ7B6XaZk6LlKivpK9rLrvKZtKpTSqiollneVg1WkKgLVJzaejIBAPMadZouO9yhpzvAfIih58FMqVkyU6qKlkt7uEKlY9bqK0nxDnZRqRKSWz79FCdQXlLw0Z+CULxwrNWUb1XPPG4/9nWscG4ZALfvjcklrO1wJVz3Wpqoo1JuN/C0RaopCNQOlukzl+6ASkpsNiRtMoGYNfNIUvToZP756/pDiT6Cm5nQ08peUDJdA1RGfZbOVyMxopSTqw2b5VHlLfz9XPR6npOq+hkBN73ispHc9q/aa+nqprnpoOesvb6ulSqYequTmJYYs1alKRZCWL3lUiWUldZv2Ng+rKVdC9kxJUdG4Wbs/7ENQV0vJzyMko9vZKp/TVeTqVClfcLsR3Vux5m1JyWyjhO/4OjysMvBvYhIIVaAa3V11vXAjUI3zWAM1MRufUsWGgClQzV3aQt1EKhEF6pbt7ilnOmpST1nXEaMLV5TJbRPWK9HYTU0jr5Dbn1tvTAe3pqdrgdpWRYLqqE8t8n6dv1P9WyMTbuoim7aaQvDOCzsoqbjZiHK99MQ2AQWqjtbUsu+DKdtURGVnWaUiTK0IVD0V/Zd5xYao1OmhyRtFC1cdKfukirbMVdGd1z62zoj6PGBgrvTrkSUDe+X4nLquozY/m7Zd3n3AjBDTAlWX74vpO+ShKzoaAlaX/TAVlfvBlEJDoOplDsa/uUkmjOksndu7o3C/+71Innh7s/H8/OWl8uInW4zp+prV9We0k8F9clwRqKEIVF89d9cumX4jUPXxeor/tY+tlTIln086rIWcpZYtsNK9L20wlg0YryJYSclHwP8NRaprqQtfm0hFJlD1OFYdM4GqIz+tpCNFf9rzYumU2UxmFq01ptn/NvgyWVG2VU5Rf/+spornqbVDLYGq5WiPrJZqen2ZfLR5gRymolmf2vVoQ6BqAfqGmq6vlwnQzx3UsmfACNTzOw6R6YWrjGjXj/Y4XR5c9aMrAvUmNd1dR5v+MeQKo6gXq+jPKduWqSmyafKVinhtnpYlepp8mir/iNZ9ZO+mnVU0ajef09pHzn9DRZ42kVeV/NVpp4o6GapE8iO7HiWHqmUE9pr1rDyqRLHORyctUHX07FAVafvMuhnyPzXFX0e/2iNQg9U1FIH6tMr7Pypq9usB54rx9+aF8rWqm06BBOq5f32omBUZSw+QGheBeIw7sRKoejr6VX06S7lan2iympI/edl6+eyQQfLEX6tlZoFayqJLG2Ppovlqavqfarr/a/vvJkuKdsrYOcvlPTXNXkefWul/KiL17nkrjOf1Dz1aoNrToJZNZeLQvhEL1GHtWshHa9QyQkP7SU913RNV/sd0aiOvqnJbArVE/Xp6rIpwvX2PHrJ/2+Zy1Pfq7927G5GtOmnpGaxeevkAnf87KiL32SVmhNbYPXoa8tZboBZVVBkRtprbZMVmWVEJEaiN6+0ft9rEY9yJiUBV09L1VP3MPirqUQnAkhnHm3/r6EcVSFM682xjunhmvzuUON0gpWo6fWb/ser1Q40p7f7PDV2gVm+fpyI7r5acff+tslT3CyrKM3vou0rytXWLR9fPLvrnozTJGvycKlffoALV3mFSctSSYXtrOexOvgSqlqE6qlVHkmb0ut5DoFZtmiLli+4x8tH5lS8Zp6I956up8JONTLVA1XLXldSyAnrZAFN4nmGIVn95W+d4C1QtT6sKflJLBHzkUfbyxQ8ryT3DeF7L6qpts9S0/aPVMdVGdGr19rkqknaSiubtaZxn5KNkrKjlALKHvGrwJSUXgYYVqJqFCmZBoCZXp6C00SXQWATqvrs3kX+otUR1ykhPkW55GYYUfkBNn9eRazefY0ZcXP3oWhmqjrWm2GuB2jw3zYii1OuSapn5xPWdDcFqRVTqKEs9HU5HXF55Slv5+Pvtfqfwa4Gqp7Dr625QUZcnHtbSmNqvp/BP/KjAmJL/5r2mQNVrrOp1SK8Yt9YVyVmilg2YoSTrvKWlhvDU+d2m8ttNTam3Jx1ZOlPJVx2BqpMWqEcf2Fy2KpG8eHWZIYT1+qcXjGxjRNRqgarz1NGmT93QWborPlb6cXaxIVafVQJ1Qa1AfU+J2U9+2C5vfblV7r4kT0WIrjem8IciUDXbfj3cN2jvfr1N1bUqoEDVZdGRr3qK/78f7mFE+lpJR9rqiNdJah1ZUvIRiMcNRawiUI9o1UtObW9GLei1TPuqKfw6juDCxR8Zq7K+0HuU8doRc16RI1r3MqaxWwJVC8dWGTnyoZKneiOjl/ocb0w7twTqYjXlXK9lOn7NT/J3ezg7AAAgAElEQVRW/1PkOBXR6m8K/wVqjdDT1JqmR82bLAc27y65aZkugarXC/1vwV8yd++rjLJsU2ugblbT2w798yVjaYFBuXlSpKbxf6mm1s/YvtqYBq+XFXip7/GG+LSng9TSA3uq4/W0d51eyv9dnlRRp7/udamkqxuX21d8I/N3bpRPdz/TeN0SqK+q5QU0k1Wl2+TyzvsZz1tT+LVADVRXvXSBrt91nQ9wFeX0Re8Z13tNSWa9Lut+s5+XyzvtK+d12EsJ0WLZVz2erF7TjAMJ1GuWfia/7VirpvyraBFSoyIQj3EnVgJ1U1mFq630Op6X9Tan4GvR+IuKJj20Q0uZs61Yliox+PSQ3sY09q/VuqU62vStA3aTXdWUfCt9mb/FEKvvKgGpp69rgaqjVPesncKv11HtkJ0ZsUA9WU3HLygrVzJ3p+zTpplRvmvV1PpzZyx0CVQtPV9WMvNTtQyB+vomj6gp+YtVNOrL+5rRbKHU601VL73UQJkyx/kq6vVOxUKLZh0d60ugjt9LrfM8e6kRIXuOilzV12AKf6MaAuJSmXiMO7EQqJVrP1BRp68pefmBsYZoxd9PSHXxEleEqRH9+PfjSmi+J5Vr31frdH6v/n5LtUGaehz43FAjUMsX3Kbyq1Fi9l6jbY3p5m0ONKIw3VP41TqkKvqyRn2nqVw1WapL1xrSsir/s4BT+DN7j1FRm7VT+FX0Z0p2R4/+41OgqiUERP1gr5cqyFRrwFasedeUqSoCVa8NW6qWO0hrrcrX4zxTIPe6VtIMcWkKVF12PQVfJ2PZABUlWqPKawjUQHnXlsxboFb8PV4qFfec/ZX8tCVTrE5TAvVjU6Cq9VzT2xwsVUpI1+xUP6arCNPUlnu7z6gulZKf/qWiY09XZb8kLu8jLlo/AgjU+vHjbAgEJdBYBOpRahMnvemQPemoxstUFKZ3apKdotY47WaswWmfwr9eTYG/Um0adcaRaj1QtY6pXaBqwaojPl/9bKshZI9Tmz75WgNVC887LuhgbISk1zstUpK0SD2nBeqUX80p9d5T+EfdsMJjKrxVXn0dHZGqZfBoFQlqT8/9u0Ct7eqOZrUE6uFDmxoydUdxtbEMgY4osQSqtaarFpy6flbS8nS22txp8p3dRC8zoCNQtUDV6eHXNsoiFcWrI3xDFajhroFqlePtL7fJZz9tlzfuMQWzlbT0Xb6u3BC8pOQjEI8bilgJ1DPVep/2zZt06yxXa5xq0eidmimp+auKSN2sBJ9eA9Wawq8FqhZ5/1HScXDTjh4CVedxyZJP5Hcl+Tao8wIJ1EvVhlB646jjlWjVmyL1Umuu6jVQ39r4p+goVO8p/F1/ecQlUO1l1eL3X3Nflb45beXpWlFqvX6Ikq675bYXvVlWlbqRGabWPl2jdrL3Th/s9n+yr5KvlkDV67PqtVVHzH1NCpXA1VPuvQWqv7r+Q8nnvk3ayrPqmjrp6+oNtfZv3tWYev/2JrVmrNokyjsd0LybvKum9AcSqHozqwXFG+W7QRck3xuLEgckEI9xJ1YC1VoDVQvPTmrN0Ka1vzjap7pXqC8QZ/68QDqq15/Yq7drfVO97qde/9NKWp7qTZ0+V+uRrqudwj9+cC/RkaP2FOkUfi1Qj+3cxlgPtbCi0pCi+nuJJVBbZmTIiVPnynq1Vqp3emGfvobIDVSvVWrdVr00gfcUfr1x1LB2Lf0K1MeUQNWbZp09faHsUOXSG2chUBlU6ksgHuNOwwtUJQN/PV1FlubXwZM1UE2Zb6GnzJerTZxOlvT2R6h1Nz9XU8LPU+tmnmR8Ygc7NxSBqtf9LJ2p1h31Tmm5htStqdhiikdrCr++sorGLF9wqxKHnxgCMdAaqPbzfPUBfwI1tWk/tcnSh2pdVrVUgRpz07ucagpUlSrXvquWLnhZ0jsdb6xFmrPve8qUmhvsmlP4R0m6mjpvT66lCJRADZS3PqfuFH4ticcZUju1We0mnzUVistZKq9dJHO3Bzyn8OvXfr9AyeI8I+LVnkqmHiwZu16jym7ONiIlFwEEanK1F6VNQgKNRaD62kTqpf9sMabk33peB9dqNjvLqtU6o/ly9ojWxs733mug6ijR79VGUJNuU5u7FFUb0+Dt63xq2agjNk8+vEVAgaq7gpZ+Y55aL+VqcyotUMsrauQ6NU1dR54eqzaRymuTIflbKkSLQ73Bkt5o6b1vtqlI2qbGaxu2VIrewf60I1rKSep69vSOiup8Xx37/oM9jGnQlkDVa5vqjayWrS2T89TGVtaartYmUjoaVkfBjjyohbHR1tylJfLNr0VyxUlt5J/7NTMiQO0CVUfEjn5inazdVBFVgXqDEsIZtZt86c209BR/fwL1jufzDWl932W+1zdLwredo4ocjxuKWAlUX5tI3a0iKr/e+re8qKa5W6to6QjPs9TGRzd3PUj+qaJW7QJVC8t/KmGpN2WyhJ8Vlak7ij73aLUJ1DIlZoMJVH38m0qY3qyEqZ6KrwVqsZpmf+ScV43IUz3Vv7taNmBlmRpzVGSrnlL/d0mBPKWiSE9tP1C91kJWlRXKI6unyrVdDpAra9d3tTrsKQvfMdY3fUeJST1lXgvIF1XkbF6mueGMTtct/Z9xDS2I7QJVv7ZARaeOmvem6DVbfQlUX3XVEbi6fBepKNR+KsJXs/2f2qBLS1kduXv4nJeN6+nyWmmmEs53qXbQ9ZunpLLelOsZJYOzUs0N9vSGVwNyO8hpaomEaiVk9WZdpMZFIB7jTqwEqt7MyVoD1d5q3muFfrthq9yidpe3RKSOytSRqHoN1F7NmsisLTvkP2s3yy27dZfjurR1SdZoC1R9vS/Uxk2Ld+w0NqhaqDa6sgTqrC1FRmTsuD13lfYq0tVKd6uydm6SJbosweqlz9d1HdWlnQxQm0htV1P09XIGV6t1Yk9Xm235ikDVAlUnve7qBb8sNCJXEaiNawyIR23iMe40tECt2vStmo5+txJw96sNk9zTucv/+n/2zgLejuL64ycv7kYMCO4UCe4uRQv88RbXUrS4FHcoWty1SNECLaXFPTgBggYIJCFC3JOX/5zZzNu99+59V/L27u7d73w+kPfe3Z2d+c7subO/PefMxdLQYRFpt/IlFrXu7q67vIsVNR+zmzWVc26BgDrpc2m71FFNw6epAeYMv98KoioCNi2sTCTNzCEn2x3k1ZvT20Qq6IFqNo+a/Jn1vHQeqO1WONukGvXsTIPZDEtMSiI9r5pNpNRLVEVOLbOGGs/OMf+1OU2dgCpzp1nPU5k7VdoufrARSw9o6lOpTaRK1m1qyhdQjbutSSNwqNlAa4q01U2k2na3YramPuiwxh02RD/IWhszd+wrNl9tkxA+v4UIqHFYj5a7JgJqy7GkJgiEEqgHAfUsI7BpuHuwnLxfHyMwTjQh9N1lk0G5u7er+PjtT7PkzIP6ypk3jbKbJW1nNqHSork21WPz2L36yFKLtDPh9T/JlSaEv29P78FbN4jSnKpbmnQB2xuvVz1/w9U625/vM3lJ1QNV86S6ops93ffcr3L7WQNtSoHxpv57jRerbto0xYS19zSpAgYt30kOM5s1zTZC631GMB1sRF89Tjdy2nTNLtYjVvOiBosKwxfdZXJ9Ga/MRU0+07NMO9QLV9sSLKONCHuyCb+/5fRFbS5VzfOqIq1uFqXh/v16tZW9jEDrdrh/f6jxRH3mVxvm78qPZvOts28ZJece3s+KrlrUW1c3frrq+EVsrlkt6mmr6QjOCxynf1feuoGXjslHxtP1/Nt/sRtGuaLevSpS/2/wFJvDVT1ng+XA84Yb3l1kv+38vKjczukhEMcDRS0EVM1PquHuwaKemZqDU8PJd8nb2f3qn9+0Yt5VxmtSw+c1x+lKnbzUIq9O/N6KkW8POlLeNWH0F//4SlMOT/1c84bu+8Ujdtf5FY2IqELmDmbTpgP6DTIepw/Kgf0Hye8C19Owfc09qu3RMtp4r+pmTy9PGGaE1OnS1+Ri3dTkVT3PbFClIfCXm89eGP+tDX/vYzav2nWhleTkRTcy4bS5hue8H16SJ8d9Lh+u8Scbrm+2EJSLltg6h8FrE3+QY799Rt5f4yhT72s2HcDFS/rHqMettuUd09eXTS7WUn2dZdqnAqrmiR01a4os3L6bHG7E1P36rm5/V2/Zp37zB5tPNlhUHN3CCKwquh7w5WMyx4TauaJpCzR9wZof3Ch7mtQHpw7cOD03FC0ti0AcdqcWAuofB39lQ/T3NJ6d+eXWb0ZYEfSCVb1cdvpy5tj3v7ai4uHLLGzugXlyp9mg6VmT93SsSQOg3quHLL2w/HZAL3v8ZLNA2NN4c1635nKybFc/zF8/0+vqBk+7m53uXdnrjc9svVvOz1Wa356j3vtK/s8cn/+5erqqaPn4xqvI3776ybbzlBVzI0/eNV6xKvhqbtfbS/RLvW3vNikA/jXiV/nFeLKqR+6qJnfrMUZAXcyIsMG262ZV2s9TA9f7lxF3bzR5U5/eZNW8rWPKmmocBIEmAnHYnagFVA3XV2vSdhndRd4vjRPek5lDLzQC5ePmj2atMMdszmYEPOtZOdBL41POubN/uNvsLP+jyZ96rhVgVYgNFt0kScPO25qQ8tZ9tsr5TI9tnPKVCaE/Q6abkHmZM9n73KQZaNVpCWm39LHGQ3Z1aZww2O5ar6H1rqj4qeHrOefZc9vYfKSt2vu2rtFcXz1YO6z9dyuITn9vP7NZ0y3mmPmOHSbP68yPjzMh+duZ/vubeqnwO2fkU0bANFFJJjWAKzM/OUEaJ36Q0xftf+uea5Zdt+adbbvEwSbP7GZ+PcYTd9Z3N9mcp2IifRq6Lmc8SQ0DkwfWjscPdxrWPxnWRki2ZZ7M/PQks4HWylbkdWXGYBO+v9SfrDBNSR8BBNT0jRktThmBehBQU4a8RZqrmy3td+6PctCOvaxwWq9FPV+PuuzngrQH9drfeuxXHA8UtRBQ63GsSvXp7cnD7eZYL656sCxrUgSkuahH76YmlUJ+aoM094m2+wTisDu1EFAZYwhAILkE4rA7UQuoyaVNyyAAgTACCKjMCwhETAABNWLAEVZ/9zPjTW7SOfLnfXPzo0Z4yZpX/V/jlfp8iFdqzRvCBasmEMcDBQJq1cNV8sSdhtwn+/ZdTfYxIf9pLg+P+VTuN+kO3IZXae4LbS8kEIfdQUBlJkIg2wTisDsIqNmec/QeAvkEEFCZExCImAACasSAI6xeQ/4nmc2iencPbFkf4fXiqFpzsGru2O5d8nIYxNEYrlkVgTgeKBBQqxqqsk4aO3uadGzdVjqbjarSXDTf6ozGObJQ205p7gZtL0IgDruDgMp0hEC2CcRhdxBQsz3n6D0EEFCZAxCoMQEE1BoD53IQyBiBOB4oEFAzNsnoLgTyCMRhdxBQmYYQyDaBOOwOAmq25xy9hwACKnMAAjUmgIBaY+BcDgIZIxDHAwUCasYmGd2FAAIqcwACEIiZQBzrHQTUmAedy0MgYQQI4U/YgNCc+iOAgFp/Y0qPIJAkAnE8UCCgJmkG0BYI1J5AHHYHD9TajzNXhECSCMRhdxBQkzQDaAsE4ieAgBr/GNCCOieAgFrnA0z3IBAzgTgeKBBQYx50Lg+BmAnEYXcQUGMedC4PgZgJxGF3EFBjHnQuD4GEEUBATdiA0Jz6I4CAWn9jSo8gkCQCcTxQIKAmaQbQFgjUnkAcdgcBtfbjzBUhkCQCcdgdBNQkzQDaAoH4CSCgxj8GtKDOCSCg1vkA0z0IxEwgjgcKBNSYB53LQyBmAnHYHQTUmAedy0MgZgJx2B0E1JgHnctDIGEEEFATNiA0p/4IIKDW35jSIwgkiUAcDxQIqEmaAbQFArUnEIfdQUCt/ThzRQgkiUAcdgcBNUkzgLZAIH4CCKjxjwEtqHMC9SigTpo0Wd54413ZfPONpEOH9nU+gnQPAskmEMcDRRwCKnYn2fOQ1mWLQBx2BwE1W3OM3kIgn0AcdgcBlXkIAQgECSCgMh8gEDGBehRQH3n0aXnq6X/LAfvvJdtsvWnEBKkeAhBojkAcDxRxCKjYHe4DCCSHQBx2BwE1OeNPSyAQB4E47A4CahwjzTUhkFwCCKjJHRtaVicE6lFAfeDBx+S5f/1P9t1nV9lh+63rZKToBgTSSSCOB4o4BFTsTjrnJ62uTwJx2J2sCahTp06Tt95+TzbdZH1p27ZtfU4kegWBCgjEYXcQUCsYIA6FQAYIIKBmYJDpYrwE6kVA1UXL62+8Iy+/8pYMHfp1E9RllllS1lt3Tdlyi42lXbvmF/jPPPuC9VzdeqtNZc89di4YmG+/+8F+/u23w0QfHBZaqLdssP5asuMO25Ss21VWaR1RHx/v7OPqWSAQxwNFrQTUSu3OiBGj5L8vviZDhgyV0aPHSqtWYu3ImmusKjvttI107tSp6JR4+533rf2ZMmWaXHLRGdKlS+eCY886+1IZNuzH0DpamYtts81msv8f9ig57aK2O5XWX7LBHACBPAJx2J1aCajV3OeV3HMffTRE/vHYM/LTzyOkc+dOsuEG68hee/5OWrdunUP5qqtvlvc/+EROPfloWXXVlZiDEMg8gTjsTq0F1NmzZxsnlRflhf++LAMHLmLv/7AyceIk0eeqjz7+TMaOHWcP6d27l6y++m9kR+Pc0qNHt8zPFwBAIAoCCKhRUKVOCAQI1IOAqguWa6+/TQYP/qjo2A5cdGG56MLTCx4A3AkffvipXHnVTfbXJZdcTC48/7ScuvTzq6+9VebOnVtwjeWWXUrOOP24kh4YldYR9fHcCBCoBYE4HihqIaBWanfeHfyhXP+3O6SxsTEU+yIL95fzzzu1IG/z8J9GyD33PixffOG/GLr0krNEbVqwzJ49Rw48+Nhmh3R988Ln6KMObvaYqO1OpfXXYo5yjfojEIfdqYWAWs19Xsk99/XX38l5F/zVTgh9AT1q1GiZPHmKiebZykT17NY0UYZ8NlQuufQ6I4j0lCsvP7fsl8j1N9PoEQR8AnHYnVoKqPrC5P77/yGjx4y1ndYXubfcdEXBFPjllzFy7vlXiuaGDyvdunWRc/5ykvTv35fpAwEItDABBNQWBkp1EMgnUA8C6osvvS533Pmg7doqv1nReIRubby6elkv0SGffSkvGo+v6TNmyHXXXBS6qdSECZPktDMutA8JWpZcwgioF/gC6syZM+X4P59tFwKLLDJADjxgL+nVs4e8+dZgeezxZ+05u//fjrLrLtsXnWCV1hH18dwJEKgVgTgeKGohoFZqd5548jnr1TXIeF9suOG60rfvQsabdIo8++x/5bPPv7TDsf9+e8q2xkvUldfNZni33HpvgegaLqDONgLqcfZUtYFbbblJzhC3amhl7VZDQwN2qlaTn+vERiAOu1MbAbWy+7zStYS+5FFvd/U43Xmnba2n/J9POse+fL715iulfft21h6dfuZF8tNPI+XoPx0i66+3ZmzjzIUhkCQCcdidWgmo+pyl655gKSag3njT3fLGm+9au3HwQfvIGoNWtRE3KsDeedffrTPKuuuuIccefWiSho+2QKAuCCCg1sUw0okkE6gHAfXyK2+Qj02ISI8e3eXaqy+QNm3a5CDXBc2cOXNCPUT1s0svv96G1LqSL6C+/PKbctsd99uPL7/0L1ZEdcU9bOi1/3bdxWaBYFYIIaXSOqI+PslzkrbVF4E4HihqIaBWaneUg4oR/fr1yRlgFTgOO+Ik+0Cx8UbryZFH7N/0+b33PyrPP/+SDXlbfLFFTAj/8/azUgKqEz8qnUlR251K66+0/RwPAUcgDrtTawG1nPu80nvulNMukJ9/Hmm94ZdeanGL88STz7WeqJdefKYN2f3PC69Yr/jlllvaeJGdGNmkGzNzlpz/yTD5YvJ0mTynMPonsgsnvOJn1lwh4S2sXfN0yd22bWvp2rm9eTkYvv6uXWtE4rA7tRJQ3UuTbbfdXH4ZNUY++PCToh6op5x6vvxsUhZtttkGctghf8gZAifE9u2zkFx91fm1HB6uBYFMEEBAzcQw08k4CdSDgHrxJddaDy4Ngb38srMrwqn5ef7+0BM2VE3miXxj8pvmC6g33HiX9TbVkFkVLoJFw3Kvve42+6crLz9HBgzoF3r9SuuI+viKIHEwBBaAQBwPFLUQUBfE7uTjPOKPJxtv1Kmy+WYbyqGH/L7p47lzG41w8Yt9afPSy2/I7Xc8YD8rV0CdaQQINWzt27cvawSjtjuV1l9WozkIAiEE4rA7cQmozd3nld5zZ5x1sfzww09y3rknyzJLm3WRKScbMUTzN2tqI/WcV49UtVf6u6Y8iqJMnD1X9n19iIw1qUkouQQQUAtnhIqnvXp0sl6OcZY47E6tBNSp06bJ9OkzZCGTx/TGm+4yHqaDiwqoF1x0td2PIkxAvfueh03+1FdC06XFOXZcGwL1QgABtV5Gkn4klkA9CKiPPPq03VxFy0YbrStbm9BVXdTnb3iQPwjDvv9Rzjn3Cmlndo+9+OIz5CYTcvKVyf+VL6D+5ezL5LthP8g6aw+S4449LKcazU942ukX2r/9+YQj7WYwYaXSOqI+PrETkobVHYE4HihqIaBWa3fyB/jbb7+Xs8+93P75qD8eZDZsWTt0DlQioK6w/DL2QeeHH3+ydamnx3bbbSnbbL1ps/MrartTaf11dzPQoZoRiMPu1FpALec+r/Sec6G3e+y+k+zyu+1k5MhfRL1SNbpGcx0++o+n5fn/vCybbLK+HGBSjvzPpEjStVTnTh1lI5OaZFmTE74lylkffisvjJnQElXVXR0IqOFD2qF9G+napbyXhVFNijjsTq0E1CCzUgKqhu+rLdGIwEMP2VfWMM9Gc40X+acm2u92E9E3a9ZsOejAvQtSDUU1LtQLgSwRQEDN0mjT11gI1IOAqvlNzzebHvz4489NDNu2bWNCXgfKiisua8Ji180Ju9eDNGz2jLMusWFpfzziACu8nmcSnocJqOptoQnRw96k/vrreDnmuDPtdV09YQNZaR1RHx/LZOOimSQQxwNFLQTUauxO/gTQDWHUdukLGhU51YNebVdYqURALTbRNDfqPnvvWnQeRm13Kq0/kzcMnW4RAnHYnVoLqOXc55Xec7qOUi9ULcubEH19Saz55LfacmPZZpvN7Qvjtuals4bzX33tLTnrLhVZTzj+iKIvkisZ2G1f/EgmELYfigwBNXwm6fxbqFenSqZZix8bh91JooCqYJ/71//kgQcfC2W8267by2677lA07VmLDwwVQiBDBBBQMzTYdDUeAvUgoCo5zXH6v/+9Zjc/+MZ4dAV3utZFlXpS6EZPrtx6233yyqtvSXBX6mIC6glmAyndcXKzTU0un0Nzc/mMGzdejj3eE1D/dNRBssH64d5jldYR9fHxzDaumkUCcTxQ1EJArcbuBMdfbdTfbrhT3nn3A7ux01lnnCDLL7900SlSSkDV+g457ATr2bGp8Q7b7rdb2HDb4cNHyK2332/zGmq59poLbQheWIna7lRafxbvF/rcMgTisDu1EFArvc+ruec+/PBTecR4mv788yjp2rWLfQmtHqlX/vVG+eTTL+wGU22NZ9n9RhxZeaXlbWSObg6jG95pjmdNZ9TcZnXljDACanFKCKjhbBBQPS4dN36lnFtsgY4p5YGqz0bX33CHfG2i+sKKeqofe/Qh0qtXzwVqBydDAAKFBBBQmRUQiJhAvQioQUwqIHxvQsq+GPqNybPzsowfP9F+fNaZJ8iKKywrLm+pigiXGC+KTib0TEsxAfXMv1xi6hsua6+9uhx/7OE5I6LeGppYXcupJx8tq666UuiIVVpH1MdHPK2oHgJNBOIQMmoloFZid4LHKpNbbr1PXnv9bfvnPx55oAl/XafZWVNKQNWTNR3AHOO1lS/EfvvdD3L2OZfZ+vUlkL4MCitR251K6+c2gkC1BOKwO7UQUCu9z1vqnvvwoyFWQO3Tp7dccdk5ctU1N8snn3xuPU7XWnM1O0z6MlmFk79eca7079+32qGz553+wTfy4lhv7UbJJYCAGj4jCOH3uCRBQNX1hq47dNO5A/ffU5ZYYjGTjX2eza+sOVCHD/858k3osBsQyCoBBNSsjjz9rhmBehRQg/B01+sTTvQ2lvrdzr+VPffYWY4+9vQmUbU50IMGrSIn/fmP4jZhWNhsUnVF3iZVb739vvEiu8NWc81VF9iHi7BSaR1RH1+zCcaFMk8gDiEjDgG1lN0Jfu52odW/HXLwvrLF5huVnCflCKjFKpk7d67sf+Ax9uN999lNdth+K+xUSeIckGYCcdidWgmoldznla4lwupW+6F5UDXlkb5E1pfJTpgNbjZ1rkmDpB5np592rPxm5QXbKf6X6bPk4Le/YBOpkAFBQC2EwiZSPpO4BdSRZuPLk04+zzbIOa4ER+wLs7nUhWaTKS3NRcSk+fuHtkMgTgIIqHHS59qZIFAPAqrm59KwNg01yy/6me5wrQ9TKqBqGL+GtI0d92vJ8XWbSb38yptymwmB1aJ5v/SNqivXXHurDH7vI5u/8Oqrzi9aZ6V1RH18yc5zAARaiEAcQkYtBNRK7I6+uHHl3vsfleeff8n+euABe8nWWzW/sZM7rxwBVV8Y9Tae9a1bN+SM3pdffivnX/hX+7djjzlU1l1njdDRjdruVFp/C01BqskggTjsTq0E1Eru85a451wuQ80pr6lGtFx2+fU2nD8YeXPaGRdZz7Jzzz6pRTaTGm1E1AuHDJPPJ0+XyeRDbbqLEVB9g2YydJl0Eq3N+r+9NOgvMZc47E7ScqDq5pVnnOnlUQ4TUD//4iu56OJr7OeXXHSmLLaY/0wV8/BxeQjUBQEE1LoYRjqRZAL1IKCecur5Nkfp+ib/6Bqrr2JzcLUxC6pfjJjw9NP/thtDaXGLel3g/PrrhJw8qfr5taD4q+UAACAASURBVNffJsOG/SgDF11YTjrxKOnRo5vdQVI3i/mz8WKdNGmKqBfqQQfsbfL29JDX33hXnnjyOVv3ASZEZZutN7M/a07De+97RJZdZimbG0zzMlVaR9THJ3lO0rb6IhDHA0UtBNRK7Y6O6iOPPiVPPf28HWDNUbqt2ZQlWDp0aJ/zIihoqzS/80MPP2kPP/WUY2SACZHt2LGDdOnS2f7t0yFfyKWXXW9zim2x+Yay1FKLS7duXWW4STPy8KNPy4QJE81O2Z3k+usukvbt22On6us2ozd5BOKwO7UQUCu9zytdS+RPJF33/Pmks2XGjJly0YWnm805F7WHqC365zP/sS+A9EXQ2LG/2mgfzX16681XWBtDgUDWCMRhd2oloM6ePVsmTpxsHVLue+Af8v77H9s1hdoFfc5RJ5b27dvZPOwa6acvmYMh/DoXvv9heFMIf+fOneSG6y+xm9JRIACBliOAgNpyLKkJAqEE6kFAveY64wU6+KNmR3jXXXQTqZ2aPUY9tNRTa6klF5cLzj8151jdVOGqa24pEF31IM17qqH+rVu3tudcfuUN8vHHn9mfg29XK6lDz436eG4JCNSCQBwPFLUQUCu1O5r7y+1u3Rz3M884XlZacTl7yO13PCDqeVqs6EPLheefZvKLDZQRI0bJOeddIdOmTQ89XF8GHX/c4TJo9d9gp2ox8blGrATisDu1EFArvc+rWUsEB86lG9E0I5puxJUJEyZZYXXmzFk2l+Evv4wx4sok+2LoD7/fPdax5+IQiItAHHanVgLqn086x97nxYq+sP3bdZfYCJg33hwsN918txVbw4quXTT3+4YbhG+8G9f4cV0I1AMBBNR6GEX6kGgC9SCg6he0htG/YTxCvzNJy38dP6GJuebqUs9QJ0g0NxhP//N5efyJ52TnnbaV3XbdvuBQ3aBFPU7Vo1XfxPYxYfubbLye9SJr27ZN0/HBvKiXXfIXWXTRAU2flVuHOyHq4xM9OWlcXRCI44GiFgJqpXZH8weqwDllytSi46oeqBrypulDtPzjsX/Kk0/9u+hDiHpwnH/uKU0btmjd/3vxNfnAvPD5+eeRxhNklnTv1k1WWnl52WmHbXJsEXaqLm4vOlGEQBx2pxYCqna3kvu82rWEO+9Px5xmPcr+esV5xqM9N03SV199K/c/+JjdZFO9zzbdZH2bJkm9UCkQyCKBOOxOrQTUC0ze0qEmf2mxoqH4F194hvVG1aIRff/694vy5Vff2JcrWrp37ybLL7eMfdGy5JLeOocCAQi0LAEE1JblSW0QKCBQDwJqfqceMAt6zdm17z67ms1Sto5l1O834S2vvf6O3HTDZTxMxDICXDQpBOJ4oKiFgJpEu1PpmGOnKiXG8WkhEIfdqZWAWssxUHG0Xbu2Nn0RBQIQaJ5AHHanVgIqYw8BCKSDAAJqOsaJVqaYQD0KqI+YfH9PmdynwbyktRyicePG21xg+/1h97I3iKll+7gWBGpJII4HijgE1LjtTqVjip2qlBjHp4lAHHanHgXUNI05bYVA3ATisDsIqHGPOteHQLIIIKAmazxoTR0SqEcBVUNFNP/O5pttaDdZqXWZO3euvPfex7LOOoOaQllq3QauB4GkEIjjgSIOATVuu1PpeGOnKiXG8WkiEIfdQUBN0wyhrRBoeQJx2B0E1JYfR2qEQJoJIKCmefRoeyoIeAKqWKEv+MXvftZ/vZ81p433s/ef617+3/zP9bhDL/XzkeoZT125RCq40EgIQKBlCBR/oGhl0lt4ubLUvsxPmzXfFhlrY+yH2iX3d7U5wb/5NkrP9gxS43z7FIeA2jK0qAUCEGgJAnHYHQTUlhg56oBAegnEYXcQUNM7X2g5BKIgEK2A6j1vtdr5xGHhW8RF0SPqhEDCCDx80aJNokQlAqp2wxNREVATNqQ0BwKJIhD2QNG+rfe125yAqrYlKKw6e+P+VkxA1dPW+O72HAbD1z05UUxoDAQgEC2BOOzOjh9+l9Opd7ZZM9pOUjsEIJAoAnHYnS5Dd8lh0HHjVxLFhMZAAAK1JVCugBp0XPE2f/Oc5TznFc/Bxf3rfm5yZEFAre2gcrVkEUBATdZ40BoI1BuBOB4oEFDrbRbRHwhURiAOu4OAWtkYcTQE6o1AHHYHAbXeZhH9gcCCEUBAXTB+nA2BkgSqEVC1Uj+MHw/UkpA5AAIZJrAgDxStWjWotZlPT9OMNJqfvbB+PFAzPKnoOgRKEIjD7iCgMi0hkG0CcdgdBNRszzl6D4F8ApUIqLmepnigMpsgUBYBBNSyMHEQBCBQJYE4HijwQK1ysDgNAnVCIA67g4BaJ5OHbkCgSgJx2B0E1CoHi9MgUKcEEFDrdGDpVnIIOAHV5b1wLWtuEyk9Bg/U5IwhLYFAkgk090DhbxJVuImUl4enfA9U9VO11yIHapKnA22DQE0IxGF3EFBrMrRcBAKJJRCH3UFATex0oGEQiIVAVAJqTo5UcqDGMrZcNCEEohNQNbRf5NBLJ+T09Kkrl0hIz2kGBCBQCwLFHyg8gdTLU95SAqoJ8Z/Xik2kajGwXAMCCSYQh91BQE3whKBpEKgBgTjsDgJqDQaWS0AgRQR8AdXbBMptEKXPW2G/26ewMjaRQkBN0SSgqdESQECNli+1QyDrBOJ4oCCEP+uzjv5nnUAcdgcBNeuzjv5nnUAcdgcBNeuzjv5DIJcAAiozAgIRE0BAjRgw1UMg4wTieKBAQM34pKP7mScQh91BQM38tANAxgnEYXcQUDM+6eg+BPIIIKAyJSAQMYFyBFRtgobju92wvfynXoi+/i34u7d48D8nhD/iAaR6CCScQKkHCm2+nwvV+1nNSH5ov29vvM/8PM3zDZT9GyH8CZ8ONA8CNSEQh91BQK3J0HIRCCSWQBx2BwE1sdOBhkEgFgL5AqqXJs1LlVY8pN8+jc1/9nIh/f6/Xkc055qmXzPHkQM1lrHlogkhEBRQc0UJq47mihS6O8v8vyGgJmQAaQYEUkAg+FDhvtjdJlFe3h0nmFYpoHqWCQE1BXOBJkKgVgRqbXcQUGs1slwHAsklUGu7g4Ca3LlAyyAQB4EoBFTn3IKAGseIcs3EEWhpAdXr4DxpbDSeYOZNxSGXjM/pM5tIJW4K0CAIRE4g/4GiQzvPW7ShofV8j1N9o+k1oxoPVCvCGhfVxnlzjdVpkEHf3pbTp+Hrnhx5H7kABCCQLAK1tjs7fPBtDoB3tlkzWUBoDQQgEDmBWtudzl/8LqdPHTd+JfI+cgEIQCC5BFRA1ecs1WMaGhqsHuM9X1XvgYqAmtzxpmUxEGgJAVWb7QTT/BB+BNQYBpVLQiBhBMIeKPI9UN1bTfuVX0YIv3ecesXPV141rYh4IfwIqAmbADQHAjEQqLXdQUCNYZC5JAQSRqDWdgcBNWETgOZAIGYCTkB1gqkL4fcFVSun5gmq/t88sdWJrv6/LpUaIfwxDzCXj59ASwmo4XlRBQ/U+IeYFkAgdgKlHyi8nDqulCug5oioCKixjzMNgECSCNTa7iCgJmn0aQsE4iFQa7uDgBrPOHNVCCSVQLiAGvQ+RUBN6tjRrpQQqERAdTlSc8VSK2HkbCQV/P2QSybkkCCEPyUTg2ZCoAUJFD5QePmUW7VqmC+cBgVU3UTKhfSbgPwGT1htbHQb1Lk3o8E8zV4Iv+eBKsYD9fac1hPC34KDSVUQSAmBWtudHT74LocMIfwpmSg0EwItSKDWdqfzF7vktJ4Q/hYcTKqCQAoJeALq/M2erHNK4QZS3jOYL6rmpk/DAzWFw06Ta0mglICqbXGCqXdz+WKp95n9f46AGgzjR0Ct5WhyLQgkk0CxBwox+Uo9gTRXQA1uaOfl73FpQvwcqVYpnW+fdHEwTwXWVgioyZwBtAoCtSdQa7uDgFr7MeaKEEgagVrbHQTUpM0A2gOBeAkEBVQXvh+W/1RbacPx5//nOa94v7sSDOUnhD/eceXqCSJQTED1hQlfQPVyDXpiqfu8mIDqBJCDL2YTqQQNN02BQCwE8h8oOrb3mjHP5CsNCqj5b0C9L3NPQNVNp9wXuQvxdy90nIDaqpVnm1b/hk2kYhloLgqBBBGotd3Z/n02kUrQ8NMUCMRCoNZ2p9PnbCIVy0BzUQgklIAKqPqc5T9TFXqg+vlRnbep78ySn/9Uu8kmUgkdbJoVD4GWFlCtkGFVVU9oRUCNZ1y5KgSSRKDYA4XzQHXiaLUCqoqsGuLfSkP4EVCTNPS0BQKxEai13UFAjW2ouTAEEkOg1nYHATUxQ09DIJAIAkEBNbiBlO9d6guqThx1TnJBD9R8T1Q8UBMxvDQiCQTKFVC1re7G8X52Yfv2N9uVsI2kEFCTMMq0AQLxEmj+gcJrW753qfvbfId3m6vH9373cvc4u6P/NhrtFAE13nHm6hBIEoFa2x0E1CSNPm2BQDwEam13EFDjGWeuCoGkEigUUBdsA6nc57H5Yf47nzjMU38oEMggARVQfRHCc992JRiq7x1j/990vCeYNh0dmgcVATWDk4ouQyCPQPgDhaeAem87/RASfwOpYMiIJ5jmCqh+ShG1Q+4z4wNPCD8zEAIQaLIJisI9UHheFtHYHQRUJh0EIFDr9Q4CKnMOAhAIEgiud4LPWJ6jilsDhYuqbn0U/NerO3e/ilYIqEy6LBPIF1BzRYrgJi2egOo+L5UH1WM6Tw666NccvE9duUSWcdN3CGSSQP4DRacO3pe4S1ju5UHN/YJ2n7kve5cWxG1m577M9SwN3/ePNwLq17fmcB6+7smZ5E6nIZBlArW2O9u/900O7ne2WTPL+Ok7BDJJoNZ2p9NnO+dw7rjxK5nkTqchAAGPgAqo7jnLPlnNd1JxAmp+/tP89Gn5OVDz85/aOhFQmW5ZJlCOgKp8gpu1FNtIKnic81ZFQM3y7KLvEPAIFHugUFui+UtVQPWOyX3D6Z3r1RHYFLLgWE9A1fyn3vkIqMw8CECg1nYHAZU5BwEI1NruIKAy5yAAgSCBoICaK57ap6lA1F/xDaS85y4/YieY/9R+hoDKpMsygeYE1KDwkS+gus+aC+PXYw66aFwOXjxQszzb6HtWCRQ+UDTMRxEUUL0/OaHUeZoGBVTf+zRXWM0VUMUIqLfkoMYDNaszj35nmUCt7c72732dgxsP1CzPPvqeVQK1tjudPtspBzUeqFmdefQbAh4BT0D1nrPyvU8L/2b/Yv6bn9s0IJo6nnigMrMgkEegEgFVTw3Lgxr8uy+0escioDLlIAABz0Z4rqTui92lA/E9UHO9THND9W0N9m1o8OHEpRVxAqr7kkdAZc5BAAK1tjsIqMw5CECg1nYHAZU5BwEIBAkEn7OsPGr3mvBSpwWdVJyHaf7f3TmuTgRU5hcE8ghUI6A2lwfVLRycZyoCKlMOAhAo9kDhfUk3zM+t7L8p9fOZFobwu8+cjfHskf6nIfzezwiozDkIQKDWdgcBlTkHAQjU2u4goDLnIACBYgKqL57aJ66C8P1S+U+dmEoIP3MMAgECTkD1v/C9myu4SZQ7vNIwfj3vwAtzQ/gfvGAx6dzRhe8yFBCAQFYIOPvx86hJTTbAf/vpiajOy9Rnoh6nnjCqQqt+HrRH3kZU+hcnnnqfr/ZVbgj/kLWOle6t22cFNf2EAATmE6il3dlucG4I/3+3WF26tmnNWEAAAhkjUEu703FIXgj/+s+KtOmSMeJ0FwIQsE9R5qEo/znLeZ96z1JBj1T7l6ZnL/+ZrPn8p/YscqAy4bJMoJSA6m7G3H/tbxZbUGgNC+8/5/bJ8sOoWU2IyYGa5dlG37NMQG3F3LmNMnrcFOnQzgsn8UPydSMpn05u+L4TTf0v+WAYf6PVThub6tLP9hr+mAydPrapQnKgZnnm0fcsE6il3Tnmi+HyzZQZTbjJgZrlmUffs0yglnan43fHiUz7rgk3OVCzPPPoe9YJhD1neUzCNo/y/25/KjP/qT0WATXrUy3b/a9OQPV3y3YiathmUvrZQ/+dLv96a2oT5Av/2F9WWbpDtqHTewhkkIDaiEmTZ8gcI6I2tHJepc6DtFWTgOq+wIMvZHxcfv4eJ6J6AqrmR/Vf6Fwx7m25b+xHTac9suLesn63gRmkTpchkG0CtbQ7t/40Th4f4Ufd3LjWcrJmr67ZHgB6D4EMEqil3Wn/yx3SavQTTZTbr3qNNHQflEHqdBkCEAh7zvK8TJv3PvU+d8d5/7q/5Yfv278joDLZskwgTEB1N1klYfxWwjB3mNsxWwUN/X36jHny5+t/lWnmXy2H7NxLdt6kW5aR03cIZJLAtOmz5NcJ06Rb57Yy16ieLqTE5TT1PFJ9NPlf2J49KjzGhcp59Xl2Z/K8WfLbb++XyXM97/dzFt9cDu2/Via502kIZJlALe3OVGPX9v9omEydM9ciP375gbLP4n2zjJ++QyCTBGppdxoap0q7oQeLzPWcVdoudbS0WWSPTHKn0xDIMoHpM2aHPmcpExe67/3sHrbKDd/Xs7yNfF1BQM3yTKPvEhRQ7e0REClyd7vOD9l38Py/+4Krd6O5+oaPaZSL7x5vRdSVluwgFx7ZV1q3bpk8qME2MpwQgECyCOj92dg4T6ZOny2TTWhrt67tZc7s2Tlf3s5zVHOcNjSoR6rzcPftiN8r9+XtfZFr3ZojNbhDpLM7X80eLwf/8IQVUdftMlAeWmHPFrM7yaJMayAAgSCBOO3OsBlz5OTPf7Ai6uo9usgNay6L3WF6QiADBOK0O21mfS9tvjnNiqituq0mbX9zNXYnA3OOLqaXQFCMXJBe5Nud7t06hD5n6TXyN5Ty/uZdvRLvU3s8HqgLMmycm3YClQqoTpzwRY5iuVB98cN5ok6c2ig9uzbI7Dle+G5+QQxN+2yi/RAoJNC6dSvp0L6NtDHi6Jy5c/LefPpf3updmiugerbFD+kvzIWqAqr/ssZd27dJU+aZt7GzZkj/hq5F7Q5jBgEI1B+BOO3ONGOXxs+cK33atMHu1N/UokcQKEogTrvTunGazJ49WeY09MPuMEchUIcEiomuQbszt3Fu6HNWoUDavPepe/4KC9+3nyGg1uEMo0tlEygmoHo3jp9TUH/PD+kPhuvnfx72mZ+z0Akhhd6r3q7a8z+f/29+O4LX8joaiPsN6bnxUSubBwdCoN4JmCD4El3075f8L2vf03O+gbD/eF/C7ss2NzSk8O1m8J51ISVeGL/nle42kAqG8wcbrGbB32RK7VJwAyl3pN+HXM94az3sQS7037UHu1PvM5/+xUkAu4PdiXP+ce1sEsDuYHeyOfPpdZwEam131PmkuWewcPG0XO9T77mp4HkQATXOKca14yaQL6A6YcHlGgwL488VH3zxpJjAqgJHvmDha6S5m7/41wsIqd7J842DR6wSb9VKjo17PLg+BKImUEnYSO6GTqZlwfw3ecKp+/J2Aqf3u9cbFzYSDM/PDxuZf+R8cdQTRYNCqfvZia1eXc0LpcFzAmbE2o/gixnsTtSzjvqzTgC7461bsDtZvxPofy0JYHewO7Wcb1wLAu6Zp1wSLf2c5V3fOaT4z2C57Vow71NbFwJquUPMcfVIoBIB1RMgCkP2PQ/Q3Lec5Xh9+V6qtmaLN79+510aKoIGKijmrRassx7Hjz5BoFICzT1Q5NyTITeVf25ueH2+16n3Re1/cQc/dyJC8MvcF0obzHnFPWBzX+joBXzv01z7kesZG/Q2xe5UOmM4HgILTgC7E2TIemfBZxQ1QKA0AewOdqf0LOEICLQsgbjtTtgzWO5zmu9RGpb71D2fFQvft58joLbspKG2dBEoLqDa26NoGH++WOH97nuahn1eTCRtTtBwNIMeYoV/a545HqjpmpO0NhkEchcAuYKpa2Ep4dR9CXvH+xtABf+e//bV8zwtdU/7L1vcscVevsRld5IxirQCAukigN0JRtj4hpB1TLrmMa1NFwHsDnYnXTOW1iaZQLme71HZnWIbQxXzTM19VnNp0qyS4z29hTnUIKAmeQrStqgJhAmo9paZvxN2c/lH/ZymKpzmiq2V5Et1fQwKqcXCc/1ji+U1Laa8lMr7GDVp6odAkgmE308FOW8CX6LBUH3vC9bvX3P5djwPVD9fj/ty1vq8fKbqhVpYV673ae6xYZ7xnldrk8WwPxSKrE3ZQZo+D147X7QoLmJgX5I8u2lbUglgd5xdwu4kdY7SrvojgN3B7tTfrKZHSSFQTJ+o3O542or/fFHuc5Z7rsr/13mUNjT4e04Ej3EE/eenwtynTccgoCZlwtGOOAg0L6Da26rZzaRyBYlyRVT71d0kWATDa70v9abbM0f0yH8BUkzMKOW9FgdnrgmBtBHIF0/dfVkoqvo9Kyacel/QuQSCx7ovdf/L2xNRg2Kr+9kJrYGrFskr6B1RXsh+/nGFHq7ueniCpW0m0940EcDu5OZ7x+6kafbS1rQSwO5gd9I6d2l38gnkPocUPjP53/PeT4Xp0nLP8SL13ENVocBazEkluBlUsI5ckdY5nxT3PrVtREBN/sSjhdERKCagesKD3jx+OG1QLM31Bgvm8woXUf36TNbCRqeQun9zN4xydXu2IW8zqQAKJ7wimEY3P6g5ewSKCaWOhPdFG56nNPchxHmZ5i8IchcC4Tl2PDvivQX1v8S9e95ak6ZKmvOWD9qdfG/U4Gf5P5eyO94CJ3tzgx5DICoC2J3S6x3sTlSzj3qzSgC7g93J6tyn3/ERcBF8xUL93XNWmH3KfQbzHkQaGnKj+ry1gv+3/OesfME0X3BtLvdp07MgAmp8E4grx0+gtIDqfbk6b7Aw4TRXpPBF1zDB1YkdwbcxwU1jXF1hobY+reKiavxEaQEE6odAvlja9MWZE1KSryQWfxvqvtSD3qT5b0R9wdT3QvXP83MtB8XVfBE1+FmufQqOTW44TTHbht2pn/lMT9JBALsTHCfWO+mYtbQy7QSwO9idtM9h2p8+AqXsTq63qde/efPyn7NyU6NVIp4Gn+uCofvuuasYUTxQ0zfXaHELEnjk4oFNHl5h1TphYv4tW3Bsc56ouXlM8x8CnNdqMHG5NQs5zQgLlyWEtgUnAFVBoASBsDekhX/LFVHzE5gXfhE7e1CYDzUoWHrnuQWD+yTcRvgiaq6HbLiNyu80docbAQJJIoDdcXavWD61JI0WbYFAfRDA7mB36mMm04s0EajU7niiquthUEwNPv+4MP/w56z8a3q/+5v9FvOOdc9zCKhpmmG0tcUJlBJQ9YKNjf4mUfp7c55aLqzeF179m9kXQjQMNxj2ny+QFAol+aIpImqLTwUqhEABgea+QP0vWu+0sOTm7os2t2LvC9rbMKow7MSd42yIC03xUn94C4Fi9sDzbPWSozf3MibXhuV3u7hggd3hJoFA9ASwO7mMsTvRzzmuAAHsDnaHuwACtSYQLmS6VoQ7pwSfrYIeqrl7yPjPTGFerPlh/N5zmffs5DaZKsbC1kcIf62nCtdLEgEVUL2bJlw0cIKo1+bCfKjBc3NFUf8thhNaVDAJluLeq4Ubuvjn4Y2RpPlDW7JCIDzhZ7GNoYJf7j6hwjebLpQ/SNF9qfuf+ecFjw8TUYPnBt+klrI77vNiid7zxdisjDr9hEC8BLA78fLn6hDIIgHsThZHnT5DIF4CzdudMIeTQvE16EBS+MzVXB3B/SXCBFfHpqkOBNR4pwtXj5dAcwJquKdp7iZRvvDgvEqDwqknzOamAbCSa1OncwXagEwaomT4m0/Fy4yrQyCLBMI2Tao07CSY7zSfYTHvDz+Jejj15l7+5HrJVhemX1xUzeIsoM8QqC0B7E5teXM1CEAgfJNI1jvMDAhAIEoCLuIueI1idif370Hx1YvU8z/PFVLDPF7zxdN8sTSsPXigRjkTqDvxBJyAamXNgFLQfO7RsE2lCoXT8DqD4beF3qSVCKpB8bY50AggiZ+GNLCGBBZk9/hiImf43wu/0MO+lMO8UPU4L1Q/uGlU7qZSQWT5dRTasty25ONuXoStbnCwO9Vx46z6JIDdCV/vhI32goTsY3fq8/6hV9URwO5gd6qbOZwFgeoJlLI7pfKL5l+5uEdoMA2an+vUPUMF/82PynN1FhNPw57XcsL+8UCtfoJwZvoJVCKg5gqifm7TfA8xL2dqbgkKo/7DQW5obhjN3LrC3duLjcKCPISkf2TpAQSaJ9B8vq/qznWip3e2t3APy7PTXO1+GL5fh398eBqRcmxAvt3RBU40wilpRrj3IFCMAHYHu8PdAYFaE8DuYHdqPee4HgQqtzv+80OxPKRenblOa8HQ/LBruroKI/qC+9QUSyGQv0mVN654oDK/M00gKKBauaIp5L44lmBYvvcGI/y83Jyo8yWVvM2jguH97nhPhMkVIYIbUOW3DKE001OYzrcwgUq+8HMFU9eQ3Leg+SKqOyp4neC979khXzz1BVVnEwpF1LC6gljC8qWGbYJViS2p5NgWHiKqg0DdEcDulDek2J3yOHEUBMohgN0ph1Jx8bW8szkKAhAIEmguHUh+FElQE/HP85+zguJp/vNVWLi+H92Xu8lUcyMU5gGLgMqczjQBBNRMDz+dh0BZBHK9QvNPKfQ0DRNJm/tbrthZKJ66z4NepKVCZJpPQ+JfsdAj3v+suRc3ZYHjIAhAoGoC2B282auePJwIgSoJYHewO1VOHU6DQFkEEFDLwsRBEEguAUL4kzs2tAwCySLgL6qb89oo9lmpv3v5Tr03olqKHZ8ropYO6a8mTD/3nMpShyRrzGgNBNJOALuT9hGk/RBIHwHsTvrGjBZDIFkEKvFw91pOCH+yRpDWQKAIgUoE1Hzvr9xwfzaRYpJBoB4IVPqFX+r4csRWF7Iyb56XP7lUnX7If8P84+cvPZrZQaVU6Gupz/PHttLj62Fu0AcIREWg1D2ff91Sx2N3ohop6oVA/RAoZUewrAi9SAAAIABJREFUO6XXVvUzG+gJBFqGQKkIuXLWJ8GWhIXQe5+ziVTLjBi1QKBCAk5ALRXuGiaeBi8VzIs6/+vW/lP4d/vXplOL5VwNa09jI2ElFQ4vh0OgxQhU8qBR6tjCEDnf67RcYTKYF8hfRJS32C/3Gs6GtRhEKoIABCoiUMqW5D9kNFc5dqci9BwMgcwSwO5kdujpOARiI9DQUBjxVizcP/fvwfO8/Kj+576DW2guU7vvjK/NBOttLtUAOVBjmyZcOAkEmhNQcwVQ/S08XDZ/s6jgxlCeWOrdvM67zPU7KGIU1lGMDiJqEuYNbYBAJcKFtR6BV7K+o2h4mFwpgTO3rqBNcG9j/daVqsvZOUYUAhBIF4FyRA7sTrrGlNZCIOkEsDtJHyHaB4E0EghPF+YenZzdaU7gbNXKi8oLai/6c/65YXXki6jF7FxTXTufOAxFJo3zjDa3CAEVUEsJDI2NGlbbvHgaFEVzvU7VIDjvsvm3tblL8wVTT8TI71Kup2rw01JtbhE4VAIBCOQQKOfBIXhCuHjhvty9I4vVWeweL+94fyESDKWp1G5UejzTBQIQaHkC2J2WZ0qNEIBA8wSwO8wQCEAgagL5dqa4Z6k+L/mtCYqihdE1TnvxvVGbu07u+fOkocEJseG9t56sCKhRTw3qTzKBUgJqvjdpvqBQ3ItUXcL9DWFUgM091xNH/Y1jHKVcFbVUaoEks6VtEMgigeKiaXnCaT4zP99peZs55dqM3HMWREzN4ljSZwikhQB2Jy0jRTshUD8EsDv1M5b0BAJxEWguVD4gmTb96IXiu1+DDiO+05rn+Ob9Xp73qh6bG+5fjAcCalwzhesmhsDDFy1atC1heU/DBFNPCHWCqBeyr/ds8G/5nwe9TVu1KhRNwzxUg0YEz7DETCEakmECYV/6zXmSV+rRsaBoyxVT3XWwKwtKnPMhED0B7E70jLkCBCCQSwC7w4yAAARamoATOfPrDfMw9Z9V8qPsckXS4LkuNL+UiOqJssXzoRa0Dw/Ulp4K1JcmAqUF1MLQfT9E3+tpKfE0X5zwN4Nywmmud6rvcaZn5nuu+nTtcea/UrvdpWk8aCsEEkGgnJuqaPKbvA/KqauZTvuhJQuYbadA2S3i0VqOo2uhSpyIYaMREEg1gXJsBXYn1UNM4yGQOALYneaHhPVO4qYsDUo3AXtL5Wz0lNsfJ6q6Wy/48iZXcPUeWNzmU4XHeWnSSomo+eJq/vFhtAnhT/ccpPULSKCYgBrmfZovhAaFVBfqn+95qufoZ61MPo05c+bJ9BmzQ3KdLmAnOB0CEIAABCAAAQhAAAIQgAAEIAABCGSEgGovHTu0lTZtjFhq9q3JF0SLiajFvFLzN5RCQM3IRKKb5RNoXkDNDcUPE1D1b8FNpvJD76142qq1TDPCabeu7aV1Q+vyG8eREIAABCAAAQhAAAIQgAAEIAABCEAAAgUE5s6dK5OmzJLOHVtbXaY5EdVtEhUmoGrFYYJr/gXxQGUSZppAmIBajvepQvPFUg/hvHmN8/8N5EM1r0WmTZsjvXp20lsy06zpPAQgAAEIQAACEIAABCAAAQhAAAIQaCkC88yGUePHT5POndsW8URtsJdyWUvCQv69z0vnQkVAbalRo55UEiguoJbnfepC93WXN09ENbfv/P/09zlzRDp1bC8NrRFPUzlBaDQEIAABCEAAAhCAAAQgAAEIQAACiSUwZ06jzJo12+RF9XQZtzmUL5aqHpO76ZQ7LtipUl6oCKiJnQI0rBYEKhFQgztU+yKpdyM68TT3X5Gp0+dI716d3SG16BLXgAAEIAABCEAAAhCAAAQgAAEIQAACGSEwTyZMnC4d2rcu8DQNE1HL8UINHuMgIqBmZDrRzXAC+QKq71HquXjni6b5AqlXa6GA6naOmzx1tvTp3QX8EIAABCAAAQhAAAIQgAAEIAABCEAAAhEQGDNuinQ1YfxaVMspzHXqRQXnh/Lni6lOywl6rLrmIqBGMHBUmR4CxQTUYuKplUubQvTDvU+DN9zkqXMQUNMzHWgpBCAAAQhAAAIQgAAEIAABCEAAAikj4AmobVQiLSGieqH81XihIqCmbFLQ3JYlUKmAmr9xVH7uU09gtf+3DUVAbdnxojYIQAACEIAABCAAAQhAAAIQgAAEIBAk4Auo+ldvTxv7U45YWokXqp8z1V0HAZU5l2kCQQG1WPh+JblPg96net6UaXPxQM30DKPzEIAABCAAAQhAAAIQgAAEIAABCERJQAXULp00B6qKpNV7ofobSWlrc0VUBNQoR5C6E08gTEAtnftUvUtzw/e9sH7XXf3Z+wUBNfFTgAZCAAIQgAAEIAABCEAAAhCAAAQgkGICTkDVLoSJqGGbSfnH+jlT3d9cZHFOqP/OJw5rkn1SzIqmQ6AqAtUJqHqpYhtH+X9XEXXq9EY8UKsaGU6CAAQgAAEIQAACEIAABCAAAQhAAAKlCaiA2rljQ0HIfrENpcrbTAoP1NLkOSIzBEoJqOWE74d5n7rzEFAzM5XoKAQgAAEIQAACEIAABCAAAQhAAAIxEHACql7az3uaG8of5oUatpmUH8aPgBrDUHLJpBJwAqrLf1o6fF9vRt0oyg/T9wXUXO9TdfmeNgMP1KSOPe2CAAQgAAEIQAACEIAABCAAAQhAIP0EVEDt1EE9UAs3jsr3QnUCaaVeqORATf88oQcLQKAaATUYvu88TV1+jFxhFQF1AYaGUyEAAQhAAAIQgAAEIAABCEAAAhCAQEkCQQFVDw56oQaF0qAXKgJqSawcAAGfQCUCqvNSzRdQ8zePCob044HKbIMABCAAAQhAAAIQgAAEIAABCEAAAtERcAKqJ55WF8afH86fv5EUHqjRjR81p4BAcwJqc/lPfc9TDeXXjhaG7+vfps2YxyZSKZgHNBECEIAABCAAAQhAAAIQgAAEIACBdBLwBFTNedqqrDB+PU41G99T1eu3E1HD8qAioKZzbtDqFiJQjoAaDNNvLv+pC98PeqQioLbQQFENBCAAAQhAAAIQgAAEIAABCEAAAhAIIRAUUD0htDCMPyiOlsqDioDKNINAHoF8AdV5kuphQS9T73f7f1tDmFga/Jt37jyZPlPwQGXWQQACEIAABCAAAQhAAAIQgAAEIACBiAiogNqxvZVO53uVlhfG31we1KCXqq155xOHeYoQBQIZJKACqstt6rxLHYbyBdTw8H09HwE1g5OKLkMAAhCAAAQgAAEIQAACEIAABCBQMwJOQPW8TJsP4692IykE1JoNJxdKIoFyBdTgBlJh+U+d96neqM77FAE1iSNOmyAAAQhAAAIQgAAEIAABCEAAAhCoJwKFAmp+jlNfVNV+O6E1Pw9qcxtJIaDW04yhLxUTaGkBVSP3VTh13qx4oFY8JJwAAQhAAAIQgAAEIAABCEAAAhCAAATKJhAUUFWX8TaHaj4PathGUgioZSPnwKwRKCagOi9T5eG8S70kwvOa/vM+s//PyYka9ECdMatVpDlQfxw1W555fbIM+W6GTJg8V7p1bi2L9W8rW67dRdZduWOLDefEKY3y8odTZOPVOkuvbq1brN6kVTRsxCx5+rXJ8vl3M2XyNI/n8ou3l+037CLLL2YTqlRVPjP1Xf33sfKH7XrIZmt0rqqO5k66658T5K0h0+Tcw/rIwgu1LTj06r+Pk69/nCl/PX6AyQvTSq4xv3/41XQ56fd9ZJVlSvcrK+Pf4gNDhRCAAAQgAAEIQAACEIAABCAQOQEVUDu0U2c2F8IfLqBqQzxx1fvPc4DzfnYluNmU03zsMeRAjXwcuUCCCZQSUP1wfW8Xt6CA6t1IWnIF1ODvUQqoL38wVW55/FeZ2yjSxmiavbq3kekzGo3wZ/5gynF795YNV+3UIvSfenWSPPDvibLHVt1kjy26t0idSatEed5seDYafF07N8hChufoX+fIVMO0wYz9gTv0kN9u0LWqZj/7xmS559kJsr05/8Ade1RVR3MnnX3LaBn6w0w544A+svryHQoOPezin0VF0OtOHCD9e7eRc28bI58PmyEn/n6hsoT2LIx/iw8KFUIAAhCAAAQgAAEIQAACEIBATQgEBdTwPKieQBr0SvUEVO9v3mfuGP9fBNSaDB8XSQOBSgRUFUa1+CKq/S30b94xIjNmSSQeqD+PmS0nXTvKiqcqyu2xZTfp3LHBtuXr4TPlzU+my2/X6yL9jFjWEuWxlybKwy9Mkt026yZ7b5NcAbXRMFexs9IS5PmH7brLDht2k9YeTvnXm5Plrmcm2Hov/GM/WWbRdqHVN3ftlhBQm6u/bAH1z0ZAXaiNnTfTpjdaobic0pLjX+0YldNOjoEABCAAAQhAAAIQgAAEIACB7BHwBFRfIG2JjaScwNqUJxUP1OxNLHrsE2gpAbVR3RbzNpCKUkC94+nx8vzbU2z49V8O7tvskJ5962jTMpHzDvePu9OEfL/3+TQrCGpI/lQjpt1vPEzfHzpdppjQ9YV6tJH1ftNJdt6kq5xw9UjrvRgsi/RpK1ef0N8KcU++MlFeeX+ajJ04x4a8r7tyJ9lr6+7SqYOnZD792iR54uXJJly8tzz1qgmPHzZTepprHrRjT/Nvg9z19AT59udZxoO2tRxgvDzXWsFPPfDhlzPksZcmyfcjZ0n3Lg2yxvIdrYDbuYMn/F1w12iZM1vs9e7853gZOXaOXGu8LDu2axXan9236Cbt2hYqrI7nWit2lFP2W6iA598eHSevfjhNNl69kxyzZ2/rlXrcX0fKViZVgrb7cdPGTqZNVx3fX6bPnCf3/muCvPPpNGk0k0B59O3VxgjQE3M8UEeMnW29ejVdQIPxIF5uYDvZb/seTSH4Klo+98YUOeuQPvL35yfKkG9nyNHm2husUuhVXKmA+sQrk+RpMxaXmPFXQbXa8VdQb5l+al0/jJplvrAaZOWl2ss+ZowWNnNES7F+jJ0wx86HvxzcR5YY4IvSdxuxevAX0+SaEwZI2zZVqOEYOAhAAAIQgAAEIAABCEAAAhDIFIFwAdXbSKqhwTkO5Yf1KyLvb/YnPFAzNWfobIUEWkJAzfVI1QbMM2HgnqAalQfqqX/7RTRf52G/6ylbr9ulaK9V4NznrOHWe/KhiwY2HXfmTaOtp+qFR/aV5Uxuz8vvGyvvfTHd5k5dtG8bI1jOlo9MjsxzDu0rQ76ZIW9/NsOGfK+wRHtZyfynopvm8lTR8t9vTbGi3yATOv718Fnylcm1ubTx0rzgiH42tcBfHxgr73w23V5b87KqB+Lgz6fbXJwqZq68ZAeZNXuevGfEWxVdbz1jEWlnhLO3h0yXqx4cK4v1a2v7qDle/2nyky6/ZDv5y0GeGLzfuT/JzFnzpIvxvu3aqUFWNOLdwTv1tDk+i/Vn0b6FOUIdz6N27xWao9S1RT16rzcC7bc/zZLTb/zFCIatbNuXXKSdEZw7yu826SYX3z3GsJthxb/FTT5aFXWnz2q0qQFcCP8v4+bIaTf8Ygy5yI4bdZU25th/G0F8ljnuaiMcan8uvWeMfGAEZMdJc7Du+1sjTIbkOHUC6lKmHWFepZ8Z8XXOXJHr5nugurpPMyH/a5hxq3b8HRf1ft5otU5GaJ9rx00F7suP7id9jHBcrB/at3tNWoNNzTz6k+GuRcf4j5eNkJ5dW8sNpyzc9EVW4W3N4RCAAAQgAAEIQAACEIAABCCQIQJOQPUF08KQ/ea8UhUVAmqGJgxdrZxASwuowQ2k1AN15uxoNpH605UjZYzJz1kqh2W5AuqRl46Qacar8s6/LGpFz/wSFsI9yoiAx101UroY4VJza6popuLoubeZfJzfz2zKweoE1G1NSoFDdu5pqz7RpB8Y/sts2WXTbrLvtl5KgOOvHiUjTGqCi4/ywuSPMR6e44yX4s2nLWI8W703Rk8az8kHjTfmFcf2M+Kk8dicL6BqCoM9tvRTC5TqT37/HE8nKOZ/rmKzis4qZt5zzqJNAqoed84hfWXlpb2NmLRP2jcVhi8/pp8VO6cY794zjdg60vByAupNj/0qL70/VU7Zf6Emj1t3Dc2Rqsc54XG15TrIKX9YqFlvTCeglroD8gXUU/fvI2uu0EFK8SoWwv+nK0bImPFz5fwj+soKZrMtLX//z0TjcTzJit4q8Bfrh3LR62q55fSF7fxRb2P11NU5oXODAgEIQAACEIAABCAAAQhAAAIQKEVABdT2bXVDKCeEuo2i/E2jEFBLUeRzCDRDICigunymeri/eZTLcWr/amvKz4Ea/L1WAuoZRpD7xnhBtpQH6u1PjZf/vDPFhvNrCLYKmOuaEH79XUuYgPb6x9PkuofHWa9SFXJd0fBwDTnfccOusr8JyXcC6rF79bZeilouMl6aHxsvzaCAeP4do02Y+kybkmAx47mpGx9pCQq66kWpRcPsNdzeCag3Gm/FhXr4ym+p/uRPCcfz8F16ylbrFHr0vj90hlx27xjp09N4Rp68cJOAqqH5fztpQFN1bxgm1xomKqiqsOrKP16cKI/8d1KTgHqCEYs172qwf+qhqgL0DoabpjJwwuOf9uglmw7q3Ox9XGkIv6vbCaileIWN/6+T5loBVD1/7zhrkab2qQfyWTePliUXbieXGS/U5vpxyxPj5X+Dp1iv4W2MwH6MeTGgXqw3n7aw9cKlQAACEIAABCAAAQhAAAIQgAAEShGIQkD1rumlAVDv1FbkQC01DHxezwTKEVA9UdS7aYLCqtuNrTlBNSoPVM0T+ZzZ3KhUDlQV5fYOCeE/9XqTAsDkFXUh/NqXd01Y/ScmXH+YyUeq4qyGp19kcmQONCH0zjMwuInUG58YsfChcbL2Sh3lZOMh6cqjRih81AiGztvSCagn7LuQrG/C3LU4ATW4a3yTgGrC8xcb4AmoPUwo9zmH9smZgq1NPgIVLjUtgRNQbz/T91LVg0v1J39OO56rG2/PMw7MvZ4ee9PjxmP0valNOVBdCL+mA9C8p64UE5UdP8fECajquakCpCs6yxbq2camMHDCY5BbsXtxQQXUUrzCxl/D7Q+/ZIT1HL3rbF9A/czkdD3v9tHWQ1g9hZvrx4/GY1c3Q9Nj9zFep3qs81ytZ7tD3yAAAQhAAAIQgAAEIAABCECg5QjkC6heOH5+zlP/d72yO6ZJIM3Lgeq1DgG15UaJmlJNIK0CqnovnnzdKJvXUnNo7r6Fv2mTbrj0xsfTZfM1O9mNfJzIqF596lE6dsJcOfrKETYnpxNQ8wdRxVkVFXVTo51M/e73DY0H6XHGk1SLhvAfa8Ls1VPweuOFqXkwVYg7Z34Iv262pJsuVSOgrrJse/nTFV4I/+XH9Lceqa7oBk5uE6liAmqp/uR/rqkDTjai8uw582TPrbrJbpt3twKt9ufF96bIrU+Ot6doeoGlTZ7RYgKqC+HXDa+uO3FhG/KvRTfy0rQGTkC94R+/yisfTLUpDTS1gSszTD5XFU81N2otBdRSvMLGX9loCL/Op3MP6ysrLZkbwq/5dI/Y1Q/hLyYEq9iqoqsy083KVJAOy1ObakND4yEAAQhAAAIQgAAEIAABCEAgMgIIqJGhpWIIeATSKqBq21/5cKrcYjwjVUTVMPfePdrIjJmNVoTS4jZEckKcepIuu1g7+chs3qPh11pUQF20bzuzcc/PsrzJYbmiEcF086OXTX7OH0fNlvMO7ysrmk2j9OeTrx9lBUUVN9sadVHDrh99cZIVAvsbj9A1VuhoN7b6wgiFyw5sLxeYulWErFZAfdPs7q6bQakIqekEVDRV4XLoDzPlkj95QmaYgDptxryS/Qmb/8rzZpObVPPG6jX7924r442XpXpaajnY5Cb9rclNqqWYgKqfOe/aAWbDKcvECNqfG4FQixNQNR/q6TeMkukz59lUBP0MPxWkdeOufbb1ROuqBFTjPatetPlFPUW1H5qrtr9pV3ATKc1dWu34f27G+kYjBiuvjVfvLFNNXlP1TNbNwK46foAV7Ev1Qz2fr7x/rG2y5ns9M8QDGHsFAQhAAAIQgAAEIAABCEAAAhAoRgABlbkBgYgJRCegerlSowrhd1jU2/S5N6dYDz4VyDQcfKDx1tzWbOCzphHv1ANdN/m5+Ylx8uX3s6SjEbY0x6buXK+bGF1xbH97zouDp8qL5vefRs+yguwixnN15026yoarejlLtajA+LgRTEePn2PF2gs1/Lxza3nq1UlWcB1rvEXVC3WDVTrLXlv7HrFPvTbJnqfh6hqqrUU3GtKcq5cYj04V9LQ8ZP6mbdB6NURfi+ZJfdKcr2kFXLu2WKuzbGP6p3274K7RMmbcXLna7C7fOpAys5z+hE2tb811nntjsnw+zOOp/VlusfbWy9d5WOp56gV7vNlAa9ByHa1QHSwq4N7z3Hh597Ppdg6svWInm/v16ofGyoE79pTNzK7zWlREfcRsmDTkuxlWeFSm663cSXbdrJsVIDXv6NOvTjZCdD9ZzIjfzRX1Fn7VjM+lRlh27ILHX/3gWPl6+Cz5qxE1VezUPLVa9yUmRUP/hdpUPf6aYuGtIdNNXZPsBlo6Bisv1UH2N57LblxL9UPzvu595nDb3NMP6CODli8UgCM2A1QPAQhAAAIQgAAEIAABCEAAAikm4AuowTB9QvhTPKQ0PWkEnICquS9cflNtY26u02pyoNZGQE0aT9oDgUoJ6EuAU0z6BE03cbUJ35+fdqbSajgeAhCAAAQgAAEIQAACEIAABDJKICoB1WlFbCKV0YlFt30CCKjMBgjES8Dlgz3U5IPdJpAPNt5WcXUIQAACEIAABCAAAQhAAAIQSAsBBNS0jBTtTC2BagRU3ztVuz3Peqt6/wV/xwM1tZOChteUwLUPj7M5di826QTat/M23aJAAAIQgAAEIAABCEAAAhCAAATKJVCJgKp1Wo9SG/6o/80L/O595goeqOWOAMfVPQEE1LofYjoIAQhAAAIQgAAEIAABCEAAAhCAQB0TQECt48Gla8kg8NCFi9iGVJID1fc21TPxQE3GSNIKCEAAAhCAAAQgAAEIQAACEIAABLJIoFwB1dN/KvdAteftfOIwG3hMgUAWCXgCqrczW7mbSCGgZnGm0GcIQAACEIAABCAAAQhAAAIQgAAEkkggWgFVe2zC/BFQkzj0tKlWBBBQa0Wa60AAAhCAAAQgAAEIQAACEIAABCAAgZYngIDa8kypEQI5BBBQmRAQgAAEIAABCEAAAhCAAAQgAAEIQCC9BBBQ0zt2tDwlBBBQUzJQNBMCEIAABCAAAQhAAAIQgAAEIAABCIQQQEBlWkAgYgIIqBEDpnoIQAACEIAABCAAAQhAAAIQgAAEIBAhAQTUCOFSNQSUAAIq8wACEIAABCAAAQhAAAIQgAAEIAABCKSXAAJqeseOlqeEAAJqSgaKZkIAAhCAAAQgAAEIQAACEIAABCAAgRACCKhMCwhETAABNWLAVA8BCEAAAhCAAAQgAAEIQAACEIAABCIkgIAaIVyqhoASQEBlHkAAAhCAAAQgAAEIQAACEIAABCAAgfQSQEBN79jR8pQQQEBNyUDRTAhAAAIQgAAEIAABCEAAAhCAAAQgEEIAAZVpAYGICSCgRgyY6iEAAQhAAAIQgAAEIAABCEAAAhCAQIQEEFAjhEvVEFACCKjMAwhAAAIQgAAEIAABCEAAAhCAAAQgkF4CCKjpHTtanhICCKgpGSiaCQEIQAACEIAABCAAAQhAAAIQgAAEQgggoDItIBAxAQTUiAFTPQQgAAEIQAACEIAABCAAAQhAAAIQiJAAAmqEcKkaAkoAAZV5AAEIQAACEIAABCAAAQhAAAIQgAAE0ksAATW9Y0fLU0IAATUlA0UzIQABCEAAAhCAAAQgAAEIQAACEIBACAEEVKYFBCImUAsBNeIuUD0EIJBRAu3atZFZs+ZktPd0GwIQgAAEIACBtBFg7ZK2EaO9EEgXgfZt50mrVq3Mf2L/Nf9v+tn9rj1yn/t/c+fpOe5cr+96zLx5+pM5ZucTh9kfKRDIIoFaCKiLDuieRbT0GQIQgAAEIAABCEAAAhCAAAQgAAEIRE7gp5ETBQE1csxcIMsEEFCzPPr0HQIQgAAEIAABCEAAAhCAAAQgAIG0E0BATfsI0v7EE0BATfwQ0UAIQAACEIAABCAAAQhAAAIQgAAEIFCUAAIqkwMCERNAQI0YMNVDAAIQgAAEIAABCEAAAhCAAAQgAIEICSCgRgiXqiGgBBBQmQcQgAAEIAABCEAAAhCAAAQgAAEIQCC9BBBQ0zt2tDwlBBBQUzJQNBMCEIAABCAAAQhAAAIQgAAEIAABCIQQQEBlWkAgYgIIqBEDpnoIQAACEIAABCAAAQhAAAIQgAAEIBAhAQTUCOFSNQSUAAIq8wACEIAABCAAAQhAAAIQgAAEIAABCKSXAAJqeseOlqeEAAJqSgaKZkIAAhCAAAQgAAEIQAACEIAABCAAgRACCKhMCwhETAABNWLAVA8BCEAAAhCAAAQgAAEIQAACEIAABCIkgIAaIVyqhoASQEBlHkAAAhCAAAQgAAEIQAACEIAABCAAgfQSQEBN79jR8pQQQEBNyUDRTAhAAAIQgAAEIAABCEAAAhCAAAQgEEIAAZVpAYGICSCgRgyY6iEAAQhAAAIQgAAEIAABCEAAAhCAQIQEEFAjhEvVEFACCKjMAwhAAAIQgAAEIAABCEAAAhCAAAQgkF4CCKjpHTtanhICCKgpGSiaCQEIQAACEIAABCAAAQhAAAIQgAAEQgggoDItIBAxAQTUiAFTPQQgAAEIQAACEIAABCAAAQhAAAIQiJAAAmqEcKkaAkoAAZV5AAEIQAACEIAABCAAAQhAAAIQgAAE0ksAATW9Y0fLU0IAATUlA0UzIQABCEAAAhCAAAQgAAEIQAACEIBACAEEVKYFBCImgIAaMWCqhwAEIAABCEAAAhCAAAQgAAEIQAACERIwE0caAAAgAElEQVRAQI0QLlVDQAkgoDIPIAABCEAAAhCAAAQgAAEIQAACEIBAegkgoKZ37Gh5SgikUUBVw0CBAAQgAAEIQAACEIAABCAAAQhAAAJpJLDogO4t2mwE1BbFSWUQKCSQVgG1pY0NcwMCEIBA1gnoogvbmvVZQP/TRoD7Nm0jRnshAIFaEsBG1pI216qEQBRzEwG1khHgWAhUQQABtQponAIBCECgDglEsZCrQ0x0CQKJIsB9m6jhoDEQgEDCCGAjEzYgNKeJQBRzEwGVCQaBiAkgoEYMmOohAAEIpIRAFAu5lHSdZkIgtQS4b1M7dDQcAhCoAQFsZA0gc4mqCEQxNxFQqxoKToJA+QQQUMtnxZEQgAAE6plAFAu5euZF3yCQBALct0kYBdoAAQgklQA2MqkjQ7uimJsIqMwrCERMAAE1YsBUDwEIQCAlBKJYyKWk6zQTAqklwH2b2qGj4RCAQA0IYCNrAJlLVEUgirmJgFrVUHASBMongIBaPiuOhAAEIFDPBKJYyNUzL/oGgSQQ4L5NwijQBghAIKkEsJFJHRnaFcXcREBlXkEgYgIIqBEDpnoIQAACKSEQxUIuJV2nmRBILQHu29QOHQ2HAARqQAAbWQPIXKIqAlHMTQTUqoaCkyBQPgEE1PJZcSQEIACBeiYQxUKunnnRNwgkgQD3bRJGgTZAAAJJJYCNTOrI0K4o5iYCKvMKAhETQECNGDDVQwACEEgJgSgWcinpOs2EQGoJcN+mduhoOAQgUAMC2MgaQOYSVRGIYm4ioFY1FJwEgfIJIKCWz4ojIQABCNQzgSgWcvXMi75BIAkEuG+TMAq0AQIQSCoBbGRSR4Z2RTE3EVCZVxCImAACasSAqR4CEIBASghEsZBLSddpJgRSS4D7NrVDR8MhAIEaEMBG1gAyl6iKQBRzEwG1qqHgJAiUTwABtXxWHAkBCECgnglEsZCrZ170DQJJIMB9m4RRoA0QgEBSCWAjkzoytCuKuYmAyryCQMQEEFAjBkz1EIAABFJCIIqFXEq6TjMhkFoC3LepHToaDgEI1IAANrIGkLlEVQSimJsIqFUNBSdBoHwCCKjls+JICEAAAvVMIIqFXD3zom8QSAIB7tskjAJtgAAEkkoAG5nUkaFdUcxNBFTmFQQiJoCAGjFgqocABCCQEgJRLORS0nWaCYHUEuC+Te3Q0XAIQKAGBLCRNYDMJaoiEMXcRECtaig4CQLlE0BALZ8VR0IAAhCoZwJRLOTqmRd9g0ASCHDfJmEUaAMEIJBUAtjIpI4M7YpibiKgMq8gEDEBBNSIAVM9BCAAgZQQiGIhl5Ku00wIpJYA921qh46GQwACNSCAjawBZC5RFYEo5iYCalVDwUkQKJ8AAmr5rDgSAhCAQD0TiGIhV8+86BsEkkCA+zYJo0AbIACBpBLARiZ1ZGhXFHMTAZV5BYGICWRJQP366+/lmedekh2331yWXXaJArL/ePzfMmPGTPnDvr+LmDrVQwACEEgegWoXckOHfiv/fv5V2WabjWWlFZeJtWNffT1M5s5tlBVXWLqpHbNmzZY77npU5syZK4ccvId06tgh1jZycQi0JIFq79sJEybJnXf/w657gqVr1y6y+GILyyYbry09enRryaYW1KXXvu2OR2SZZRaX7bbdJNJrVVr5pElTrN2YPn1G06lt2rSRbl07y+JLLCrrrLWq9O7do9JqJcxGVVxJMyc88uhzMnHSZDn04D2lVatWZVU9bdp0+eTTL+U3Ky8nXbp0KuscDoJAWghUayPz+/fk0y/Ijz+OlH333kkWWqhnWrpf0M558+bJBx98JgMW7isLD+ib2n7UQ8Nbam4GWSCg1sPMoA+JJpAlAfWVV9+RN978QNq2bSMH7L+b9O3TO2dsrr7mTpkxc5acfuqRiR4zGgcBCEAgCgLVLuScbV1/vUGy+WbrRdG0suu8/MpbrYB62ilHNIkHKtLccNP99u9/PGJf6WoEEAoE6oVAtfftsO9/kr8/9E/7QsG9VNZ7ZOTI0TLu1wnSqVNHOeKwvaVjhC8cRo4cI3fd8w/p37+PHHzg7okaku8NnwcNnw4d2svAgQNs26ZMmSa/GjYzzVqxdesG2WmHLWWllSp7aRRmo1qy43+9+g7bvj8ff7Bteznlrbc/lJdefls23mht899a5ZzCMRBIDYFqbWSwg99+96M8/Miz5gVDZ+nXt7fstecOqel/fkNHGBt/9z2P2Rdlv8dpKNZxbIm5md8BBNRYh5SLZ4FAFgVUHVf1qjjILNY7BhaXCKhZmPH0EQIQKEag2oVckgTUSy67WdS7QgXUhoaGpq7Onj3H/r1du7ZMAAjUFYFq71snoKoH0oEH/F8OExUOVUDc7rebyqDVV6qKl95vpTwgkyygFuOjtuTV196Vd9792NqYIw7bR3r2LN9Tt5iNqgpyyEnVCKivv/G+7dOGG6whm26ybks1hXogkAgC1drIYOPvu/9JmdvYKGsMWkmeefYlE82ypxVS01iG/zRStD+LLtJf9t9v1zR2oW7a3BJzEwG1bqYDHUkLgSwKqN26dRENzVrChGDts9eOTQv8fAF14sTJ8uZbH8h3w4bL5MlTpUP7drL00ovL1ltt2PRW34ZKmeO23XZj+c8Lr8u4cROkX7+F5Hc7bSUjR42WV19914ZS9evXR3beaUvp1bN709R4d/An8sGHn5m2TJYe3bvJIPOlvNaaq5R84EjL3KKdEIBAughUu5ArR0BtNA8eb771oXw6ZKixmVOsd9sKyy9lHtbXkfbGtrry3XfD7YP8L6PH2WgBtdObbbqutZ0ffzJUPjVhpr+MHmvD8TV8dqMN17L1qJjxvxffzAGu4s3OO24pK6+8rDz0yDMyedJUOezQvewx5bRHRYXBgz+WfffZWV4xbfrhh5+lTevWstpqK8oWm6+frsGltXVLoNr7tjkB9cWX3pK33/nI3nur/GZ56yW66ior2N9duePOR+xayHkwqTer3pd6zPP/ec16sR515L7WY+u994eY/z6166XOnb17f7NN15OxY8c3eaAOMvfVW+aakydPkT4mQmiH7Taz6yktPw4fIYPf+1R+Gj5SphuPcvUi1/YEvSU1TdNrb7wnY8b8am2HCsPrr7+G9bLSop6jL770tvzw489W+FxkkX6y1RYbSK9e4WH4zfHR+u5/4CnbrnXXWV223MKzBwtioyptn15PveJefuUdy1Ft5BamHU8+9UKOB2pza1lNSXDDjffJVBPCHyxqW1UY1sJatW5NR2Y6Vq2NdIB++mmU3Hv/E/Y5boXll5brb7jXrk12/d3WOQzVZupz4+67/VbefPsDG+6vKTG22Xoj6WrsoNrFkaPGWPulz5LLLrNE0/lfmFRI6gk+Zoyufdpau7WZiejpPd8+ff3N9/KsEW53CKShU5uhdmh185JLU66o5/lNNz9gnidXttfQ9uTb00cf+5eorQwWtZeHHrxXRS+CMjN5Iu7ogs7NsObhgRrxoFE9BLIooKpHxXdm0fnlV8NknbVXla223NBOhHwB9XWzENcvn6WWWkx6Go/VESN+MQvvEbLySsvK73bequkcXcyrJ+vy5oFAH+zVo6J79672i0wfEkb9MlZGmS/MJZdUwXYne56KrfowoV+emvvr559H2fxT+uZfPQAoEIAABGpNoNqFXDkC6vMvvCbvGxFFxYplll7M2Lxf5GdjUwcM6CMH7LebFTQ+/+Ib+/CvPy+33JJWrPzm2x+snd7ACCFX/PV2K5ouNtATRD75dKioN5iKovMa58kXQ78RFT216PEaYqsii9rjK/56mz325BMPs+JKOe3RF2R6fS1Lm+8BfSAZ8tnXRiSaI/9nHpCWN22kQCBuAtXet2ECoYbwjxj5izzxxH9kytRpNkxV70cVR5dYfBH7MkGLCqUaiq732KknH2H/5u4xFVU1LcBiRgDYZuuN5YX/vSEfmpfF+tJE7/1pJqeovijZd5+dpG2btlZA1aLX6W8EU83NqsdomqVDD9nTfvbA35+2AuhSSw60KQV0/TZ+/MQmD1ldY2k+V/UEHbT6yvZeV8Ghj8lTuJN5iaJ1aj7TBvNSZd11V7ftVlFXjzvy8H1CQ91LCajupc3ARQfIfn/Yxb6UqdZGqbdupe3TdeM99z1h+WhUVVsjhqpore3Q4kL4S61ldS06dOh3VgxedNH+Vrjp2bOHsZ3Ls1aN++bm+i1CoFob6S6uofua2uSYo/c3tqO1TXehz4dqO3oGHGMee+J5+fLL7+xp+kyo6xLNeayRL/qyYnFjQ+fMt0364vi4Yw40f28tQ805j5tz1XbqM+ZUY3v1b3qM5jLWNYxbZ22y8TrmxfGa9hourYDaxb2NQ5Dz6NfPunTuZFOz/GKeQTVk39lTXdN8YdZanw75yqxpupj7fDnTvnaytsnprG2h1JbAgs7NsNYioNZ2DLlaBglkUUDd3ng16EYn99z7uIwZ+6tdXK/ym+UKBFRd0Op/LgxUF6UaGqVeTSf9+VA7W1R0VQF1t122kRXMpiW66L/m2rvsZ3vvuaMRXweaL8Lpcu31d9svplNOOtx6v/7NvPHPz/mlHlIjRoy2i14KBCAAgVoTqHYhV0pAHT9+ktx0ywNW+DjqyN/bhwK1rfc98KSoZ8cuxotDbbJ6dai3/+7/91tZbllPnAyGAc+dO9c+vLiiOa312lttuYERWVezfy4WHuvEHbXdapPLaY8TUNdYY2X57TbeBjevvjbYiLTv2WgB9SqhQCBuAtXet04gLNZ+ze25y85bizuuXAE1mEdTRc+bb/27fWlx5OF+/mFdT+nayj3w67pKc9Or16jen2oL9BgnAubf+z8Z8fBeIx7qS+g9dt9OPvzoc/nXv1+x3q/68iS/PGs2EFXvUD3WeX3pS/G7zTpw6602MuLBKgXnlBJQ1WPsiSf/Y7xle8lhh3ie7dXaqGrap4KLiiyrG89dXddq0ZdU+nJIi2NXzlo2LISftWrcdzbXbykC1dpIvf5oEw1zu/G2V7viPPDVq1vzqgfvPT3WCahrrvEb2dZsqqnlttsfts+awRzxtxibqC87DjKpUwYYm6fPhHq/aTi9htVrUc9y9WZVb1LdYK8SAVVfEP3xiN+LRlzqS6Krr73TvvRyNoEQ/paaWQtez4LMzWJXR0Bd8HGhBgg0SyCrAqp+6elDvXo+6JfL/n/YVR56+J85m0ipd4M+KKunlHpi6JePe7OvG03pgt8JqMcefUDTzqWXXXGL3axEH9Rdvj33UK/n6Y7VTxgvKy36JeeKnqPlxBMOyQlpZQpDAAIQqAWBahdypQTUzz7/Wp56+r/WI+P/dt22qSv6cKAPCSp+rrfuanLd3+61AumpJx8e2l1NeTLks69k/K8TZeasWdYma9lwgzVtKgAt5Qio6plWqj0qyjoBNehtqiKMih3qnbXjDlvUYli4BgSaJVDtfRu2iZSKmhpyr96jLvS9UgH16KP2sw/uWj4zHttP/fO/1nNUPaTyixNQdUfrww/du+nj62+4z4ae/umPf7DeV9qGwSbt0WgT3jrdvKjWdZsW9ZjU9Zuu526/82H7d237gP59TYjtItZzXMsttxnBwqRY0uLWXY3GO0zFxWAkUrB9pQTUd979yKQNectuMLXf73exp1Zro6ppnwrTKlDrtd0mV9qfy664NUd8LmctGyagqpcaa1WMTz0QqNZGat81KkajY9TWqC1yRW2b2ku1UW5jSiegapSiepJqeejhZ2wquODLmweNR/33JiXQvnvvJAst1Musfe6xkYwnBBxoNEJHHX3UK//gg/aoSEANeu9rG5xA6+wpAmpyZvWCzM1ivUBATc740pI6JZBlAVWHVL/UvF0VO1nPJxVFVeTUoh5KuijXsPolFl9Y2poQjLvvedyGb7oNSpyAevxxB9mQNS1OQFVvUxcOEXyo1/AOXZSqF0R+Hj0VXNkhuk5vNroFgYQTqHYhV0pAdaH56lWq3qWuvPb6YHnt9fes99cGRgS99rq7iwqoKpw+/c//2ZyIKpZqPjENp1cRI7jxSTkCqoaw6UNRc+1RrzQnoO65+/Y21YoWTRugG0hoXsiddkRATfiUzkTzqr1vSwmEDp7bjT7ogaopijQiJyyEP7geciJcMIVRcFCKbSIVfODX4280ef3Uc129vnv36mlzx6tYEdwERT241E5oJM9PZpMUjQjSFB477rB5k4CqHl4dO3hrNVtaiXTv1jU0dLUUH5cDdT2TEkDXcgtio5yAWkn7br7lQfnVvOjXNAcqmGhRAfXyK2+znrDO26yctewbb75vBJrcTaTc2LFWzYQZqetOVmsjXfRMc3CCL2CcgOqiEvU8J6BqOhT3QscJqPsYAVXvXY1SVPumDjSuaMq4Bx58Svqajao0jF/vT71PgyH8mstUc5rmh/DnRzjmC6gupyubSMU/7audm821HAE1/nGlBXVOIOsCqg6v5rHRDRPsWnq+gKqLT32Lr2FnmjNPi3pDqFeElgURUHWRrw8D+iZTPS70Gq7oQ0lwQ5U6n350DwIQSBCBahdypQRU9xCi+b00hF//1aKbMuhCXjfd042e3CJ/N+Olqvmjg0VzjukGCypUqGCh5bl/vSwfffxFjoB6lUmrMsOkVdHcZMHNYcJC+Eu1BwE1QZOTphQlUO19W0ogdBfU3H933fOY3aToyCP2tX/WSJrHTfh6KQFVc4/qekfz/+k96TxT/brHNG0idfCBuzf1MfjAr56jmuJoGbOJ5557bG+PcWJlMQFAI3o0DcDs2bPtGu6ZZ1+0eeY1rFbDa11Rj1V90a1rv/xSjI+eoy9/dO2o/dfNljQH6YLYqGra50L4NzcbzWh4sBYnuujPKqDq+rKctaxu0PXCf18Xl7ZBz3djx1oV45N2AtXaSE0LoulBdP8KfQmUX/TlxJQp00S97jVFUTUC6pJmMypn74Le5C6E36UJcM+qg8yGUbqXhxbXvkoFVJeWQB12tO1h9i/tY56W9lc7N5vrHwJqWkafdqaWAAKqN3RPPm1CND7/JscDVXNjaY4s9TTq16+3fPzxUPu2X8XVBRFQNeTj3/95VT744DMroupDgQkkk2HGG1Zzf7n8qqmdVDQcAhBIJYFqF3LOM0I3JNAN94KltwnN1fxdTiDQTV6WWXoJu7GehpFpzkPNfagLeCeKqI1UAVUf/tXDYqON1jLiTQ8romh48frrrW7zh31qBBEVM4IeqE5U0AeDRRbuZ3fz1p268zeRKqc9CKipnMaZa3S1922TQGjukwPNPVis6Jrnuuvvsfne9WG/s9mcRNNg6AvfUgKq1unye2qUjm4Opy84vvn2R3vfNxqhU1MpNecxpdE/N5p8g5qyw9tks5URNT6zwoUTUFVs+HTIl9Zu9OjR3Yp/g9/7xLZXvbx07XaX2WRK26ye52qH9G+6oajmNVx3He+lTLA4z1t9qa0bRWnRdE4aNj9r1mzrLa+7cq9o8t9r0Y2xqrVR+gKp0va5PLB6bRU+1bNWvUbV81aL80AtZy2rqRFuv+MRe54y076pt+/bxsOftWrmTErddbgaGzl12nT5m3kJo/ZOQ9/DREZ9qasvTlze52oFVH25o2sSjUL8zcrLWRupkTtqe444bG+77nHe+ro+WnHFpWXG9Jl2EyktlQqomo7ub8YhSO1ZP+Ph2t2s21Y1z7pqnym1JVDN3CzVQgTUUoT4HAILSCBLAqru2vov47G0pwmj0If2YNGw/IfNjsv6MO4eJNTj9N/Pv2Zzb3Xs2N4mENd8qOPNwvwAEwamRR+wx44bbz0r3GZTurGBLtJ1Z2hX1NNKPSI0YbgWDbN6/4MhRpT9wgoB6p0xoH8f41k1KPQt5wIOM6dDAAIQKEmg2oWceqM9aXKcuhzRwQv17tVDDjcPAGrz3nr7IxsCrxswaL6vFc3GURqOH/S6Vzv9lsmNOnrMr9YzTB/m1etUXzapJ4jmTdUXTQNNPrJ11lnN5jLVUHq3MYw+9Dz//Ks2PYu2Z4P117Q71qqwMXnS1Ca7rJ+Vao/mBdQUAQfu/3/Su3cP2y3d0fZ+E1an7daNpCgQiJtAtfet3oe687s+sJfaEO0Hk6/vP8ZDUb1B9SXJVlttKG+aTdzatG1tvbO0/P2hf8qEiZOsR6ZbD7n1jgoNn5j8wRNN6H2nTh2N6LiMFS517XXbHQ9bAWCH7TdvQvnPZ/4nP5n1loau6osUfdnywn/fkDHGLqgnrLb3WbOeU/FSPTBVMFXb8K0RMXUHa12zabjs5sZ2dDbX06KC6asmDFZzD86cOdPuQK3n69ouLPJHo4XuMJvHqHDsitqkbua8xY1d0tBdtW/BsiA2qtL26XW/+eYHedlspOfGZfPN17N2cuKEyTa0X0WfctayWpfuyv2Gyfs/wcwL9RQ+YL/dzFh1YK0a9w3O9ReYQDU2Ul8qaJoOXX+oF2hY0XzMd9/7mMm3PNC+KFYvUd07Q/Mya+i9Fn25o7mRDzpgd/viRotG7Wj0jN5j6r2uRddRb73zobFx4439bCWLL76IbLXFhk3n6DHqKf62OWbatBmy8MJ9bdv0OXTttVa16xx99rzJePyrEOo2ltPzNGXRyFGjjT3dqynqUQXZ/5gN50aZNY3a2F1/tw3Pnws80yqvoJq5WeoqCKilCPE5BBaQQJYE1AVExekQgAAE6ppAFAu5ugZG5yCQAALctwkYBJoAAQgklgA2MrFDk/mGRTE3EVAzP60AEDUBBNSoCVM/BCAAgXQQiGIhl46e00oIpJcA9216x46WQwAC0RPARkbPmCtURyCKuYmAWt1YcBYEyiaAgFo2Kg6EAAQgUNcEoljI1TUwOgeBBBDgvk3AINAECEAgsQSwkYkdmsw3LIq5iYCa+WkFgKgJIKBGTZj6IQABCKSDQBQLuXT0nFZCIL0EuG/TO3a0HAIQiJ4ANjJ6xlyhOgJRzE0E1OrGgrMgUDYBBNSyUXEgBCAAgbomEMVCrq6B0TkIJIAA920CBoEmQAACiSWAjUzs0GS+YVHMTQTUzE8rAERNAAE1asLUDwEIQCAdBKJYyKWj57QSAuklwH2b3rGj5RCAQPQEsJHRM+YK1RGIYm4ioFY3FpwFgbIJIKCWjYoDIQABCNQ1gSgWcnUNjM5BIAEEuG8TMAg0AQIQSCwBbGRihybzDYtibiKgZn5aASBqAgioUROmfghAAALpIBDFQi4dPaeVEEgvAe7b9I4dLYcABKIngI2MnjFXqI5AFHMTAbW6seAsCJRNAAG1bFQcCAEIQKCuCUSxkKtrYHQOAgkgwH2bgEGgCRCAQGIJYCMTOzSZb1gUcxMBNfPTCgBRE0BAjZow9UMAAhBIB4EoFnLp6DmthEB6CXDfpnfsaDkEIBA9AWxk9Iy5QnUEopibCKjVjQVnQaBsAgioZaPiQAhAAAJ1TSCKhVxdA6NzEEgAAe7bBAwCTYAABBJLABuZ2KHJfMOimJsIqJmfVgCImgACatSEqR8CEIBAOghEsZBLR89pJQTSS4D7Nr1jR8shAIHoCWAjo2fMFaojEMXcRECtbiw4CwJlE0BALRsVB0IAAhCoawJRLOTqGhidg0ACCHDfJmAQaAIEIJBYAtjIxA5N5hsWxdxEQM38tAJA1AQQUKMmTP0QgAAE0kEgioVcOnpOKyGQXgLct+kdO1oOAQhETwAbGT1jrlAdgSjmJgJqdWPBWRAomwACatmoOBACEIBAXROIYiFX18DoHAQSQID7NgGDQBMgAIHEEsBGJnZoMt+wKOYmAmrmpxUAoiaAgBo1YeqHAAQgkA4CUSzk0tFzWgmB9BLgvk3v2NFyCEAgegLYyOgZc4XqCEQxNxFQqxsLzoJA2QQQUMtGxYEQgAAE6ppAFAu5ugZG5yCQAALctwkYBJoAAQgklgA2MrFDk/mGRTE3EVAzP60AEDUBBNSoCVM/BCAAgXQQiGIhl46e00oIpJcA9216x46WQwAC0RPARkbPmCtURyCKuYmAWt1YcBYEyiaAgFo2Kg6EAAQgUNcEoljI1TUwOgeBBBDgvk3AINAECEAgsQSwkYkdmsw3LIq5iYCa+WkFgKgJpFVAjZoL9UMAAhCAAAQgAAEIQAACEIAABCAAgSgILDqge4tWi4DaojipDAKFBBBQmRUQgAAEIAABCEAAAhCAAAQgAAEIQKB2BBBQa8eaK0GgRQikVUBtaWPTIjCpBAIQgECKCUQRSpRiHDQdAqkgwH2bimGikRCAQEwEsJExgeeyJQlEMTfxQC2JnQMgsGAEEFAXjB9nQwACEKgXAlEs5OqFDf2AQFIJcN8mdWRoFwQgkAQC2MgkjAJtCCMQxdxEQGWuQSBiAgioEQOmeghAAAIpIRDFQi4lXaeZEEgtAe7b1A4dDYcABGpAABtZA8hcoioCUcxNBNT/Z+893KUotvX/JTlKzhkJkpEoiEoQRJKYAygmPObjSd5zv//A/Xk8wXhMoAIiSDIBoggiICCoKEEQUHKOkoPgb72FvemZPXvv3j1TM909bz3Pfc6V3V1d9anqNdVvrbXK11DwJhLwToACqndWvJIESIAEokzAxkIuyrzYNxIIAgG+t0EYBbaBBEggqARoI4M6MmyXjblJAZXzigQsE6CAahkwqycBEiCBkBCwsZALSdfZTBIILQG+t6EdOjacBEggDQRoI9MAmY/wRcDG3KSA6msoeBMJeCdAAdU7K15JAiRAAlEmYGMhF2Ve7BsJBIEA39sgjALbQAIkEFQCtJFBHRm2y8bcpIDKeUUClglQQLUMmNWTAAmQQEgI2FjIhaTrbCYJhJYA39vQDh0bTgIkkAYCtJFpgMxH+CJgY25SQPU1FLyJBLwToIDqnRWvJAESIIEoE7CxkIsyL/aNBIJAgO9tEEaBbSABEggqAdrIoI4M22VjblJA5bwiAcsEKKBaBszqSYAESCAkBGws5Hahm54AACAASURBVELSdTaTBEJLgO9taIeODScBEkgDAdrINEDmI3wRsDE3KaD6GgreRALeCVBA9c6KV5IACZBAlAnYWMhFmRf7RgJBIMD3NgijwDaQAAkElQBtZFBHhu2yMTcpoHJekYBlAhRQLQNm9SRAAiQQEgI2FnIh6TqbSQKhJcD3NrRDx4aTAAmkgQBtZBog8xG+CNiYmxRQfQ0FbyIB7wQooHpnxStJgARIIMoEbCzkosyLfSOBIBDgexuEUWAbSIAEgkqANjKoI8N22ZibFFA5r0jAMgEKqJYBs3oSIAESCAkBGwu5kHSdzSSB0BLgexvaoWPDSYAE0kCANjINkPkIXwRszE0KqL6GgjeRgHcCFFC9s+KVJEACJBBlAjYWclHmxb6RQBAI8L0NwiiwDSRAAkElQBsZ1JFhu2zMTQqonFckYJkABVTLgFk9CZAACYSEgI2FXEi6zmaSQGgJ8L0N7dCx4SRAAmkgQBuZBsh8hC8CNuYmBVRfQ8GbSMA7AQqo3lnxShIgARKIMgEbC7ko82LfSCAIBPjeBmEU2AYSIIGgEkiFjTxx4qTs3rNfGjaoE9Rusl0hJJCKuRnfbQqoIZwIbHK4CFBADdd4sbUkQAIkYIuAjYWcrbayXhIggfME+N5yJpAACZBA3gRSYSN//PFn+fqblTLszuuJmgRSRiAVc5MCasqGgxWRgDcCFFC9ceJVJEACJBB1AjYWclFnxv6RQKYJRPm9nfXJfKlXt5a0atXUCuZRoyfJrbcMkIsvLmelflZKAiSQeQKpsJFr1/6kAuoqGT6MAmrmRzQ6LUjF3KSAGp35wJ6EhEC2Cai7d++TdyfPkMceuUuKFCniaZR27twrU9+bZe5JdTl37px89/0a838HDhyS3377TapXqyLt2rWQ9vp/yZTP5nwp23fskRF33WCqOXLkqOzQvjRv1iinWjzvhZfGyW23DpQa1ask8zjeSwIkEHICfhdyGzdtk08/XSAj7r5RSpUqmYsCvDb27jso1117VdoIfTR9rpQoWVyu7XtlrmfCFo59+3256cb+UrNGVV9tmjptljRqVE86XNbK1/28iQRSRcDve4vn79ixWxZ++Y1s3bZTfv31V6lcuaJ06dxO2rW9NKZ5W7bukHlffCVYQxUrVkyaNW0ovXt3l9Ku991LXWfO/CrLv1stq1avl4MHf5GzZ8/pmqeydO/WQZq51iZ4ONZH/3nuTblb1zDVqlaWX345InM+Xyyb1N6cPXtW6tatKX20DVgzOeVZvf64htomKn16d5OuXdrn/GnHzj0yafJM+ePjI7TvZ+Wrpd/LqlU/yiF9TsmSJfT9rit9enWT8uVjxVXYj3lfLJWfft4ip06dkqpVKkm3yztIy5ZNUjWkrIcESCCFBJKxkRt+2mxs5K5de41NqljxYmlx6SVyRfeOUqJE8d+/r47Jkq++k40bt6r9OGxsZN06NaVnz64x9umtMVP1O2xPrp61bNFEhl7fN+ffvdi6+Eq81u3FlqcQPasqgEAyczOvqhnCz2lHApYJZJuAig/9CRM/kr/++YGcH76CEGOR/O6kGfL3p/7gWXQtqE7n7zNmfi7r12+S7vpDXKtmNfNRsEs/UJYu+14ua99KruzRyWtVua7buHGb+SG/rH1L87dvvl1lfuAffXh4zrX4aPjHP1+TO24fLI0a1vX9LN5IAiQQfgJ+F3KrVq+TDz+aYzZnIErGl8/nLZF9+w/KLTddlzZIezRX2Vtjp8qA63pK61bNcp6LD6C3x39ghF54nvkt+FiBwHL1VV39VsH7SCAlBPy+txAG3nv/U+nUsY3m9asrxUsUkzVrNsiyr1fKrTcPkCZNGpj2YU0yRt+lzp3amncJAuVcFTKL6iY0Nk1QvNa1YOEyFW33GI9SiLVY80BMXb58tTxw361S3bWRi7XXp7MXysN/uFMgvL42aqIRK3tc0VHXYkW1nSvMcx984DYpV66sacexYyfk9OnTMVxhC6a+94ncNXyo8WZ1CuwS8hrCRryp7zNK505tTLsgYODvsBP33XNzzj1Hjx2XN9+aYtrRuXNbKVO6lOxUYWXxkuXSq+fl0qqlHU/ZlEwUVkICWUrAr438WQXRie9ONzayTetmZmMFa5lFi5cbr/Ubh/YzRPGNWLZsGbMGKl++rBw7fkKWqE3AtY8/enfOt+OL/x2nm1MtpG2b5jEjUVrtiCPGerV18UPppW4vtjxLp0jGuu13bubXYAqoGRtOPjhbCFBALXikbQmohw8fFfzgwfvzksb1YxqCH9Bf9cPC7d1RcEvzvwJeYBBQ3Z60FFCTpcr7SSA6BPwu5CCgwjvt0uaXSIUK5Y0I4S6ZEFDxfHj2z/5sodyrAggED5Q5cxfLmrUbjFiTyFvW62hSQPVKitfZJuD3vYXH6anTZ6RsmdIxTXxzzBSNSKlqhEWUKeptfZH+r3tz5MiRY/LSy2/LzTf1lyaXNDDeq17qyovF08+8KoMG9o4RID+e9YV5RyFMQtRdvORbeeSh4erdVdRUgwiaUW9MksaN6qsnarc8MUPcQMFay11eefUd6du3h1l/YT0WH8YPcRYeqk88dneOQDvz43myX6OFhmsexIsuApXzBW1x/7ftMWf9JEAC3gn4tZGTp35sHpJo8xc2D56meZXt23fJmHHvqf0YofajjLkM33yXd21vBNm8il9b56VuL7bcO1VemQoCfudmfs+mgJqKkWEdJJAPAQqoYk5VnPv5Itm6dZcULVrEhGVeo2FhzmLaEVDvHn6DfDZ3kQlhK1u2tHpBdMoJs0dox/sfzJbBg/voB/uXCa+JHwYswl99bYI8cL96XbhC0OKv27vvgFnEDx7U23hj7N9/SGpo2OkQfda+vQfk8y+WyKFDR0wIPv4N3hMo32iunu0anod/e+6Ft4xnhrvgYwgfDvBAxTVIkA4PXaQ2gJdJ32uu4AcBrQcJZBEBvws5R0B95KFhMv6dD43tqKke9U5JJKDCIx4fCgiHrVSpgnTrellOnsPx73wgHTu0lks1TM4pEEMh0sKbA3baKW+oNxie5/Yscw/ZR9PnCNKwQETdtHmbTJ32idytnmi1a9cwlyGv2cJF36hdPSilS5dW29dUrrqyS45Ig42nXbv2Sb16tTSM72upqAIxDpGIF1DhqTJd0wbcr8Isfh9YSCBdBPy+t3m17x2N0kFY/TV9rjDC4L/+M1oG9O+ZK0Qdntw1alTR969Hnl1115XoohMnT8kyjbiBF+q9I27Sd7CUuQzPff6FMXKLeonXrlXdrIHg2XVd/6tjqoFH64/rNpoNkUQF4apoJ95Ld5oirKvGqrjxpz/em2dk0bZtuzTVx3vylz/dbzzPHBZDBvXJlW4gXWPN55AACRSegF8bic0XfAvG252CWgAP9k80rdFFRS6KEV+9iJx+bV1BdSdrywvqM//uj4DfuZnf0yig+hsL3kUCnglku4CKUDR4ISCcDB/wZ3RHER/7EEQffOB2E1LhCKhYxPfWfFj42MfHPBbuD2loWWX9b+cafMTDE8K5BnU518QPCn7MEDZWtGhRFWy7mQ/6RB4Mm7fsUFHiA2nQoI70U2+JUiVLyvsfzlbh4ZjZ1Rx4XS9tZzF5TwXc4robinB8FDx769adJn8YwlaR/BypAR568E59jpjnOh6o8PJA3Q3q1zF9R7gbFgzxedA8TyxeSAIkEDoCfhdyjoAK73Z8OMB+DLtjiBEdHFvkDuH/ctG3slJzDd6gOb+wGYRNqYmTphtbhrBhfHggJ7Rjy1DHaPU0w2YXPN6aNT2fxxkCx/gJH2gOw3vy9CaFNz9CbiG+INQWaVEQioyCXIoT9QPp2n5XGkHk4IFfZMbHn0sV9Va9+fdUBLCjEFGr6SZX926XGaEWIo9bQF2nAg5s8rX9rqLNDN2sD3+D/b63iXqOjVZ8iCOEHykq8N/YgEUYu3tTBPciBRFCVXGtl7rc10C8RC5ArE3KqAfsHbcNMrbAKVi74J3ChgkKNpvbt28Rk8MU/75y1Tq1F/NNWqZEZczYaSZn4fVDron5MzZDsIl9/eDYf3dfhM1wtNHJI3/o0GH57yvjdQ11h3y/Yq38oOkO4IV2ft3X3Xjfs5AACQSPgF8bCfsCr3N817XQPKXx3vruniIdCOzDafXqx/ddLf1mvFO/x5x1EK6FbW2q+aOxTsL6Bd70TZs0NF72TkSMX1tXUN3J2PLgjWh0WuR3buZHgAJqdOYHexJQAtkuoM5fsFQ9LzfKSM2h5RR8cOOH6Gr1QurQoVWOOAohEknBUfDj+M9/jzIfzMhl4wio92g+MMezCdfhmn56iEl8vhvnWSfV+2LBwq9NSOnJk6fNB0SjhnWkdevmRphFcQRULOLr/P781eqt8cFHn8l9996ScwgKBAmcWPu3v4w097kFVPx3fiH8yON3RfcOOQzO5/MpbULqWEiABLKDgN+FnFtABSl4s/+gnp0QSB1b5AiosK/PPv+m5h8dqBs2tXPAYlMKQiTykkK0gPCB0DfYIXjdv/HWZJM77JjmILzh97xjs1Q4OX78ZE4esrxGCc9+7fWJUl+fh9Bbp4zTg6SqVa8s/dWOOwXPhjj64MjbTdg/7Ci8ZSEOu0P+HQG1apXKRnQdrLYSH1gsJJBuAn7f2/h2Yl0D7yf87+0qaKLgoKeXdZMZG8pVq55Pg+GUT2YvMO8mRAIvdbmvOa7C64kTp1SAPS7ff79WftZ8p/ASdyJ/IF6iHdjYRXn+xbFmjQLPdHdZq7YGeVz/938eytUG2JNp+jcInhBR3QUbMogiat68ccLhgufqhInTzUYQDqtCweYyPN5xgAxsAQ6QO3nqtKYFWWRyqY68/zbPufXTPUf4PBLIZgLJ2EhEqSxdtsJE9GEjFo4miNLDBlN8gTCKNQ7On/hSD56CB+pdw4bmOMcg7cnRo8dN1AzOvcCmzFxdY6BeRDn6tXW4r6C6/drybJ436eh7MnMzr/ZRQE3HyPEZWU0g2wVU5LfB4QPxp0NPePcjqXBxeZMDzBFHn/rryJh8NxBZ4bXasWNr1zUP5oR+YmK5ryloouGHFwt05N1a/cN6440Fz1hHQP3zk/flfMBfaNOF523YoPm6psyU//f3h82jCiOgxudhxQnWZ86ckRtvuLagZvPvJEACESHgdyEXL6ACB8SV6npy9mUqMrhD+B2BEoIG0oU4BV4bCLF18hTCCwO2FbnCELqPUP9uelL3G29OliefuNfYWYT4YpPHOewmv2F4/sUx5qRsd35WhCbD0x4n4LrL08+8JgMHnD98Cm1HahP3QTK4FgIqPpQQCgzRF3kgWUggEwT8vrfxbZ0+Y64RCfAh74TSHz16zIiX9464WT2qLqTlwL3wQMUmcKKD4xLVlR8bCJMNNcoGUT4oEAPwbjubLBBxcSAm8ge6CzzEkOcY6yN3gfj6+qh3pX6D2jEbJLgGa61XdUMF4fvFi+fOYYiDVt6Z8KEeENclRrDdt083YvQgK6Q+cudTBQO0F5vlOGiGhQRIIFgEUmEjsUbZtXuvbvZsla+Wfq/e8O2k59V5HyKJ9CTPPf9WTp5oEEG6EQin7nzL2zRXKjzyHS//wto6h3RBdSNi0Y8tD9ZIRq81qZib8VQooEZvnrBHASOQ7QIqTlfEzt/AAb1iRgZeGPB8wr/ndYiUO9+Ml2sKM/QQDNboridOn3UEVISoOac0JnpeMgIqQmUbNbywmwoB9bQKqDdRQC3MsPFaEgg1Ab8LuUQCKk7XflvzoWJzChtCjgfqDhVo3lLvUrc9SwRt0eJvZf36TeaUb4gT2MyCjYKA2klD8GGfP/pojjzx+Ig8cxi668WHA0Lw3Yc3uIVS97XP/Ot16X/t1UYMgYC6efN2uUfzM7oLBNSSpUqY3Nnt27XI8ZQL9QRg40NJwO976+4sDmzCPB+u3lLOgSf4O4TIZ/41ymwoxJ8wDw9uRNzEH+CUV135wcWa45R6cyJFBzaSJ+ja7Mkn7snx3EKKD2xqx+ciRBTRhp+25NrgQIj9p7qJ87DmZS6np2O7C8QPpAjAs+LLHk0TgpRJ3bt3NAKJu0BAwabLVVd2Vm/YjrH2QG0aNlF6XBH776GcUGw0CUSMQCpspBvJ8u9+MPYFEX/ujeB4bPhOhB1x0gYlwgob+39Pv2LSBiGVUGFtXX5D5a4bqQMKa8sjNg0C2Z1Uz010kgJqIIeajYoSgWwTUJ3Q978/9Qfzo4ePY4R5IVzTyT+KD/8XXhpnFskI0fIijnq5Jn7eYDGODwYIuPHli/lfmdxeCBtNlYCKENm5ny+O8dRwcqBSQI3SW82+kIA/An4XcokEVLQAIWPIYwiRBadc4yRb2D2E8N9wfT+TCyyvAo/TF//7tjk8D3YLuRBhoxFK99PPmzUXWRnjke+E+BbU40QCKoRceL26RRl4n0GkdYfw5yWgIoSvxaVNVOz5SE8Cr2c85ngSd0Ejwb+nmoDf99ZpB7zFEUKPUFNE5MSXyVM+NqGoTl5g/B3v50svjzeemO7N14LqQs7URHkER+s7h1D5a9WLE+sfhLm6N7aRv33JV9/JIw8Nz4nyMV6mo9+V5io6IA2RU7CugRdX2zbNYv7d+Tu8veAZH+8tik0eHDgFwaPb5ZclHKZx49+XMpoD2e11C5sGoQS5lONF5lSPNesjARIoPAG/NhJ2rnz5crkeiJRpM2bOE0Qm4lvyqKYWit+oQZoSrDuGaiqjS39PFYJ1kNv7FBVj02aUphTBQXjVdT1SGFvnbpiXugtjywtPmXf4IeB3bub3LAqofkaC95BAIQhki4CKH7I9emI9coTiR274sPN58PCDgwU4clp11/BQXY9ruKgeIqVhGsj5hYOWvIijXq6JHxbkCXz/w8+kXbtLTU4dHEBwVhf+m9QL5Es9FRpJxbGQT5WAumev/kiPnmTqRX8Roof+/eOfr5nDWuiBWogXh5eSQAQJ+F3I5SWgAtEPP2wwIirEUgioKPMXLDMH8UFwQF5p5A/8fsUa8yEC++QUhNHCHiJs1wntdQ5CwDWJDrbJa1gSCajrN2ySqdM+0dPGu+sHziVGFJquYck1qleVIYP7mKry80CFgArh5uDBw/LOxA/NfTcM7WvsKgsJpIuA3/cW7Zszd7HJ8XvH7YPkYpdQULRokRwxdefOvTJm3DTp0rmtSWuBwzfnat7PEiVK5KylvNYF8RIbx506tZHq1SrrIVK/qS34wUTc3HfPLSbPKvIV99ZDW9xpMSBSIny+mqYF6aEHwRVVWwFP0o0bt8pI3QB3i7IQWuHB/ujDw2MOcEEbzx+SNTbXwXPY7EEaAaTzwFrQXXDIlRPqj3BbiKzYXEdKgVOnNQfqnEWGycj7b41J85Su8edzSIAE8ifg10bikOGSulHbSdMJISe6yEV6GOUe3eRZajZgrulzhbFnSBFUv15tadv2UqlY4WKT23mhnm+B9B4PaG5kpBzC+gKHTDXRQ6Nat2xqvvkOag5UfHNWrlQxJy2IF1uHb9qZGjUAR5/qesCl17q92nLOp/QR8Ds382shBdT0jR+flKUEskVAxYEB+/Swg3r1amlu0Z4xp6Vi92/O54vMiYgoyG/VTz/snd1EhJNNmTbLeIO6C8LXuqjACe+HPK9Rb4Uunc9fk6hs2bLDfLwg7xgOR8EHCX6k8XEBkRMFOfZwmMFjjwzPCRWBl9RUbRM+EJyyUw8/ee+D2eqhMcz80zffrJJtO3bFnDKLf1u05FvzEYEPACQyh+fEbXqgC3Y+nQIPkNOnfzV/ZyEBEsgOAn4Xcj+riIEDE+4aPjQhqE9nLxR49rs9PWH38H8QHxGODw9OHOri9s6AwDl9xucmjN85VA8PQLjvYf0YwQEvXguEG2xIxR8ag0NosGG1T+1syZIl9aCqS/WjpIuKoOfzs+LwvS0a7nvj7wdXOc+b+t4nZtMJdhQFHnPIQY3/Rkg/Cwmki4Df9xYf6s+98JbJ5RtfsJnhPnwJGxnzNGJnt66XSpUsYUJNsanhnDDttS48C+/9ypU/yoGDh8xmAzzUe2q+UfzvgQM4MG6KyU8avxGBA1c+U7Fy0+Ztprn16taSPrr5cV7YuFCQXqONHu4Zf+AUrli+fLWsXfez3HFb7MFXCxYuMwd6JiqwCW5v2K3bdsp8FVB26toQHueNdc14Te/uCaOJ0jUH+BwSIIG8Cfi1kRAqsVGzbv1Gc2AeSk097BcHWuKQYSfiBALmoiXLTdohrAVgI2EXeve6PMarH99zixcvNzYMB2CWVYeeVi2byJU9OsfkYy7I1h3QDZ+39Rt08KA+OYdZea27IFvOeZReAn7nZn6tpICa3jHk07KQQLYIqFk4tOwyCZAACRSKgI2FXKEawItJgAQKTSBK7+0PazYYr9L4vPSFhpLHDYhCqqNe7zzsKVVEWQ8JBJ9AKmzkWvWS/1qdUJwIxuD3mi0MA4FUzM34flJADcPIs42hJkABNdTDx8aTAAmQQMoI2FjIpaxxrIgESCAhAb63nBgkQAIkkDeBVNhIpFNb/t1qGTqkL1GTQMoIpGJuUkBN2XCwIhLwRoACqjdOvIoESIAEok7AxkIu6szYPxLINAG+t5keAT6fBEggyARoI4M8OtndNhtzkx6o2T2n2Ps0EKCAmgbIfAQJkAAJhICAjYVcCLrNJpJAqAnwvQ318LHxJEAClgnQRloGzOp9E7AxNymg+h4O3kgC3ghQQPXGiVeRAAmQQNQJ2FjIRZ0Z+0cCmSbA9zbTI8DnkwAJBJkAbWSQRye722ZjblJAze45xd6ngQAF1DRA5iNIgARIIAQEbCzkQtBtNpEEQk2A722oh4+NJwESsEyANtIyYFbvm4CNuUkB1fdw8EYS8EaAAqo3TryKBEiABKJOwMZCLurM2D8SyDQBvreZHgE+nwRIIMgEaCODPDrZ3TYbc5MCanbPKfY+DQQooKYBMh9BAiRAAiEgYGMhF4Jus4kkEGoCfG9DPXxsPAmQgGUCtJGWAbN63wRszE0KqL6HgzeSgDcCFFC9ceJVJEACJBB1AjYWclFnxv6RQKYJ8L3N9Ajw+SRAAkEmQBsZ5NHJ7rbZmJsUULN7TrH3aSBAATUNkPkIEiABEggBARsLuRB0m00kgVAT4Hsb6uFj40mABCwToI20DJjV+yZgY25SQPU9HLyRBLwRoIDqjROvIgESIIGoE7CxkIs6M/aPBDJNgO9tpkeAzycBEggyAdrIII9OdrfNxtykgJrdc4q9TwMBCqhpgMxHkAAJkEAICNhYyIWg22wiCYSaAN/bUA8fG08CJGCZAG2kZcCs3jcBG3OTAqrv4eCNJOCNAAVUb5x4FQmQAAlEnYCNhVzUmbF/JJBpAnxvMz0CfD4JkECQCdBGBnl0srttNuYmBdTsnlPsfRoIUEBNA2Q+ggRIgARCQMDGQi4E3WYTSSDUBPjehnr42HgSIAHLBGgjLQNm9b4J2JibFFB9DwdvJAFvBCigeuPEq0iABEgg6gRsLOSizoz9I4FME+B7m+kR4PNJgASCTIA2Msijk91tszE3KaBm95xi79NAgAJqGiDzESRAAiQQAgI2FnIh6DabSAKhJsD3NtTDx8aTAAlYJkAbaRkwq/dNwMbcpIDqezh4Iwl4I0AB1RsnXkUCJEACUSdgYyEXdWbsHwlkmgDf20yPAJ9PAiQQZAK0kUEenexum425SQE1u+cUe58GAhRQ0wCZjyABEiCBEBCwsZALQbfZRBIINQG+t6EePjaeBEjAMgHaSMuAWb1vAjbmJgVU38PBG0nAGwEKqN448SoSIAESiDoBGwu5qDNj/0gg0wT43mZ6BPh8EiCBIBOgjQzy6GR322zMTQqo2T2n2Ps0EAirgJoGNHwECZAACZAACZAACZAACZAACZAACZAACaScQN1aFVJaJwXUlOJkZSSQm0BYBdRUGxvODRIgARLIdgI2dsKznSn7TwK2CfC9tU2Y9ZMACYSZAG1kmEcv2m23MTcpoEZ7zrB3ASBAATUAg8AmkAAJkEAACNhYyAWgW2wCCUSaAN/bSA8vO0cCJJAkAdrIJAHydmsEbMxNCqjWhosVk8B5AhRQORNIgARIgARAwMZCjmRJgATsEuB7a5cvaycBEgg3AdrIcI9flFtvY25SQI3yjGHfAkGAAmoghoGNIAESIIGME7CxkMt4p9gAEog4Ab63ER9gdo8ESCApArSRSeHjzRYJ2JibFFAtDhirJgEQoIDKeUACJEACJAACNhZyJEsCJGCXAN9bu3xZOwmQQLgJ0EaGe/yi3Hobc5MCapRnDPsWCAIUUAMxDGwECZAACWScgI2FXMY7xQaQQMQJ8L2N+ACzeyRAAkkRoI1MCh9vtkjAxtykgGpxwFg1CYAABVTOAxIgARIgARCwsZAjWRIgAbsE+N7a5cvaSYAEwk2ANjLc4xfl1tuYmxRQozxj2LdAEKCAGohhYCNIgARIIOMEbCzkMt4pNoAEIk6A723EB5jdIwESSIoAbWRS+HizRQI25iYFVIsDxqpJAAQooHIekAAJkAAJgICNhRzJkgAJ2CXA99YuX9ZOAiQQbgK0keEevyi33sbcpIAa5RnDvgWCAAXUQAwDG0ECJEACGSdgYyGX8U6xASQQcQJ8byM+wOweCZBAUgRoI5PCx5stErAxNymgWhwwVk0CIEABlfOABEiABEgABGws5EiWBEjALgG+t3b5snYSIIFwE6CNDPf4Rbn1NuYmBdQozxj2LRAEKKAGYhjYCBIgARLIOAEbC7mMd4oNIIGIE+B7G/EBZvdIgASSIkAbmRQ+3myRgI25SQHV4oCxahIAAQqonAckQAIkQAIgYGMhR7IkQAJ2CfC9tcuXtZMACYSbAG1kuMcvyq23MTcpoEZ5xrBvgSBAATUQw8BGkAAJkEDGCdhYyGW8U2wACUScAN/biA8wu0cCJJAUAdrIemjHegAAIABJREFUpPDxZosEbMxNCqgWB4xVkwAIUEDlPCABEiABEgABGws5kiUBErBLgO+tXb6snQRIINwEaCPDPX5Rbr2NuUkBNcozhn0LBAEKqIEYBjaCBEiABDJOwMZCLuOdYgNIIOIE+N5GfIDZPRIggaQIpMJGnjhxUnbv2S8NG9RJqi28mQTcBFIxN+OJUkDlHCMBywQooFoGzOpJgARIICQEbCzkQtJ1NpMEQkuA721oh44NJwESSAOBVNjIH3/8Wb7+ZqUMu/P6NLSYj8gWAqmYmxRQs2W2sJ+BIUABNTBDwYaQAAmQQEYJ2FjIZbRDfDgJZAGBKL+3sz6ZL/Xq1pJWrZpaGclRoyfJrbcMkIsvLmelflZKAiSQeQKpsJFr1/6kAuoqGT6MAmrmRzQ6LUjF3KSAGp35wJ6EhEA2CaibNm2T2Z99KSMfuC3P0XnjzcnSuHF96Xl116RG8Ic1G+Tb5atleJI7le+9/6nUqVNDunRu56k9v/32m7zw0ji57daBUqN6FU/38CISIAESAAG/CzkvttU24VWr18nczxfLfffcIuXKlbH9uHzrX/b1Ctm+fbcMvb5vRtvBh2cHAb/vLejs2LFbFn75jWzdtlN+/fVXqVy5ollvtGt7aQy8LVt3yLwvvpLdu/dJsWLFpFnThtK7d3cpXapkznVe6jpz5ldZ/t1qWbV6vRw8+IucPXtOqlerLN27dZBmzRrFPPPcuXPyn+felLvvukGqVa0sv/xyROboOw57c/bsWalbt6b00TZUr3ZhrfOsXn9cQ20TlT69u0nXLu0vtHfnHpk0eab88fER2vez8tXS72XVqh/lkD6nZMkS0qhRXenTq5uUL39BXP183hJZvGR5rurLlS0jT2g9LCRAAsEjkIyN3PDTZmMjd+3aK7BJFSteLC0uvUSu6N5RSpQonrCzhw4dlnHjP5BBA3oZO+KUt8ZMlR1qd+JLyxZNYtYLXmxdfB1e7C/u8WLLgzeC0W1RMnMzLyoM4Y/ufGHPAkIgmwRUfGB/POsL+dtfRuZJ/5tvV0nVKpWkQZI5bpYuW2FCPR55aFhSIz123HtGQMVHgpeCj4B//PM1ueP2wdKo4YUfbS/38hoSIIHsJuB3IefFttoki42jV157RypVrCDVdeOot4oemSwQWbZu3WmEHxYSsE3A73sLYQCbtJ06ttG8fnWleIliskY3f5d9vVJuvXmANGnSwDR9l4qmY8ZOlc6d2krrVs2MQInNiqJFisiIu28013ita8HCZSra7jEepRBrIYRCTF2uG84P3HereX+d8tPPW+TT2Qvl4T/cKRBeXxs10azPelzRUYoUKartXGGe+6BuipcrV9bcduzYCTl9+nQM8j2at3Dqe5/IXcOHGm9Wp+A9RV7DAdf1lDdV2EDp3KmNaRcEDPy9lArE991zc849H02fK8ePn5D+114V84ziKqSUKV3K9lCzfhIgAR8E/NrInzdulYnvTjc2sk3rZmZjZd/+g7Jo8XLjtX7j0H65WgObNka/3SC4Dhncx9hMp7z433G6OdVC2rZpHnNfabUdjhjr1da5K/Bqf73Ych94eUsSBPzOzfweSQE1iQHhrSTghQAFVC+UCn8NBdTCM+MdJEACmSXgdyGXaQF1jYbWLfnqO7nphmtl1BuT5NGHh5sPnUwVCqiZIp+dz/X73sLj9NTpM1K2TOkYcG+OmaIRLFWNsIgyZdosuUj/96Yb++dcd+TIMXnp5bfl5pv6S5NLGhjvVS915TVCTz/zqgwa2FtatbwQqo8NbwiYvXpebkTdxUu+1U3p4eoBW9RUg40TvO+NG9XXTea8N03enTTDXI/IHHd55dV3pG/fHnKJRh0dPnw0Vxg/RAl4qD7x2N05Ai0E1NNnzhhbw0ICJBAOAn5t5OSpH5sO3nLTdbk6CpsHb/z4MuvT+XLq1GlByP9A9UCNF1Av79reCLJ5FT+2zqv99WLLwzGi0Wml37mZHwEKqNGZH+xJQAlQQI0dGHhjNGpUT9q3a2EW5/hAGDKojyxVTweEjRVRjwv8GPa95gq56CJ8UogcPXpMZn26wPy9aNGi+vemJuQLIfyOB+rRY8dlqYaHrVu/ST0bDksZ/WDBD2i3yy/Ld2bEe6CiTV8u+ka++36NPve4VKp0sQlJQ3tRHA9U7Hoi4fnGPNo8Tb0x0E+E0K1Y+aN6bJyRBvVry8CBvQShaCgIQYH3x+Yt202/69SuIVdf1VVq1apm/g7PjTlzF8l67dMZ9XytWbOq9Lr6cqlX77yHB3Zf3/9gtgzWtiB1AkL/ypYtrd4jnXLaG9DXgs0igawk4Hch50VALcheADjsFcTHvXv3a2hwKbnkkvrG5hQUkg/B57yHSHOZMnWW8dqPt62ICNi1a5+xT4sWf6uCyRHjzda//9XGtjkFHz0IVf4Ff9ew4WvU+3/hl1+bsOamGraMAg8RXPPDmvXG5tasUVW9Xrvn2MZEAmpB9+AD6LM5i2St2m3Y46pVKsrlXS+Tli2bZOVcZKe9E/D73ub1hHcmfmTC6q/pc4VZB/3rP6NlQP+euebi2xqiWqNGFV0P9cizse66El104uQpWbZMQ+fVC/XeETcJPLFQ8NznXxgjt2h+0tq1qhshs3z5snKdvq/uAo/WH9dtNN6riQrCVdHO+/Xv7rRGe/cdEKyv/vTHe836JlHZtm2XjH37PfnLn+7P2ZChgOp9XvJKEggKAb82Epsv8DSNtzt59Qse/PPVJiGV0L+fHe1LQPVr6xK1KZW2PChjGbV2+J2b+XGggBq1WcL+BI4ABdTYIUF+GuSrwUe7I0YiLAsf2RAYd6ooOHnKTA3futrkCEM+HHhAlCldWvr162HygX2/Yq3xhoJI6gioCEXbsGHz+bC1ShXMh/wkref22wZp6FydPOdFvID6xfylpv4hg3pLNc37BXFz5sfzTHsReua0GV4b/dSzokH9OkbIRPgaFgBOXjP0E6EcV13ZWdpqPyBuTJ32iflQgfiKAlECucWccFh82B8/flLz/nQwfx/39vtGRHb3G3mC7tGQvpo1qwn6jMUHQubgHVJJ+w3hF+LCQxqSBw4sJEACwSHgdyHnRUAtyF7ABr3w0ljpq6JNaxVCESYLe4ENm2ZNY3Mjuolt3rJD3lP79rh6iWEDCxtZH340Rx595C797wvCCOwO7HLz5o11o6erFC9eXD6ZvUB2aj6yx/RaFGwGwUOjnwpCl7a4xGwwzf5soezZc8BsmnW4rJW5bsK7H0nxYsXl2n5XGnEXOa8/0U00J5Q4kYBa0D0Iid60ebvccH0/UyeEH3yMwSuPhQQK+liqWys1v6cIgUeYKUL4sRbCfz/3wlsmjB2/6+4yY+bnckzfU1ybqMTX5b4GaxvkAsQaCmulO3QtVEM3IpyCFBjvfzhbHn/0bvNPr742Qdq3bxGTwxT/vnLVOn335stf//xAwjaMGTvN5Cy8fsg1MX/Hpsj+A4fk+sGx/+6+CBu/aOMIVyoOCKjYNK9UuYKsU+H2rG6g1NYNmN66xkGeVhYSIIHgEfC7toF9wTcWvmFaaJ7SeG99d08P6HphnG643HnHEGML4FWfyAMVG7FIEYINGnjTN23S0HjZ47stGVsXTz2Vtjx4IxqdFvmdmwWtCUoW/818o8PX67zD14X/3/lv1OH8/cK/OfeddxJznMWc/1/3NrXoNUP+stH8vywkkI0EKKDGjnoiARU/bG5vJuwOlilTynzYIsRr8pSPzce747mJGiEcYnGeXw5UeEU0aFBbruzROc+p5xZQ4cH072ffMAInEpg7BQcaLFUPjiceG2EOZEAOVAiqjtDptAfen87HOPpZqnRJuf3WQTn1QFxADliEv6LA6wQfF04eNHcj8aE/Qb1UEvUbeXxu0LxAjoAKQRUfGE75579Hqbh7Za4cQNn4/rHPJBAkAn4XcgUJqF7sBTzUR+shfhBC8jqYIREr2FoIL+6D/159fUKMZz7ug6i5/LsfTDiuE3a3c+des1EEm1ehQnl5S8UWeKm5vU32qDcsTupGzkMIqFtUsH138gw9eOaemHZ+8NFnxhMVEQHxAqqXexAqiE0lr/mugzRv2JbMEvD73sa3Gl6fWN/gf7G5i4JNhJc11P3BB25Xj+xKMbdgA2L//kNyp+Zc91KX+xpskJw4cUoF2OPy/fdr5WfdcL1XRVp4e6FAvEQ7sBGM8vyLY82apmOH1jGPwsYuIof+938eytUGCJzT9G8PPXiHEVHdZbRufCMaBhsqiQo2MCZMnC7DVAzBYVVOmT5jronawb0QmCGgIioIeVYfHHmHibJhIQESCBaBZGwkolKQlm27HrgHL3g4piAS0X04FJxX3tI80V27tDORMCiJBFRENSJ6EBuytXRDCpF+c3VtgnrvHn4+Z7ofW+fF/vq15cEayei1Jpm5mRcNeqBGb56wRwEjQAE1dkASCajIm4UcWU6BB8IZzYF1o+bAQijoSl1M/0EX6O6Cf4f3lCOgIh8OhE58SOPDAVs+B1Rgxcd2frm73AKqIzDgw929SN++fZdJWA5PDYS/QUDNr81oJ/qJg7IgDjtlxcq1GpK/2IS0oUAEQB9wOiRCYhHy7+y+YjGBQx8S9fv7FWv00IdhOQLqU399MCdnGeqFd0s3DU3t2DH2QyhgrwabQwJZR8DvQq4gAdWLvYAnGjaV4IkKUQOiBT5UihfPnWPMGZi9ew/k5Dx1hBf87ZtvVplD/Nz2CfZss2783KNhwk6BFwg+aEbqITTwGMHmDvI+wua5y3904+pq9VqFgAo7jrpw0Iy7nNRQZByyA5EnXkD1cg+8X+FxB++U+nVrG/tcRcP4WUigIAJ+39v4eiEOQiTAh7wTSg9vS3zQ3zvi5pwUFc598EDFvHfnRnX+lqiu/PrxxltTTDSOE/GC9xIbvoj8QYGIe1n7lprWon1MNfAQg5f4n5+8L+bfIb6+Pupdqa+b1P37xR74hPf+1dcnmrVOIvuC6Jx3JnyoG9Fdcgm28EhF3e60H0i5gXUNTuWGgMJCAiQQLAKpsJF4z3ft3qubPVvlK03Jhnfd2biFlyrsAjxOnZJIQEW6EQin7vXKNv2Gw7ee4+VfWFuXiHQqbXmwRjJ6rUnF3IynQgE1evOEPQoYAQqosQOSSECNP9HenQMrXih1avtqKbw5L+RARc5R5EEdPLCPyVuKAs8peHTk53HkFlDxYYNwtMcfvcvkWHUKQvTx8YEwVITCQUDNr824z91Ppx4joGoOvj+5PkTgfbVx4zbZum2n/u9W83EDDxAv/XY8UP/+1B9icozhQ6OgJOoBe03YHBLICgJ+F3IFCahe7AUA4wMEm0zw/oLX6j4VSG/VHIh16lzwAHMPxEfT55gQ3ngRBN76KDjgxgn/TxRWnyOg3q8CquZ8fPqZ11RAvTrHg8R51rPPv2XSnTgCKkLr77v3ljznRCIBtaB7UBnEqp/042yb2lvky27cuF6+IcZZMSnZyQIJ+H1v3RXjwCZsMAwfNjQm5zDeyWf+NUqFgZ4xBzzhXqTlQHRJ/CZwXnXl1xGsq7DRjHcWa5oJevL1k0/ckxM+OHHSdKlwcflcuQjnL1iqkUBbjPjgLkh19Kl6yD780LCY6CBcA/EDKQLwrPgCT9Lx73wg3Qspho4b/77xQM8vH2yBA8kLSIAErBBIhY10NwzRLLAvf/vLSDmoXqRIMYLiThuEiEDkV0ZETX4HW8LG/t/Tr8jNekhfs2aNpLC2Lh5YKm25lcFgpTEEUj03UTkFVE4yErBMgAJqLODCCqhOCD9+HN07ivgBPHDglxwP1JdfHa8HJ7WMSQWAXcZm6m2Un4CKa1rpISJXXdnFfFw8+/ybuU6qRfg+PJzgmerkQE2VgOqmA29U5A2DUIsdWISxxvcb6QyKqcfYDdf3zfFApYBq+SVm9SSQIgJ+F3IFCahe7EWiLiCXKfIzDdaD/OLLkSNH1evrbePxUc8VYutch3zRv+jJ2k7+Qi8CKuw/vD7dz4OX6+uj380J4cdBV8iD/ejDd+UZrhsv6ni5J75/Bw8eVq+78eY3JD78OEXDzWoiQsDve+t0H6H4CKG/y4inZXNRwe/6RUUuMh/4TsH799LL4020S6OGdXP+vaC6kDM1UR5BpO+A1/m1mt7ni/lfmTBXtzcX1jlIM/TIQ8NzIlqMl6m+m81VdEDaIqdgHYS1U9s2zWL+3fk7NqYvU2/yNq2bxfR13/6DxgsenmV5HfB5WG2Ke62HCs6ePWs8ULt362hy0bOQAAkEi4BfGwk753ZYcXq1ctWPMmPmPHnqryONSIpQfAim7gLbBA9VpFxDiiCURPYDmzY4SwMH4VXXFEKFsXXxlAuyv4Wx5cEawei2xu/czI8IBdTozhf2LCAEsk1AnfnxF3J/As8hhMQjgXdhBVSEnY5+Y7LZYTQHimgemxXq+QBBEyFwTgg/hIDde/aZwxbgJTrviyWyRvPqtGrZNJeAio8C5E9drafSIrfWsDuvzwljw6n3+PcB6g2CA5/gRTFdw+hwWi4OiEqVgIof+c+1jQiZq1WzupzRE6IRJof0A3fcNth4iiFfYBFVN9z9nr9gmYxUby6IEPRADchLzmaQgEcCfhdyEFDzs60lS5Yo0F7gkL2Nm7bqQTEtTS5Q2CAc6AQb2b3b+YPr3AUn1m/dtsOEFicq8C797yvj1aPuenOQnRcBFTYZ+RTx0YMwfkQNwCsfJ3bD+x4eqLB94zW8Fx9L1/x+OB42y5Z+vUJa6T1IP4B63v9gtvFwQ6gvfgsKuge/EU0uaSCN1Ou0mB6GhQ0rCElPPnFvTAoUj0PJy7KIgN/3FoiQtge5z++4fZBc7IpsgSeVI6YiV/CYcdOkS+e2JvffcU2zMVfXIiVKlDDvl1O81AXxEpvBnVRorK5e3+fO/aZz/QfzzuDkakTlvKbh9TiUCe+DUxA++9qoiSbVRo8enaSoihbwJEVkzMiRt8eIshBa4fWeyOvr/MEqY82Gs3NoC56B/ICI5MF7H29vsGZzvNzRNmwSd9IURFWrVNK+nJElS5fLvn0HzdrHXWcWTUF2lQQCTcCvjXxFN2JK6reh877jIJ6du/bob/NSswGDb6+8SnwIP8RYrEma6KFRrXVdA1EV3qv4HqxcqaLZjELxYuvwLTZTowYQGYPDflNtywM9mBFrnN+5mR8GCqgRmyTsTvAIZJOAitOZERaGD+D4Ag8G5PHCx3ND9aaAcIjr4OF0m4aQYlfQKfioPX36V5MEHAVhl7P0BGbUj1OgkUC8Tu3q8q3mCIX4ifKrCpAfz5ova3/8yXxMI4QdO5bY2YzPmYUcOVNVOMDHC67DR4tT0CYnHPbIkWP6A1zOHGbgJC0/3+Zx2uaB+bYZKQXQT+dUadQPL7F52jeEwqEeiMAQa/EDX1xPimyg1/fTPjsfVSc09xnEhfUbNpkPIpzQiwMfIOyiIAwPAohzwrXTB4S6denczniNsJAACQSHgN+FnBfbWpC9QO5TfJRg4wU2FaJFyxZNNU9z15gUIA4teGwgRyFOsM2rIJQN9haCKHKi4tTboeod7xTkb3xFQ+/g+YGT71FwQAxsLARYhPXDzkPcvFJFm7ZtLjXXIEUA2grRBx8yFfVDqJUKS7DlEFpgP/HsHzTUHyIL8q4WdA/s/lcq/MALDh5tNWtUk169Lpe6eaQvCM6sYUsyTcDve4sP9edeeMvMzfgCryr34UtIqTFPc//uVm+pUrohglBTbCpgcwTFa114FgRb5I4/cPCQWTMhDUBPfZfxv8gNDyET+UnxN3fBmgkbJ5s2bzP/jI2RPn26m3fMXbAR3qZN81z5S3ENcrevXfez2Qh2lwULl8mChV8nHEpsTjvesLBTWBvhgKpDaiOweY788L01n7zjZZbp+cDnkwAJxBLwayPx+46NmnXrN5oD81CQqqNd2xbSoUOrmBPK45nj8El8E9X/PY8z/o7N2MWLlxsbdvz4SY1iKWOiDHGYsDsVUUG27oBu+LytKVQQLYPDrLzaX7ShIFvOuZNeAn7nZn6tpICa3jHk07KQQDYJqFk4vOwyCZAACXgmYGMh5/nhAb0Qm1//+s9oI7i4P4QC2lw2KwsJROm9xaYDvErd4fupHNJZn8w3OZXjw/dT+QzWRQIkECwCqbCRa3XD9Gs9oNLtdR+sXrI1YSSQirkZ328KqGGcCWxzqAhQQA3VcLGxJEACJGCNgI2FnLXGWqgYBz3h8CZEIFRBeO7p04J8prt27ZMHH7gtoSeshWawShIoFIFsf28LBYsXkwAJZB2BVNjIzXrA5fLvVsvQIReiWLIOJDuccgKpmJsUUFM+LKyQBPInQAGVM4QESIAESAAEbCzkwkQWqUiWaS5TeMEhhL94sWJ6sE0tzXPWnQc5hWkgs6yt2f7eZtlws7skQAKFJEAbWUhgvDxtBGzMTXqgpm34+KBsJUABNVtHnv0mARIggVgCNhZyZEwCJGCXAN9bu3xZOwmQQLgJ0EaGe/yi3Hobc5MCapRnDPsWCAIUUAMxDGwECZAACWScgI2FXMY7xQaQQMQJ8L2N+ACzeyRAAkkRoI1MCh9vtkjAxtykgGpxwFg1CYAABVTOAxIgARIgARCwsZAjWRIgAbsE+N7a5cvaSYAEwk2ANjLc4xfl1tuYmxRQozxj2LdAEKCAGohhYCNIgARIIOMEbCzkMt4pNoAEIk6A723EB5jdIwESSIoAbWRS+HizRQI25iYFVIsDxqpJAAQooHIekAAJkAAJgICNhRzJkgAJ2CXA99YuX9ZOAiQQbgK0keEevyi33sbcpIAa5RnDvgWCAAXUQAwDG0ECJEACGSdgYyGX8U6xASQQcQJ8byM+wOweCZBAUgRoI5PCx5stErAxNymgWhwwVk0CIEABlfOABEiABEgABGws5EiWBEjALgG+t3b5snYSIIFwE6CNDPf4Rbn1NuYmBdQozxj2LRAEKKAGYhjYCBIgARLIOAEbC7mMd4oNIIGIE+B7G/EBZvdIgASSIkAbmRQ+3myRgI25SQHV4oCxahIAAQqonAckQAIkQAIgYGMhR7IkQAJ2CfC9tcuXtZMACYSbAG1kuMcvyq23MTcpoEZ5xrBvgSBAATUQw8BGkAAJkEDGCdhYyGW8U2wACUScAN/biA8wu0cCJJAUAdrIpPDxZosEbMxNCqgWB4xVkwAIUEDlPCABEiABEgABGws5kiUBErBLgO+tXb6snQRIINwEaCPDPX5Rbr2NuUkBNcozhn0LBAEKqIEYBjaCBEiABDJOwMZCLuOdYgNIIOIE+N5GfIDZPRIggaQI0EYmhY83WyRgY25SQLU4YKyaBECAAirnAQmQAAmQAAjYWMiRLAmQgF0CfG/t8mXtJEAC4SZAGxnu8Yty623MTQqoUZ4x7FsgCFBADcQwsBEkQAIkkHECNhZyGe8UG0ACESfA9zbiA8zukQAJJEWANjIpfLzZIgEbc5MCqsUBY9UkAAIUUDkPSIAESIAEQMDGQo5kSYAE7BLge2uXL2snARIINwHayHCPX5Rbb2NuUkCN8oxh3wJBgAJqIIaBjSABEiCBjBOwsZDLeKfYABKIOAG+txEfYHaPBEggKQK0kUnh480WCdiYmxRQLQ4YqyYBEAirgMrRIwESIAESIAESIAESIAESIAESIAESIIEwEqhbq0JKm00BNaU4WRkJ5CYQVgE11caGc4MESIAEsp2AjZ3wbGfK/pOAbQJ8b20TZv0kQAJhJkAbGebRi3bbbcxNCqjRnjPsXQAIUEANwCCwCSRAAiQQAAI2FnIB6BabQAKRJsD3NtLDy86RAAkkSYA2MkmAvN0aARtzkwKqteFixSRwngAFVM4EEiABEiABELCxkCNZEiABuwT43trly9pJgATCTYA2MtzjF+XW25ibFFCjPGPYt0AQoIAaiGFgI0iABEgg4wRsLOQy3ik2gAQiToDvbcQHmN0jARJIigBtZFL4eLNFAjbmJgVUiwPGqkkABCigch6QAAmQAAmAgI2FHMmSAAnYJcD31i5f1k4CJBBuArSR4R6/KLfextykgBrlGcO+BYIABdRADAMbQQIkQAIZJ2BjIZfxTrEBJBBxAnxvIz7A7B4JkEBSBGgjk8LHmy0SsDE3KaBaHDBWTQIgQAGV84AESIAESAAEbCzkSJYESMAuAb63dvmydhIggXAToI0M9/hFufU25iYF1CjPGPYtEAQooAZiGNgIEiABEsg4ARsLuYx3ig0ggYgT4Hsb8QFm90iABJIiQBuZFD7ebJGAjblJAdXigLFqEgABCqicByRAAiRAAiBgYyFHsiRAAnYJ8L21y5e1kwAJhJsAbWS4xy/KrbcxNymgRnnGsG+BIEABNRDDwEaQAAmQQMYJ2FjIZbxTbAAJRJwA39uIDzC7RwIkkBQB2sik8PFmiwRszE0KqBYHjFWTAAhQQOU8IAESIAESAAEbCzmSJQESsEuA761dvqydBEgg3ARoI8M9flFuvY25SQE1yjOGfQsEAQqogRgGNoIESIAEMk7AxkIu451iA0gg4gT43kZ8gNk9EiCBpAjQRiaFjzdbJGBjblJAtThgrJoEQIACKucBCZAACZAACNhYyJEsCZCAXQJ8b+3yZe0kQALhJkAbGe7xi3LrbcxNCqhRnjHsWyAIUEANxDCwESRAAiSQcQI2FnIZ7xQbQAIRJ8D3NuIDzO6RAAkkRYA2Mil8vNkiARtzkwKqxQFj1SQAAhRQOQ9IgARIgARAwMZCjmRJgATsEuB7a5cvaycBEgg3AdrIcI9flFtvY25SQI3yjGHfAkGAAmoghoGNIAESIIGME7CxkMt4p9gAEog4Ab63ER9gdo8ESCApAqmwkSdOnJTde/ZLwwZ1kmoLbyYBN4FUzM14ohRQOcdIwDIBCqiWAbN6EiABEggJARsLuZB0nc0kgdAS4Hsb2qFjw0kuVTV8AAAgAElEQVSABNJAIBU28scff5avv1kpw+68Pg0t5iOyhUAq5iYF1GyZLexnYAhQQA3MULAhJEACJJBRAjYWchntEB9OAllAIMrv7axP5ku9urWkVaumVkZy1OhJcustA+Tii8tZqZ+VkgAJZJ5AKmzk2rU/qYC6SoYPo4Ca+RGNTgtSMTcpoEZnPrAnISGQTQLqli075MPpc+T+e2+R0qVL5TlC495+X1q0uEQ6dWxjrnnjzcnSuHF96Xl11wJHdeq0WdKoYT3p0KFVgdcmc8Gyr1fI9u27Zej1fRNWs337Lnn/w8/kwQdul+LFi+W6Jr6P7gs2K6dPZy+Qkffflqv/v/32m7zw0ji5/daBUr16FfP3nTv3ytT3Zsljj9yVU81nc76U7Tv2yIi7bkimm7yXBEggjQSSXcjt2rVXlnz1ncDWHtdwt9KlSkq9+rWla+e2UqdOTdMTLzayMDY3jXj4KBIIJIFk3tsdO3bLwi+/ka3bdsqvv/4qlStXlC6d20m7tpfG9HXL1h0y74uvZPfufVKsWDFp1rSh9O7d3bzjTvFS15kzv8ry71bLqtXr5eDBX+Ts2XNSvVpl6d6tgzRr1ijmmefOnZP/PPem3K3riGpVK8svvxyROZ8vlk2btul9Z6Vu3ZrSR9tQvdr5tQjKs3o9bE+i0qd3N+napf2F9u7cI5Mmz5Q/Pj5C+35Wvlr6vaxa9aMc0ueULFlCGjWqK316dZPy5fMWV9et3ygzZs6TRx4aZu5hIQESCB6BZGzkhp82GxuJ9Q1sUsWKF0uLSy+RK7p3lBIlipvO4hrYkvhy0UUXyQP33SrV1MahvDVmquxQuxNfWrZoEvM958XWuev4RoXdT/S7LVEppTb6ySfukSJFinhuZ/BGMLotSmZu5kWFIfzRnS/sWUAIZJOAit3Dae9/Kh07tpZr+16ZcARWrFwr02d8rj+MHeTqq84Lpt98u0qqVqkkDTzkvcGPIxbdzr22hvnzeUtk69ad5sMiUTl9+ow8+/xbMuC6q6V1q2Yxl2AR8MZbU8yH0kMP3pHr9vc/nC1F9Yd28KA+ufqPj4x//PM1ueP2wSoU1zV//+nnLfLupBny96f+YH6gUTZu3KYfIYflsvYtbSFgvSRAAikmkMxCbrUKItigukQ3m9q0biblypeVI4ePCQSGNWp7Rz5wm7GjXmxkYWxuihGwOhIIHQG/7y0++t/TNRE2ixs2qCvFSxSTNWs2yLKvV8qtNw+QJk0aGBa7VDQdM3aqdO7U1qwnIFDOVSET64QRd99orvFa14KFy2SHbq7CoxRrEAihEFOXL19thAZnY9ZZW3w6e6E8/Ic7BcLra6MmGhvS44qOutYoqu1cYZ77oNqWcuXKmnYcO3ZCTp8+HTOGezRv4dT3PpG7hg813qxOwToKeQ0HXNdT3tS1G0rnTm1MuyBg4O8QH+675+aEc+LQocPy31fGm789/uhd+QqtoZtUbDAJRIiAXxv588atMvHd6cZGYl2DTZJ9+w/KosXLjdf6jUP7GUr4dvxsziLjoOMuRYpcFGMXXvzvON2caiFt2zSPuQ5OPY4Y69XWuSvARtThw0f1n36LqRffcyVLlJA77xhSqHZGaOgD3xW/czO/jlFADfyws4FhJ5BtAuqnn30ppfQH8MYbrzULcXfBj9boNyYZ79SGDev4EkG9iAOpmDMFCah4xgfqgXri5En1Fh0U88jZny3Uj4Oj8vPGLXLXsBukVq1qOX93hNdbb75OGZwXSN3Fq4Caij6yDhIggfQS8LuQO3LkqAoJ7+hHRmvjERZfjh49JmXLlhF4Y6TLRqaXHJ9GApkj4Pe9hcfpKd1sLVumdEzj3xwzRWpUr2qERZQpGllzkf7vTTf2z7nuyJFj8tLLb8vNN/WXJpc0MN6rXurKi9LTz7wqgwb2llYtL4TqfzzrCyNg9up5uRF1Fy/5Vj09h6sHbFFTDSJiRumarXGj+mp3uuU5ANjgRblNI2fc5ZVX35G+fXuYTR+ID/Fh/I5X2ROP3Z0j0Dr3Q/gdM3aa1KhRVb5fsZYCauamP59MAgUS8GsjJ0/92NR9y03X5XoGbB688VEgoM5RAfVPT96Xb1sgoF7etX1OhGOii5Oxde764OmK9dY9I26S2rWqF6qdBQLlBSkj4Hdu5tcACqgpGx5WRAKJCWSbgPrZ3EXmA3+FLnjjF9PwjDh37jfZs3e/CSlzvEjhodGoUT1p366FgXjy5CnjmQCP1l91EV1dPzSuvqqLOZkRP1bwVMXCfsXKH9UT4ow00BDWgQN7STkVEFCOHjsuSzVUbN36TSpkHpYy+vGC3c1ul1+WM0gQcxEu98Oa9Sa0rKYu0nv36p4jdnoRUH/+eau8O3mGPKHhac4HEsJPnn9xrFw/+Bpd9K8xz+6nHxBOWanha3guwvEhdqC4++9VQEU4yXYNDRwy+LwXK7xely5bIZu3bJfjx09I5UoVpVevy82HF8refQdM+MvgQb01fcBC2b//kPkwwf379h6Qz79YIocOHdGPuirm3+AhgoIFDHZ912pyd7CuWqWiLk4uk5Ytm/CVJwESKCQBvwu5hV9+bUL3n3zi3hxxI69He7GRhbG5BdkWtAM2HbkUd+oHBYTcbmojjqkdOnPmTI7gC5v95aJv5Lvv18jRo8elUqWLTbivY/cLiZKXk0DaCPh9b/Nq4DsTPzJroGv6XGHWMv/6z2gZ0L9nrt/Vt8d/oL/TVaTvNRfWEPF1uutK9LwTup5atkxD59UL9V790HfSK+G5z78wRm7R/KT4+Mf6oLx6tV/X/+qYarBu+3HdRuO9mqgg9QDaeb/+HesHp2DNMXbce/KnP96bEzkTf/+2bbtk7NvvyV/+dH+u8PyP1Z6c0TUHIpogpNIDNW3TnQ8igUIT8GsjsfmCjZV4uxPfgFQKqH5tXXybxr/zgdmAcm98eW1noQHzBt8E/M7N/B5IAdX3cPBGEvBGIBsFVIiDCGFHTtPGKoyiwEPqzTHTTCgYwlDdAmq8xxQWy2dViOx7zRVSsUJ59eTcpoLfQRU4uxkBdaeKhciNgxxiCA9774NPpU7tmjliIkLeN2zYfD6ErVIFFRf3yaQpM+X22wYZERZlwrsfSfFixeXafleq50MZFVI3yCefLsgJVfMioJp8pSqWdtd0BE4+V3hUzPx4ni727zah90hXgPxfjlg6QT+catasZjw+nOLuv1cBNb59i5csN6F6zZs3NqLt9ypSQKx44rER5sMEeVfxYw/xGYJuqZIlNYfrbIGXC/o/8LpeGt5STFnOVi7FTAoBFIQRbtq8XW64vp+5Dh9LCEGEJwsLCZBA4Qj4XchhwY/NpDt/fy/ze6oXG1kYm1uQbYEY+vKr441nG+wy2vmFbhLBbmBj7Ibf80h/MX+p8SQbops41TSnIjZ7YCuxkYawXhYSCCoBv+9tov4gBB5eUgjhRzoi/PdzL7xlwtixNnCXGTM/NxsRuNZLXe5rIF7CQwqbulgT3KHrH2yaOgUpirAGwFoF5dXXJkj79i1icpji31euWqdro/ny1z8/kLANWK8hZ+H1Q66J+Ts2ffYfOGQ2k/MqszViCW2Mz+X+ww8bNCfi13KvMsHmDAXUoL4ZbBcJnCfg10bCvmAdAA/3FpqnNN5b3+HrhPAj/dvy79ao3Tyujh4VzJqjWdMLuZ1hW5tq/mikCMEGDbzpmzZpaL65IHYmY+vcY+040OAcjCrqWFLYdnLepI+A37mZXwspoKZv/PikLCWQrQIqDiH4VEPZcVASxMOPps81Sb4RWoGQjbwEVOT2hLiJAwOwKI8v+PCHIOgIfPg7PLOQ0+/Rh4fnOcvgIdGgQW25skdncwALPEf/+Pg9OTlxcOMHH31mPFHhFeVFQMU9c9TjFh8iCOFAgQBZQXdTIfY63qjw+kQIGzxjIbiCSdWqF9IbpEJAje84nv30M6+ZvDzw0HUEVHyoOIfNIKci+nyf5hRCv1HgIQtPsr/9ZaT5b4wVROhEYcNZ+kqz2yTgm4DfhRwOpcMGxg2/5wPLrwFebKTb5hRkcwuyLbCVyMOKDwlnowgbQS+8NNakKYGACo//fz/7htnkwuEQToE4u1S947DR49zrGy5vJAFLBPy+t/HNwaYrNkPwv9jQRcFBTy9rqDveH/e6AH/DoSWIFkm0cZKoLvfzEIly4sQpFWCP64bqWvlZN3QhSDph9BAvUYcTIYPIGYgTHTu0jmk2ok/gsf6///NQLrrr1DMVee+R6z1+vYZ0TT2u6GQ2dRMVbMZOmDhdhukaBYdVOeWAiq7jxr8vw+683qSBQqQNBVRLE5vVkkCKCCRjIxFtiAg6vOvwgm9Qv47JBY0NJqcg4nD6jLnm3+EcAzF0lYqv+Pa74zY9M+L3a5H2BJu6cMCppRtSyKM8V9coqPfu4efPtPBj6+IxjdbDj/HdNHBAr5g/eW1nirCzGg8EkpmbeVVPAdUDeF5CAskQyFYBFcwQWnZps8ZSu04NmaweoDioAPls8hNQcUorDi5wnzjv5o8P//oqCEKgvPDDqrlx5i42oWIop06d1lxey8+fVK0fEfplLliUQxjFLif+ho9+J0zdqQepA3CIAz4ivAqou/XwBHwooG/w8oAnCcRU59Ra5EM9fvyk8c5A31b/sD7XgQmpEFDh6fGVCskItz2tYgUK+nyrhuchjN8RUP+s+YOcXVjncKqn/vpgTlgwPHfhrfv//v6wqWO9pkGAlwp2dOvXrW08WN27rcm8G7yXBLKNgN+F3JSps/S9PuPZA7UgG+m2OQXZ3IJsiwmHQwjetVfFDCcOlcGhdxBQcbI4PjiwaVW27IV8kNu375Ix6ikHLzh84LCQQBAJ+H1v4/sCAQAiAT7knVB6ROfgg/7eETfH5EvHvfBAxbrEHSLq1JmorvzYISoIETjO2glCAyJJsMGKAhEXh1Jik9td4CGGdQzWDu4C8fX1Ue9Kfd2Y7t8v9t2H99err080a7Lixc/nMHQXHJr1zoQPTWomt2CLjRfYpssvb59zOCcF1CC+EWwTCcQSSIWNRJqwXbv36mbPVvO91LVLOxPJiAI7CY/SS10bsPh3RPUVVS9Tx0sf6UYgnLrzLW/TdQY88h0v/8Lauvixxnccogvx3Ref19lrOzl/0kcgFXMzvrUUUNM3fnxSlhLIZgEVYt5EzW+DD+MOujC/7LJWZhbkJ6BC3MSOYn4CKnYanfypqC8+58w0/XCHt+fggX1Mnj0U5NmBdwc8KfEMhKHD8zKv4lVAxf2jRk8yXhbo59ffrIzJFQYGY9V77Mkn7jFeFW3bXJorXDVZARXepi++NE6aX9pYrlSPDwi5KP/45+vmBEuc9OsIqAjDc06idATUvz/1h5wcZfECqrNw+UkXNNu27TR5ZRs3rpdvWF6WvursNgkUSMDvQg7pOGC3vOZALchGum1OfjbXi23BCbo4oXuQ5qF2F3itYfMKAmpeIgjsI4Qd2Pv4D5ECYfICEkgTAb/vrbt5OLBps6a1GD5sqPEmdwqEyGf+NUo9mXrGHPCEv8PzvHbtGrkOcMqrrvxwIAoIm8s4lArv3QR9b7EucTy/J06artEz5XPlIpy/YKls+GlLro1fpOP4VD1kH9ZoISf/vPN8iB+IzMGz4sse3XRGOqHuGnoLgcRdli9fLch9WrRoERcfMdE8+DdEzwxXz1QWEiCBYBFIhY2MsQXf/WDsC6LhsBGbV5m/YJmJgMkrRzPug439v6dfkZv1kL5mzRrpd2nhbJ372bBFr2i6k+ZaT2Ei87y0M1gjGp3WpHpuggwF1OjMD/YkoASyWUDFkMALaZsupB/XU1adH8H8BFTkzYNnwkO6s4fQ8fiS6ITpeAEV+fjat2sZc2gUdhybqRclfvA2anoBeMQ++vBdMd5Q7mfl9dGQaJohhcBy/bEvryICPDXjPwpefR0/to1NqgGcNusInE5d7j7hx/n/+8erZjcVwieKw8QtfroFXuQxRbis+yRIx6vFqScZAdXd54MHD5t8h3mlWAjoa8hmkUAgCPhdyOEEayzaO+gm1DV9uufqC953HN4EMcSLjXRfk5/N9WJbYIvWaAgewngdG3/2LDZ1xqp3Wh0joEK4efb5N3OdAo7wfQi48ExlIYGgEvD73jr9QSg+QujvMuJpbk/ryVM+louKXGQ+8J1y5MhReenl8eYwzkaaCsNrXciZmiiPIDzAESp/bd8r5Yv5X5kwV3f4Kd5FrFEeeWh4TkSK8TId/a4RC9yb1vAUxZqqbZtmMf/utBHeXtgwb9O6WcyQ7tNc9kinhDWS+1BP5yKsfxByq4/NKbv37JP3NTUShFNsgsevn4I6Z9guEsgmAn5tJOxc+fLlcqFCOrEZM+fJU389L6AimrBEiRK5DtGcMm2WudexnVgrxW/GYtNmlEYKQmStrgfdFcbWxTcMB/ji0F2kjHOiCNzXeG1nNs2NTPfV79zMr90UUDM9qnx+5Alku4CKkIzTp0/HfDTkJ6BiwQ5PTdyHA54qaR5UHCKFRfVVV3b2JA58+NEcwaIb4iEW2/P0xw4f+DjkBAIqnjFeRVp85F+jIf2VVKg9cOAXWaqpA1ppEnN4k+J6LNrhQVFHPUDyW7TjQ+T5F8eYuYxcfm7vEvzbl4u+NR8sEEQTHQYRL3i8pqFvFdVztq+e0HuxeoTgoCwIpMgnhoOzsDhwC6joz39fGW8+jhBKh5Ov4cWBMJibbrg2KQ9UsEQKgEbqdVqsaFFzgjb64sUTLvIvNztIAoUkkMxCDmFj8CLDwXxt2jQ3GzYQTuEVjkPwkN8Qp2AXVkDNz+Ze2aNTgbYF4bqvjZpoNo9woEORi4oINqDggVZPw4OdQ6SQLxp5lweopx1O/cbfp2uIMk4ih11jIYGgEkjmvUV6IZOn7/ZBcrFLKIBHpSOm7ty5V1NZTJMundua0PXj+ps/V98XCAbDh13wuPRSF8RLbFh00oPZkGv+3Lnf9Hf7B7Omue+eW4wIiTVGb1374LfdKVhz4T2uVrWy9ND3vqiKFvAk3bhxq4wceXuMKAuhddHib42IgJz07nL+kKyxZlPESReEvyPXK7zNW+oaq3u3DjH3YH2VKNQfFzGEP6hvBdtFAhcI+LWRr+hGTEnNZ9qpY2uT81jDVvSg4D36nbHUbMBgfYAySw+yQ85lbL7UqlndeKSv1sPmYFvvGj5U6qp3OsRYfAs10UOjWuv3XgU9hPigfjviG7BypYpmMwrFi62DEDpTowbw3emkZEMu9/9q6pOOHdvo91jHhMPvpZ2cN+kl4Hdu5tdKCqjpHUM+LQsJZJOAipyj81RccxJ15zXcOKQIi3jn5HqEeuKwEeTfQsHiH6e/48fylC7qkc+mV6/LzQ8kPFobNagrHTqcTweAglB0/Ngivw3Kr7/+Kh/Pmi9rf/zJ7BAipxcEWOxyOt6h+CHEPfiowA9lRf2hbaUfLvg7FvIQFRAmB2ECP+rOIVF59QmHMeGeoUP65roEXlxvqPfH4EF9TPh7fInvP/L1IPcZ2nyjCqA4QRKhbfMXLtO+nVVPrzsFSde37diVE0qPayGuYOGB3K79rukhcz5fpCL0VUas2LvvgDmw4bFHhud4iSEP2VTdvXUfvrVTT8TFQVjwMEVBPiHkVoXnyFk9XbtmjQtjkYWvM7tMAkkRSHYhh9DbJUu/0/zOO43dKqXiBfISQ/CA8IHixUYWxuYWZFvwTIgcc+YsMvnL4AkLgWT79t3GJuIQPRT8/xBdsAkDm1ihQjmzKdSmdfOkmPJmErBNwO97iw915EXHeiO+wKvKffgSPMHnqTc38qrjvUaoKfKVOgKl17rwLIgKK/XQlQMHD6nQUNSkAeip+Ubxv8iNDiET+UnxN3fBu/6ZvsebNm8z/1yvbi3pox7v54WNCwWbNNjEiT9wCldgrbJ23c/mYBd3WaDrlwULv044VNhAiT+MxbkQGzTIk4x8g3mJrLbHn/WTAAnkT8CvjcQ6Bhs1CMPHgXkoOJypXdsW5jvPSTEC7/Rv1bbAM3Xv3oPIDmSEVAicyPnuFHzrLF683NgwnD+B9Uirlk3MAcJu+1GQrTugGz5vawoVfLc5B1QhxdnsOQvVk/W2PG2R13ZyPqWPgN+5mV8LKaCmb/z4pCwlkE0CapYOMbtNAiRAAp4I2FjIeXpwBi5C/kZsjMGLlYUEwkwgSu8tNoXhVZqXYJnsOGGDHLlK48P3k62X95MACQSXQCpsJBxDvtYQebfXfXB7zJaFhUAq5mZ8XymghmX02c7QEqCAGtqhY8NJgARIIKUEbCzkUtpAH5XBkwOhbh0152Et9XaHxwjSDSDVx4MP3G5SpLCQQJgJRPG9DfN4sO0kQALBIpAKG4mzGpZ/tzphJF+wesvWhIlAKuYmBdQwjTjbGgkCFFAjMYzsBAmQAAkkTcDGQi7pRiVZAULzEVa3fPkPsl/DgxHChnQCV1/dVRpqegEWEgg7gSi+t2EfE7afBEggOARoI4MzFmxJLAEbc5MeqJxlJGCZAAVUy4BZPQmQAAmEhICNhVxIus5mkkBoCfC9De3QseEkQAJpIEAbmQbIfIQvAjbmJgVUX0PBm0jAOwEKqN5Z8UoSIAESiDIBGwu5KPNi30ggCAT43gZhFNgGEiCBoBKgjQzqyLBdNuYmBVTOKxKwTIACqmXArJ4ESIAEQkLAxkIuJF1nM0kgtAT43oZ26NhwEiCBNBCgjUwDZD7CFwEbc5MCqq+h4E0k4J0ABVTvrHglCZAACUSZgI2FXJR5sW8kEAQCfG+DMApsAwmQQFAJ0EYGdWTYLhtzkwIq5xUJWCZAAdUyYFZPAiRAAiEhYGMhF5Kus5kkEFoCfG9DO3RsOAmQQBoI0EamATIf4YuAjblJAdXXUPAmEvBOgAKqd1a8kgRIgASiTMDGQi7KvNg3EggCAb63QRgFtoEESCCoBGgjgzoybJeNuUkBlfOKBCwToIBqGTCrJwESIIGQELCxkAtJ19lMEggtAb63oR06NpwESCANBGgj0wCZj/BFwMbcpIDqayh4Ewl4J0AB1TsrXkkCJEACUSZgYyEXZV7sGwkEgQDf2yCMAttAAiQQVAK0kUEdGbbLxtykgMp5RQKWCVBAtQyY1ZMACZBASAjYWMiFpOtsJgmElgDf29AOHRtOAiSQBgK0kWmAzEf4ImBjblJA9TUUvIkEvBOggOqdFa8kARIggSgTsLGQizIv9o0EgkCA720QRoFtIAESCCoB2sigjgzbZWNuUkDlvCIBywQooFoGzOpJgARIICQEbCzkQtJ1NpMEQkuA721oh44NJwESSAMB2sg0QOYjfBGwMTcpoPoaCt5EAt4JUED1zopXkgAJkECUCdhYyEWZF/tGAkEgwPc2CKPANpAACQSVAG1kUEeG7bIxNymgcl6RgGUCFFAtA2b1JEACJBASAjYWciHpOptJAqElwPc2tEPHhpMACaSBAG1kGiDzEb4I2JibFFB9DQVvIgHvBCigemfFK0mABEggygRsLOSizIt9I4EgEOB7G4RRYBtIgASCSoA2Mqgjw3bZmJsUUDmvSMAyAQqolgGzehIgARIICQEbC7mQdJ3NJIHQEuB7G9qhY8NJgATSQIA2Mg2Q+QhfBGzMTQqovoaCN5GAdwIUUL2z4pUkQAIkEGUCNhZyUebFvpFAEAjwvQ3CKLANJEACQSVAGxnUkWG7bMxNCqicVyRgmUBYBVTLWFg9CZAACZAACZAACZAACZAACZAACZAACVghULdWhZTWSwE1pThZGQnkJhBWATXVxoZzgwRIgASynYCNnfBsZ8r+k4BtAnxvbRNm/SRAAmEmQBsZ5tGLdtttzE0KqNGeM+xdAAhQQA3AILAJJEACJBAAAjYWcgHoFptAApEmwPc20sPLzpEACSRJgDYySYC83RoBG3OTAqq14WLFJHCeAAVUzgQSIAESIAEQsLGQI1kSIAG7BPje2uXL2kmABMJNgDYy3OMX5dbbmJsUUKM8Y9i3QBCggBqIYWAjSIAESCDjBGws5DLeKTaABCJOgO9txAeY3SMBEkiKAG1kUvh4s0UCNuYmBVSLA8aqSQAEKKByHpAACZAACYCAjYUcyZIACdglwPfWLl/WTgIkEG4CtJHhHr8ot97G3KSAGuUZw74FggAF1EAMAxtBAiRAAhknYGMhl/FOsQEkEHECfG8jPsDsHgmQQFIEaCOTwsebLRKwMTcpoFocMFZNAiBAAZXzgARIgARIAARsLORIlgRIwC4Bvrd2+bJ2EiCBcBOgjQz3+EW59TbmJgXUKM8Y9i0QBCigBmIY2AgSIAESyDgBGwu5jHeKDSCBiBPgexvxAWb3SIAEkiJAG5kUPt5skYCNuUkB1eKAsWoSAAEKqJwHJEACJEACIGBjIUeyJEACdgnwvbXLl7WTAAmEmwBtZLjHL8qttzE3KaBGecawb4EgQAE1EMPARpAACZBAxgnYWMhlvFNsAAlEnADf24gPMLtHAiSQFAHayKTw8WaLBGzMTQqoFgeMVZMACFBA5TwgARIgARIAARsLOZIlARKwS4DvrV2+rJ0ESCDcBGgjwz1+UW69jblJATXKM4Z9CwQBCqiBGAY2ggRIgAQyTsDGQi7jnWIDSCDiBPjeRnyA2T0SIIGkCNBGJoWPN1skYGNuUkC1OGCsmgRAgAIq5wEJkAAJkAAI2FjIkSwJkIBdAnxv7fJl7SRAAuEmQBsZ7vGLcuttzE0KqFGeMexbIAhQQA3EMLARJEACJJBxAjYWchnvFBtAAhEnwPc24gPM7pEACSRFgDYyKXy82SIBG3OTAqrFAWPVJAACFFA5D0iABEiABEDAxkKOZEmABOwS4Htrly9rJwESCDcB2shwj1+UW29jblJAjfKMYd8CQYACaiCGgY0gARIggYwTsLGQy3in2AASiDgBvrcRH2B2jwRIICkCqbCRJ06clHdvIBsAACAASURBVN179kvDBnWSagtvJgE3gVTMzXiiFFA5x0jAMgEKqJYBs3oSIAESCAkBGwu5kHSdzSSB0BLgexvaoWPDSYAE0kAgFTbyxx9/lq+/WSnD7rw+DS3mI7KFQCrmJgXUbJkt7GdgCFBADcxQsCEkQAIkkFECNhZyGe0QH04CWUAgyu/trE/mS726taRVq6ZWRnLU6Ely6y0D5OKLy1mpn5WSAAlknkAqbOTatT+pgLpKhg+jgJr5EY1OC1IxNymgRmc+sCchIZBtAuq+/Qfly0XfyLZtu+TIkWNStmwZadyornTv1lEqVbo40KN2+vQZefG/4+TkyVM57bzoooukXLmycmnzxnL1VV2kRInige4DG0cCJBBcAn4Xcps2bZPZc76UkffflrBzu3bvkylTP5ZHHx4usFnpKtu275KiRYpKrVrV0vVIPocE0k7A73uLhu7YsVsWfvmNbN22U3799VepXLmidOncTtq1vTSmH1u27pB5X3wlu/VdLlasmDRr2lB69+4upUuVzLnOS11nzvwqy79bLatWr5eDB3+Rs2fPSfVqlXUN1kGaNWsU88xz587Jf557U+6+6wapVrWy/PLLEZnz+WKBvTl79qzUrVtT+mgbqlerknPfs3r9cQ21TVT69O4mXbu0v9DenXtk0uSZ8sfHR2jfz8pXS7+XVat+lEP6nJIlS0gjXRv26dVNype/IK7u3LlXliz9znDDGrJMmVLS5JIG0luvK+VikfZJwAeSAAnkSSAZG7nhp83GRu7atVdgkypWvFhaXHqJXNG9Y843F+yaF/vx1pipskPtTnxp2aKJDL2+b84/e7F18XXAhn/xxVLZuWuPFC1aVOrXqy29el4uVapULLQt51RKH4Fk5mZerWQIf/rGj0/KUgLZJKDu23dQ3ho7VQXTetKqZVMprx4Hvxw6LGt0V/Gnn7fIk0/cK8WLFwvsTDhy5Ki88NI4GaEfE1WqVDLtxKIfP+qzPp1vPiaGDrnwAxzYjrBhJEACgSTgdyG3avU6+XjWF/K3v4xM2C/Y13cnzZCn/vqgii9F09b3ae9/KiWKF5dBA3ul7Zl8EAmkm4Df9xbCwHv6jnTq2Ebz+tWV4iWKyZo1G2TZ1yvl1psHSJMmDUxXsAEyRtdOnTu1ldatmhmBcq4KmUWLFJERd99orvFa14KFy1R83GM8SiHWQgiFmLp8+Wp54L5bpXr1C2Io7MansxfKw3+4UyBQvDZqolTVtU+PKzpKEd0YWfb1CvPcBx+4zWwkoxw7dkJOnz4dMwR7NG/h1Pc+kbuGDzXerE75fN4SQV7DAdf1lDdV2EDp3KmNaRcEDPwdouh999xs/obN6zHjpknzZo2lQf06Urp0STlw4BeZO2+x1KpZTW66sX+6h57PIwES8EDAr438eeNWmfjudGMj27RuZjZW4IizaPFy47V+49B+5ule7AeugxNMu7YtpG2b5jGtLl26VIwY68XWuStwbLSp+/fNrxUr1soPas9H3n9rziaQF1vuAScvSSEBv3MzvyZQQE3hALEqEkhEIJsE1OkzPpd9+w7IPSNuyoXi8OGjgQ/hcgRUeHlVU48Nd1mpXhMzZs6T//nbg2n18OJbRQIkEB0CfhdyQRVQIZpAQB08qHd0Bok9IYE4An7fW3icntLIlrJlSsfU+OaYKVKjelUjLKJMmTZL4DfuFgjhffnSy2/LzTf1Nx6YXuvKa/CefuZV3ejobTa3nYJNGQiY8KKCqLt4ybfyyEPDczZhfvvtNxn1xiTdFK+vnqjd8pwX2LxBue3WgTHXvPLqO9K3bw+5pHF9SbQGhDgLD9UnHrs7R6BN9JBFi78ViBUPqdDLQgIkEDwCfm3kZI2cQbnlputydQo2D974KF7tBwTUy7u2N4JsXsWPrYMTzUHdzLnj9sEx1U6Y+JHxmL2u/9WebXnwRi/aLfI7N/OjQgE12nOGvQsAgWwSUN//YLbxdijISwCL4UPqmep8PGCY4OWJj3GEoKLgh/OzOYtkrSYVR2h9VQ2RuLzrZdKyZRPz9x/XbTRhagj3OnPmjNSpU1MG6A9YpUoVzN+RiHzXrn1Sr14t3cn8Vn98jxjPiv56TZ3aNRLOjPwEVHjRTp8xN8cDzF3/wi+/looVypvE5/jgQAqD775fI0ePHjdpCxDS1r5dC/NMeIecOHFK+ulHhVPguYvd0Ad0F9MdKjf7s4UmBQJC7/z0JwDTn00gARJwEfC7kPMjoCKf2EK1RfvVm6N06dLq2dZUrrqyS444kowdrlqtkox+Y7Kxd05BSBvsd7lyZaSgZ9Oe8bUIEwG/721efXxHP7oRVn9NnyvMO/Sv/4zW9UvPnPWNc9/b4z+QGjWqSN9rLqwX4ut015XoeSfUq3PZMg2dVy/Ue3VzG55YKHju8y+MkVs0P2ntWtWNkFm+fNkcIcCpC2sWrLfgvZqoIPUA2nm//r2Gy7t1r26mjx33nvzpj/eqN2uRhPci1dPYt9+Tv/zpfuN5Fl8QzguPrg8//Ew6dGhlUh+wkAAJBI+AXxuJzRd4mjoCZGF6lsh+eBFQ/dg6OAidPHVKbo7zgof37J69B8wmULK2vDB957XeCfidm/k9gQKqd/68kgR8EcgmAXXd+o0yddonJmcWwsfivS4cgJ98usDk5rr9tkE5TJ0Q1L8/9Qez2Eb42qbN2+WG6/uZD3Is0hH6Bg8KFIiZdTVUrGGDOpqLpoh8omFoJ46fNCFkKAgNW/LVd9Jcc5f2urqrpg4ortcsUMF1jzz2yF0JxzIvARUfAhCHmzZpKD21Lqd+iADVNDdY926XmbA1fJh8MX+pfK+eEkPUIwt/27xlu8z8eJ7mT+1qQtcgLEyf+blJZ+CE2kIoXqofOAjf63vNFaZ+pA549vk35QYNX4H3hp/++JqwvIkESMAaAb8LucIKqMhhOFE/TK7td6XJewjPiRkff25SkzgfAMnaYeRWfO+D8yH82AwrUuQiY7u9PJv2zNoUY8UWCPh9bxM1BSHw+MhHCD9ygOK/n3vhLRPGXlPD1N1lhq4Vjh0/Ya71Upf7GoiXyAUIEbKMesDeoeutGjWq5lyydetOef/D2fL4o3ebf3v1tQnSvn2LmBym+PeVq9bJJ+p99dc/P5CwDWPGTjMeWNcPuSbm79hY3n/gkFw/OPbf3RfN/uxL00akTXIXeKZO0w11rINQOnZobWwZCwmQQDAJ+LWRsC/4RoKHewvNU5rXd2OiXieyH7CtTTV/NFKEQGDFdxa+3eBl7+RQ9mPrNmzYLPCWxaaXkx5gxcofjSMPnGDw7QrnGL+2PJijGo1W+Z2b+fWeAmo05gZ7EWAC2SSgYhiw8IVwicU5dhXr1KlhfryQwNs53MTLhzt+qCqrNynEWC9l85YdMv6dD+R//+ch8xx8oC//7gezK+iEgMBbFaFz8JKqoB6j8cURUHFQlNNWeMJCKGjUsK6eJDvQiLUoqP+bb1cZMdb5UUYOsX8/+4YMGdzHJEB3yuIly41A+sRjI8zHzHPq9QHBAQdTYcfyhZfGmgMlvv9+rTyu7cWz4fE6W0Vh57/99McLN15DAiSQPgJ+F3IQUD/8aE6O/YlvMRxBYVucHKjj3n5fqlWvLP37XZVzKYQKHLDw4MjbjTd+KuxwohB+L8+mPUvfnOOTkifg973N/Z7+Zjw98bvvbCBjM/llDXV/8AF9L6uez73uFGz67t9/SO6MCxvF31FHfF3ue4+r8IoP+mPHj5u1xc+a7/ReFWmxLkOB+IA6nGiY518cq4e2dDBipbsgCgh5XLG2ii/r1DMVeZAfevAOI6K6y2gN/e9xRSeziZ2oYFN8wsTpMuyOISa/vLugXeByRgVUHKqFw7UgWjgb2MmPKGsgARJIJYFkbCQcS5YuWyHb9eA4eMEj/zFyQWODKa+Sl/1A2hNE/8EZBXmTEe04V7/XUO/dw89v1PixdbgPTjPzFywzuZrxnXbJJfWlw2WtjB2GFz1srh9bnspxYF25CSQzN/PiSQGVM40ELBPINgHVwQkxce/e/Xry7C75ToXMEiWLy/A7h5pDpLx8uK9fv8l4R2AnsX7d2tJAPU3dJx0i8TgEUoSn/nbuN+PpgIJDVvAMfKBvVg9Wdz5W7Ejix3WkHoiAE2fjiyOg4sOmih5ygHJO6/7ll8PypaYBwHOG3TkkR6DdqF5ezuEHuBYL/dFvTtYTZ+/R0PsLOc+260nVY9QbBJ4e+BFH3jEcEnHTDdfKxo3bjGfYIw8Nkxf1AKvBKr5CrJ0ydZYJ/3cEZD/9sTy1WT0JkEAhCfhdyEFAnfnxF3L/vbckfCJOh4UXhyOgIiQYIXHYuHKXp595TQYO6Gk+TlJhhxMJqF6eTXtWyInDyzNKwO97G99oRM5AJMCHvBNKf/ToMfNBf++Im6VWrdweqPhYT5QWKVFd+UF6460pJmIHp9mjYC2EiJ4G9Wub/8aH/2XtW5r8ge4CDzGkE/rzk/fF/DtEztdHvSv1G9SO2ajBRVhrvfr6RBO+n+jgUITlvzPhQ43M6ZJLsE3Uh/UbNpnoJtSXKNQ/o5ODDycBEpBU2Eika9u1e69u9myVr5Z+r97w7RJumuRnP5BuBMKps1GEodmm32DwyHe8/Atr69zDi43qY8eO64FUJYwtcjaRcD4G/t2PLef0sUsgFXMzvoUUUO2OGWsnAclWAdU99KdOnTZhDQOv62VC++FVgZBSdwg/FsiTp3xswiCcfFn4sPhJf0i3qTiwTgXVxo3rmXCwPSrMjho9yRxccmnzS8wCHaH5OKURYWbwIMUHOrxg73aFhuUIqAkOiUJ788uBCsHz2efeNB8+8JZIJADgwwjhbI8/elfOiYyoF/ld8fECb1X8qENQffudDzWM/x49AXeB+TeE+COU/+TJkybfGcL38UHlnJjrpz98/UiABIJFwO9CrrAh/G6h1E3gmX+9Lv2vvdqcdpusHUa9iQRUL8+mPQvWvGRr8ifg971114qNU2zqDh821KQlcgqEyGf+NcpsbLgPeMLf4c1dW3O2xx/glFdd+fXio+lzBWsxHEqFNckEzd2HNYgTbTNx0nSpcHH5XLkI5y9YqpFFW2I2i/EcpCrC+uVh3fwtp7na3QXiB9ZfeFZ82bNnv4kW6t69oxFIvBRn7RafZ9XLvbyGBEjAPoFU2Eh3K+EgA/sCpxh3DmU/9gM29v+efsWkL0JKo8LauvzoYS3jONP4seX2R4ZPSPXcBFEKqJxXJGCZQDYJqPACRdi9syB30GJX8T8qPl7X/yoNw7rUiI/x3pvIHYrDl9wCqntoDh48rB4S442nJnYTHW8r5xonxNWWgAovEITn36UfPziYKpGAio8TCJ/xJ90ifB9h/PBMdQp2QLvqgQhz5y02YXXweIUH67jx72vO1suNdy0OlXIKBQfLLyqrJ4E0EPC7kCusgPqWbuTgQBf3wQzw2nhDPeSdEP5k7TBCdpFWAPbdLZR4fXZhN7jSMDx8BAkkJOD3vXUqw2YFQuixfihXrmyuZ2Dz+CLNIew+oAQbui+9PN6cbI+oFK91IWdqojyCiI7B5u+1fa/UXO1fmTDXgQN65dSLdQrSLz3y0PCc/OzGy3T0u9JcRQds8joFuUmxhmnbplnMvzt/h7fXZRraio0ad9mnEUM4cArCabfLL8vFAd5dWEc53rnOBcivj6gcCL7I58pCAiQQLAJ+bSTsXPny59OKuMvKVT/KjJmIqrkgoBZkP3D/4cNHY7xP8W8QXUdpShEchAenlP+fvfcOl6LY9v4XknPOmyiScxKQjCgSBFFMgIg5H0+45977/+++7+/cc889HnPAAIKSTUgGyUjOWXLOOad3fWvbw+zZszdDz9Se7p5vPY8P25nu6qpPVa2p/taqVXdi65wyYREHzjnhtgkH9H2idrCtnoOBw4KR7sSWe6sFg1sat30zOyIUUIPbX1gzjxBIJQEVE22sFCKeZ+lSJfWHJr+c0h+dJTopP6M/kojxhS0PzoFR8CCtWqWSOSAK8bggUjoCKl7Ma91dTWqo12kePd0Zp9pj0o/Dl06fOWu2jt3frZ1uOWtgQgVMVu8OeFUkQkDFgQY4bAUJLxD44Zy/YLnxfEUdsgoRgOtnzV4kG/S0257qTYKTbSES4NAoBB4HFyctWLhCY+ksNVv24GnqJNQLh1bB48T5QcZ3FFA9MqBZDBKIg4DbidydCqjOllfYSHjp4yUFdqh8uTImRjNSvHYYhzMgJhhsEw77w4sJQpcgvAq222b3bNqzODoRb81xAm7HbfqcYLGJl/7Uk72lWJhQgHjqjpiK+OzDv56op8w3NuE1sONlts4lsE100MC+ofrGkhfES4iQLfXQynJlS5kwRKvXbDRx1Z97doCJs/qpbq/vqnMMzLGchIWQT4eNNuGN2rdvKbl1LgdP0p06nl/UuMnhoiyE1kUa1gjx5CO31KcfkjXCLBg78eHxDMQ0xU4chBVp17Z5hjaEKIp5FRbWx477WedK9aRWrWrGs/WoHtAy+5dFUrNGFd11lG67mEiABLxFwK2N/FgFyPwF8kvLFg1NbHaRXHLw0BFzIC8WYPDuFKv9wDznw49Hqe2oLg3r32POujipMVDnzP1VnXtKmMUopFhsHeKZ4r2yY4dWakdLq4PPSlm5ar20V8/58r/HVsVBebn1/fTZZ/qbf5FiteXear1gl8Zt38yOCgXUYPcZ1s4DBFJJQMWkfdnytYKX9xO6RR9eCoj5iUk6vA3wt5Pw47hq1QY9JOCaVFfvitZ6Av1PGh8M29yREMcGwitWHK9fvy4VypeVLl3aSFrl9MMG8JI+ffp8Oavb/OFV0alDa91OOl0n9AONiIsXe5zA2K9v99AzIdB+rCfNYhUyfAudcwF+VHGCI64LT7i2qsYJ69ThXhOXFAn571FxtH+/BzJcC8EVLxYQfM+ePa8/4EXMQQqNGtbJcB2+++KrcSbGKV6YnIT75i9YJs9prMPwFxY39fFA92cRSIAEwgi4ncjhZPvpeqgcvEejJSwejZ841Qgazg4AHP4Cr/5juiCTP39+s4DTUe2kcxAe8onXDsNjDLFUN276zRy217tXFyOQ3O7ZtGccFn4i4HbcYk6B8EWICR+ZME8JP3xpl27vn6OLEYfVW6qALjRjqynilToCZax54VkQbNfpCdEnTp4yL/YIA9BZ443i3xO6UwhCJuKJOi/9Ttlw4ApCCe3avc98VCWtonTTRZh0YeNWwmF0jfRQp8gDp3AF5nWbt+6Qp57ok+EezGuwEB0twTY53rAIx4Q5FBafL+mcEvNGzJHa39ciU3n91IdYVhIIMgG3NhJCJRZq4GWOA/OQKpQvYxZRmjdvEJrPxGo/4ICyePEqY8MuXLiki7qFNDRKLenQvlWGeMy3s3UndMFnpIZQwaKNc5gV5i2wrdgRiXxxEDAE1shFpNvZ8iD3Ay/WzW3fzK4uFFC92NIsU6AIpJKAGqiGY2VIgARIIMEEbEzkElxEZkcCJBBBIEjjFosd8CoN376fyAafOm2eVNaF7sjt+4l8BvMiARLwFoFE2MjN6iW/fMX6DF733qolS+NHAonom5H1poDqx57AMvuKAAVUXzUXC0sCJEAC1gjYmMhZKywzJgESMAQ4btkRSIAESCBrAomwkbv3HNDzHzZIv4dv7RwkcxKIl0Ai+iYF1HhbgfeTwB0SoIB6h8B4OQmQAAkElICNiVxAUbFaJOAZAhy3nmkKFoQESMCDBGgjPdgoLJIhYKNv0gOVnYsELBOggGoZMLMnARIgAZ8QsDGR80nVWUwS8C0BjlvfNh0LTgIkkAMEaCNzADIf4YqAjb5JAdVVU/AmEoidAAXU2FnxShIgARIIMgEbE7kg82LdSMALBDhuvdAKLAMJkIBXCdBGerVlWC4bfZMCKvsVCVgmQAHVMmBmTwIkQAI+IWBjIueTqrOYJOBbAhy3vm06FpwESCAHCNBG5gBkPsIVARt9kwKqq6bgTSQQOwEKqLGz4pUkQAIkEGQCNiZyQebFupGAFwhw3HqhFVgGEiABrxKgjfRqy7BcNvomBVT2KxKwTIACqmXAzJ4ESIAEfELAxkTOJ1VnMUnAtwQ4bn3bdCw4CZBADhCgjcwByHyEKwI2+iYFVFdNwZtIIHYCFFBjZ8UrSYAESCDIBGxM5ILMi3UjAS8Q4Lj1QiuwDCRAAl4lQBvp1ZZhuWz0TQqo7FckYJkABVTLgJk9CZAACfiEgI2JnE+qzmKSgG8JcNz6tulYcBIggRwgQBuZA5D5CFcEbPRNCqiumoI3kUDsBCigxs6KV5IACZBAkAnYmMgFmRfrRgJeIMBx64VWYBlIgAS8SoA20qstw3LZ6JsUUNmvSMAyAQqolgEzexIgARLwCQEbEzmfVJ3FJAHfEuC49W3TseAkQAI5QIA2Mgcg8xGuCNjomxRQXTUFbyKB2AlQQI2dFa8kARIggSATsDGRCzIv1o0EvECA49YLrcAykAAJeJUAbaRXW4blstE3KaCyX5GAZQIUUC0DZvYkQAIk4BMCNiZyPqk6i0kCviXAcevbpmPBSYAEcoAAbWQOQOYjXBGw0TcpoLpqCt5EArEToIAaOyteSQIkQAJBJmBjIhdkXqwbCXiBAMetF1qBZSABEvAqAdpIr7YMy2Wjb1JAZb8iAcsEKKBaBszsSYAESMAnBGxM5HxSdRaTBHxLgOPWt03HgpMACeQAAdrIHIDMR7giYKNvUkB11RS8iQRiJ0ABNXZWvJIESIAEgkzAxkQuyLxYNxLwAgGOWy+0AstAAiTgVQK0kV5tGZbLRt+kgMp+RQKWCVBAtQyY2ZMACZCATwjYmMj5pOosJgn4lgDHrW+bjgUnARLIAQK0kTkAmY9wRcBG36SA6qopeBMJxE6AAmrsrHglCZAACQSZgI2JXJB5sW4k4AUCHLdeaAWWgQRIwKsEaCO92jIsl42+mSMCap8/77zJ5iOBVCUw5v+rrFXPJblyidy8eWsoOH/j3/S/9QJJ/zv9P4dY5Ge3vsd1l6/mkrSKxROKF4aBiQRIgARIgARIgARIgARIgARIgARIgAT8SMCGTpI/703VdtL1HfzraD3pn6X/P5Lz/a3PnPuc79P/Tb821+/6j15DAdWPXY1lThQBvwqoiTY2ieLJfEiABEjArwRsrIT7lQXLTQJ+IcBx65eWYjlJgASSQYA2MhnU+cxYCNjom/RAjYU8ryGBOAhQQI0DHm8lARIggQARsDGRCxAeVoUEPEmA49aTzcJCkQAJeIQAbaRHGoLFyETARt+kgMqORgKWCVBAtQyY2ZMACZCATwjYmMj5pOosJgn4lgDHrW+bjgUnARLIAQK0kTkAmY9wRcBG38wZAfVPjIHqqsV5UyAIjPkvf8ZA5Rb+QHQ/VoIESMBDBGxM5DxUPRaFBAJJgOM2kM3KSpEACSSIAG1kgkAym4QTsNE3KaAmvJmYIQlkJEABlT2CBEiABEgABGxM5EiWBEjALgGOW7t8mTsJkIC/CdBG+rv9glx6G32TAmqQewzr5gkCFFA90QwsBAmQAAkknYCNiVzSK8UCkEDACXDcBryBWT0SIIG4CNBGxoWPN1skYKNvUkC12GDMmgRAgAIq+wEJkAAJkAAI2JjIkSwJkIBdAhy3dvkydxIgAX8ToI30d/sFufQ2+iYF1CD3GNbNEwQooHqiGVgIEiABEkg6ARsTuaRXigUggYAT4LgNeAOzeiRAAnERoI2MCx9vtkjARt+kgGqxwZg1CYAABVT2AxIgARIgARCwMZEjWRIgAbsEOG7t8mXuJEAC/iZAG+nv9gty6W30TQqoQe4xrJsnCFBA9UQzsBAkQAIkkHQCNiZySa8UC0ACASfAcRvwBmb1SIAE4iJAGxkXPt5skYCNvkkB1WKDMWsSAAEKqOwHJEACJEACIGBjIkeyJEACdglw3Nrly9xJgAT8TYA20t/tF+TS2+ibFFCD3GNYN08QoIDqiWZgIUiABEgg6QRsTOSSXikWgAQCToDjNuANzOqRAAnERYA2Mi58vNkiARt9kwKqxQZj1iQAAhRQ2Q9IgARIgARAwMZEjmRJgATsEuC4tcuXuZMACfibAG2kv9svyKW30TcpoAa5x7BuniBAAdUTzcBCkAAJkEDSCdiYyCW9UiwACQScAMdtwBuY1SMBEoiLAG1kXPh4s0UCNvomBVSLDcasSQAEKKCyH5AACZAACYCAjYkcyZIACdglwHFrly9zJwES8DcB2kh/t1+QS2+jb1JADXKPYd08QYACqieagYUgARIggaQTsDGRS3qlWAASCDgBjtuANzCrRwIkEBeBRNjIixcvyeEjx6V6tcpxlYU3k0A4gUT0zUiiFFDZx0jAMgEKqJYBM3sSIAES8AkBGxM5n1SdxSQB3xLguPVt07HgJEACOUAgETZyy5YdsnzFOhn4dN8cKDEfkSoEEtE3KaCmSm9hPT1DgAKqZ5qCBSEBEiCBpBKwMZFLaoX4cBJIAQJBHrdTp82TKmkVpUGDe6y05LDPx8rjA3pKsWJFrOTPTEmABJJPIBE2cvPm7SqgrpdBAymgJr9Fg1OCRPTNJAmoO24GpxlYExK4MwJj/itNb8gluXKJ3Lx5ayg4f+Pf9L/1Akn/O/0/5zmRn936HtddvppL0ioWv7NC3eZqt8Zm954D8u3on+TGjRuhJxQsWEDKly8jjRvVkYYNaie0nGfOnJMvvhwnvXt1lVq1qmWZ99Tp86RQwYLSsUOrLK9ZsXK97Ny5Tx57tEfMZZwwcarUqF5FmjdvEPM9vJAESCB1Cbi1rXvUtv44aZY8P3SAwKZmlb4e+b3Uq3e3tGzRSGK1j/G2Rk49J95y8n4ScEvA7bjF8w4cOCwLFq6QvfsOyrVr16RUqRLSulUTadK4bobi7Nl7QObMXSKHDx+TPHnySO17qkvXru2kYIH8oetiyevqYfOkIwAAIABJREFU1WuyavUGWb9hm5w8eVquX78h5cqWknZtm0vt2jUyPBNztX/+60t5ZvAjUrZMKTl9+qzM+mWx7Nq1T++7LmlpFaSblqFc2dKh+97R6y/oVttoqVvXtnJv66a3ynvwiIwdN1n+8OYQrft1WbJ0jaxfv0VO6XPy588nNWqkSbcubaVo0Vvi6tmz52T+guXy2/bdcuHCJSlSpJDUr1dLOnVsLblz53bbhLyPBEjAIoF4bCTGOmzkoUNHzftjiRLFpF7du+W+di0kX768oVLDfi5ctFI2bNxm5jdFixZWO1pP2tzbxNhMpK+GT5ADanciE2xIv77dQx/HYuui4dq//5DMW7BM9u8/bN7Vq1SpKJ06tJaKFcuFLo/FlltsCmYdQSCevpkVzBzawk8Blb05dQmkkoC6fsNWmTxlrrz84pOmwW/cuCnnz1+QHTv3ytJla6SaxrV59JEH5a677kpIh8CEfNHiFeYHtHjxolnmOW7CFBVQC0ivnl2yvGbuvCWyfcdeee7Zx2IuG36o8QLQqeO9Md/DC0mABFKXgNuJHDwzJn4/XVq0aCgPdu8QFeDadZtl0s+/6EtHc2OTYrWP8bZGTj0n3nLyfhJwS8DtuIUw8J2OWyxoVK+WJnnz5ZFNm36TZcvXyeOP9Qwt/B5S0XT4iAnSqmVjs9AMgXK2Cpm5da405Jn+ptix5jVfX+4PHDhiPEoh1kIIhZi6atUGeeG5x6VcuVti6PYde2T6jAXy6stPC4TXT4eNljKlS0r7+1roPC23lnOtee5LLzyhQmZhU47z5y/KlStXMqA8onELJ3w3TQYP6me8WZ30y5xfBXENez7UWb7U+RJSq5aNTLkgYOD7AioQO/Mu1PuDD7+We1Q8rl+3lhRRgQSiMVi0aN7QiLlMJEAC3iPg1kbi/XD0mEnGRjZqWNssrBw7flLf7VYZr/X+/R4IVRYOOrAb7du3lNJqQ06eOmNsKRaIHurRyVz3vtoPvBPCaSc8YeHZEWNjtXWRlHft3i9jxk6Spk3qm4Vq9XmSnbv2mjK88tJTxkbGYsu913rBLpHbvpkdFQqowe4zrJ0HCKSagDpl6lz5tz+/mIk8JthfjZgoHfSHr22bZjnaMhRQcxQ3H0YCJJAFAbcTOQio02culAL6ctG//4NG5AhPeCH4/Iuxxju1evXKXNRhDySBBBJwO27hMXX5ylUpXKhghtJ8OXy8lC9XxgiLSON1Nwv2ID3a/9YOmLNnz8sHH400u2Jq3V3NeK/GkldW1f7b3z8xu3Ua1L+1VR/zNQiYXTq3MSLA4l9XymuvDFJvrnRPT3hYDVO7UrNGVRUv22ZJdMzYn813TzzeK8M1H3/yjXTv3l7urlnVeIxFbuOHOAsP1bfeeCYk0EIgiVwQh4C6ZetOI/QykQAJeI+AWxuJ9zOkAY8+lKlSsHmOZykcdLDY87IKlZH2FF6rjmMOBNQ29zY1gmxWya2t+0jtGTxjO3fK6DQT/vxYbLn3Wi/YJXLbN7OjQgE12H2GtfMAAQqotxoBP37bftslr786yHx4Tr1Tl+qWrq3bdumq4hkppC8Z+NGDwIqJ+7vvD5cnBvSSChXKhjIxE3qNqdXzoU5SqVJ5+fDjUSa+FrafIe3bd0hmzV6kJzkeMxNy5IVJuhsPVIgWCxatkOO6GlpQQwA0VI+OjrpVw3m5gAcqvGpRprXrtqhXxlWpVrWS9OrVRYoULmTKg4Dohw4dM9s8Fi1eqS8RZ4340UNXSytr+ZEwSZg5a5Fs1gDqyKNM6RI6AWgm9evXMt8j/4VajtVrNsm5cxekZMliZptc0yb1Qt/jRevh3t1kqXqMYPsdJhPwZOl+/30aPgKvZkwkQALJJuB2IgdbNFPtGjyw1q7dnEmogNcZPP6PHD1uvDHggQq7EW4fMcnHi8PGTdvk2LGTZjsstgk/+EBHyZs3ffvbDz/NNHbp+PFT6rW21dgReMXBawyhULaprYZXXEv9DIthjn2KtMPJ5sznk0AiCbgdt1mV4Rv1pMI4vb/bfWac/uOfn0vPHp1Dv/nOfSNH/aAhkErr73j7LKsTnle0iy5euizLdAcQvFCHDnk0FALEzLHeGy4DdP5USbefQsjElljHk8vJC7YF4iW8V6MlbFdFOZ/X78uHebcePXZCRnz9nfzxD0Oz3HWE+dqIkd/Jn//4vPE8yyph/oP5EUKYMJEACXiPgFsbicUXLKxE2p3IGsI+4d0nO1uIe2IRUN3YuoMHj6oX/Xhjz7IKoxSvLfdeqwajRG77Zna1p4AajL7BWniYAAXUW42DExaxzcv5AcL2sd9+252+1axkcSM0jh0/WZ58ordud6sseDGAEPlwn26hTDCRn/TzbPVYGGKEwf/+n0/lqSf7aCzSNI33dUY++3y0NFFhsa0KkFdVmMQWMQiKWDW8ky38uGe0/rA/+EAHEzfs5InT8vOUX6S0ip+P/e4lAgH1oMbsQZwexDPDVrXvfpiuAkSFUJnx/F+XrJY6dWpKF121zJs3r0ybMV8OaoyeN14bbOoF7wpsDXmk7wMm3hdeSLDND94iSHPnLZU1Kpo83LurlNVYZLv37NdQCXOMSAJhA1towQEiMYRZiLgo1zhl2ePBTplirXl4uLBoJBBoAm4nco6ACpvxxVfjjQdEzRpVDKtz587rxH6i2WaLOKmOgOrYBcc+wqNt1i+LpGH92mZRCvYKcZyxUIOFISQIIYjViDABdXWL2m61S9iCjC238OqALdylsaK//3GGiZuYVrlCyP44zwl0A7JyKUnA7biNBgtb4PGSjy38CAGE///Xe1+Zbezhi8W49+fJv8j5CxfNtbHkFX4NxEvEAsTCCRann9J5FeLRO2nv3oNmHL/5+jPmo08+/VaaNq2XIYYpPl+3fqtM08WTv/zphahlGK47ixCzsO/D92f4fsHC5XL8xCnp2yfj5+EXzVCvepRxiNqS7BJi3ddUL9ZIz6+U7IysNAl4kIBbGwn7gvcZeLjX0zilkd6lTlXf++BrHf+tzUIxQsKd0/lMGV2EwtwF7zxOgm1FCBB4smOBBg4v99Sqbrzs4W3v1tbhHQw27ZlBjxgnHbyzIW+8W6IMWISOx5Z7sEkDUyS3fTM7ABRQA9M9WBGvEqCAeqtlcMjUqG9+0G1YA81KYrSEF/hq1Sqpd1Mr4+2EuH/Y3uWs+H3z7Y/mJQCeWJECwazZi2WHirIvqpDgJGxtxQ8qPK3uREDFYSxly5WSHuqd5SRM9CGavqQxXuFFir/hNQHhwEkQS3EgleNlCwF11eqNpg7OVhRnJRPXYKsatrBAQI4W3wvl/993vjCCLH6onbT411VmEgEhGYdEQEDFBCE8PAJWWQsVKhASYr06RlguEkgVAm4ncuECKhZ3ps9cIC8+/4RZRPpp0mxdWCllBE7YkqwE1GiM4V22e/eB0Km3sL+5c9+VwaZh2xrs3YDHbm2xg8c7YhLimZF2OFXakvVMHQJux20kIXgo4XcZ/2KhGAkHPWGMvfSCzivKZAzNgcVWeIM/HTbHcPKMllf48y6o8Hrx4mUVYC/ImjWbzdxoqIq0zjZ6iJfI4wHdYo/07vsjTPxkjOvwBM9PLKL857+/kqnBt+qCNuZoiP8HETU8IaRI+/tamsXjaAkLxd+OniQDn3rYHFaVVcLOneXqOY95lyOApE7PY01JwB8E4rGRmN8sXbZW9mu8Y3jBV6ta2eygwwKTk/7+j89MKJOzumDcpVMbI1jino3qbPKsetZX+H1xCHMT7NTD7ruKulB8SuOkztb3MOQL8dOtrVuydLXZaahHQquTTl0T0xq7ExEGperv53u4teX+aGH/ljKevplVrSmg+rc/sOQ+IUAB9VZDYSI+McwD9fLlKxpza5XghGlM9lUNkBPqsYDt6ViNdLagttSDU/AZvBk+/Wy0xugaaITHyBd3BCIvrpP4hx68JXri6d+O+UmK6SmvdyKgYksdtpTg5Mbw9Le/f6r5dDY/7hBQq+rKZ1c9RdZJOMgFQi68bJEgoMKLCz/wTsLKKH7kIfQi9ACEYniCYNW0alolExagtG7jR8KJvJ+r98Uf3nxWChe+FUcNJ0EOVw8TeI9AXIaAivhjiDXmJAgrV69elf56cBcTCZBA8gm4nciFC6ioBbzz69auKZUqlzee5ogNiAWa2wmoK/UgmS1bd8iZ0+cMDNhUeL05h7hE2zLshCrBAo2T4AULrw5s46eAmvx+xRLYJeB23EaWCrtnIBLgRd5ZFIYHOcTLoUMe05Ocb4Urwr3wQL2kW/DDY6M6eUbLKzsKGLPY2ePMVzAHwS4Xx3sLIm6zpvXNokh4gofYDF2w+dPbz2X4HPOzz4aNUfGgUoaFZlyEOc4nOlfDPMgJDxJ+Mw5awWJ4p46tMwm24dfB6wvPflpFVoQZYCIBEvAmgUTYSIQwO3T4qC727JUlGt7t3tZNQl7n7/zrS7mmB+LhXSjcpsApB4s3zvsddilCOA2Pt7xP35fgke94+d+prQNxOMZMmz5fw660k9atmoQawXEMwu6gu+7K5cqWe7NFg1OqRPTNSBoUUIPTP1gTjxKggHqrYeBNgS37jncmxFTEQe3Tq1vIIxXxcOCF4XhjYtUPL/3wWkUM1TNnz4W20Ee+uGcllMLjA+LjnQio4UJpeNfCKii2xeO0SAgLWCHFVnonGQFV45n+8feXDQio2CqH7a5OCgmo6kEGzzEkvERt10nDPt0+i5iwNWtWMVvf8LKFLXJvvj5YV1CLhPI4pFv08UKEH21szwsPZeBcBAH1igqoj1JA9ah1YLFSjYDbiVykgIrxjxAj8KporqJHs2YNDMrsBNQVK9bLfN2ChkNpIEYgvik85uHBES6gQsQJ94aPZufSBdRqZqcABdRU68WpV1+34zacFDyVsJg6aGA/E6rHSRAi//6PYWZhNvyAJ3yPnTCI9R55gFNWeWXXMpgPYNEa4x/241tdcH77rWdDMdJH6+nSxYsVzRSLcN78pRpHfk/IRjjPgLg5Xed0r+qCthPz3fkO4gfmPXhWZMKBohA92mnoIwgkWSXEYJ46bZ6Jg48Y8kwkQALeJZAIGxleO+zcg33BocSYqyD+aP78+TN54+MdCyHRsMiSVYKN/b9/+9i8OyIM0Z3aOuTrHHiHxa9wj/nrKurifXHwoH4mpNGd2nLvtmhwSpbovgkyFFCD0z9YE48SoICa3jBHj56Qr0ZMMC/cjofDR5+M0oOQ6mfYdo6VQWy3d17g4X3x3gcjjJj4k3pv4KRGeH0iRdvC/5seUoWtXs7BSfhxe+fdr6SubiPLTkBFDB5slcOPINJXKlriQITwwObwmkAsrvAt/IkSUMO7L2K5gg08beGl8s67X2Y6PRfb9+G9i9XYrAQMCqgeNQosVsoScDuRixRQARDxpPepSPGmhgdxTqDNTkCFjUMc1PCTsvEZ7BoF1JTtkqx4DATcjlsnayweYwv9YCOeFs70xHHjp0gu9V5y4qvjgrO6WPzBR6PMeEWM91jzQszUaHEEsZMFL/6Ibzx33hKzzTV8ToQ5BRZUXntlUOigTONl+vkYqaOiQ/hCMeYcmKs1blQ7w+dOGeHthUUdLDSHp2O65RVe7hBOw8MNRQLBog5s0wCN/Roe3zCGpuIlJEACSSDg1kbCzoU7hzhFX7d+i3rgz5G//iVdQJ03f5kepLsxg33CtdiNUxI7D3XHINKZM+cyeJ/iMyzaDNOQIjgIr5y+192JrXPKA+9YxKrGThwcduwkxIzHQhd2A2JB+05seRKaKSUf6bZvZgeLAmpKdiVWOicJpJqAOnnKXHlZBUwkBPs+rx6mO3buNT9YeAnAdnJH3Pzxp1ly+Mgxc0ACvCjnzP1VNmksHHhhhHtAwdsCq5H44Qs/CTZSOEw/RGqMbq+/R9q1ba4hAMTkiednJaDCGxQ/gHgGhF0IvEjbVIidMHGa2a5Rt87d5mVmkm6nK1+uTOiAqER5oIIDYvvUUK/TPHoy9uo1m8wLzttvDTUvMghYvkFP0O2pHirwHINnB8qCE3xxeBUF1Jwc0XwWCbgn4HYiF01AxYT+ypUrGQSZ7ARUx2MMsRcrq1cbRIo5c5cY20sB1X2b8s7gE3A7bkEGIX2w/fOpJ3ubUEJOQqxhR0xFXPThX0/UraGNTXigC3rA22z93c+XL18oPnGseUG8hKdpSz1gEvGQMQ+D8IC51XPPDjA7fBAKqauGScK8I1wg+HTYaBNWqL2G5sitogU8SXfq/OlFndOFi7IQWhGbFLuJEAc+PKUfkjXCLO6GxyxFfEB4riMsEuZn4Qk2yNmWi7iq4/VwO4i7CDkQnrAt15k/Br/XsYYk4B8Cbm3kx7oQk18Pd0KoNsRa11huegjuEXN4LhZg8J6DBGeazz4fqwdaFjfb+mEvEBsZQivsGnbz4T3tw49HSS0NL9RQ3yMR6u2kxkDFe2CpkiVCi8eYO93O1iGs3GR9L+zYoZXa0dKmDNgRiTnTA/e3N3FPT6jTDRZ6qutOROewvFhtuX9a1v8ldds3s6s5BVT/9wvWwOMEUklARSyYb3U1EKe+Oqmg/jAixl7jRnWlgQqb4enatWsqXM6TzVu2G09LCJgI+I3VyPCtXSd04j1CPUJ7aGzTumEHKcE7AnG8sMXL2QqPUxdn6osHYodiNfA+3SaG1UdM8vFDGJ4QPuBDvT+3ipY4oOkB9cyAYOkkxGxduGiFHDt2wmwdgViJ0xbx4oMED7AaGki8efP07bNI29XLBD/8jiCxfMU6cxJkv77dQ9dgIvCxnngLMRhb+RCzZ4m+kMA7Ax6zFcqXlS5d2pjtIEioJ15WIKzCg6x48SLmcIZGDeuEvn//Q3DoaURmJ0GEvXLlmgmmzkQCJJB8Am4ncogTPUfHs3MIQlY1wZZXCCTwkIhmHyF8wNbARtdVIaOqbo3dtGl7aKstFnNgryHkOAmHxNTQlwUnTAA+Hz9hqr6kVNMdBPWiPif5pFkCEkgcAbfj1vFawmGQkQleVeGHL+FU5zm6HfWwzlcK6HwFW00Rr9QRKGPNC8+CYLtODzw5cfKUmd8gDEBnjTeKfxFnHkIm4pPiu/CE+ddMDUG0a/c+83GVtIrSTReR04WNWwmLx40a1Ykav3SVhlzarHGWn3ri1uGauBMH1s1fsDxqo2Bu5XjDjtTt/bB30VKf3t0yebUmrpWZEwmQgFsCbm0khEos1GzdttPsAkTCgVBNGtcz71bhCybwLsWWfTjF4HyHiupQAo9Q510J9x7V97XFi1cZG3bhwiUN31ZInXJqGeeY8Nipt7N1eO8cqZ6lsDnhh1lhIRoOQSdOnDbvrRB58W4ZbktvZ8vdMuZ97gi47ZvZPY0Cqru24F0kEDOBVBJQY4bCC0mABEggBQnYmMilIEZWmQRylECQxi08z+FVml1Io3jgYhGnsi7+Rm7fjydP3ksCJOBtAomwkdhps1xjtQ8a2NfblWXpfEUgEX0zssIUUH3VBVhYPxKggOrHVmOZSYAESCDxBGxM5BJfSuZIAiQQToDjlv2BBEiABLImkAgbiV2Mq1ZvkH4P39qxR+YkEC+BRPRNCqjxtgLvJ4E7JEAB9Q6B8XISIAESCCgBGxO5gKJitUjAMwQ4bj3TFCwICZCABwnQRnqwUVgkQ8BG36QHKjsXCVgmQAHVMmBmTwIkQAI+IWBjIueTqrOYJOBbAhy3vm06FpwESCAHCNBG5gBkPsIVARt9kwKqq6bgTSQQOwEKqLGz4pUkQAIkEGQCNiZyQebFupGAFwhw3HqhFVgGEiABrxKgjfRqy7BcNvomBVT2KxKwTIACqmXAzJ4ESIAEfELAxkTOJ1VnMUnAtwQ4bn3bdCw4CZBADhCgjcwByHyEKwI2+iYFVFdNwZtIIHYCFFBjZ8UrSYAESCDIBGxM5ILMi3UjAS8Q4Lj1QiuwDCRAAl4lQBvp1ZZhuWz0TQqo7FckYJkABVTLgJk9CZAACfiEgI2JnE+qzmKSgG8JcNz6tulYcBIggRwgQBuZA5D5CFcEbPRNCqiumoI3kUDsBCigxs6KV5IACZBAkAnYmMgFmRfrRgJeIMBx64VWYBlIgAS8SoA20qstw3LZ6JsUUNmvSMAyAQqolgEzexIgARLwCQEbEzmfVJ3FJAHfEuC49W3TseAkQAI5QIA2Mgcg8xGuCNjomxRQXTUFbyKB2AlQQI2dFa8kARIggSATsDGRCzIv1o0EvECA49YLrcAykAAJeJUAbaRXW4blstE3KaCyX5GAZQIUUC0DZvYkQAIk4BMCNiZyPqk6i0kCviXAcevbpmPBSYAEcoAAbWQOQOYjXBGw0TcpoLpqCt5EArEToIAaOyteSQIkQAJBJmBjIhdkXqwbCXiBAMetF1qBZSABEvAqAdpIr7YMy2Wjb1JAZb8iAcsEKKBaBszsSYAESMAnBGxM5HxSdRaTBHxLgOPWt03HgpMACeQAAdrIHIDMR7giYKNvUkB11RS8iQRiJ0ABNXZWvJIESIAEgkzAxkQuyLxYNxLwAgGOWy+0AstAAiTgVQK0kV5tGZbLRt+kgMp+RQKWCVBAtQyY2ZMACZCATwjYmMj5pOosJgn4lgDHrW+bjgUnARLIAQK0kTkAmY9wRcBG36SA6qopeBMJxE6AAmrsrHglCZAACQSZgI2JXJB5sW4k4AUCHLdeaAWWgQRIwKsEaCO92jIsl42+SQGV/YoELBOggGoZMLMnARIgAZ8QsDGR80nVWUwS8C0BjlvfNh0LTgIkkAMEaCNzADIf4YqAjb5JAdVVU/AmEoidAAXU2FnxShIgARIIMgEbE7kg82LdSMALBDhuvdAKLAMJkIBXCdBGerVlWC4bfZMCKvsVCVgm4FcB1TIWZk8CJEACJEACJEACJEACJEACJEACJEACVgikVSye0HwpoCYUJzMjgcwE/CqgJtrYsG+QAAmQQKoTsLESnupMWX8SsE2A49Y2YeZPAiTgZwK0kX5uvWCX3UbfpIAa7D7D2nmAAAVUDzQCi0ACJEACHiBgYyLngWqxCCQQaAIct4FuXlaOBEggTgK0kXEC5O3WCNjomxRQrTUXMyaBdAIUUNkTSIAESIAEQMDGRI5kSYAE7BLguLXLl7mTAAn4mwBtpL/bL8ilt9E3KaAGucewbp4gQAHVE83AQpAACZBA0gnYmMglvVIsAAkEnADHbcAbmNUjARKIiwBtZFz4eLNFAjb6JgVUiw3GrEkABCigsh+QAAmQAAmAgI2JHMmSAAnYJcBxa5cvcycBEvA3AdpIf7dfkEtvo29SQA1yj2HdPEGAAqonmoGFIAESIIGkE7AxkUt6pVgAEgg4AY7bgDcwq0cCJBAXAdrIuPDxZosEbPRNCqgWG4xZkwAIUEBlPyABEiABEgABGxM5kiUBErBLgOPWLl/mTgIk4G8CtJH+br8gl95G36SAGuQew7p5ggAFVE80AwtBAiRAAkknYGMil/RKsQAkEHACHLcBb2BWjwRIIC4CtJFx4ePNFgnY6JsUUC02GLMmARCggMp+QAIkQAIkAAI2JnIkSwIkYJcAx61dvsydBEjA3wRoI/3dfkEuvY2+SQE1yD2GdfMEAQqonmgGFoIESIAEkk7AxkQu6ZViAUgg4AQ4bgPewKweCZBAXARoI+PCx5stErDRNymgWmwwZk0CIEABlf2ABEiABEgABGxM5EiWBEjALgGOW7t8mTsJkIC/CdBG+rv9glx6G32TAmqQewzr5gkCFFA90QwsBAmQAAkknYCNiVzSK8UCkEDACXDcBryBWT0SIIG4CNBGxoWPN1skYKNvUkC12GDMmgRAgAIq+wEJkAAJkAAI2JjIkSwJkIBdAhy3dvkydxIgAX8ToI30d/sFufQ2+iYF1CD3GNbNEwQooHqiGVgIEiABEkg6ARsTuaRXigUggYAT4LgNeAOzeiRAAnERoI2MCx9vtkjARt+kgGqxwZg1CYAABVT2AxIgARIgARCwMZEjWRIgAbsEOG7t8mXuJEAC/iZAG+nv9gty6W30TQqoQe4xrJsnCFBA9UQzsBAkQAIkkHQCNiZySa8UC0ACASfAcRvwBmb1SIAE4iKQCBt58eIlOXzkuFSvVjmusvBmEggnkIi+GUmUAir7GAlYJkAB1TJgZk8CJEACPiFgYyLnk6qzmCTgWwIct75tOhacBEggBwgkwkZu2bJDlq9YJwOf7psDJeYjUoVAIvomBdRU6S2sp2cIUED1TFOwICRAAiSQVAI2JnJJrRAfTgIpQCDI43bqtHlSJa2iNGhwj5WWHPb5WHl8QE8pVqyIlfyZKQmQQPIJJMJGbt68XQXU9TJoIAXU5LdocEqQiL5JATU4/YE18QmBVBJQ9+w5ID9OmiXPDx0gBQsWyLKFvh75vdSrd7e0bNEox1tx4aKVMnfektBz77rrLilcuKCkVa4grVo2lrS0Cgkt02ZdUcULyosvPCGFCxVMaN7MjARIwF8E4pnIHTt+UhYuWiH79h2Ss2fPq90qJDVrpEm7ti2kZMliCQNx9uw5OXDwqNSpXSNDnps2/SZVq1Y29tJJEyZOlRo1qkjzZg0S9nxmRAJeIxDPuD1w4LAsWLhC9u47KNeuXZNSpUpI61ZNpEnjuhmquWfvAZkzd4kcPnxM8uTJI7XvqS5du7aTggXyh66LJa+rV6/JqtUbZP2GbXLy5Gm5fv2GlCtbSu1Ec6kdMaZv3Lgh//zXl/LM4EekbJlScvr0WZn1y2LZtWuf3nfdzIe6aRnKlS0dKsM7ev0F3WobLXXr2lbubd30VnkPHpGx4ybLH94conW/LkuWrpH167fIKX1O/vz51HakSbcubaVo0czi6n7lNk3nTtV0Oy/KwEQCJOBdAvHYyN+27zY28tChowKbVKJEMalX9265r10LyZcvb4ZKY+4zfcZ8OaP/Dh3yaCYgXw2foPOXI5lCcHt7AAAgAElEQVQ+r1+vlvTr2z30eSy2LjIT4yG7cr0cO3ZCLl68bMrZuFEdadummeTKlSt0eSy23LstGbySxdM3s6LBLfzB6yeskccIpJKAitXDid9PlxYtGsqD3TtEbYm16zbLpJ9/0R/G5tKp47053lo/T/7FTN579+xinn1NXxJOnzorG1UcQNm6dG5jfgwTlfACs279Vml/XwuBWMtEAiSQugTcTuSOHTspX42YoIJpFWlQ/x4pqt5cp0+dkU1qc7fv2CNvvzVU8ubNkxCwK/QF4dclq+X1VwdlyA/CSbdu7aRRwzqhz/GyAhEkGbY8IZVlJiQQAwG34xbCwHc6J8JicfVqaZI3Xx7BQsSy5evk8cd6Sq1a1czTD6loOlzHNxZxGzaobQTK2Spk5tY5w5Bn+ptrYs1r/oJlcuDAEeNRCrEWQijE1FWrNsgLzz0u5crdEkNhO6bPWCCvvvy0QHj9dNhoKVO65O/zldxazrXmuS/pAnCRIoVNOc6fvyhXrlzJQO2Ixi2c8N00GTyon/FmddIvc35VoeGS9Hyos3yptgKpVctGplwQMPB9ARWIn3v2sdA9N2/elJmzFhkRGKIr7E2f3l1jaCVeQgIkkCwCbm3kjp17ZfSYScZGNmpY2yysYLF40eJVxmu9f78HQlVau26LzJi5QC5fvqL2qJC89caQTNV9/8OvdXGqnhE2wxOcehwxNlZbF34/yokFLtij8uVLS15d5MKiGGwYFngch6BYbHmy2ihVn+u2b2bHiwJqqvYm1jvHCKSagDp95kIpoD+A/fs/aCbi4Qk/Wp9/MdZ4p1avXjkpL90QUPECgC1lkWn1mk0yecoc88JSuVL5HOsjfBAJkEBqEHA7kcOiE7weno3icXHmzLmEbo9FDDIIqG+8NjhDo/zznS+MgNq40S3POQqoqdFvU72WbsctPE4vX7maaffJl8PHS/lyZYywiDRePbnhv/Ro/x4h1PC0+uCjkfLYoz2k1t3VjPdqLHll1VZ/+/sn0rtXV7MA46QpU+caARMLxxB1F/+6Ul57ZZB6wOY2l0DMHKZztpo1qqpI0DbLbjBm7M/muyce75Xhmo8/+Ua6d28vd9esKtHsFMRZeKi+9cYzIYH23PkLMmXKXOnc6V6Zo7uFCuTPTwE11Qcg6+95Am5t5LgJU0zdBjz6UKY6wubBG99JP/w403imwglm6bI1meYouA4Capt7m2a7wzEeWxdZyG/H/CQliheTh3p0itmWe74xA1ZAt30zOwwUUAPWSVgd7xFINQF15uxFZjVu7drNmSbT8Iy4ceOmHDl63Gwpc7yWsG1j6bK1snvPfrlw4aKUKllCunRpY14akPD99z/MMJPoaeotceLEKfW4etZ4u8IjKzIUAETQkiWLR/UkzU5AxbM++3yMVKxQ1rxoOM/OqmzYJoJyvfj8Exm8v+B1ijAFb7w+WI4ePaHlnKYeHgNNfpgQwLsCW/uv6ItVmdIl9Me+mdSvX8t7nZclIgESSCgBtxM52Bl4koULLFkVDB6keEHAVnxjB9W+OPENsT0O323ctE0F2ZOSO3dus1X4wQc6Ghv2r/e+MgtM4alZk/qyas3GDJ9hS+8Lzz8u0QRULJTBUwPPgAdZhfJlpGuXdlKxYtmEsmRmJJBTBNyO26zK983on8wc6P5u9xmR8h///Fx69uicaR4wctQPxtup+/3ts6xqeF7RLrp46bIsU7EBXqjY8uqEV8Jz331vuAzQxeRKFcsZIbNo0cIhIcDJC/O2LVt3Gu/VaAnbVVHO5/X78mHerUd1wWfE19/JH/8wNMvdNwhHMmLkd/LnPz5vPM8iE8QVCqg51cv5HBJwT8CtjcTiCzxNHQEylhLgnSweAdWtrQsvG+Y523UBCItQcMiprGHg4rXlsdSd19w5Abd9M7snUUC983bgHSRwRwRSUUCF59IXX403HgQQOJHOnTuvW7gmmq1giJMaLqAu/nWVEQfq1KkphTRO6Br1BEWsP2zPwKQa28zwI4sYXa1aNdatcJVN7Jl585fp9vgt6jExMBR/Bi//730wQp5+qo9UrVIpU1vdTkDFdrbdu/ebmKVI2ZUNW/LffX+4eQkKj2eGPLAF5ekn+4TK/h9/fdm8RGBb3i7N/5G+D5gtKHj5wJY+R7C9o87Fi0mABHxFwO1Ebuu2nTJh4jSzOAUxNKt4yojxDJv4iMb6Kq/CJeIpjh47SXo91MVsF4ZX26xfFknD+rWlgi4UYXst4phiAadjh9Ym/hgOccDLySsvPa12VYzICvsMsaWzeqphC1vu3HcZmxtNQIVHRt48eVWU7WBsHMKjTJs+P8M2YF81Ggub8gTcjtto4DBHgZcUtvAj/AX+HwsX2MaOMRmezHxFF5VxbSx5hV8D8RKLvBjTmFc99URvYxOctHfvQfn+xxny5uvPmI8++fRbadq0XoYYpvgcIYimTZ8nf/nTC1HLMHzERDMf6/vw/Rm+X7BwuRzXxe6+fTJ+Hn7RDN2xhDIO0Ris0RIF1JQfegTgEwJubSTsC5xe4OFeT+OUxnJWxO0E1Ht0URghQrBAA2/6e2pVN1728LaPx9bhXiwOL1m62sSWRnq4TzcTdgUpHlvuk2b2ZTHd9s3sKksB1ZddgYX2E4FUFVBxCMF0jVUD70y8aP80abaUVY8LbK3ApDhcQI1sT0z4//b3T1UEfViqVa0UEiEhSFavnha6/Ny5C+ZFZMBjD5ktYkgQXhEXMCtvidsJqPC2wFZ+56XidmWbOWuhiqAHQzG8sCoJURUvDRAsHPHXEVBR91LqFcZDEfw0illWEkgMgXgmctjuiq31ED7gsVG5cnnzYoDDEWBjYXveefdL9YboZeymk2DPtqoHWbSwJbgGNm/37gOhk2/j2cKPgwTHjPtZD415NsPhDz/8NNN4ooYfMJMYosyFBOwTiGfchpcOHkrwfsK/T6qgiYQdKx/pVveXXnhSypTJGPZomh6Wcvz4KbMYG5mi5RV+DXbz4KCT8xcu6KL0ZtmhC9FDVaSF7UCCeIk8HtAt9kjvvj/CxKZv0bxhhkdhtwziuP7nv7+SqQywK9gJ9MpLTxkRNTwhXFP7+1qahfFoCYvH346eJAN1npfV4Z0UUO33bT6BBBJBIB4bifMzIIri4Dh4wVfTwyohSmKBKVrKTkBF2BO8G3a//z6zm/CUxoqfrXFKke8zg9IXatzYOqccmGchHMlljQON91wcftX/kQfMjkm3tjwR/JlH1gTi6ZtZ5UoBlT2OBCwTSFUBFVixtaxu7ZpSSV/0x42fbA4qQDybSAEVXgpLVBjAVv0r+uOEhG36eOHHj5IjQsIDIvJExu+wtVW3iSJOGF4G8OOJSXvTJvWituztBFS8sOxRMcHxQL1d2fDj/OHHo0LeI6tWb1SRY9Xv3lu5Mgmo27btMl4fWCGtmlbJnDBbWrfxM5EACQSfQCImcpjAH9UwKHvVu2K12pt8+fPKoKf7CbbMwiMUQkb4gXUIFYKttU58wpV6mMyWrTvkzOlzBjhsHDzfnINc4hFQ4bGPQxVwSEx4uqTbiHFADgQaJhLwG4FEjFvUedLPs41IgBd5Zys9dufghX7okMcyhbnAfAVjJ1rojmh5ZccVu4Kwe6ernnqPhLkSdr44iy0QcZs1rW8WucMTPMRwcMuf3n4uw+eYb302bIxUrVZJemgIkPAE769PPhtttu9HO9wOB6188+2PGsapdSbBNjwfCqh+Gyksb6oSSISNxFzl0OGjutizV7081+iCaxOzkzEyZSegItwIhFNnoQj37tuvoULUI9/x8r9TW5ddmyIk2959B4z9dmvLU7XP5FS9E9E3I8tKATWnWo/PSVkCqSygQhAdrVvvsfLXXCfmzZo1MP0gXECFt+n7H3wtderWlA4qfGKrGdJ//89n5vTFcC/Ov/7lpdDhBk6HwimIiL/1psYbPXTomHq6zpI3deu/cwhCZMe7nYCaHgO1nL5YdDFb325XNuQPj5LChQtKr55dzIELOAESJ80iRXqg4jP8yG7XCcI+LftWFVRr1qyS7Ta3lB08rDgJBIxAoidyOI0W23+xRb9kyWLylW6njbbQ5GBcodvz5+vWWiw4Ie4hhFZ4tWKbfaIEVIQkeW7ogIC1HKuTygQSMW4RKw/hgQYN7GdCWzgJQuTf/zFM5w+dMxzwhO8RS72SHmgZeYBTVnll10bYBQR7gbGPudm3evI1YsnDex0JoT6KFyuaKRbhvPlL5bfte0L2wXnGGo1zP10XnF/VEEpFCt+qD76H+AFPeTwrMh05clxGffODtGvXwggk2SUKqKk86lh3PxFIhI0Mry+cUWBf/u3PL2aKoZydgBqNGWzs//3bx/KYHtJXu3aNO7Z12bXD2nWbjTc/4ji7seV+amO/ljXRfRMcKKD6tTew3L4hkMoCKhppwnfTZJ9OpN/UU1Ydr6hwARUx+RCzFKdL44UeyVnFQ9yv2wmouB5bxbBNbP/+w1JOPa0Q6yarlJ2Aih9CnHbtlCWWsuE5O3fuM6IwtnHgsBfEbnU8ZaMJqOFlO3nyjG7fG2XiuEZugfNNJ2dBSYAEYiLgdiIHL1GE/nDEDudh8Nj457++VNGjo9Stc7fZwo/4yvBwj5YQawx2Lfy0bHwGjzBHQMWWf8RqjvQ4g52Gdxo8SZ2ULvCUC4Uk2alb2rDb4PVXB5tFJSYSCAIBt+PWqTt2tmAL/WAjnhbOhGTc+CmS665c5gXfSTgE7oOPRpmxWiMsdNHt8kLM1GhxBD//cpzZKv9g9w4yV0+3xzZXLPo6CXGPsZjy2iuDQgvQxstUF5XrqOjgHPqJ63E4HLy4GjeqneFzJy94e2HBvFHD9NiATkJseCx4Qzht26bZbbsGBdTbIuIFJOAJAm5tJOxc0aLpYUXCE2K5/zx5jvz1L3cmoGJ7fbj3KfLEog2cWxDaDe+Id2LrnDJh8Qnx4COdcyCeYiu/s2vxTmy5JxouBQrhtm9mh4YCagp0HFYxuQRSXUDFC/4VjRUT/tIQLqBigo4t8JjYYxvY1atXZcq0eWYLx6OPPBiTgApPCAijEBdef3VQph/P8B6A607p9rLev7844HCUU6fOGg8s/GB37dImFKcvlrI5eeMABogc8DwNPzE3UkD98adZJixBDfU6zaM/xhAr8DLz9ltDs/SaTW4P5tNJgAQSRcDtRA4iBhagcFhd6VIldftvfmPHEPrkjL6AIH4iDtzDwXqwKTjAKU1PhcUhUWvWbjL3YmHJ8RpD/MXK6tkGu4dDEeD57wioRzQ8wLDPx5rr69W922w1Rt5YDDuuAkifXt2MBx12FkzVw2Vgq7FbANv2sV13lG7NxQEL9+uhECVV9D1x4rQsXb5WGmis1qziISaKL/MhARsE3I5blGXW7MWyYuV6eerJ3lIsTCjAQWzOvOjgwaMy/OuJ0loPyUTsvws6bmfPXqQLsflCsYljzQviJV72W+pcBLHmb9y4qTZho4kN/9yzA0yc1U91e31XHZ+YizgJc7VPh402h3W2b99ScqvNgCfpzp175cUXn8wgykJoXbR4pZlvwTaEp/RDskaYOMjOoS34HvEBEUYAMZvbtc0YygP2J3yrP0QQzL+wuJNP879fD89D+Ccuytjo3cyTBOIn4NZGfqwLMfn1cKeWLRpKmdKIAZ1LDh46ou9FS80CDA7pdRJsy7Vr18ycZrXGdcbhc3jvcwRTiLF4n6ylseEb1r9HihcvKic1zNqcuRpWqGSJ0MJxLLYOMaQn666Bjh1aqR0tbd7TVq3aaA4yrqxzq/z58goWjFHOng91Dh0kHKstj584c4iVgNu+mV3+FFBjpc/rSMAlgVQSUHGAyBz9kXECdWeFbKoKpJjEt2yRvs0dcUSxvQw/mngJf+D+9uak6AdVUIVXKrabjZswVd54bVAmDyzcD2+I//nfYVJbva76q+iaXcIhU/jBcxKEBUzK09IqGvETokN4ul3ZnGs3bNgmM/RAqaHqSYsfbSfBs2uiCg/wMEVCfB6IHvDEgHhboXxZ6aKibeRzXXY33kYCJOBhAm4nchBElqkIue23XUaQhM2DgAkBBJ5c+NtJEGvwH7zbYdtq1qhi4kI7LxkQP2CDEKKkrooZVatUlE2btmfYbout/ot+XWlOlW2unmQ4aAYvJ5N0AWrPnoPGwx62Lo8Kpj/+ONPEY4X9RHxFxGiFjYVgg5eQEmoPG6goBK+zaPEQPdxcLBoJGAJuxy1e1BFiA2MiMmHuEX740i7d3j9H4wcfVm+pAioaYqspxpMjUMaaF56F8b9u3RY5cfKU8ZpCGIDOGm8U/yK+PIRMxCfFd5HzHcT027V7n/m4is6LunVr97uwcetKxFpu1KhO1PilqzTG8maNsfzUExkPvsJhdfMXLI/ao7Aw5HjDIswBFmEiE8qKkAORgi27KAmQQPIJuLWRmCNgoWbrtp3mwDwkHDiJUGjNmzcIvfM5h2RGs6Xw0ncOEkYs+MWLVxkbduHCJZ0DFdLQKLWkQ/tWGeYfeLfLztad0AWfkbrDpk/vbqHDrDCnWb58ndroY2aRuIyeX9Fa5zWNGtbJ0AC3s+XJb63UKoHbvpkdJQqoqdWHWNskEEglATUJeM0j8WL//ocj9SCVvlJFxQAmEiABEvAiARsTOS/Wk2UigSARCNK4hdc5vErDt+8nsq2wQA4Prcjt+4l8BvMiARLwFoFE2MjNECh18XbQwL7eqhxL42sCieibkQAooPq6S7DwfiBAAdV+K+HUZ8QXe17j2zCRAAmQgFcJ2JjIebWuLBcJBIUAx21QWpL1IAESsEEgETZyt+5iXLV6g/R7uLuNIjLPFCWQiL5JATVFOw+rnTwCFFDtsx+pJ7pimyliazGRAAmQgFcJ2JjIebWuLBcJBIUAx21QWpL1IAESsEGANtIGVeaZCAI2+iY9UBPRMsyDBLIhQAGV3YMESIAESAAEbEzkSJYESMAuAY5bu3yZOwmQgL8J0Eb6u/2CXHobfZMCapB7DOvmCQIUUD3RDCwECZAACSSdgI2JXNIrxQKQQMAJcNwGvIFZPRIggbgI0EbGhY83WyRgo29SQLXYYMyaBECAAir7AQmQAAmQAAjYmMiRLAmQgF0CHLd2+TJ3EiABfxOgjfR3+wW59Db6JgXUIPcY1s0TBCigeqIZWAgSIAESSDoBGxO5pFeKBSCBgBPguA14A7N6JEACcRGgjYwLH2+2SMBG36SAarHBmDUJgAAFVPYDEiABEiABELAxkSNZEiABuwQ4bu3yZe4kQAL+JkAb6e/2C3LpbfRNCqhB7jGsmycIUED1RDOwECRAAiSQdAI2JnJJrxQLQAIBJ8BxG/AGZvVIgATiIkAbGRc+3myRgI2+SQHVYoMxaxIAAQqo7AckQAIkQAIgYGMiR7IkQAJ2CXDc2uXL3EmABPxNgDbS3+0X5NLb6JsUUIPcY1g3TxCggOqJZmAhSIAESCDpBGxM5JJeKRaABAJOgOM24A3M6pEACcRFgDYyLny82SIBG32TAqrFBmPWJAACFFDZD0iABEiABEDAxkSOZEmABOwS4Li1y5e5kwAJ+JsAbaS/2y/IpbfRNymgBrnHsG6eIEAB1RPNwEKQAAmQQNIJ2JjIJb1SLAAJBJwAx23AG5jVIwESiIsAbWRc+HizRQI2+iYFVIsNxqxJAAQooLIfkAAJkAAJgICNiRzJkgAJ2CXAcWuXL3MnARLwNwHaSH+3X5BLb6NvUkANco9h3TxBgAKqJ5qBhSABEiCBpBOwMZFLeqVYABIIOAGO24A3MKtHAiQQFwHayLjw8WaLBGz0TQqoFhuMWZMACFBAZT8gARIgARIAARsTOZIlARKwS4Dj1i5f5k4CJOBvArSR/m6/IJfeRt+kgBrkHsO6eYIABVRPNAMLQQIkQAJJJ2BjIpf0SrEAJBBwAhy3AW9gVo8ESCAuArSRceHjzRYJ2OibFFAtNhizJgEQoIDKfkACJEACJAACNiZyJEsCJGCXAMetXb7MnQRIwN8EaCP93X5BLr2NvkkBNcg9hnXzBAEKqJ5oBhaCBEiABJJOwMZELumVYgFIIOAEOG4D3sCsHgmQQFwEaCPjwsebLRKw0TcpoFpsMGZNAiDgVwGVrUcCJEACJEACJEACJEACJEACJEACJEACfiSQVrF4QotNATWhOJkZCWQm4FcBNdHGhn2DBEiABFKdgI2V8FRnyvqTgG0CHLe2CTN/EiABPxOgjfRz6wW77Db6JgXUYPcZ1s4DBCigeqARWAQSIAES8AABGxM5D1SLRSCBQBPguA1087JyJEACcRKgjYwTIG+3RsBG36SAaq25mDEJpBOggMqeQAIkQAIkAAI2JnIkSwIkYJcAx61dvsydBEjA3wRoI/3dfkEuvY2+SQE1yD2GdfMEAQqonmgGFoIESIAEkk7AxkQu6ZViAUgg4AQ4bgPewKweCZBAXARoI+PCx5stErDRNymgWmwwZk0CIEABlf2ABEiABEgABGxM5EiWBEjALgGOW7t8mTsJkIC/CdBG+rv9glx6G32TAmqQewzr5gkCFFA90QwsBAmQAAkknYCNiVzSK8UCkEDACXDcBryBWT0SIIG4CNBGxoWPN1skYKNvUkC12GDMmgRAgAIq+wEJkAAJkAAI2JjIkSwJkIBdAhy3dvkydxIgAX8ToI30d/sFufQ2+iYF1CD3GNbNEwQooHqiGVgIEiABEkg6ARsTuaRXigUggYAT4LgNeAOzeiRAAnERoI2MCx9vtkjARt+kgGqxwZg1CYAABVT2AxIgARIgARCwMZEjWRIgAbsEOG7t8mXuJEAC/iZAG+nv9gty6W30TQqoQe4xrJsnCFBA9UQzsBAkQAIkkHQCNiZySa8UC0ACASfAcRvwBmb1SIAE4iJAGxkXPt5skYCNvkkB1WKDMWsSAAEKqOwHJEACJEACIGBjIkeyJEACdglw3Nrly9xJgAT8TYA20t/tF+TS2+ibFFCD3GNYN08QoIDqiWZgIUiABEgg6QRsTOSSXikWgAQCToDjNuANzOqRAAnERYA2Mi58vNkiARt9M0cE1N5/2nHTIhdmTQKeJjD2v9K0fLkkVy6RmzdvDQXnb/yb/rdeIOl/p//nVCvys1vf47rLV3NJWsXiCWVgw9gktIDMjARIgAR8SIC21YeNxiKnPAGO25TvAgRAAiSQDQHaSHYPrxKw0TcpoHq1tVmuwBCggBqYpmRFSIAESCAuAjYmcnEViDeTAAnclgDH7W0R8QISIIEUJkAbmcKN7/Gq2+ibFFA93ugsnv8JUED1fxuyBiRAAiSQCAI2JnKJKBfzIAESyJoAxy17BwmQAAnQRrIP+I+Ajd9vCqj+6wcssc8IUED1WYOxuCRAAiRgiYCNiZylojJbEiCB3wlw3LIrkAAJkIBdAfXixUty+MhxqV6tMlGTQMII2Pj9poCasOZhRiQQnQAFVPYMEiABEiABELAxkSNZEiABuwQ4bu3yZe4kQAL+JpAIG7llyw5ZvmKdDHy6r79hsPSeIpCIvhlZIQqonmpiFiaIBCigBrFVWScSIAESuHMCNiZyd14K3kECJHAnBII8bqdOmydV0ipKgwb33AmSmK8d9vlYeXxATylWrEjM9/BCEiABfxFIhI3cvHm7CqjrZdBACqj+an1vlzYRfZMCqrfbmKULIIFUE1APHz4mY8b9LG+8Nljuuusu37To/v2H5PsfZ8pLLzwpefPmyVTur0d+L/Xq3S0tWzTK9N3uPQdk+oz58uLzT5jvvvhynNSsWVU6d7pXbt68Ke998LU8+XgvKVeutG94sKAkQAKJJ+B2Igcb8+3on+TGjRuhQhUsWEDKly8jjRvVkYYNaie+sMyRBEjAEHA7bnHvgQOHZcHCFbJ330G5du2alCpVQlq3aiJNGtfNQHfP3gMyZ+4SwRwqT548Uvue6tK1azspWCB/6LpY8rp69ZqsWr1B1m/YJidPnpbr129IubKlpF3b5lK7do0Mz4Q9+ee/vpRnBj8iZcuUktOnz8qsXxbLrl379L7rkpZWQbppGcqVvTV3eUevv6BbbaOlbl3byr2tm94q78EjMnbcZPnDm0O07tdlydI1sn79Fjmlz8mfP5/UqJEm3bq0laJFM4qrq1ZvlKXL1sipU2ekSJHCyqqe3NeuueTKlYs9kgRIwIME4rGRv23fbWzkoUNHzRynRIliUq/u3TrmW0i+fHlNbc+ePS+/LlktO3fuVftxxtjItMoVpHPnezPYp6+GT5ADanciU/16taRf3+6hj2OxdZF5wIbNnbdENmz8TS5evChlSpeU9ve1lDp1at6xLfdgEwa2SPH0zayg0AM1sN2FFfMKgVQTUHfqxBsv+n/50wuhHz6vtEV25bhy5aq88+5X0vOhTpnECPyof/HVePPi88pLT2XK5vsfZ0huFYv79O5mvluxcr35Ya2mcXzwg/vf//OpPPVkH6lRPc0PKFhGEiABSwTcTuTWb9gqk6fMlZdffNKU7MaNm3L+/AXZoS8TEBpgax595EFfLVpZQsxsSSDhBNyOWwgD330/3Sy8Vq+WJnnz5ZFNm36TZcvXyeOP9ZRataqZsh5S0XT4iAnSqmVjM/+AQDlbhUzMK4Y8099cE2te8xcsU9H2iPEoxZwFQijE1FWrNsgLzz2eYSF3+449uvi7QF59+WmB8PrpsNG/iwIt1Jbk1nKuNc996YUnjJCJdP78Rbly5UoGxkc0buGE76bJ4EH9jDerk36Z86sKDZd0XtVZvlRhA6lVy0amXBAw8H0BFYife/ax0D2YP6Hu3e9vL5Url5ejR06YBeomTepJl85tEt62zJAESCB+Am5tJOYwo8dMMjayUcPaZmHl2PGTsmjxKuO13r/fA6ZwY8b+LIULF5I6ughUtGhhOX/hovz66ypz7ZuvPxOa+7z/4ddmwQULy+EJC86OGBurrU1dymUAACAASURBVIukMlFtORa4ut9/nxQvVlS2/bZLBdWlMuCxh6TW3bHb8vhpM4c7IeC2b2b3DAqod9ICvJYEXBCggOoCWpJu+UE9UC9euqTeor0zlGDGzAU62T+nYsUeGTzwEalYsWzoe0d4fVx/QKtHEUgpoCapMflYEvAgAbcTOQioU6bOlX/784uZagXx4qsRE6VD+5bStk0zD9aaRSIBfxNwO27hcXpZF2cLFyqYAcCXw8dL+XJljLCINH7iVIFv5aP9e4Sug8fVBx+NlMce7WFezmPNKyvSf/v7J9K7V1dpUP/WVn3YFAiYECYh6i7+daW89sog9e7KbbLBDpphX4yVmjWqqidq2ywbEeIG0hO60yY8ffzJN9K9e3u5W3fknDlzLtM2foiz8FB9641njECL5/1LF7Lbqy0L3+2Drb3YIfT2W8+a8jKRAAl4i4BbGzluwhRTkQGPPpSpQrB58DTNKmHn4PCvv1P7MUTtRyFzGQTUNvc2jbpb0MnHja3DPAu2MHIRatr0+bJfdxk4i0Cx2HJvtVzwS+O2b2ZHhgJq8PsNa5hkAqkuoGI7Bn6sNm7aJseOnZTcuXObrWkPPtAxtFX+h59mSuVK5eX48VPqKbHVrCTCEwOeClOnz5Nt23YZT4yW+hlEAidhFRFb3pA3hMoKup21a5d2IYETP74zZy2SzRqYHEJnmdIl9Ie1mdSvXytqr9ixY68JP/CWbjdzXnhQ/nffHyF9+9wva9ZukkL6IvSAvhA4aZ1uR0MZELLA2V4Gj5MaNapIU/WYyEpAhWcHuJw9e85sX8Nqads2zZXPXeYlYuGiFbJ6zSY5d+6ClCxZzGyLQ35OmqjeHngGtuitXbfF1K9a1UrSq1cXKaKrtEwkQALeI+B2IpedgIpawosM3hCvvzooVGl4cjk2pmTJ4tJWbZ8T5xBe9d//MEP69OkmM2YuNF4VhQsXNNvRYGdgg959f7g8MaCXVKhwa8HICCoa0xCe+pV1+9ztbDAOhDh06JhUqVJRt+gtlxLFi/KACO91S5boNgTcjtussv1Gd+lgW/393e4zY+0f//xcevbonGluMnLUDxqmo7Txxowlr2jXXLx0WZaplzq8UIcOeVTgiYVkxvh7w2WAxietVLGcETLh2fVQj04ZsoFH65atO41wEC0h9ADK+bx+Xz4sTNHRYydkhIobf/zD0Cw94/ftOyQjRn4nf/7j88bz7ODBo+qpOt7MwcLnMfCi/fs/hhlvtMgwBOy8JEACySfg1kZi8QWeppF253Y1ggc7xMtcd+XKIL7GIqC6sXUIH4B3sshdiAivNOqbH+RPbz9nbFg8tvx2deb37gi47ZvZPY0Cqru24F0kEDOBVBdQ4UUx65dF0rB+bfMiju1cE9TbAiJmxw6tDUdMvhEf7MHuHaSuxhndvXu/2faGbV5YScSEedfOfeqBMMPE6kLcG6Rvx/wkefPkVTG2g1l93Khb4/CD6mw3wzawXZrXI30fMN9joo/tc/DCiJZMvFIVS9tprC3H+wEeEpOnzDFbRLDdbdLPv5h4Xo5YinAFqFf41jLE4EFsr04d740qoCJPeLviYIWKFcqZLSgrVexAjDLE/sGWkDVrN8vDvbtKWY09tnvPflMG5AdRGQnPwLa/jh1aSWONpZbOdZp5EXpYRREmEiAB7xFwO5G7nYCK02uxhRZiBQSShYtWChZ3HtGYX4iTCoF09NhJ0uuhLmbbMGwZXlyw3RaeZRBY8XKALbWv6HbeUvr/EHkgYoTbEwgpk36ebTw+ECv6djYY+UFEhR1r17aZeZ4j4HivdVgiEohOwO24jZYbtsDjJR9b+DFPwP//672vjAdT+GIF7v158i9mqyqujSWv8GsgXiIWIBaBsfD71BO9jS1w0t69B82cCnMbpE8+/VaaNq2XIYYpPl+3fqvOq+aZsEzR0nD1fse8pe/D92f4Ggsmx0+cMovPWSUs3qCMQ3Reh4Q5HOoczdP+w49HSYvmDbV8TdhNSYAEPEbArY2EfcH7DeYh9TROaaS3fng18Z4DOwCHEbyvVdT3nac1PBqESyfBtt6jTjoQWLFAA2/6e2pVN+9ojve6G1s3RQ/bO6te9HhvC0/wrMczYb/hDOPWlnusOQNVHLd9MzsIFFAD1UVYGS8SSHUBNVqbwKNh9+4DoZMWIaDC8xJxQp30kW79QhxRxJZxErazYQINUXWPrvrBW/QPbz6bIdYqvFnhiQqPTWwNgRCAQxBiTbNmLxK8WDyrnhpI36mXVnFdHe2qBx043qh9VNjElrRzGoMQgisOjypTpmToEbcTUJcuW2s8bcPjfjk3w6Prf9/5wogWCKLupMUa6wexDiFcQLzFMwoUzJ8h3ABWSOF1Fu6FFmu9eR0JkIB9Am4ncrcTUB0viFdfHmgWi95590ud6PcyXulOgkC6VQVQvAA4AuqzGl+xknr/O+l//neYeth3MB7x8PxHzC9sr3VEz2++/dGIMLCpsdhgCKiwSfDQ59Zb+/2LT7BDwO24jSwNXvrh/YR/n1RBEwm7SDDfwQGW4fMIfDdNY39iZw5EgljyCr/mggqvFy9eVgH2gqxZs1l26KLJUH3Jh7cXEsRLlMPZUYOdNjioCXOs8IQdPFjQ/s9/fyVTGWBPYCPglQURNTx9rttdox2w4lyDBe1vR0+SgU89bA6rQoKNmqM2421dCIpMnw0bYxbecbAMEwmQgLcIxGMjEaID70XYCg8v+GpVK5tY0FhgikwQRvGehIOkFurBU/BAHTywX8ipBe+J2LmHOKUV1bkFB9HNVpuCfJ8ZlL5Q48bW4d0SB/I5MVmdckHUNQfxad7YxePGlnurJYNXmnj6ZlY0ckZA/eOOm8FrDtaIBGIjMPb/4Acglxr39C1TTnL+xr/pfyMCVvrf6f+Froz47Nb3uO7y1VySVrF4bIWJ8ap4jE20Q6RW6uEFW7bukDMaRxQJXgnwtHAExGjb1CAQ4mCUcM9OHOSElURs44egiJdzeKmGp0u6XQ3b//EiAAEAHhZYjayaVsnkV1q38WeXDmucG0z8cagCvDawmggx1TmFFvFQL1y4ZLwtcKLsho3bMgmhtxNQMQHANXhZqqlCLLa3IoQBhFF4in3+5TgjDOPH2ElOrB94i2AiEI3P2nWbZdbsxcYLjYkESMB7BNza1tsJqBA5ENYDY/+kvjDAPkDQQDgUJ8FrA1tsEafQEVD/+peXQvEOcR08KbDVv0WLhuZ3B94eLfVvLEjBbn/62WiNkThQiutW/FhsMGw0fhOiLRZ5r3VYIhKITsDtuI3MDd7bEAnwsu0sSpw7d9680A8d8liG+Oq4F96YmNOEx0Z18oyWV3bth/lTdZ0DYTEYCUIDduM4iyx48W/WtL5ZoA5P8BDDvAdbVMMT7ANEzarVKkkPDckUnjDH+URtBewRPNUjE3bPYDGmU8fWGQTbDRpmYPLUOVl6oLZu1Tjb2IbsvyRAAskhkAgbiTnKocNHdbFnr3m/grd55073ZlkhhCdBzGQnTjQuxC4ZCKfOQhE+26exUuGR73j536mtQx7wkoUwm5UH6gvPPy6FdPePG1uenBZLnacmom9G0qKAmjr9hzVNEoFUF1BXrFgv83UrF37gsL0cL/TwlMRWrXABFQczhXuKhouQTtOlC6jVVEBtZV7esR3/uaEDsm1ZvJxs1x/jfRoiYKsKqjVrVsl2SxkyQ4y/OnVqGqES20/DY38hduCIkd+bwwy+HvW9emrVDW2rdwpyOwEV12GisFNPn0Togt+27zExXgfpCbYnVKTAlrg3Xx9stoM4Cc9F/eHJhYlBND5GQNWYr3+MeNFJUtfnY0mABCIIuJ3I3U5Ahafab7/tNt7nB1SgwaFS2HLrnDob2RCOgPoff305g8gaGT9sydLVggUweLYizuoZjdn82O8H3cRigyGgIiSL49HPDkECfiTgdtyG1xUHNmEsDFJvKefAE3wPIRLxPXv17JzhgCd897XONeAhHnmAU1Z5Zcf2p0mz5fLlK2YuhvnEt3ryNeYxTjgihPjAydKRsQjnzV9q5iiRiyAIMzRd7c6ruqASGXcd4gd28uBZkQmHsSBmYDv1JI3cju/YrvBDYXA/YsnDOz5cKPFjP2KZSSCoBBJhI8PZrFq90dgXhPMIXwiO5Ic5C+wIHGeySrCx//dvH5u5C0LC3amtQ76Y76xBDFR1rglPCBOHUG5YYMJ8605teVD7g5fqlei+ibpRQPVSC7MsgSSQagIqPAiw1cF5MceqHeKghp/Ois/ggRCPgAqvpnHjJ6tgMDiDp2Z2nejkyTO6vWKU8aCK3G4Wfh8EXvx4F9VTYeG9GjnJ/+Szb6VO7ZpGCMb2VniqhqdwcRPb/v////7ExDBD7MFoyfH0wna3uircYvtt5Gm52L6PH3B4piJRQA2kuWClAk7A7UQuOwH16NETKphOMAtL8B7D4gxsCGI/w35FS7EKqPB+e++D9EP0flLvOZyUW/X3sACx2GAKqAHv0ClSPbfj1sGDBQ5socdWU5w2H5nGjZ9itqI6ixP4HgdMfvDRKDN3qlH91lbW2+WFmKnR4ghiZwu2yiPW/Nx5S4w3Va+eXUJFwRwDc5rXXhkU8ko3Xqafj9H5Tg0Tg91JEDThxdW4Ue0Mnzvfw9urWbMG0qhh7QxVRbx37DjCnKptm2aZOGC+BI+y9mrLnHjvuAgL7k78+fB4hynS/VhNEvA8Abc20jlIN7KCiOH+8+Q58te/pAuoCJkWuVCDMCXw+Oynsd7x7oSEmKTh3qf4DIs2w3RnIZxhyukunDuxdU658M76hdpQJw/nc8RGPar543wOpDux5Z5v1IAU0G3fzK76FFAD0jlYDe8SSBUBFT9kR/RFfqr+mOBHbtDAvqZRHC8FxPvCNnVMhHFqPUTHeARUTOxH6RYwxKS5//dDUE6cOC1L9XT7BhqIHB6kP/40S2rdXU1qqNdpnty5TXwtvDi8/dbQDNtWI3sPXixwAjVSpCcEPsMBLcgHgmi0wx0ixU1sey1Rsph01xN3i6mHB15SEPO1gcbzAof9+w+beK6IAYsDshCHFUJ0T/VIgdcuPDkm6VY+nNjbRA+MQqKA6t0xz5KRQFYE3E7kIKBOnjJXXn7xSZP1jRs39fCZC7JDvdjxMgCBpf8jD4a8yebNX2bsHQ7Yg01BnK41azeZFxGERYlVQMWz4O2GBSW8eIR748digymgciwEgYDbcYu6I6wO4gA/9WRvKRa2qwRzAEdMxenzw7+eKNiijth/F3S8ztZ5QL58+UJzqVjzgngJT9OWeuBkubKljK1YvWajbNI4g889O8CEDsKcpKvOmzA/chIWXj4dNlrKlimlAmZLsysGnqTYKfOi2p1wURZzmEWLVxqP90hBM/2QrBFmsTc87jFivWIXTX2dn+HAzPCEeZCz1X/Z8nU6R/xVYxi2N7YL4gdEY4QSwSIREwmQgPcIuLWRH+tCTP4C+c34xrkXCGd38NARc5guFmDw3gN7hneyqlUqmUNzSxQvZmI7L1iw3IQ4eUHPocBhURBjEXaoloZ6a1j/HhNqCCGNYE9KlSwRcuSJxdbhnXayzn1wUK8Twm28HoB8TN9zu3dvb2z5tt92CeZaT+oiV/XfF7liteXea8Hglsht38yOCAXU4PYX1swjBFJFQEXc0GN62AHiefZ6qLP54XISJttL9D94F9TVyXNVvWbTpu2h7V0QOhETFS8PTsLBBDU0Xhe8GJw0fsJUI1o2bVLPfIRA4viRxYsBfuxK6DMb6MsHvBswGUcsHDwXXg/Xr1/Xw6XKSpcubcyk/HYJXrQQCPo93D3TpfCoxUpkn97dTEiAyIQDF/BjinhiSIi/g1hmCGYOkQPb5ObqtjhsV7t06YqU1FiF96rnmCOO4rl4OYEAgmcVL17EHMbQqGGdW3w03iGe0TyMD+IGzVFhl/EGb9e6/J4EkkPA7UQOh0RhmxhsqJMK6ksH7CbCiDRocE+mCkG0wX/wvEc85Zo1qhg7Au8MbOHFywBCgoQnhCVp3aqJ8Thz0gkVPkZoSIAeD3aUumEH28VigxECZY8uAEUevJAc+nwqCbgj4Hbc4kUdcdQxV4lMWMwIP3wJW0FxgBLisBfQU6Wx1RTxSh2BMta88CyM+3XrtsiJk6d0sTa3CQPQWeON4l+ECYKQifik+C48YY4yU8MA7dq9z3xcJa2idOvW7ndh49aVWMBtpAfNRR44hStWaciPzRrz/qknMh58hcND56vgES1h7hPuDYvQT1gMRyxV2CvMcyJjs7prSd5FAiRgg4BbG4l3NyzUbN220xyYh4SDgJs0rifNmzcILQpDHF2ku/BwtgWcXGAjcYZEV32nC/fqP3rshCxevMrYMJxXUVgdeuCsgsWX8HjMt7N1mPeM1BAqeM9zDrOCbcWiMMLHXb5yRRejSklHzTdyd+HtbLkN/swzawJu+2Z2TCmgsseRgGUCqSKgWsbI7EmABEjA9wRsTOR8D4UVIAGPEwjSuMUuIHiVhguWicSPXUiVdZE6cvt+Ip/BvEiABLxFIBE2crM6wyzXxRNnB6O3asjS+JVAIvpmZN0poPq1N7DcviFAAdU3TcWCkgAJkIBVAjYmclYLzMxJgATMgRFpFYuTBAmQAAmQQBQCibCR2GmzavWGqDv/CJ0E3BJIRN+kgOqWPu8jAZcEKKC6BMfbSIAESCBgBGxM5AKGiNUhAc8R4Lj1XJOwQCRAAh4iQBvpocZgUTIQsNE36YHKTkYClglQQLUMmNmTAAmQgE8I2JjI+aTqLCYJ+JYAx61vm44FJwESyAECtJE5AJmPcEXARt+kgOqqKXgTCcROgAJq7Kx4JQmQAAkEmYCNiVyQebFuJOAFAhy3XmgFloEESMCrBGgjvdoyLJeNvkkBlf2KBCwToIBqGTCzJwESIAGfELAxkfNJ1VlMEvAtAY5b3zYdC04CJJADBGgjcwAyH+GKgI2+SQHVVVPwJhKInQAF1NhZ8UoSIAESCDIBGxO5IPNi3UjACwQ4br3QCiwDCZCAVwnQRnq1ZVguG32TAir7FQlYJkAB1TJgZk8CJEACPiFgYyLnk6qzmCTgWwIct75tOhacBEggBwjQRuYAZD7CFQEbfZMCqqum4E0kEDsBCqixs+KVJEACJBBkAjYmckHmxbqRgBcIcNx6oRVYBhIgAa8SoI30asuwXDb6JgVU9isSsEyAAqplwMyeBEiABHxCwMZEzidVZzFJwLcEOG5923QsOAmQQA4QoI3MAch8hCsCNvomBVRXTcGbSCB2AhRQY2fFK0mABEggyARsTOSCzIt1IwEvEOC49UIrsAwkQAJeJUAb6dWWYbls9E0KqOxXJGCZAAVUy4CZPQmQAAn4hICNiZxPqs5ikoBvCXDc+rbpWHASIIEcIEAbmQOQ+QhXBGz0TQqorpqCN5FA7AQooMbOileSAAmQQJAJ2JjIBZkX60YCXiDAceuFVmAZSIAEvEqANtKrLcNy2eibFFDZr0jAMgEKqJYBM3sSIAES8AkBGxM5n1SdxSQB3xLguPVt07HgJEACOUCANjIHIPMRrgjY6JsUUF01BW8igdgJUECNnRWvJAESIIEgE7AxkQsyL9aNBLxAgOPWC63AMpAACXiVAG2kV1uG5bLRNymgsl+RgGUCFFAtA2b2JEACJOATAjYmcj6pOotJAr4lwHHr26ZjwUmABHKAAG1kDkDmI1wRsNE3KaC6agreRAKxE6CAGjsrXkkCJEACQSZgYyIXZF6sGwl4gQDHrRdagWUgARLwKgHaSK+2DMtlo29SQGW/IgHLBCigWgbM7EmABEjAJwRsTOR8UnUWkwR8S4Dj1rdNx4KTAAnkAAHayByAzEe4ImCjb1JAddUUvIkEYidAATV2VrySBEiABIJMwMZELsi8WDcS8AIBjlsvtALLQAIk4FUCtJFebRmWy0bfpIDKfkUClgn4VUC1jIXZkwAJkAAJkAAJkAAJkAAJkAAJkAAJkIAVAmkViyc0XwqoCcXJzEggMwG/CqiJNjbsGyRAAiSQ6gRsrISnOlPWnwRsE+C4tU2Y+ZMACfiZAG2kn1sv2GW30TcpoAa7z7B2HiBAAdUDjcAikAAJkIAHCNiYyHmgWiwCCQSaAMdtoJuXlSMBEoiTAG1knAB5uzUCNvomBVRrzcWMSSCdAAVU9gQSIAESIAEQsDGRI1kSIAG7BDhu7fJl7iRAAv4mQBvp7/YLcult9E0KqEHuMaybJwhQQPVEM7AQJEACJJB0AjYmckmvFAtAAgEnwHEb8AZm9UiABOIiQBsZFz7ebJGAjb5JAdVigzFrEgABCqjsByRAAiRAAiBgYyJHsiRAAnYJcNza5cvcSYAE/E2ANtLf7Rfk0tvomxRQg9xjWDdPEKCA6olmYCFIgARIIOkEbEzkkl4pFoAEAk6A4zbgDczqkQAJxEWANjIufLzZIgEbfZMCqsUGY9YkAAIUUNkPSIAESIAEQMDGRI5kSYAE7BLguLXLl7mTAAn4mwBtpL/bL8ilt9E3KaAGucewbp4gQAHVE83AQpAACZBA0gnYmMglvVIsAAkEnADHbcAbmNUjARKIiwBtZFz4eLNFAjb6JgVUiw3GrEkABCigsh+QAAmQAAmAgI2JHMmSAAnYJcBxa5cvcycBEvA3AdpIf7dfkEtvo29SQA1yj2HdPEGAAqonmoGFIAESIIGkE7AxkUt6pVgAEgg4AY7bgDcwq0cCJBAXAdrIuPDxZosEbPRNCqgWG4xZkwAIUEBlPyABEiABEgABGxM5kiUBErBLgOPWLl/mTgIk4G8CtJH+br8gl95G36SAGuQew7p5ggAFVE80AwtBAiRAAkknYGMil/RKsQAkEHACHLcBb2BWjwRIIC4CtJFx4ePNFgnY6JsUUC02GLMmARCggMp+QAIkQAIkAAI2JnIkSwIkYJcAx61dvsydBEjA3wRoI/3dfkEuvY2+SQE1yD2GdfMEAQqonmgGFoIESIAEkk7AxkQu6ZViAUgg4AQ4bgPewKweCZBAXARoI+PCx5stErDRNymgWmwwZk0CIEABlf2ABEiABEgABGxM5EiWBEjALgGOW7t8mTsJkIC/CdBG+rv9glx6G32TAmqQewzr5gkCFFA90QwsBAmQAAkknYCNiVzSK8UCkEDACXDcBryBWT0SIIG4CCTCRl68eEkOHzku1atVjqssvJkEwgkkom9GEqWAyj5GApYJUEC1DJjZkwAJkIBPCNiYyPmk6iwmCfiWAMetb5uOBScBEsgBAomwkVu27JDlK9bJwKf75kCJ+YhUIZCIvkkBNVV6C+vpGQIUUD3TFCwICZAACSSVgI2JXFIrxIeTQAoQCPK4nTptnlRJqygNGtxjpSWHfT5WHh/QU4oVK2Ilf2ZKAiSQfAKJsJGbN29XAXW9DBpIATX5LRqcEiSib1JADU5/YE18QiCVBdQpOjE/dvSEDB7Uz3Ot9e3on6SabhNp17Z5lmX7bftumTxljrz1xpC4y3/27Dk5cPCo1KldI5TXmTPn5Isvx0nvXl2lVq1qcT+DGZAACXibQDwTuWPHT8rCRStk375DcvbseSlcuJDUrJGmNqyFlCxZzGrFYS937toXekaePLlVECkqNfT5bVo3leLFi4a+26xeJBBlXnzhCSlcqKDVcjFzEsgJAvGM2wMHDsuChStk776Dcu3aNSlVqoS0btVEmjSum6Hoe/YekDlzl8jhw8ckT548Uvue6tK1azspWCB/6LpY8rp69ZqsWr1B1m/YJidPnpbr129IubKlzFyndtj8A5neuHFD/vmvL+WZwY9I2TKl5PTpszLrl8WyS8f69evXJS2tgnTTMpQrWzpUhnf0+gu61TZa6ta1rdyr9sBJBw4ekbHjJssf3hwiuXLlMh/Ddk2fMV/O6L9DhzyaKRvMi2bPWSw7duw1ZcCz27dvKXfXrJoTTc1nkAAJuCAQj43EuxZs5KFDR41NKlGimNSre7fc166F5MuX15QG18CWRCbYlReee1zKqo1D+mr4BH3XOpLpuvr1akm/vt1Dn8di6yIzicX+4p5YbLkLxLzFJYF4+mZWj8yhLfzbb7qsM28jAd8TGPt/qmgdcunkUeTmzVtDwfkb/6b/jcll+t/p/zlVj/zs1ve47vLVXJJWsXhCOSXC2Jw6dUa+GjHReB107NBKat3tLYHw02Gj5dixk/LGa4OjekbgR/wf//xc8DLyH399We666664GK9YuV5+XbJaXn91UCifa9euy6LFK/RFql4GASKuB/FmEiABzxJwa1thq74aMUEF0yrSoP49UlTt6mm1sZvUY2P7jj3y9ltDJW/ePNbq/eHHowQvIM2a1jfPuHL1qhzVxbGVKzfIocNHZcCjD5kFKSSINuvWb5X297WI225aqxAzJoE7IOB23OKl/7vvp0vLFo00rl+a5M2XRzZt+k2WLV8njz/WM7RwekhF0+E6vlu1bCwNG9Q2AuVsFTJz67xjyDP9TUljzWv+gmVy4MAR41EKsRYiJMTUVas2GKGhXLlbYihsx/QZC+TVl582cx3Mi8qULvn72M2t5VxrnvuSLoYUKVLYlOP8+Yty5cqVDPSOaNzCCd9NM4vl8GZ10i9zfhXENez5UGfz0dp1W2TGzAVy+fIVza9QpsVppwyYN3Zo38oswGDhBsJy/34PcKH5DvosLyWBnCTg1kbu2LlXRo+ZZGxko4a1JX/+fILF4kWLV5l3M4z7dNuxWWbOWiTPDx2QoVp33ZVLiha95d3+/odfm3eqxo3qZLiuYMECITE2VlsXnkGs9jcWW56T7cJn2Tm8lQIqexYJWCaQqgLq1OnzJF/evFK+XBn1htjouS0ZeFHA5LxI0cLSt8/9mXrB0mVrZbu+OGDynggBFXF9IKBCsGUiARJITQJuXzIm/fyLLvickGez8NiyvT0WAmrzZg2kSTq1fwAAIABJREFUzb23vMucFvzxp1nqLbZHXtPFIcdbJDVbl7UOKgG34xYep5evXM3kif3l8PFmbuQIi+MnTjVL6I/27xFCCE/NDz4aKY892sMsQMeaV1Zt8Le/f2J2u2ABxklTps6VAurh2qVzGyPqLv51pbz2yiD1gM1tLsEi/bAvxurCTVX1RG2bZfOOGfuz+e6Jx3tluObjT76R7t3bh7xHf/hxpvEsO6WerkuXrck0H8KCEHb9wGMVXrhOWrhopS7KbJFXXnoqqF2M9SIBXxNwayPHTZhi6o1F2MgEm+fYAQios1RA/ePbz2XLCQIq5ikQZLNKbmxdrPY3Flvu64b2YeHd9s3sqkoB1YcdgUX2F4FUFFDhPfGB/oi99MKTxmvh/Q9GyACNgVWpYrkMjTdRPRZqqEcVPJbgmXBFXzSqVa0kvXp1kSK6PRUplmvOnb8gS5euka3bdukWtDNSSIVR/Hi2bdMsy84CARVbzZapUNrzoU5SqVL50LWXLl2Wz3Vrfa+eXeSbb38MCajwSsUP78ZN24z3au7cuc02uwcf6Bjy/kJ5a+pWM4gd8MJCOVauWm+8NsITXpRwL4QJxAfD9jlsX/n+hxnSp0839dJYaLbyFS5cUL1BWkrTJvVCt8O7d+bsRbJ7937Jqy8Z1apXNtvswAzbUj7SlxaUNTxh+1vky42/RhJLSwL+J+B2Ige7AE+ycIElGg3YECz+7N6zXy5cuCilSpaQLl3ahHYAxGpjIvPOTkA9r895973hxl7C6wN2a+L309SrbWAom11qq+aqF9mRo8dN6IGG6h13X7uWakPTPfsvqs3Ftt5tasPhdVdPvV0hGi1YuDyDaIwYaQs0jMFx9VApWLCgyadjh9Yhwcf/PYQ18CIBt+M2q7p8oyExsK3+/m73GZESu1169ugs9evXynDLyFE/SPnypaX7/e2zxBKeV7SLMLaWqVgJL1RsmYcnFhKei3HrzM2wPbaoLig/1KNThmzg0bpl607jvRotYbsqyvm8fl8+zLv1qM6BRnz9nfzxD0MzeaLDRkUTUCGSwsvs7beeDW35xzMx74LnKjxlS5ZM7I4rL/Y3lokE/l975+EuVZGt/SIjknNOknMykJNiAFEUFBAFHDGOk67j3PsPfPeOOjNmBUFFUEAQA0GQKCgoOYgEQXKOAoIk/dZbx2p29+k+Z5/dXaf33v3W88yDA7urq35Ve3XVW2utChoBrzYShy84AI61O7H9T6WA6tXWxRuTVNryoI15UNrrdW7m1D8KqEEZfbYzsAQyUUDFgvugbOQRooby5ZIVWlCM3fwjVw3CHRDi30rygSHU66Ppc7XQ2l9ERBQ3zyAMbfv23Vkha7K4PnTomPpw2mw1+P5+EjaXFVYaWyCg4pSyhGzCkVfQhMnhOSzUsTlvKHlJIaQaD1R4hCxYtEy1aNZIVa1a6ff2ztGbHmziTXuxcWjSuL6ICU1UjRpVZfNQQCdGx4bh8UeH6nQOEF8Rwv/cC2PUkMF3qnp1a+pQXCwmEAIHbw9sFNat36wQBve4bBzQN4jTY8dNkVDa5iIAt9Z1I7xtr+RFHCGhfsgHBPH011+zckCcPfuz7gM8T5z5VwP7QrHhJBBgAl4Xctt+2KltIw5KYOcS5RZd/s1aLbQ2FvuDg6T1Yj9g35DHGaFxbmxMPLw5Cah4/i2xSbXl8OvWW7pGvsPYzb17D2p73E8E1oZyaHT+/AUtsMLOoz8ob787TdvE227tJja5mD5Qw6EYUqf8WcQUFORlnCz28dY+XXUux5MnflKzPl+kKkjI8UCH516Apweb7lMCXt/beN3BYSq8pLA+Qg5h/P+XXnlXPTxioF5XOMus2YsUDijMWiq2vti6nP8O8RK5ALEegC0YIuuhKlUqRh7Be/nJZ/PU0089pP9u9JhJqk2bplE5TPH3OAieKxFFz/ztkbijM15SNSFn4V39oyN5cPhx/MSphBE+8QRUHIa/IYfKTZs0UD2636DXYbt279NrSKQMMcx8Ok3YLBLIWAJebSTsC7zOsefBwWmitY0J4e/cqZ1ENW4Wu3lOUpSU0XlSGzW8ercEbCvWGXAmQb54eNM3bFBXe9nD2z4ZW5eb/U3GlmfsxMmHjnudmzk1jQJqPgwcvyKzCWSagIrcMvgBw2Ia+fpQTCjao6MGaxHQFIijxWWzPPi+fpG/Q5g78oWaXKFunok3w+ARUadOdZ1HK14xAipEzvcmfqw6tGuphdAT4g37/gefqsdGDdGesU4BNV49EIt37z4QSVGA9kIIiL04K14IfyIBFUKo0yP2hX+PVX1EmIB319KvVmnP09hbKl+Bl6+EwDg3YPAwwelohQpl1W3iJctCAiSQXgLJLOSQgwv2EcIHPDZq1KiiNwbITWouaIntHcSTfz4/Rg0d0l979xsBNScbE49QbgIq7C3ahIMv8x1GQJ0o9hTf7bTFxrZClMFlMVOmztLhvPCAMwVeIgdFADIC6oSJn6hKlctH2TIIRLC5+G1B7kYWErBBIJn31tke/CZjXuNPHPCi4F1A1AgidipWjJ7Dc8Ur+/jxU2qoHLLGlnh1OZ+BBzoOK34+d04OUrboNBsjRaQ16T4Q5YI6+kiIPcrLr74nYkQ71b5di6ivwqVwyOP6P/94PFsbtoln6nT5N4TWQ0R1lnES+o/oGRzmxJZEHqh4bveeA1pQARcUXA7TX9IsvSOHLPcOuFWLIywkQAL+IpCMjURkCWzCfrlwD2uAOrVr6FzQOGAyBYeqM2ct1H+PQ2SIod+J+Ir94pD7xQnl92eR9uTs2XPitd9ZVZMDKUTsLRQnFNT70LABnm2dG/vr1Zb7ayTD15pk5mYiGhRQwzdP2COfEcg0ARVC4SoJt4LHpLMgtB2hY84wDWx8cfEITgav/khKnpuFy3XYF4qbZ3AhATyv9sjCG5sGuHieEM8HhOgnytvlFFBxSglPDHiHfvzpF/qyh+s7tNShqLEC6hq5iGHrth/V6Z/O6vbBwwKiJbxHTHtr1YIHaZZnlSl5EVCffebRqJBUCNIdb2yr2rdvoT1UIVDgcghnQb/h4QuhwpRly9eo77/frkNgTU4zn70ebA4JZBSBVCzkcEh1VELh4XW+TvJLFy1WRA0berdOIwJ79K2IrAjVvyjPocAWIk0IQuKNuJmTjYk3ILkJqG+NFQ9UObCK54H6f8+N1l5wTpulL0CU0OKnRDRFipN14lHyWEx+Q9jMr+VmXiOgIswZvx8QjJ0FAnHfO3rojRULCdggkIr3Fu2CAACRABt5E0qPKBGIlyOHD1TVqmX3QEVKoXipO+LVlVPf4eWNiJxePbNymUJoQGSKWTNAxMUlcbF5juEhhqicv8XkHsQ7bN772ANaeH+NfmuyXsfFu9wuJwHV9MGkPUIaIzD494tvZ7ukysZYs04SIIG8E0iFjUQaN1xKiUPVbyUCBVF2PbrfqBsDO4m9WhPJoewsk8RJpJB4mRovfaQbgXDqzAu/b/8hnU7EePnn1dbFo5FKW5532vxEXgikYm7Gfh8F1LyMAJ8lAQ8EMklAxYIaG20snmMXzdj0w0sKoaRYEKNAHMWpYfduWT+QKLF5btw8A3EWoV939u0tYe9ZXhAQGuHNEStkmu9xCqj4O4SYXpGQeggQyN2H3HyxAupqCcNfKmFpuNQB4acIL4VH2Pdyq65TQI0VhVF/XgTU2EurnEnRJ384UzytkDstWqCNnZoHZJM2SW62RGoCemZ5eHH5ERKwQCDVCzkcHiH8t+/tPSX87TrJNz1BNW5SX3UVzy+E7aI898JbkRusY71DTRdzu3jBTQ7UfpK7umWLxtk8UJGmZIDcpAtv2XgFBz24aNBEHZhn1qzZJB73KyMCaiKh9Pl/vSWh/931Db4sJGCDQCreW1zYlBU9cre+gd4UrJue/9dYfQjgvOAJ/w6va0SjxB4EJ6orp77PmLlQwV5g/YIDFqwPnLlGsbYoU7pUtlyES5auUNt37Imsccx3rN+wRectfuLxByI5682/QfyApzy+K15xI6A6Pwe7Bc9diLhIRcJCAiTgLwKpsJHOHmFNAPvy9/8alS2HsvO5JUtXyv0XiXM041nY2P/955s61Q/S/+TV1sWSTqUt99cohrM1qZ6boEQBNZxzhb3yEYFMElAhJM6YuUBycd4b9zZmLNjhPWROFN2Io26eeWP0+3LJUrOoS6NwwohLmtwKqMivhTx+8MhAqDxKrICKsDKkI3BexoS/Qx7X3ARU5DJduGh5lBdHohD+nATUL5d8q3ZgMzNyUMJZjk0SPGc7dWwXdfmUj14LNoUEMpKA14UcDnaQ/iQ2VB8eG/956R0RPbpJHuVaCqk84HFuLuwz3m3wzmggOZ1tCKjwxIDAAgEUB2ex3wHPj+rVK+sLc+IV83zsBTHTPpqj9ovniPFAfVdyLeKSGmcUA2zv22LrGMKfka9TvnXa63trGohQfITQP6jF06tpKsy/T532uSog+cyduXzPnDkrXqLv6/UGcqS7rQs5U+PlEcSaoGbNqtpLHOsIhLni4jdTkJMUB8JPPj4sErGivUxlXYT86c6DbqxdsMZq1bJR1N+buvDOt23bPOGhRiIBFfbsjHiaVXBE2KANWDsWltRI8KRnIQES8B8BrzYSdq5UqZLZOoQL5WbNXqyefSZLQEWUXdGiRbNF0+HWexRjO0+fPhvlfYp/O3LkuBorKUVwEV5lWUPkxdbFNiyVttx/oxjOFnmdmznRoIAazrnCXvmIQCYJqLEhYrHDgFAwnCji0oKiRYukzAP1sxkL1OEjx3QIB7yuFn/5jdosOXXgzeFWQEVbIVI4F+6xAqrxuEDushriFQLBGBc44TtzE1Bx+/TYcR/qdAVNJQQF4XvIlRrvEqmcBFR42qIeiMM3SHjLNcWLK4SnYEFwl+QJQ9jKp5/NV5flIpkBd90SGQIIL4nyJProdWFTSCDUBLwu5CBiYBPRWi7bq1C+nNiPYuqUePojXP+0bECQPxE2FZ6iEEkQUnvp0iX1+dwlOhwOuQOTFVBx+IUQX5SLUjcOnZDSBN5ssL24RAolVkDdKZc/TRUP/x7db9KX60EQ+WH7LhFdd+v81wjvx2+H3K2n+sgFUaVlM4Ubw1ev2ah+k8vwjICKz+AiLXjfN2l8nRxmnVUz5ZKdKpUrRi4dDPXkYefSRsDre4sGIyWRztM3uJ+e26YgysWIqQcPHlXjJ0xXN1zfSqeiwGWRCxcu04KBM9+5m7ogXuIQtYOkIaos+UNxoeS69d/rNdHDIwbpyJwxEl7fSy5tQVoPUyBeIjKnUsXyqkuXDqqQ2Bt4ku7cuVeNkhzDTlEWQis8x3FoEusRmnWx1Xvqz0+PiFzaYr4D/3b58mW1fsNmadMWNfzBAXpdYsJt9+47qCZNnqkPw+vWrSE27LKO3kHoLqJpnOuztE0GfjEJkEA2Al5t5JtyEFNM8pl2kBRlWdFyBeQS4iP64jhElZiD1zlykR1yLiOsv1rVyjpKcJOkKINtxZ0TNeXCXqwJsAZqINEuLWT/V6ZMKXVScqBiT1i+XNmI84sbWwfBdrZEDeCS48qVKuj+urG/bm05p1D+EfA6N3NqIQXU/Bs/flOGEsgUAdXc9o4FuvMiEOewY6M87u2pWtSsX7+WQuh9XfGsaCeeCqZgs79YvCOMIOnmGSzIP5+zRG3ZukMLk8jhhcThONXEj228MmnKDNmstFbX1a+dcGbiJHO8bEaefurByDPYOEC0QF+aiKBQW/Kdbt68IxKqhvYiATrylcYWpABY9s0afesu+owk58hDdv+gvvqiBAgROE3FZSrOMuH9T3Rb4QWCYpKi7xZhAkIpNjzYLGHjBYH1FcmnBpHCWcDFGa6Xoa8ju00CaSXgdSEHQWTlqg1aeDwht8/DAwx2FgIIxAZjc2EbEKqLDQhyjva5uYtasGiZ3FzfTXulurUxsZBwGd0usTem4PAHmxNcFAgbi/82BV6hsINPSmivKfgs0p/g+wsXLqwPoDp3bq//RIHd+mLeV1qsKSiCSnOxZfAUwU3eTnuIC22+XrZaHTt2QoSbYlpQ7tb1Br2ZYiEBWwS8vrfYqCPFBoTA2IIDEeflS7skvH+xXHZyWLylikuYOkJNka/UCJRu68J3QVTYKJeunDh5Sh/UIg1Aj2436D+RExkHFshPin9zFtiP+QuWKdx8j1KrpuRzlwOL2DRAiAxqKZE6sRdO4TNr5VBli+SJx8UuzoJ2vfjyO3FZwMvWrMV27oStWCkXyB3VHu3I29pd8iBSPLU1u1kvCSRPwKuNhFCJgxqE4ePCPJSqVSrKb3tT1a5d84jjB/ZcOLCFZ+rRoydx1YUWUiFwmsNbfPaorA2WL1+rbdi5c79IyrgS4kzTQF9i6Uwtl5utw4XCEyWFyp39eutUc27tL9qQmy1PnjZryAsBr3Mzp++ggJqXEeCzJOCBQKYIqB7Q8CMkQAIkkFEEbCzkwgoQuRf3SB7FYUPvCmsX2a+AEAjTe4vIGRxUOMP3UzkMc8TrvYZ4gzEncSqpsi4S8DeBVNjILeIlv0ocTZxe9/7uNVsXBAKpmJux/aSAGoSRZxsDTYACaqCHj40nARIggZQRsLGQS1nj0ljRZMlx2FDSkiDXY3EJ50NaEnjS9pF8jRRi0jgw/GpNgO8tJwIJkAAJJCaQChu5e88BuVByk7q7/9X0Y2ROAskSSMXcpICa7Cjw8ySQRwIUUPMIjI+TAAmQQEgJ2FjIhQEVNk4rJIzv4MEj6vwvF1TZsqVUh3Yt46ZCCUN/2YdgEeB7G6zxYmtJgATylwBtZP7y5re5J2BjbtID1T1/PkkCnghQQPWEjR8iARIggdARsLGQCx0kdogEfEaA763PBoTNIQES8BUB2khfDQcb4yBgY25SQOUUIwHLBCigWgbM6kmABEggIARsLOQC0nU2kwQCS4DvbWCHjg0nARLIBwK0kfkAmV/hiYCNuUkB1dNQ8EMk4J4ABVT3rPgkCZAACYSZgI2FXJh5sW8k4AcCfG/9MApsAwmQgF8J0Eb6dWTYLhtzkwIq5xUJWCZAAdUyYFZPAiRAAgEhYGMhF5Cus5kkEFgCfG8DO3RsOAmQQD4QoI3MB8j8Ck8EbMxNCqiehoIfIgH3BCigumfFJ0mABEggzARsLOTCzIt9IwE/EOB764dRYBtIgAT8SoA20q8jw3bZmJsUUDmvSMAyAQqolgGzehIgARIICAEbC7mAdJ3NJIHAEuB7G9ihY8NJgATygQBtZD5A5ld4ImBjblJA9TQU/BAJuCdAAdU9Kz5JAiRAAmEmYGMhF2Ze7BsJ+IEA31s/jALbQAIk4FcCtJF+HRm2y8bcpIDKeUUClglQQLUMmNWTAAmQQEAI2FjIBaTrbCYJBJYA39vADh0bTgIkkA8EaCPzATK/whMBG3OTAqqnoeCHSMA9AQqo7lnxSRIgARIIMwEbC7kw82LfSMAPBPje+mEU2AYSIAG/EqCN9OvIsF025iYFVM4rErBMgAKqZcCsngRIgAQCQsDGQi4gXWczSSCwBPjeBnbo2HASIIF8IEAbmQ+Q+RWeCNiYmxRQPQ0FP0QC7glQQHXPik+SAAmQQJgJ2FjIhZkX+0YCfiDA99YPo8A2kAAJ+JUAbaRfR4btsjE3KaByXpGAZQIUUC0DZvUkQAIkEBACNhZyAek6m0kCgSXA9zawQ8eGkwAJ5AMB2sh8gMyv8ETAxtykgOppKPghEnBPgAKqe1Z8kgRIgATCTMDGQi7MvNg3EvADAb63fhgFtoEESMCvBGgj/ToybJeNuUkBlfOKBCwToIBqGTCrJwESIIGAELCxkAtI19lMEggsAb63gR06NpwESCAfCNBG5gNkfoUnAjbmJgVUT0PBD5GAewIUUN2z4pMkQAIkEGYCNhZyYebFvpGAHwjwvfXDKLANJEACfiVAG+nXkWG7bMxNCqicVyRgmQAFVMuAWT0JkAAJBISAjYVcQLrOZpJAYAnwvQ3s0LHhJEAC+UCANjIfIPMrPBGwMTcpoHoaCn6IBNwTCKqA6r6HfJIESIAESIAESIAESIAESIAESIAESIAE/EOgZrUyKW0MBdSU4mRlJJCdQFAF1FQbG84NEiABEsh0AjZOwjOdKftPArYJ8L21TZj1kwAJBJkAbWSQRy/cbbcxNymghnvOsHc+IEAB1QeDwCaQAAmQgA8I2FjI+aBbbAIJhJoA39tQDy87RwIkkCQB2sgkAfLj1gjYmJsUUK0NFysmgSwCFFA5E0iABEiABEDAxkKOZEmABOwS4Htrly9rJwESCDYB2shgj1+YW29jblJADfOMYd98QYACqi+GgY0gARIggbQTsLGQS3un2AASCDkBvrchH2B2jwRIICkCtJFJ4eOHLRKwMTcpoFocMFZNAiBAAZXzgARIgARIAARsLORIlgRIwC4Bvrd2+bJ2EiCBYBOgjQz2+IW59TbmJgXUMM8Y9s0XBCig+mIY2AgSIAESSDsBGwu5tHeKDSCBkBPgexvyAWb3SIAEkiJAG5kUPn7YIgEbc5MCqsUBY9UkAAIUUDkPSIAESIAEQMDGQo5kSYAE7BLge2uXL2snARIINgHayGCPX5hbb2NuUkAN84xh33xBgAKqL4aBjSABEiCBtBOwsZBLe6fYABIIOQG+tyEfYHaPBEggKQK0kUnh44ctErAxNymgWhwwVk0CIEABlfOABEiABEgABGws5EiWBEjALgG+t3b5snYSIIFgE6CNDPb4hbn1NuYmBdQwzxj2zRcEKKD6YhjYCBIgARJIOwEbC7m0d4oNIIGQE+B7G/IBZvdIgASSIkAbmRQ+ftgiARtzkwKqxQFj1SQAAhRQOQ9IgARIgARAwMZCjmRJgATsEuB7a5cvaycBEgg2AdrIYI9fmFtvY25SQA3zjGHffEGAAqovhoGNIAESIIG0E7CxkEt7p9gAEgg5Ab63IR9gdo8ESCApArSRSeHjhy0SsDE3KaBaHDBWTQIgQAGV84AESIAESAAEbCzkSJYESMAuAb63dvmydhIggWAToI0M9viFufU25iYF1DDPGPbNFwQooPpiGNgIEiABEkg7ARsLubR3ig0ggZAT4Hsb8gFm90iABJIiQBuZFD5+2CIBG3OTAqrFAWPVJAACFFA5D0iABEiABEDAxkKOZEmABOwS4Htrly9rJwESCDYB2shgj1+YW29jblJADfOMYd98QYACqi+GgY0gARIggbQTsLGQS3un2AASCDkBvrchH2B2jwRIICkCqbCR58//og4fOa7q1qmRVFv4YRJwEkjF3IwlSgGVc4wELBOggGoZMKsnARIggYAQsLGQC0jX2UwSCCwBvreBHTo2nARIIB8IpMJGbt36o1q1eqN6YOhd+dBifkWmEEjF3KSAmimzhf30DQEKqL4ZCjaEBEiABNJKwMZCLq0d4peTQAYQCPN7O2fuElWrZjXVvHlDKyM5dtyH6r5Bd6jSpUtaqZ+VkgAJpJ9AKmzkli07RED9Tg17gAJq+kc0PC1IxdykgBqe+cCeBIRAJgmou3btU5OmzFS//fZbZHSKFCmsypcvqzq0b6lat2rietRQxyuvTVD339dXValcwfXn8vLgvv2HVKGChVS1apUSfuzixUvqjdHvqxEP3avKlCmV7Tm087U3JqqB996uqlapmJev992zc75Yokpcc43q1vV637WNDSKBMBDwupDbveeAmjR5hvr1118jGAoVKqjKlSuj2rVtru1rKsvmzdtV7do11LXXXpPKalkXCQSSgNf3Fp09cOCw+urr1WrvvoPq8uXLej10w/Wts62H9uw9oBZ/+a06fPiYKly4sGrUsK7q1auTuqZ4sQgzN3VdunRZrV23SX236Qd18uRP6sqVX1XlSuVVp47tVKNG9aL4w57856V31EMPDlCVKpZXP/10Ri1YtFxhLXflyhVVs2ZV1VvaULnS1TXYi/L8OQm1jVd69+qobryhzdX2HjyiPpw6W/356eGqQIEC+u/PnPlZfTFvqTotf44cfm+2ak5Im5csXaF279qvv6e49B8Cb5fO7VXVqonXaoGcWGw0CYSEQDI2cvuO3dpGHjp0VK9xypYtrZo2uU517tReFS1aRBNya3feHf+ROiB2J7Y0a9pA3X3XLZG/dmPrEg3Nxu+2qkWLv1G339ZdNWxQN9tjbmx5SIY9EN1IZm4m6iBD+AMx9GxkkAlkkoD63aZtavbnX6onn3ggMmS//HJBL8YXLFyu+tzSRbVt08zVcF6+fEU998IYNWTwnape3ZquPpPXh6Z/8oUqWqSI6te3Z8KPnjlzVgu5I4cPjCu0mnZC6L2ufu28NsFXz0/96HMRUIurvnck5uGrBrMxJBAwAl4XcrCtX8z7Sj35+FXbeuHCRbXjxz3672/t09W1bXWDDJuV3r07qZYtGrt5nM+QQKgJeH1vIQx8LOsMHHDUrVNTFSlaWOFwYuWqjeq+gXeoBg3qaG6HRDQd/95H6voOrVSL5o20cLhQhMxCBQuq4Q/do59xW9fSr1aKaHtEe5RCrIUQCjF17dpN6pGH71OVHQfSxn488dhQBeF1zNjJqmKFclqsLCiHyytXbdDf++gj96uSJa/V7fj55/Pq4sWLUeN9RPIWfvTxXPXgsLu12GkKRAbkNbzj9h76rzZs3Krmzf9KwXaVLFlC/emPw6PqwXrq9TcnaqEUgm/pUiXl+85pXlu3/aieEPtX8toSoZ5r7BwJBJGAVxv54869arI43sBGtmzRSBUrVlQdO35SLVu+Vnut33N3nzzZnVdfnyCHU01Vq5bRa5drZG9jxFi3ti52HGD7Pps5X8He4b+xd2zVMtoxyI0tD+L4BrnNXudmTn2mgBrkGcG2B4JApgmon8/5Uv39v0ZlG5v5C75WB+V08cEH7nY1bvkhoGLBDwH1zn69EraJAqqr4eJDJEBblYvwAAAgAElEQVQCLgh4XchBQJ0nQulf//Jwtm+ZOWuR+un0GfXAkP4uWuDukf+8+LYWUGM3B+4+zadIIFwEvL638Di9IFEs15aI9uR+Z/w0iaypGBEWp02fo+Cfee89t0XAwVMzK7rlNtXgujrae9VNXYnI//P50bLh76WaN7saqo/1Gjw8e/a4SYuUy79ZI4c0w8QDtpCuBhE2Y9/+UNWvV1s8UTsmHNQpH87S/4aDZGd5c/QH6hY5ODeHy59+Nl97lp0ST9cVK9erPz75YNTz8Jh9Qz6DgyJ4oZkCL1q0f/D9/aQttcI1udgbEggBAa82Eo4bKIMkii+2wObBGz9RiWd3IKDedGObHKNyvNo6iL04AENkwOtim2+5uXO2NZIbWx6C4Q5UF7zOzZw6SQE1UFOAjQ0iAQqoWaMGT4Sd4on68IiB+v/DK2HBwmXqhx92qUvidVC1akXVs/tNqlatLO8FI6AOkJCLLZJYHJ4S8MZoImEYN8uPF1IDmLJ6zXd68Q+xEyGtHW9sG8nnhZCQTz6dp0XSuSJAnDhxSg0dcqd4e3wclWqgUKFC6qknhmmvCGfxIqDidBOheN9v/kH3A6H9vXp2iniwIkn6oUPHdF+/+nqVKiupAZA0fboIuvVkc4BNBDw1kD6gTu3qqq+cchqvC/RnxcoNavceCW87d16VL1dW9ex5k95goUT6e2dv8fT4WocDIgy3S+cOqk3rppGu7dt3SPM/fOSY9izpeFNb7WkS64GaE1tsdNBWZ8Hp8V//PFK8VwoG8XVlm0nAKgGvC7mcBFSk3vjp1JmIeAHR4+tlq9W69ZvV2bPnxCaW1mG1zvf/1KnT2nMVdgTvao3qVVT3bjeqgxL6hvqcBeG7j/zhPm0vc6vXjQ2zCpiVk4AFAl7f20RN+UDScSCs/ubenfV79a//jFN33NZDNWvWIOojE9//VFWpUkE26l0S9spZV7yHzksU0EoRK+GFipB5eGKh4HtffmW8GiT5SatXq6xD7UuVulaHpToLPFq3btupvVfjFYSrop1/kH93pls6euyEem/Cx3HXA1jDxBNQ0aZx70xVNWpU1amEIDzDG3e1rJk2frdN/WHkIO2hxkICJOAvAl5tJERQeJrG2p3cepfI7rgRUL3aOmebYLNjBdRkbXlufea/eyPgdW7m9G0UUL2NBT9FAq4JZLqAilCtXbv3q5mzFqquXTro3F8oEyZ+onNi9enTRef4Wr9hi86BM0LC1RC+ZQRUeEcg9B/C4tGjJ9Ss2Yu0IGk8Nb5etkYW1lsVhNYq8vcQDCd/OFP1vb2nDo+D8IofaOT3uv76VhJGV0N7NsCj4eNPs0L4EV5WsGCBuKKfFwF10pQZqkjhIjqsFoLs93JiOfeLpZEwOIjJEFEriTDRqWNbHfKGTQ1y9yD8AxuHVpIvFiLzR9Pn6s1NfxFEUZZ/s1aH5DVuXF+VkM3FehFJIGogFA4bC9Nf1AmPEQjKEFLwnY9LmF55+f8nT55Wb42brFqLoAqx+ZKc8uLfkWoB3iEmhD83tlgsgKPZjE384FNVs0aVHDd7rl8cPkgCISTgdSEXT0DF+wePCBwQIbeX8fL6cskKbU/7y6ERbAxE0tmfL9YC6fUdsnKlwgMOwmivnlleZTikOnfuF8k51k7bFwgrPcQrDSH8yLUKW+2mXjc2LITDyi6FnIDX9zYeFoR+YpOPEP569WrqUNCXXnlXHy7H5vjEeudnOSjFs27qcj4D8RK5AJFTEGuFIeK9iTWSKXv3HlSffDZPPf3UQ/qvRo+ZpNq0aRqVwxR/D+FyrhyqPPO3R+K2Yfx70/Wa6q7+N0f9Ow6Hj8uB9V13Rv89HkokoOLf0N933p2mTp8+q9dkaD+EXUQvOb1SQz7l2D0SCBQBrzYS9gXrE+xXmoqDTKy3fiIIiewObGtDyR+NHKdwFIE3PfKUwsse+8lkbJ2zLfEE1GRseaAGO2CN9To3c+omBdSATQI2N3gEMk1A/WzGgmyDhMuXkNvrBhEwUSCo4kKUp//4UFQ+KwidyFEzQHLeGAEVebB6dL8xUqfJlwNvUWwKXnz5Hbnhta/21DQFguE28ZjAza9GUBwquVTrxuRSzUsIPxbyv9+BkK1/EBFNDtQ9ctnLlKmz5NKEEZF8O/jApzPma+EXnmAQK+HZifA184OOZyA+FL+mmBp8X7/Id3zz7Tr9LPobr2Bz8c/nx4hXbX/NwPQXQnR18Soz5YV/jxUhuqvOC4R8tD+KsDxK8pqZAq9ZLDxwcQUEVPz/3Ng62wMvlW3iTYzvhTcvCwmQQHYCXhdyEFBhW53eV/BQh4iKg6muXbIufsN7+28Jv8eBCw5DTMHBCzy+cNACMRSLfwgbJgdjbEtjQ/jd1uvFhnGekIDfCXh9b2P7hfcV3k/4E+HoKCZs/dFHBquKFctFfWSuXLZ0/LhEzcj6xU1dzmcQoXL+/AURJM/JQesW/Zs/UkRaeHuhIEIF7cABNcrLr76nD1Dat2sR9VU4XEEe1//5x+PZ2oB1FnLJP/7okGzi5jgJ/UfkCw57Y0tOHqgfTPpMr/9wgQzWjmfO/qy+XbFO/fLLRTVcLrtidIvf3xa2LxMJJGMjt2zZoQ9V9suFezgsqSMXWCIXNA6Y4pWc7A7SniDyBt6h1cQZB9E2C2XPhXofGjbAs62LbUc8AdWrLc/E+ZKffU5mbiZqJwXU/BxBfldGEsg0AdWZAxUbfB0CLj+MuOXVeA/ghxIXGjwmi25nWbZ8jXhObVZPPPZARECFmFi//tWcV8iJ89wLb2mPjBISmo4NO+p1LqrxvQglg6hpBEV4T5gE4uY78yKg3jPgVu3FGlvgrYUcYUZAhVABgRSXNzgLLtOCiIwNSmw6A/Mc+lJHPGRxUmrKho1btOCJsHgUeHR8K6IqQvUviliCgrQEEIsRxm/6++wzj0bymOEZiKPwNm3fvoVO2F5GmN1+a7eoNsJzFpc2QECF50pubM2HcbswNoUID4ztd0a+9Ow0CSQg4HUhZy6RQgirKRAZjhw9ri+bwWaje7cbtAc+QmBxgIPUHabs339IjRePNHibYSMBG4SDJtxMW0O8xuHh7/T8iBVQ3dbrxoZxcpBA0Ah4fW9j+4lIHIgE2MibUPqzIhBCvIx3USU8ULF2cOZGNXXGqysnrm+LVycicIzXOYQG5EQ1h89IyYNLPpE/0FngIYaLn/4Wk38Z4utbY6eo2nWqq9v6RK8l4P01+q3Jet3iTLdk6k0koCKN0PSPv5CDnoeiDpf15VLS3l7ipQZbx0ICJOAvAqmwkdi7HTp8VA579sqhyXpxOGkd5UCDHudkd/DvSDcC4dQcFOHv9sn6Bx75xss/r7YuHul4AqpXW+6vkQxfa1IxN2Op5IuA2vevO34L33CwRyTgjsDU/wfxr4D2XoThN8X8N/7M+m9cIZD131n/izwZ83dX/x3PXbhUQNWsVsZdY1w+5dXYYJMf7xIpCHYFJQzUhKFBKMXm3XmjNJoGL4PVazbpvzceqM6bavEMPC7/77nRWjBEvs53JXwsnjhquppIUMS/50VAjbe5QR2mnU4BFUnGH3YIHbHYIV7sFi/cESI4OgvEB5y4ItTWFC2gLlimL49B3199bYJq3KS+6iqeHfDARYGgjJsqnSkL/vvZx6JEZWdeIKdQ6vx+iKAQXbSAKpu83Njis9jcQUCGeMMbu12+YHwsYwkkY1sTXSIF741PxTv12WdG6YMPhLY9/dSDIpRmeZqh4MAFAgq83s3GAuLrzp37FA5AdkoqAAgrxvssVkCF6OOm3txsWMYOPDseaAJe31tnp7E2wu/+MAlFd+Zaxzru+X+Nld/dHlEXPOGzSHWESJLYC5wS1ZUT5BkzFyqkVMKlVLAHk2Rd9pc/jdAe6ShIfVSmdKlsuQiXLF0h+dH3RPLXm+9AmpAvxEP2CVmvmRzt5t8gfiBFAL4rXkkkoMJLfu2679Vjo6IP11FHVoqgqtkElUBPLDaeBEJCIBU20okCdgD2BZcSOx1kcrI7iVDCxv7vP99UA+WSvkaN6uXZ1sWrN1EO1Lza8pAMv6+7keq5ic5SQPX1kLNxYSBAAfXq5h1eFzVrVtWniwhzR1i685Rw6rTPVWG5HAr5TI0wibB/XLRgCjYg70uIFz4LDw6EmQ+4q4/OeROv5CSgIiQWJ56JFvmoL685UHFR1tRps6V9D0Z5gDnb5lVAxa28r7z2nhZekRcVxZx4GqHZ9DcnARUerdu371KPjhoc2TzBk/bFl99VTSTcDgIquOTGFt+PS2MKSY6heHnOwvD+sg8kkEoCXhdyOV0ihXA25HPGRsOk3oi9bRvCBLzj4Zkar+BACzkLza3YsDPwRIPXPAqEF9iD3OqlgJrK2cK6/ELA63tr2o9QfITQI48nLm2MLVj7FJA87Njgm4K1x2tvvK+jW+o50g/lVhdyiMbLIwjPdKy/bpVUPl8u+VaHuZp85/hO2AikDHry8WGR6BXt7TVuimosooPzYBfrM3hxtWoJz/erB76m7fD2atu2uRyqxvcWTSSg4vB5xqxFYqeycrqbgjRJr70hUTQ3tYvkcfbL3GA7SIAEsgQlL848sHPOw17DEndbzJq9WB8MGwE1N7uDzyJ3snNfib87cuS4dvTARXiVJToxL7Yu0djGE1DxbF5sOedN/hDwOjdzah0F1PwZO35LBhOggJo1+MihhVxWEFGxKId3Y0HxfNAXLUlI6QbxZliydKUa9Yf7VYUKZSMCKjYCuMwE4eknTp7Sl1FVriyXSElIPQo+g80/6oF3Ai5eQhoA/OAiFD4nARUXOUHMhACLH1V4X8bm78yrgIq+QeDFgv/m3y9xOnHiJ7Vi1QbVXMJlkQ/Mq4CKul9/8329CULI3KVLl9Tnc5doQRo83HqgZl0iNUVC4RrKJVbttLfz4i+/0RfSGAHVDVucEMObGGHFJj0CvFmMR0sGv/bsOgnEJeB1IWdC+J1e+7Ax8CL9Qi6og/1C7miUBQuXqU1y4/Yd4tGGgxZ4gs2UUGAcRLWWy+mwwVgk7zvCdatVrawvkUOILnImDrk/K9civPOPHz+p7uzbW3vLIew/t3rxOQqonPhhJOD1vc16H5frVEZDBvfTKXJMweVsRkw9ePCopNiYrvPEI0QdN88vlPe4aNGi4rF6V+QzbuqCeIkDjw5yYVzlSuUlcuU3WSN9rzaLp/rDIwbpPKtjJLwe4fBYV5mCQ9MxYyfrVEVdJK9yIVlDwZMU3umj5LDVKcpCaMVvPw6ynUIn6sq6JOs9fVjjzPFu/g1pmLBGWyd5WZHTFOsFI3jgAAhrkzKSpxV5nZEDFYfEy+TwZ//+w/oiThN5E8Z5xj6RQFAJeLWRb8pBTDG53KmDpBerWAE5oAuog4eO6EsrcQDjdKDJye6AG/Zr2CM1kEujWjRrqO3HScmBiv1N+XJl9WEUihtbh/XQbIkawKW+uHATBY4mOHhCgZ1CjmfkmoedM3bQrS0P6jgHsd1e52ZOfaWAGsSZwDYHikAmCai4xX3egq+1CBpbkFwbOfhwcREW4ucl9Buh6T+IJyQW+7h9FpcZGM9KiIWvvj5Rbpe+WW6s/07tkNxYWNA3kR8r/KA682phc4L/QRiECFpf8vnhhw2LcoSqTf1ojnhWDcsm7CEkfq6ID9+L1wPEiH59e+qcgM6CH9o35Ad5uFyOFO8GWNPOQQNv15dEoWATgB9/bFjwI1xWfsSby6YI+XzQbgi3e0TUQNi9s8CbExddtRPPDVMgji4WbxHk7kFBQnSE4mGBgXyjfW7uohYsWiYCcjfNDv2dNh39fTCq7gnvfyKbs9bakwQFt1POlw0achtCHMGFDTilxSIACwZTcmKLzdaxYyejvgebIVxUYVgE6mVlY0nAMgGvC7ndcjkdLt6DzTIFh0SwcTj0gL0zhxiwSSZNCrzWy5Qpqf/dpNjAv8MbFSIrNhdFxIO8jtidPnLpghF0sBGB6Lpnz0FdL/IbYzOSU71olxsbZhkxqyeBlBPw+t5i/fDSK+/qNUFswfvrvHwJl2sulgPdw/I7XFx+hxFqirQaZmPuti58F363N27cqg+dcSiMNAA9JM0O/kTOdKTzQH7S2ANjrC/my7ps1+59urm1alZTvXt3+l3YuNoDHJS0lAspYy+cwhPIb79l24+RwxjzKeMdH4+FSYGEZ2Gz4CGLtQ+EZLBAbvjucplo+XKpTVeV8onCCkkgQwl4tZHYI+GgZtsPO/WFeSjYP7Ru1VS1a9c8at+Wk90x2I8eO6GWL1+rbdi5c7/InrCEpEZpoA9knPvG3GzdCdmzTpQUKnf26x25zGrpV6sULsyNLTXErmKPaEputjxDp0jauu11bubUYAqoaRtOfnGmEMgkATVTxpT9JAESIAEvBGws5Ly0g58hARJwTyBM7y0OjOFV6gzfd08i9yfnSFRMDYkGShS+n3sNfIIESCBoBFJhI5HPHQ4zTq/7oHFge/1HIBVzM7ZXFFD9N85sUcgIUEAN2YCyOyRAAiTgkYCNhZzHpvBjJEACLgnwvXUJio+RAAlkJIFU2EhE2qxdt0nd3f+WjGTITtshkIq5SQHVztiwVhJISIACKicHCZAACZAACNhYyJEsCZCAXQJ8b+3yZe0kQALBJkAbGezxC3PrbcxNeqCGecawb74gQAHVF8PARpAACZBA2gnYWMilvVNsAAmEnADf25APMLtHAiSQFAHayKTw8cMWCdiYmxRQLQ4YqyYBEKCAynlAAiRAAiQAAjYWciRLAiRglwDfW7t8WTsJkECwCdBGBnv8wtx6G3OTAmqYZwz75gsCFFB9MQxsBAmQAAmknYCNhVzaO8UGkEDICfC9DfkAs3skQAJJEaCNTAofP2yRgI25SQHV4oCxahIAAQqonAckQAIkQAIgYGMhR7IkQAJ2CfC9tcuXtZMACQSbAG1ksMcvzK23MTcpoIZ5xrBvviBAAdUXw8BGkAAJkEDaCdhYyKW9U2wACYScAN/bkA8wu0cCJJAUAdrIpPDxwxYJ2JibFFAtDhirJgEQoIDKeUACJEACJAACNhZyJEsCJGCXAN9bu3xZOwmQQLAJ0EYGe/zC3Hobc5MCaphnDPvmCwIUUH0xDGwECZAACaSdgI2FXNo7xQaQQMgJ8L0N+QCzeyRAAkkRoI1MCh8/bJGAjblJAdXigLFqEgABCqicByRAAiRAAiBgYyFHsiRAAnYJ8L21y5e1kwAJBJsAbWSwxy/MrbcxNymghnnGsG++IEAB1RfDwEaQAAmQQNoJ2FjIpb1TbAAJhJwA39uQDzC7RwIkkBQB2sik8PHDFgnYmJsUUC0OGKsmARCggMp5QAIkQAIkAAI2FnIkSwIkYJcA31u7fFk7CZBAsAnQRgZ7/MLcehtzkwJqmGcM++YLAhRQfTEMbAQJkAAJpJ2AjYVc2jvFBpBAyAnwvQ35ALN7JEACSRGgjUwKHz9skYCNuUkB1eKAsWoSAAEKqJwHJEACJEACIGBjIUeyJEACdgnwvbXLl7WTAAkEmwBtZLDHL8yttzE3KaCGecawb74gQAHVF8PARpAACZBA2gnYWMilvVNsAAmEnADf25APMLtHAiSQFAHayKTw8cMWCdiYmxRQLQ4YqyYBEKCAynlAAiRAAiQAAjYWciRLAiRglwDfW7t8WTsJkECwCdBGBnv8wtx6G3MzfwTUv+z4LcwDw76RQE4Epv5vLfnnAqpAAaV+++3qq2D+G39m/bc8oLL+O+t/ptbYv7v673juwqUCqma1MikdBBvGJqUNZGUkQAIkEEACtK0BHDQ2OeMJ8L3N+ClAACRAAjkQoI3k9PArARtzkwKqX0eb7QoNAQqooRlKdoQESIAEkiJgYyGXVIP4YRIggVwJ8L3NFREfIAESyGACtJEZPPg+77qNuUkB1eeDzuYFn0BQBdTgk2cPSIAESIAESIAESIAESIAESIAESIAEMpGAjUjdYkV+k+jirAhj/GmijbP+Luv/o5h/v/p35nPm37P+zHq2wO8RyPJMX4bwZ+JcZZ9/JxBUATXVxoYTggRIgAQynYCNk/BMZ8r+k4BtAnxvbRNm/SRAAkEmQBsZ5NELd9ttzE16oIZ7zrB3PiBAAdUHg8AmkAAJkIAPCNhYyPmgW2wCCYSaAN/bUA8vO0cCJJAkAdrIJAHy49YI2JibFFCtDRcrJoEsAhRQORNIgARIgARAwMZCjmRJgATsEuB7a5cvaycBEgg2AdrIYI9fmFtvY25SQA3zjGHffEGAAqovhoGNIAESIIG0E7CxkEt7p9gAEgg5Ab63IR9gdo8ESCApArSRSeHjhy0SsDE3KaBaHDBWTQIgQAGV84AESIAESAAEbCzkSJYESMAuAb63dvmydhIggWAToI0M9viFufU25iYF1DDPGPbNFwQooPpiGNgIEiABEkg7ARsLubR3ig0ggZAT4Hsb8gFm90iABJIiQBuZFD5+2CIBG3OTAqrFAWPVJAACFFA5D0iABEiABEDAxkKOZEmABOwS4Htrly9rJwESCDYB2shgj1+YW29jblJADfOMYd98QYACqi+GgY0gARIggbQTsLGQS3un2AASCDkBvrchH2B2jwRIICkCtJFJ4eOHLRKwMTcpoFocMFZNAiBAAZXzgARIgARIAARsLORIlgRIwC4Bvrd2+bJ2EiCBYBOgjQz2+IW59TbmJgXUMM8Y9s0XBCig+mIY2AgSIAESSDsBGwu5tHeKDSCBkBPgexvyAWb3SIAEkiJAG5kUPn7YIgEbc5MCqsUBY9UkAAIUUDkPSIAESIAEQMDGQo5kSYAE7BLge2uXL2snARIINgHayGCPX5hbb2NuUkAN84xh33xBgAKqL4aBjSABEiCBtBOwsZBLe6fYABIIOQG+tyEfYHaPBEggKQK0kUnh44ctErAxNymgWhwwVk0CIEABlfOABEiABEgABGws5EiWBEjALgG+t3b5snYSIIFgE6CNDPb4hbn1NuYmBdQwzxj2zRcEKKD6YhjYCBIgARJIOwEbC7m0d4oNIIGQE+B7G/IBZvdIgASSIkAbmRQ+ftgiARtzkwKqxQFj1SQAAhRQOQ9IgARIgARAwMZCjmRJgATsEuB7a5cvaycBEgg2AdrIYI9fmFtvY25SQA3zjGHffEGAAqovhoGNIAESIIG0E7CxkEt7p9gAEgg5Ab63IR9gdo8ESCApAqmwkefP/6IOHzmu6tapkVRb+GEScBJIxdyMJUoBlXOMBCwToIBqGTCrJwESIIGAELCxkAtI19lMEggsAb63gR06NpwESCAfCKTCRm7d+qNatXqjemDoXfnQYn5FphBIxdykgJops4X99A0BCqjpH4ofd+5Ve/ceULVqVlf169dKf4PYAhIggYwkYGMhl5Eg2WkSyEcCYX5v58xdImujaqp584ZWiI4d96G6b9AdqnTpklbqZ6UkQALpJ5AKG7llyw4RUL9Twx6ggJr+EQ1PC1IxNymghmc+sCcBIZBpAurhw8fUlKmz1B+ffFAVLFgwX0dp/oKv1f4DR9TwBwdEvnfmrIVq5679qmWLRqpp0waqSuUKKWnTpUuX1WuvT1D3DLhV1a5dPWGdi7/8Vp04cUo/h/L2O1NFxK2tenS/Uf3222/qldcmqMH39VWVf2/XwYNH1Ucfz9H8WEiABMJFIJmF3LHjJ9XXy1arffsOqTNnflbXXltC1a9XU3Xq2F6VK1faKqhJk2eIHd2X7Ttg4x9/dIgqW9bu9+fUOadNtQqBlWcsgWTe2wMHDquvvl6t9u47qC5fvqzKly+rbri+tWrdqkkUzz1yyIv1AtZQhQsXVo0a1lW9enVS1xQvFnnOTV1Ym6xdt0l9t+kHdfLkT+rKlV9V5UrlxU60U40a1Yv6zl9//VX956V31EOyZqpUsbz66aczasGi5WqXvOtXrlxRNWtWVb2lDZUrXV03vSjPn5NQ23ild6+O6sYb2lxt78Ej6sOps9Wfnx6uChQooP8etuuLeUvVaflz5PB7o6pB399+d5peG8UrIx66R1WvXiVj5yE7TgJ+JZCMjdy+Y7e2kYcOHVWwSVhPNG1ynercqb0qWrRI3C6fOnVaTXj/U9Xvjp6qnqyDTHFjI/GsG1sX+8U7d+5Ty79Zow5KO2FnS5Ysoa67ro7q1vV6dW2JayKPu7Hlfh3HMLYrmbmZiAdD+MM4U9gnXxHINAEVm2xstp/52yMJf/hsDRB+3E79dFq1bdNMf8XRoyfUW+OmqMcfG6rKlyuT0q/FBgIbiZIlr1VPP/VgZHPg/JITsnl5c/QHqmaNqnqDgrJ6zXeqYoVyqo7k+Ll8+Yp67oUxasjgO1W9ulkLgB0/7lFTPpyl/vvZx/JdgE4pIFZGAiSQjYDXhdyxYyfVu+99JIJpLdW8WUNVSry5fpINxGbx2IDN+MufRqoiRQpbI/76m+/r723XNsu2mlKwYCERcq9uHKw1IIeKnTY1Hd/P7ww/Aa/vLYSBjz/5QnVo31Ly+tVURYoWVps3b1crV21U9w28QzVoUEfDOyTC4Xh5v6/v0Eq1aN5IC5QLRcgsJAcUw0U0RHFb19KvVqoDcpAMj1KItRBCIaauXbtJPfLwfZHDWrPe+GLeV+oJWSNBEBgzdrJen3Tp3F7WH4WknRv09z76yP16rYPy88/n1cWLF6MG/YjkLfzo47nqwWF3a29WUxYt/kYhr+Edt/fQf7Vh41Y1b/5X6sKFi1p8+NMfh2ebPBA2IKI4C8J68VkcLBcrVjT8E449JIGAEfBqIxEhOHnKTG0j4eiC9xuHxcuWr9Ve6/fc3ScbCdi08RM+1oJr/zt7a5uZFxvp1tY5v9gc7tx0YxttW4sVLaqwx8Oh129irx4eOci1LQ/Y0Aa+uV7nZk4dp4Aa+GnBDvidAAXU9I0QNiqzPl+sxdxUFyOg1hHv0+by492mddNsXzH1o390OzkAABacSURBVM/VZdmU4MfaCKjOhyigpnpUWB8J+JuA14XczFmL1LFjJ9SIGI8t9Pb06bPWw2MhoLZr21xh88BCAplGwOt7C4/TCxcvRXkngd0746dJNEzFiLA4bfocBf/Me++5LYIWnpqvvTFRDbz3NtVAvJzc1pVobP75/GjVr28vfRBiyudzvlTFxcO1Z4+btKgL76onHx8mHrCF9CPwBB379odycFNbPFE7Jhx2HPqi3C/RNM6CA+RbbumirpOoG5RPP5uvPctOiUi6YuV6V5E2F4Uf7A9sD+1Ppr157G9QCHi1kdgnoQy69/ZsXYXNgzd+bJnzxRJ9CIOQ/77igWoEVLc20outW7d+s3jJrspms+Ct/4E4Df3j74+pQoUKKje2PChjGpZ2ep2bOfWfAmpYZgf74VsCFFCVQqjF/IXL1O7d+1UR+TGsU7eGDgsrKSGoKNPFc6GeeFYh3AxeBlgwQ5js27dnnp5ZLblz9ku4HE4kx8miH7c5mlKoUCHZGDygSpW6VnuB4gf0zJmzEvpaRnW8sW0k/xdOND/5dJ66s18vNVc8MxB+/5c/jcj2I24E1AcfuFt9OmO+eGgMjvK43bNHwvGWfKuaNL5O/8gbARXeKOgrBNe8CKi7hN2XctJ55OhxHbrbQk5AO3fqoH+wscnBRqt/v97qmxXrNGd4t8DLlYUESMA/BLwu5GCT4HXhFFji9Qr2a8XKDWr3nv3q3Lnz4nlfVvXseZMWYFAi9k1s5Lz5X+twYXiQduncIe4hkPmO3ARUeIgdOnRM1apVTW8yypYppS+CSFV7jh8/pT3XEAZdWGx5TfmePjd3UWXke5w2Fe1FFAQ8346KrbymeHEJsautune7UXu8ocCjDl4jx8XLpUSJEqqxhDX3EkbYqOE3Y+GiZZIz+5C2rbDVN8tvFfM3+ucdSkdLvL63idqKDTfC6m/u3Vn/fv/rP+PUHbf1UM2aNYj6yEQJUa1SpYK6Rea6m7riPXP+lwtqpYiV8EJFyPw11xTXj+F7X35lvBok+UmrV6usQ+2xPrr9tu5R1cCjdeu2ndp7NV5BuCra+Qf5d2eKpKNy4POeeIn99c8js0XTwEa5FVCXfrVKUhJ8r9dvRthNxxzgd5IACSQm4NVG4vAFv6+xdifRN8ExZonYpIdHDFL/fnFclIDq1kZ6sXXwjEdEI/au8JTFegF7W6yjCspa4V5J05asLef8skPA69zMqTUUUO2MFWslgQiBTBdQITSOlR+dtm2aS26s1rKQLqA3r3sljx/yWSEv1rvjP9IhbMgj00rygiHk66Ppc/WiHmIoiptnsGneu/egFivxQ4YTw8Xyd09LmBi+F/n6vl62Rm38bqsacNctsjGpqAWEyR/OVH1v76nD6UwIPfKBXX99Kwm7qxE3v58RUJ96Ypi+NRICLfKamoK8fNj0IFeOU0BFP5CvBxt6twIq+vThtNk6109DyYt2/vwFNf2TLD74MTf1IFdaBwkBbCj9qFq1Et9CEiABnxHwupDb9sNObRPxviN8zJlvy9nF5d+s1UJr48b1RRy8Rq0XG4i8qQiVRWicsW8Is4VHGQ6QYCdhO3NKdZKbgIrPww5WklyJnTq21WG8EGpS0R6EDL855gOxa3VVx5va6lQFGzZukbaX1RsZp03Fb8crr72nbhFhqkWLxlpERv+qVaskOSXr6f5j8wRbDU+4X8SLZbW0G6HTJUU8gscc+OJQ7ZJ4v6BfEIFjD8h8Nq3YHMsEvL638ZqF+fyq5E/HISfWAvj/L73yrggCA7P9bs+avUj9LHMYz7qpy/kMxMsDkoMU4fCwBUPu76fXPKZgXfHJZ/MkBdFD+q9Gj5mk2rRpGpXDFH+/8bttaq54fCWK5Bn/3nS9Rrqr/81RTcRBynE5gL7rzui/x0NuBVSss16Xw2HYPZOayfJQs3oSIAEPBLzaSNiX2RIpiPUI7qlItLZBkxAyP2Hix2rokP46ZzO86p0eqG5tpFdbhwPcCRM/0V+DvSv2mfCuHyjeszhwTcaWe0DOj7gk4HVu5lQ9BVSX8PkYCXglkOkCKrwH4BEZe6siNrkI2YDQhw1w8WuKyWVK/SKYv/l2nfYUhUCJ4uYZp4CKz2CTvWDBMvXXvzys60Ao/YsvvyM3wvbVHq6mYIO9TTwscFOsERiGSl7Sur/nJY039k4BtagIE2Nk84HwWnhE4Xs3b96hw9mwUUhWQJ34wae6vV27XB9pCrx1x4lIi02NEVCRcL17txu8TlV+jgRIwDKBZBZy8JyEXYTwAY+NGjWqaFGxmWw6zAUtsc2HePLP58foDQdsiLFvsZexvPDvsarPLV1Vq5aN4xKAgIpUAdgkOEs1OcQZJp6msL2w18hRiJDgRMVLe3DgtnnLdrmsamjcfjoFVByIGbsY7/IJ5E2rUL6MDmWOLUuWrlBbt+5UoyTfoyn4zYDY1b3rDapdu+aWZwer9yuBZN5bZ5+w4YaAjz8Hi6CJgt/yN0S4h0hfsWK5KARz5bIleF9jPRJb4tXlfAaHBzhs/fncOTlI2aJ+lMODkSLSGm9qeE6hjj4SYo/y8qvvSVRLO9W+XYuor9qy9Uft5f0//3g8Wxuwbpou/xbvIjlEAcGzHYc5scWtgAqv8x079qhHRw1mTni/vhxsFwkIgWRsJPZIsAmIIIQXfJ3aNXRYvvNyKOxzkAcejjgt5XAUJTcBNZGN9GLrkFLlHbngDm1qLRGEWOcgN/2XS1ZopxVEE3i15ZxAdgkkMzcTtYwCqt0xY+0koDJdQEV4BjbtuMwgdnGPcFRs6rEBRrg58nCZosXPhct1+BeKm2dyE1DhjYF64C0Bb1RTkDIAoWcQPI3AkNslWE4BFaIpvLxwkQI25vCWgscIvD1SIaD+33OjtReJkyEWBhckNO8pESwgnuAyKuelFHz1SIAE/EcgFQs5iHoIT4cX/zoJbS1arIiImHdrz0x4fH0rIiu8Ji/KcyhIQ4LDIYTxG/v27DOPRoXDQiSE12X79tHiiSEIARUem7G5nrGJgKcpbC9C5+FF5yypaA+87xGKj7Qq8YpTQIWdRDgxPFEh3OAWcWzGzAVbWUJxFxGKo29AR73IxYaLcm6/tVvU10yaMkOVKV0qkq/Sf7OKLbJNIBXvLdo4c9ZCLRI8NGxAJJT+7NmftXg5cvhA7SntLPBA/UV+5+Ol7ohXV04ccLs9Imp69czKZYq0P1ivmMNkiLjw8ozNMwoPMQiZf/v9INp8B9Ygb42domrXqa5u6xP9ziDcdfRbk/X6Ld7ldm4EVNSBNsGzFbaHhQRIwL8EUmEjsRc7dPioHPbsVd+uWK/FUhPZBy9V2Bx4nJqSm4CayEbm1dbh+7Af3bf/kBr++4XApg3Y9yFPNA6PEenoxZb7d1TD0bJUzM1YEhRQwzE32AsfE8h0ARXh8RUrINdXp4Sj5NwAm4divUfdPJOrgCobl3cl3CwncTSRwBDb+FgBFaLGGyIyVJS8ZiVEULhbUgSgpEJAhTg6QG6ihLdZvGI8UCEAm8safPxKsGkkkLEEUr2Qw0UKCP9FCpKmTa9Tr742QTVuUl91Fc8vhO2iPPfCW/omW2eKkv9+9rGoQyQIqBBOcBNuvOImhB+RBs5LriBmpqI9+A1BWN+dkuM5Xon9bcAmCzmokZsRuaOPHT2hBeQaNarqg6ZbRexpLaliYgtuAob3i3ODhmfgMYg8sbF/n7GTOAM7nor3Fhc2ZUXj3B3JxwuUmK/P/2uszK8eURc84d8QLlq9epVsFzglqiunoZkxc6G+eAWXUuGAZZLMd+R3N97reM9wUBCbixCe2dvFCzT2cGT9hi3qC/GQfUJyk5p89ub7IX7AUx7fFa+4EVA/m7FA38Yd+70ZOP3YZRLwPYFU2EhnJ5H3GPbl7/81Sp2UXKMIu0dxRsFcufKrXscg2gTRikhTZEpONjKvtg51Tp32uV4f3BZzwAr7DScX7L/qSdRiXm257wc2BA1M9dwEEgqoIZgY7IK/CWSagLpJLirApUpmg/6lXKSEEKyHRw5KOFBuxFE3z+QmoOJ0EyH8A+4SMVJyicYrXgVU1LVm7SY1Z+6SqFyCOQmoEBjww+v0HMWG/4NJn0WJvMhlVr16ZR0iEq9QQPW3DWDrSMAQ8LqQgydneclXGhuqD5v2n5feEdGjmyzea+n8nxAxkR8ZxXi3GRtj7Ft+CKgIeUtFeyDgwAvuiceGxg3jjffb4JxxEGLESV8LsBCkEDFgcms7n8PvB0KSES5sOCOf7CsiSiM/d7u2DOHP1DfZ63treCEUHyH0uHQSXs6xBZvzAuK9NFCickzBJZevvfF+ZGPuti7kTI2XRxCpLeCRfauk6sC67OzZc1GHArjUCSlCnnx8WMQ7XXuZSg57XLSGvO2mYM0BL65WLRtF/b35d6xZ2sr7ghzF8UpuAiouyxw77kM1RFIXQJRgIQES8DcBrzYSdq5UqZLZOoe7KmbNXqyefWaU/t3HhU0QTJ0FtsnkM8fvulsbmRdbZ+rE3g52CdEDzoLL8uCJj0v2KkskY15sub9HNDyt8zo3cyJAATU884M98SmBTBFQkW/riHj64EcG3ggm5+nZn8/phXAjESxvkHAMhGIiDAI/YLhcAPm43Iijbp7JTUDFFFmydKW+VOTWPl1VTfFIQqjn+g2b9Q80UggkI6CifoTLOkPtcxJQ8fwYCXMrW660vvSktHh/mEtQkDsMXlLgg9DYqRLG2qP7TaqJhKViU/PD9l36NmnkjaWA6tOXn80igRgCXhdy2CjARsEmVChfTsJ/i6lTEuKKcP3TsgExlxzBUxQiCUJqL126pD4Xe4xwONwQm98eqLBTqWgPfkPeEjtZr14t1blze1W0SBHJM71V54tEaK/zt2H79t1iL/fKZTjNtOCMvK3Tps/Rnn2dOrZTP+7cq5BWBrmi8Xe4RGqN5G7Fb1MRuVUXnFEnnpXmy4WHcomUhBSCLy4KZMlMAl7fW9BC6CfyAw8Z3E+VdggF8KQyYurBg0fV+AnT1Q1ycSVy/yHCZeHCZeJZVTQqf7ybuiBewtO0Q4eWqrJExPz6Ky7U/F7yCO/QN1fjvcG6o5dc2oK0HqbgMGbM2Mn6cpYuXTqoQmJv4Em6U96ZUXKo4BRlIbQuW74mm9cX6sq6JOs99eenR2TLh4x/uyyXs2HNtU7ysiIcFocVJi+raQu8vvEccjezkAAJ+J+AVxuJixuL4QJcSR9UsQJyQBeQy3eP6NyiOIBJ5DgCIvFC+N3YSDe2Dnva2RI1gMPTynI55mEJ1cdao3XrJpLKqJkqLt6u8JBftOgbdU2J4joXPIpbW+7/EQ1PC73OzZwIUEANz/xgT3xKIFMEVFwYcEwuO6hVq5qEk/bQXj6m4ORwoXj37BYh8LJ49GCBjsU9Ngoo0z+eqy9scnr4YNO/WLwkTPiWm2dWr/5O7TtwKHLrKzbLuIAkNgQMmxn87+TJ0zo0s75szCFYYhGP0LapH82RfDbDEl7MgjYjZP/1Nyeqx0YNyfHSlO+/3662bPtRh9Ci4DIG9NXcKAsxGXnOwOgeETkQpr9WPFmXfLVSC6O4OAVt3CXslsqttmhfYdno15CwPogJ+BNCxauvT1SDBsqlXI5bdn36SrBZJJCxBLwu5CCIrFy1QR+cnDjxk7YNCCeDAIKb6fHfKLAjCNXFBgQHOX1u7qIWLFqmw9bhlQr7AUER+bqcZcL7n4h401p7msUrkybPUC3lgiljs2OfWSU32e+RkF1j55y2PxXtwUZloQhRCMuHkAybjVt74bnitKk4gMLGCwdh8L5FGoNmTRvK4diNEe9ViKxLv14peWRPiO0uri/Ogv0vXLiQzmMNXvskvywKUqL0kcO22BDljJ3AGdpxr+8tNupIsYH1QmzBPHZevoTok8WyTsJGHZvzRvIuIl+pCUt1Wxe+C+ubjXLIcOLkKS38Iw1ADzk0wJ845EU+VOQnjT0UgP2YLxdv7tq9Tze3Vs1qqrekX8oSNq4WCAmwB7EXTuEJrF+w5hlyf/TFV+YSz3gsnOmHkPMV+VkfEPEUl4yykAAJ+J+AVxsJoRIHNdt+2KkvzEPBPqZ1q6b64sZEF2TiOTjnIKd57d8vBXZrI/HZ3GzdCbncb6JErCByxVxmhfzVS2VvduDAEYXvwroLayZc8OtMH5CbLff/aIarhV7nZk4UKKCGa46wNz4kkCkCqg/Rs0kkQAIk4CsCNhZyvuogG0MCISQQpvf2+83btVeprZy+iEJCvuFE4fshnB7sEglkPIFU2Mgt4iW/ShxhTARjxkMlgJQQSMXcjG0IBdSUDA0rIYHEBCigcnaQAAmQAAmAgI2FHMmSAAnYJcD31i5f1k4CJBBsAqmwkbvl8se16zapu/tnXcLLQgKpIJCKuUkBNRUjwTpIIA8EKKDmARYfJQESIIEQE7CxkAsxLnaNBHxBgO+tL4aBjSABEvApAdpInw4Mm2XFcYEeqJxYJGCZAAVUy4BZPQmQAAkEhAA3GQEZKDaTBBwE+N5yOpAACZBAYgK0kZwdfiVgY25SQPXraLNdoSFAATU0Q8mOkAAJkEBSBGws5JJqED9MAiSQKwG+t7ki4gMkQAIZTIA2MoMH3+ddtzE3KaD6fNDZvOAToIAa/DFkD0iABEggFQRsLORS0S7WQQIkkJgA31vODhIgARKgjeQcCB4BG7/fFFCDNw/Y4oARoIAasAFjc0mABEjAEgEbCzlLTWW1JEACvxPge8upQAIkQAIUUDkHgkfAxu83BdTgzQO2OGAEKKAGbMDYXBIgARKwRMDGQs5SU1ktCZAABVTOARIgARLIlQDXNrki4gNpImBjblJATdNg8mszhwAF1MwZa/aUBEiABHIiYGMhR+IkQAJ2CfC9tcuXtZMACQSbAG1ksMcvzK23MTcpoIZ5xrBvviBAAdUXw8BGkAAJkEDaCdhYyKW9U2wACYScAN/bkA8wu0cCJJAUAdrIpPDxwxYJ2JibFFAtDhirJgEQoIDKeUACJEACJAACNhZyJEsCJGCXAN9bu3xZOwmQQLAJ0EYGe/zC3Hobc5MCaphnDPvmCwIUUH0xDGwECZAACaSdgI2FXNo7xQaQQMgJ8L0N+QCzeyRAAkkRoI1MCh8/bJGAjblJAdXigLFqEgABCqicByRAAiRAAiBgYyFHsiRAAnYJ8L21y5e1kwAJBJsAbWSwxy/MrbcxNymghnnGsG++IEAB1RfDwEaQAAmQQNoJ2FjIpb1TbAAJhJwA39uQDzC7RwIkkBQB2sik8PHDFgnYmJsUUC0OGKsmARCggMp5QAIkQAIkAAI2FnIkSwIkYJcA31u7fFk7CZBAsAnQRgZ7/MLcehtzkwJqmGcM++YLAhRQfTEMbAQJkAAJpJ2AjYVc2jvFBpBAyAnwvQ35ALN7JEACSRGgjUwKHz9skYCNuUkB1eKAsWoSAAEKqJwHJEACJEACIGBjIUeyJEACdgnwvbXLl7WTAAkEmwBtZLDHL8yttzE3KaCGecawb74gQAHVF8PARpAACZBA2gnYWMilvVNsAAmEnADf25APMLtHAiSQFAHayKTw8cMWCdiYmxRQLQ4YqyYBEKCAynlAAiRAAiQAAjYWciRLAiRglwDfW7t8WTsJkECwCdBGBnv8wtx6G3OTAmqYZwz75gsCQRVQfQGPjSABEiABEiABEiABEiABEiABEiABEiCBPBKoWa1MHj+R8+P5IaD+f44EpN5KiWb9AAAAAElFTkSuQmCC' />]]>
    </system-out>
  </testcase> <!-- dashboardTest -->
  <testcase classname="org.udemy.globant.tests.vendorportal.VendorPortalTest" name="dashboardTest" time="2.502"/>
  <testcase classname="org.udemy.globant.tests.vendorportal.VendorPortalTest" name="loginTest" time="2.787"/>
  <testcase classname="org.udemy.globant.tests.vendorportal.VendorPortalTest" name="dashboardTest" time="2.525"/>
  <system-out>
    <![CDATA[<img width=700px src='data:image/png;base64,iVBORw0KGgoAAAANSUhEUgAABVAAAAN9CAYAAAB1nFKaAAAgAElEQVR4XuydB2BUxbqA//SE0GvooFQVEFFsYL3eq6hg12fvvaPYsTcUu6hgw96u5Xq9VmygoCIoXZDeQgkQSEhP3sw5ObtnN9uz2ZLzzXtesrvnzJn5ZnZ2z7f/zKSMHL28RkgQcCiBTx7t4dCaU20IQAACEIAABCAAAQhAAAIQgAAEIACBUAikIFBDwcQxjZUAArWxtiz1ggAEIAABCEAAAhCAAAQgAAEIQAAC0SGAQI0OR3JJUgII1CRtOIoNAQhAAAIQgAAEIAABCEAAAhCAAARiRACBGiPQXCYxCSBQE7NdKBUEIAABCEAAAhCAAAQgAAEIQAACEEgUAgjURGkJyhEXAgjUuGDnohCAAAQgAAEIQAACEIAABCAAAQhAIGkIIFCTpqkoaEMQQKA2BFXyhAAEIAABCEAAAhCAAAQgAAEIQAACjYcAArXxtCU1iYAAAjUCaJwCAQhAAAIQgAAEIAABCEAAAhCAAAQcRACB6qDGpqp1CSBQ6RUQgAAEIAABCEAAAhCAAAQgAAEIQAACgQggUOkfjiaAQHV081N5CEAAAhCAAAQgAAEIQAACEIAABCAQlAACNSgiDmjMBBCojbl1qRsEIAABCEAAAhCAAAQgAAEIQAACEKg/AQRq/RmSQxITQKAmceNRdAhAAAIQgAAEIAABCEAAAhCAAAQgEAMCCNQYQOYSiUsAgZq4bUPJIAABCEAAAhCAAAQgAAEIQAACEIBAIhBAoCZCK1CGuBFAoMYNPReGAAQgAAEIQAACEIAABCAAAQhAAAJJQQCBmhTNRCEbigACtaHIki8EIAABCEAAAhCAAAQgAAEIQAACEGgcBBCojaMdqUWEBBCoEYLjNAhAAAIQgAAEIAABCEAAAhCAAAQg4BACCFSHNDTV9E0AgUrPgAAEIAABCEAAAhCAAAQgAAEIQAACEAhEAIFK/3A0AQSqo5ufykMAAhCAAAQgAAEIQAACEIAABCImsGZ9oXTp2CLi8zkxeQggUJOnrShpAxBAoDYAVLKEAAQgAAEIQAACEIAABCAAAQg4gAAC1QGNXFtFBKpz2pqa+iCAQKVbQAACEIAABCAAAQhAAAIQgAAEIBAJAQRqJNSS8xwEanK2G6WOEgEEapRAkg0EIAABCEAAAhCAAAQgAAEIQMBhBBCozmlwBKpz2pqa+iCAQKVbQAACEIAABCAAAQhAAAIQgAAEIBAJAQRqJNSS8xwEanK2G6WOEgEEapRAkg0EIAABCEAAAhCAAAQgAAEIQMBhBBCozmlwBKpz2pqa+iCAQKVbQAACEIAABCAAAQhAAAIQgAAEIBAJAQRqJNSS8xwEanK2G6WOEgEEapRAkg0EIAABCEAAAhCAAAQgAAEIQMBhBBCozmlwBKpz2pqa+iCAQKVbQAACEIAABCAAAQhAAAIQgEBjIVC1Yb1sn/iUlM+dLTXFRUGrlZLbVDIHDJbmF18taR06Bj0+UQ4IVM9Y1gmBmig9ouHLgUBteMZcIYEJIFATuHEoGgQgAAEIQAACEIAABCAAAQiETEBLxc1XnReSOPXOVEvHtk+/khQSNdR6xqJOCNSQu2fSH4hATfompAL1IYBArQ89zoUABCAAAQhAAAIQgAAEIACBRCGw9d6bpWzGtIiLk7XfMGl1x0MRnx+rE8OpZ0PXCYEaq1aP/3UQqPFvA0oQRwII1DjC59IQgAAEIAABCEAAAhCAAAQgEDUCG0450iP6tOWNYyWj7+4i1VWyfdLTUvbb9IDX0hGbHd77ImrlaaiMPOqZniFtn5gkKdk5kpKRIalt28uGk/8lNTuLjcs3dJ0QqA3VyomXLwI18dqEEsWQAAI1hrC5FAQgAAEIQAACEIAABCAAAQg0GIH8o4d55J3WpZtUrVklWfvsL01PP18Krrso6LXzPos8gjVo5lE6wLueVrZNRp0i2XvvJ1vuuN7jSg1ZJwRqlBo1CbJBoMaokdq0SJPjD2khg3rnSIfW6bKzrFrWbKiQKb8VyQ+ziqS6pm5BUlNFbj23g/TpliUvfLhZfpqz02dph++ZK1ec3FZ+nF0kEz4o8HlMXpt0ufviPKmorJFrH1srlVUxqniCXwaBmuANRPEgAAEIQAACEIAABCAAAQhAICQC/sRizuFHSfawQ2Tr3TcZ+WQfdLik5ORIyZf/rZNvQ8rGkCoRwkG+6qkjUNu99J5svetGqViyCIEaAkcOCY8AAjU8XhEd3aNjpjxwRZ7kZisj6iNN/HiLfDZte51X/rFPU7nq1LaG7NxeXCUX3b/ap/i8+LjWcvSw5sb5D03eKNPn1hWt912aJwN6ZRvHnHfPatmyHYOqWSBQI+rSnAQBCEAAAhCAAAQgAAEIQAACCUagjljMyJS2j70g6T12kcJnx0vJN/+TljeMlbSOnSQlNV0q162WwscfkJrSEldNklWgNj39PEnv2Uu23X9bnVZpyDrFMwJ19h8L5LeZc6S8vELS0tKkZ88uMuyAIdK0aW6C9czGURwEagza8bbz2svQ3ZtIcUm1PPP+Zlm0okyyMlJkDyU0h/RrIh9M2SZ/ryn3KElKisizYzpL89w0+fDbQjnnmFby/L8L5PPpO+qU+OLj28jRBzYznt9cWCWXP7xGysrdIa0H75Ur15/eznXe+feulgJ1HAmBSh+AAAQgAAEIQAACEIAABCAAgcZBwEOgKqmQ3qW7VK5eIWnt86TdpHck//jD1Hqo1ZJ96D8lNbuJ7Pz845jKxmhR9hbFKc1bSHtVv4Ixl0vlyuUxrVO8BOqChX/L9Bmz5eQTj5LmzZtKVVW1zJ33l2RlZUr/frtGCzX52AggUGPQHcZf20l6dcmUX+btlAde3RjSFYcNypUbz2onH35fKO99vU1eGdtNduyskkseXKPHO49kF6j6hY/UOa/+d6txTJPsFJlwUxdp1SwNgeqDPBGoIXVHDoIABCAAAQhAAAIQgAAEIACBBCdgF4spWdnS8ua7Jb1bT6PUJd9/LUWvTzL+ztpvuLHpUun3X9WpUUNGa0YLn7dAbXLMCZKxS28pfOphn5doyDrFS6B++t8p0qlTBxmy1x7Rwko+QQggUGPQRS4Y2VpGHtTcWOdUT6//c3GJLF1TJsvWldeRoVZxnhzdSbrlZRrCdOOWSrnkhDYy4oBm8tS7m411U+3JEqgzlKDdtXOWtFbrrV4zfq2sVmusWq9pqarXYNWJCFQ3PQRqDN4AXAICEIAABCAAAQhAAAIQgAAEGpyAfff5SC6W0iRXOrz/ZSSnxvSccOrZ0HWKl0DV0ad/LV4uxx5zmLRp3bIO//nzl8jvs+Yp51QtFRWVMnToIBk0sJ9x3DMTXpd99h4oi9X5O4qK5aDh+8jmzVtl1ap1ajZzuRyw316y++69Y9qmyXAxBGoMWiknK0UuO7GtDB+cK6lqar6VitSU/u9mFsmbX2yVkjL3lPt9dsuR28/vIL8tKJH7Xt5gHN6lfYYxpX/tpgq5YtxaqbFtOmVJ0ql/FMusRSVyzWltZf6yMnnpPwXy6DWdJL+g0shngjpfJwSquw0QqDF4A3AJCEAAAhCAAAQgAAEIQAACEGhwAlvvvVnKZkyL+DpZ+w2TVnc8FPH5sToxnHo2dJ3iJVC1GP3p51kyZ+4iNX2/Sjp3zpPd+/eSfrXT97UQ1VP7MzMzZOfOEnnuhbfkumvOk1S1W/kDDz0nR4841BCq+fmb5OVXP1Ai9nAZsEcfWbtug/z7wy/k6ivPiVVzJs11EKgxbKrmuakysFeO9OqaKbv1zJa+3bOMq/80Z6eMe809tX/cVR1drxWXuufrW5tQPfrGJtGy1Ep2gTr+zU3y5OjO0j0vw/X6I69vMiJen7+lCwLVq70RqDF8A3ApCEAAAhCAAAQgAAEIQAACEGgwAlUb1svmK8+Vmp1uXxDqxXSkZttnXpW0Dh1DPSVux4Vaz1jUKV4C1Q6/qHinrFm9Xqb99Lv06tVdDjl4X1m7Nl9m/7HQiEBNUevh6vVRtUDNyck2BOro6y4w1kvVrz807gW5cfRFkpGRbmxI9ehjL8qtN18Wt/ZN1AsjUOPYMucd21qOO7i5VFTWyEk3rzRKMlBtLHXvpXkBS7VyfYVcrabo+xKoWq5aEaz69aVqc6rrn1gnHdukI1B9UEWgxvENwKUhAAEIQAACEIAABCAAAQhAIKoEtFzcPvFJKZ8zOySRqiVj5sDB0vzia5JCnlqwAtUzlnVKBIFqMVmxcq1M+fZnOf/ck2T84y/JmaePkrw8c0Nx/fiyS8+QJrUCdcwNF0t6eppLoN485hIjOhWB6v/tiECN6lDlO7Obzm4vOvpUr126eFWZbC+uknat0uVSta5pn25ZsmV7lZx3z2rjZC1PtUR94/Ot8v6UQo8MVV+WV+7oKi3VhlB6Myq9KZVO9ghULVB1uueSPBmg8hn7fL7MXVqKQPXTzgjUGLwBuAQEIAABCEAAAhCAAAQgAAEIQKAREoiXQP1x6q/SoUM76a0iTrX41Oucfv7FD0aE6eGH7W8I0wvPP0VatWohy5atlnfe+69cqyJQEaiRd0IEauTsQj5z4q1dpEPrdJ/H67VMn3lvs3yj5GqvLpky/tpOxmZTF923WjYXVtU555xjWskJajMoLWJvfGq9KVCPay1HD2suU2cXy6NqCr9OGekp0qp5mrEBlU55KgL1hdop/FrWamlLEkGg0gsgAAEIQAACEIAABCAAAQhAAAIQiIRAvATq+vWb5OcZs2TtmnxRc/SNaNJ+fXeRgw8aKmlpafL30pUybdpMycrOlG5dO8viJcvkjP8bZayJ+vSzr8sVl51hiNcaJaWemfCGXHn5mcZU/6qqapnw/Bty1RVnR4KjUZ+DQI1B8+qI0REHNJPBfXOks9oMKisjVQnMSmN6/Sc/FMrCFWVGKfTaqHdfnGesb/r8vwt8lqxNizQZd3Un2VBQIbdOUG8UlQ4ZkitXnNRWXv50i3z+8w6f56n3krE2qk7XqOn/lfhTgwUCNQZvAC4BAQhAAAIQgAAEIAABCEAAAhBohATiJVAbIcqErxICNeGbiAI2JAEEakPSJW8IQAACEIAABCAAAQhAAAIQgEDjJYBAbbxt610zBKpz2pqa+iCAQKVbQAACEIAABCAAAQhAAAIQgAAEIBAJAQRqJNSS8xwEanK2G6WOEgEEapRAkg0EIAABCEAAAhCAAAQgAAEIQMBhBBCozmlwBKpz2pqa+iCAQKVbQAACEIAABCAAAQhAAAIQgAAEIBAJAQRqJNSS8xwEanK2G6WOEgEEapRAkg0EIAABCEAAAhCAAAQgAAEIQMBhBBCozmlwBKpz2pqa+iCAQKVbQAACEIAABCAAAQhAAAIQgAAEIBAJAQRqJNSS8xwEanK2G6WOEgEEapRAkg0EIAABCEAAAhCAAAQgAAEIQMBhBBCozmlwBKpz2pqa+iCAQKVbQAACEIAABCAAAQhAAAIQgAAEIBAJAQRqJNSS8xwEanK2G6WOEgEEapRAkg0EIAABCEAAAhCAAAQgAAEIQMBhBBCozmlwBKpz2pqa+iCAQKVbQAACEIAABCAAAQhAAAIQgAAEIBAJAQRqJNSS8xwEanK2G6WOEgEEapRAkg0EIAABCEAAAhCAAAQgAAEIQMBhBBCozmlwBKpz2pqa+iCAQKVbQAACEIAABCAAAQhAAAIQgAAEIBAJAQRqJNSS8xwEanK2G6WOEgEEapRAkg0EIAABCEAAAhCAAAQgAAEIQMBhBBCozmlwBKpz2pqa+iCAQKVbQAACEIAABCAAAQhAAAIQgAAEIBAJAQRqJNSS8xwEanK2G6WOEgEEapRAkg0EIAABCEAAAhCAAAQgAAEIQAACEGikBBCojbRhqVZoBBCooXHiKAhAAAIQgAAEIAABCEAAAhCAAAQg4FQCCFSntjz1NgggUOkIEIAABCAAAQhAAAIQgAAEIAABCEAAAoEIIFDpH44mgEB1dPNTeQhAAAIQgAAEIAABCEAAAhCAAAQgEJQAAjUoIg5ozAQQqI25dakbBCAAAQhAAAIQgAAEIAABCEAAAhCoPwEEav0ZkkMSE0CgJnHjUXQIQAACEIAABCAAAQhAAAIQgAAEIBADAgjUGEDmEolLAIGauG1DySAAAQhAAAIQgAAEIAABCEAAAhCAQCIQQKAmQitQhrgRQKDGDT0XhgAEIAABCEAAAhCAAAQgAAEIQAACSUEAgZoUzUQhG4oAArWhyJIvBCAAAQhAAAIQgAAEIAABCEAAAhBoHAQQqI2jHalFhAQQqBGC4zQIQAACEIAABCAAAQhAAAIQgAAEIOAQAghUhzQ01fRNAIFKz4AABCAAAQhAAAIQgAAEIAABCEAAAhAIRACBSv9wNAEEqqObn8pDAAIQgAAEIAABCEAAAhCAAAQgAIGgBBCoQRFxQGMmgEBtzK1L3SAAAQhAAAIQgAAEIAABCEAAAhCAQP0JIFDrz5AckpgAAjWJG4+iQwACEIAABCAAAQhAAAIQgAAEIACBGBBAoMYAMpdIXAII1MRtG0oGAQhAAAIQgAAEIAABCEAAAhCAAAQSgQACNRFagTLEjQACNW7ouTAEIAABCEAAAhCAAAQgAAEIQAACEEgKAvUWqJ3aZSRFRSlk4ySwblNFvSr22th2xvk1NTW2f1Ncj9UrQV6vvXzt+Skp5mMrv2CFC/W4YPnwOgQgAAEIQAACEIAABCAAAQhAAAIQaKwEUizhEqSC1nG1mkbE6zzz9Rr1tClw3PnaH9d9vd4CtbE2DPVyBoHXxrY33jh26emWqSYD/dhbjLrFp1222pi53qnmc4He50hUZ/Q1agkBCEAAAhCAAAQgAAEIQAACEIBA+AQCyVMv/eJTwFjS1PQznuJUn+9+znI4deUqAjX8duOMRkTAFKg6mRLV+Eu9e3wJUl8i1TrejcR8kyFFG1EnoSoQgAAEIAABCEAAAhCAAAQgAAEIJAUBt2x1ex67gLVHqHrKVPN4/ZynsK2VqSNHL3fnmBQoKCQEokfg9TtNger+xcJ3NKp6C3lJUU/h6l0i3wK1dn5/9IpPThCAAAQgAAEIQAACEIAABCAAAQhAwKEE6ipNX9GqvoSoJUutgDr/U/pNtESgOrSLUW2TwBt3dbCtf2pRqStH7ULUOzzcHplq50oUKr0MAhCAAAQgAAEIQAACEIAABCAAAQjEhoAveWqfom+Vwr7MYl1xauhSU5rWxsEZUalEoMamEblKYhLQAlUn73VPzdIGFqnmeb7rZZenIa5znJiAKBUEIAABCEAAAhCAAAQgAAEIQAACEEhgAnY342+9VG83E0ic6qra5anxGIGawD2AojU4gTfvzvOYmh+qSLUKVjfKlDVQG7zRuAAEIAABCEAAAhCAAAQgAAEIQAACEPBBwNcaqKYQ9VxW0f+0fjNT73VTEah0N0cT0AJVJ88p+vbIUzueuuGmvqbpM3Xf0V2KykMAAhCAAAQgAAEIQAACEIAABCAQRwLB10G1CueWqr6m9dtFKgI1jg3KpeNP4M27O2p96ipIaCLVOtz3/H0EavzblRJAAAIQgAAEIAABCEAAAhCAAAQg4EwC/qbxW2ub2qkEE6fmsayB6syeRK1dBEyBaq5t4U+e6te9pai/tU/tMhbMEIAABCAAAQhAAAIQgAAEIAABCEAAAvEg4Dll3yqBv7VQ3a/bo1JTXHvfEIEajzbkmglD4K17OtbKUesN4hlVGuoUff9CNWGqSkEgAAEIQAACEIAABCAAAQhAAAIQgICjCPja2Du0Kf5uT6SPR6A6qttQWW8CWqBayZSl5hvEOyJVPxdoan6k0/YRr/RJCEAAAhCAAAQgAAEIQAACEIAABCAQmIAvERoKM//T+X1vLOX2NDWeG0mNHL3c90KOoZSCYyCQ5ATevreTj+n5bpFqVs//WyRyccrbLsm7DsWHAAQgAAEIQAACEIAABCAAAQhAIMYEAgnRQEUJfJ59ur+nONV5EoEa40bmcolHQAtUK9Vd59SSnJ67soUjTcM5NvHoUCIIQAACEIAABCAAAQhAAAIQgAAEIJD4BMIRq/pYzxnBpv/xzsP+mCn8id8HKGEDErALVH8iVT/vFqH+FyFGljZgQ5E1BCAAAQhAAAIQgAAEIAABCEAAAhAIg0BdUWo/2bc09SVSjeeYwh8GeQ5tdATeua+zUSd/8jP0dU99i9VGB4wKQQACEIAABCAAAQhAAAIQgAAEIACBpCHgXkIxnPVQrepZ5yBQk6bBKWhDELAEqpV3sCjSYK97lzHc4xuijuQJAQhAAAIQgAAEIAABCEAAAhCAAAQaM4FwpvBrDsGOrzOdnwjU2HSfzIwUyc1JlayMVMlIF8lU/9pTeUW1VFSKlKl/i0uqpbyCTYZi0TLeAtV+zXDkZzjHxqJeXAMCEIAABCAAAQhAAAIQgAAEIAABCDidQDBRaucTMEIVgdpwXSk9LUVaNE2TpkqcpqeHN8W7srJGipRILSyqksoqZGpDtdK793cxsg5FgIZyTEOVk3whAAEIQAACEIAABCAAAQhAAAIQgAAEokcgFLnKFP7o8a6TU6oKLm3bIl2a5aZF5So7iqtkc2GlVFdHJTsysRF45z5ToKoN2FwpElEayTk0BAQgAAEIQAACEIAABCAAAQhAAAIQgEDDEQhFknpf3X5OTW1MI2ugRrmN9DT99q3SJTU1vIjTYMWorq6RjVsrjen9pOgRcE/hd7dXfWVq9EpHThCAAAQgAAEIQAACEIAABCAAAQhAAAINTcCXNDWvaRpUBGoUW0CL02hFnforlo5G1SKVFB0Cegp/3ehRT/ltF6rGW8f6+SE6RSAXCEAAAhCAAAQgAAEIQAACEIAABCAAgRgR8I5Krat5PJfS1McjUKPQOHrKfvtWGcYmUbFIOgp149YKpvRHAba1BqqVlW85Wjea2Fuq+isKsjUKjUQWEIAABCAAAQhAAAIQgAAEIAABCEAgAIFQp+r7jomru/eQd34I1Ch0v7w2sZOnVnG1RM0vqIhC6Z2dhbdA9abhX4BGtkRDqOLV2a1C7SEAAQhAAAIQgAAEIAABCEAAAhCAgH8CkU8O9r1RezABi0CtZ2+MxbR9f0XctqNKCtTmUqTICQQTqP5yjm5kaWQyNvJacyYEIAABCEAAAhCAAAQgAAEIQAACEEgWAr6lZySlDyZK/eWJQI2Edu05esq+jj6NZ9JRqGwsFXkLRCpQI7+i55nRFbHRKhX5QAACEIAABCAAAQhAAAIQgAAEIACBxCEQqfiMVg0QqBGS1Oueds/LlNTU+EYPVlfXyMr8ctZDjbAd4y1QIyw2p0EAAhCAAAQgAAEIQAACEIAABCAAAQjEiAACNULQ7VunS7MmaRGeHd3TmMofOU8EauTsOBMCEIAABCAAAQhAAAIQgAAEIAABCDiBAAI1glZOT0uR7h0zIziz4U5Zub5cKquityZEw5U0sXJ+74GurgIxnT6x2obSQAACEIAABCAAAQhAAAIQgAAEIACBeBGwLxuAQI2gFdq0SJeWzRIj+tQqPlGoETSkOsUuUP3lgFiNjC1nQQACEIAABCAAAQhAAAIQgAAEIACBRCcQyvqqCNQIWlGvfZqeHt+1T72LXVlproVKCo9AKAI1vBzdR9vF6+aCLfLgg4/Ltm2FdbLTb9SmTXOlmfqvR8/u0r9/X9ln78GSkZEe6aUb5LxVq9bII48+LYMG7SEXXnBW2Nf44Yef5O13PpT/O+0EOfjgA8M+v7GckL9hg+oLT8guqq2vuebSxlIt6gEBCEAAAhCAAAQgAAEIQAACEIgrgVBEaKQFRKCGSS4zI0W6dkis6ftWFVZvKJfyCqbxh9OkDSlQ7eWY/cdcefrpicZT3m9oXxGuLVs2l+OPO0aGD98/nOo06LHTfvpFXn75DWndqqU8+ui9YV/rJXXuTyqP/ffbRy666Oywz28sJ8z8/Q+ZMOElycrKkucmPNpYqkU9IAABCEAAAhCAAAQgAAEIQAACjZYAAjXMpm3VPE1aN0+syECrCpu3VUphUVWYNXL24bESqLNmz5FnnplkyNOXXnzKA3p1dbXs3Fki69fny4KFi+WHH6apSNXtxjEHHXSAnHP2aXWkazxa7adpM+SlV96UVq1ayPhH7wu7CC+9pATqz1qg7q0E6jlhn99YTvht5mx57rmXlUDNVAJ1fGOpFvWAAAQgAAEIQAACEIAABCAAAQg0WgII1DCbNq9NhuTmpIZ5VmwOLy6plvyCithcrJFcJREEqjfKiopKeeOt92Tqj9ONl4477mgZeeyRcSeOQI1OEyBQo8ORXCAAAQhAAAIQgAAEIAABCEAAArEigEANk3TXDhmSmZGYArW8olpWb0CghtOkiShQrfJPnDhZZvwy04g+feiBsdKufdtwqhb1YxGo0UGKQI0OR3KBAAQgAAEIQAACEIAABCAAAQjEigACNUzSu3bJCvOM2B6+dE1ZbC+Y5FdLZIFavHOn3HDDWCkrK5NDDx0mZ515alxpI1Cjgx+BGh2O5AIBCEAAAhCAAAQgAAEIQAACEIgVAQRqmKQRqGECS/DDE1mganSTX3tHrYn6k9+Nm7Zs2So/T/9N5i9YKOvW5ktx8U7JzW0inTrnyYEH7CfDDtzXbwts3VooX371rcybu0AKVD5VVVVqfdOW0qfPrnLoIcNkl116eJzrLVDXrF0nX375rfy1+G/ZpvJq2rSJ9Np1FzlqxD+kZ4/uda7rvQbqgvl/yZdffyurV69Va8DuVHVsLXsM6C///Mch0rZdG7/lrqiokO/VOrEzf/tD1q3LVxunlatyt5JevXoaonnXXXr6Pbe0tEx+/fV3+fPPebJy1RopLNwumZkZ0rZtG9lrr0Fy5L8ON9Ym9U4vvviazFGcbrn5WmndupV89/1UmT59pmzatFn2GjxQLrzQvSlWeXmFTJ36s3r9N9mwYZNU11RLh9MU+hcAACAASURBVA7tVXvsq9a03V/+UNdmDdQEHxgoHgQgAAEIQAACEIAABCAAAQhAwEYAgRpmd0CghgkswQ9PdIE6fcZMmTRpskFx3MN3K9HX2kV0ypQf5O13PhS9CZVOaWlp0qplCyncvl30Oqo6DRu2n5x/3hl1WuHvv5fJY49PEC0UtTBs166dWpoiXdapjaz0czqdcMIxcszR/3Kdaxeop59+srzwwqtSWVkpLVs2V1Gy5VJSUuoqx3XXXia77dbX47p2gdpeCcVPPvmfsTyBlrbl5eVSVFRsHJ+TnS1XXH6h7La75/n6tY1KSD7+5PNKTG40j83JliZKGGuBqwWwTscec6RaN3ZEnY23dJ2fUOfqDbt00te2ym4916VzJ7ntttF1JOqNN90pBZu3yLnn/J+SozNk6bLlrrodqBhfUMtYb/711NMvyIoVq4zXMxTT5i2aS9GOYiOSuG+fXqKPf/nlN9hEqk6v5AkIQAACEIAABCAAAQhAAAIQgEBiEkCghtkuCNQwgSX44YkuUFeuXC133zPOoHjzTdca0aFWeuXVt2TOnPkq6nK4DB06WDq0b29IwZqaGpk2bYbo13Uac+PV0q9fb9d5Wrjectu9smnjZhk+fH857dQTDBGpU1VVtcz+Y44hN/OU5Lziigtd51kCNTU1VYnBDBkyZJCccPwxRkSmTitWrpKJL7wm+Rs2qHM7yAMP3O7R+pZAba2E6Zat24xozxEjjlCRq7nGcctXrJTXXntXdJ11ee6793YlV1u48igpLZW77x4nGzduMiI6zznnNOnX16yXlr5Tvv1BPvzwv0b9T/+/E+UfKpLVnnSk7uTJb8uBKir3wAOHSvduXSU9Pd04ZImSqxMmvGREpI4aeZSMGjXC49wxY+6UzQVbpI0S2FsKtsohhxwoQ/baU3r27O5ip0945NGnZeHCxUqOZsmZp58k++2/jyG2Ndc//pirIorflmz1ms5Li+vnJoz3uA4PIAABCEAAAhCAAAQgAAEIQAACEEg8AgjUMNuETaTCBJbghye6QN28qUDG3HyXQfGqqy6WwXsOcBHVolAnLU19paefmSSzZ8+Rfxx+sJyuZJ6VdJTp7bffb8jDZ595xIiSDCVZAlUfu+++Q+SSi8+tc5qezv/ww08azz9w/+2Sl9fBdYwlUPUTI446Qk46aWSd83Uk6J13PSgFSlIefPCBcs7Zp7mO+c+nn8vHH//PWKLgvntvkxYqstM7faWWJHjn3Y8MwTv+0XtdctY6TovMtDTfm8B9/c138vbbH0qXLp3lnrtv9sjaEqj6yWuuuVQGDdy9zrX1sgBPPvWC8fz1110he+zRr84xy5avlPvue9R4HoEaSq/jGAhAAAIQgAAEIAABCEAAAhCAQPwJIFDDbIO8NhmSm+NbwISZVdQPLy6plvyCiqjn25gzTHSBqtfYvOnmu40m8BaowdrFEo5a9mnpZyVLoGpx+vRT44w1QENJdoGqo0t1lKl30tGtl1x6vTGd/lp1zYE20WgJVH3dJ594SLKzfW/IppcmePOtDwz5+cTjD4iOeNXpplvuNqJmR41SEaIjPSNErXJoQXrDjXcYkaRnn3WqihQdFkrVjGMs+aujR5+bYEpOK1kCVddH18tXevGl1+Xnn3+Vvv16yU03XuP3us9OeFF+//1PBGrILcOBEIAABCAAAQhAAAIQgAAEIACB+BJAoIbJv1XzNGndPLSIvTCzrvfhm7dVSmGRuQ4kKTQCiS5QA03h966hlpc6grNUrbVZo0TilG9/lK++/k56997V2PzISloy3nzLXUaUpxaCJ514rBF1GSxZArVJkxx55mlzWQFf6drrbpHt24vkoovOkf3329t1iCVQ+/XvLWNuuNrv+etVhOxtKkJWp4ceGCvtO7RT+e2Qa6+71Xju1luuUxtG7eL3/Oeff0V+/W2WHHDAULnwgrMCVqtYbV5Vpqb/V1VWyWq1KdYzKmpXpxcnPekSt/qxJVBPOOFYtS7sP33mqaN6tZwOdIw+8bvvpsnrb7yLQA3W4XgdAhCAAAQgAAEIQAACEIAABCCQIAQQqGE2RGZGinTtUHeX7jCzaZDDV28oVzuSm9O6SaERSHSBqtft1DvA6zRunNpEqo17Eyk9hf8XtaP8zN9myyq1o3zBlq3G+p/eqbeSjbco6WhPS5Ysleeef1n0pkc6NWvWVHr06Ca77tpDTU/fQ7p371onH/smUuMfvc8vYC06tfDUO9MfoNYAtZIlUPVz9l3rvTPS65lefsUNxtPWuq+rVq+Ru+562CcH7/PfVVP4v1RT+fUmVjeMvrJOvaf99Iss/Xu5bFTRvXoTLF9p0sQnPab6WwL1DLUUwuFqSQRf6eprbjY2wrrggjPlwAP29cvHmurPFP7Q3qMcBQEIQAACEIAABCAAAQhAAAIQiDcBBGoELdA9L1OtH+l73ckIsovKKZWVNbIyvzwqeTkpk0QXqHojqKlTpxviVAtUe7LWONVT3PWO9bv06K7WBW0hWWpqfIZa3/T7H6YZGxr5Eqg6n5KSUrVh1FyZO3e+2lV+hej1Vq2kp6FfdMHZrg2i9PPREqh6E6cLzj/TbzfTUbRXXjXGeF1HzuoI2jUqOnTs2AeN5x5Va5vqjaj8Jb2OqV7PVG+cpTfQspKOxn3nnQ+Nh1oW9+3TS9q0aSU5KqI2PT1D8lX06Cf/+dx4PRKBetXVN0lx8U4VeXu2irx1i2Pvcup1aXXbIVCdNNJQVwhAAAIQgAAEIAABCEAAAhBIZgII1Ahar02LdGnZLC2CMxvulG07qqSg0Hc0XcNdNflzTmSBqqeX33DDWClTU/IPP+xgOeMM90ZQi/5aooTqU8YGUjdryehjSvsXX34j7733iV+B6t16etr93Hnz5T+ffmGsNdpX7XB/0xi3gIyWQPUVGWovy9q16+WOsQ8YT1lT+HVkp47w1Om2266XXXfp6bfzTZjwksz8/Q+Pja40Qx0ZW1ZWbmxepTex8k7LV6yUe+811z6NRKBaU/j95W9db8qUH9Uar+8jUJN/+KAGEIAABCAAAQhAAAIQgAAEIOAQAgjUCBo6PS1FundMrGn8K9eXS2UV0/fDbc5EFqiTJk2W6TNmGmtxPvTgndK2rXv6/jfffC9vvf1vad++nXptrM9qv/TKm0bUqL8IVH+s7GuQPv30w5LbpIlxaLQEqo68fPyxB/xuIqWn3+tp+HpZgccfu9+1Fuktt94rGzZslOOOO1pGHnukz+Ibm1cpUaojQe3T7VevXit33vWQcY6/CNaffv5F9DIDkQpUa4mC/v37yI03XOW3Kz751Auip/ETgRruu5XjIQABCEAAAhCAAAQgAAEIQAAC8SGAQI2Qe/vW6dKsSWJEoRJ9GmEjqtMSUaBWVFTKG2+9J1N/nG5U7ES1ydPRIzw3Lvrxx5/l1clvGxLuqScfFr2zvT1t3Vooo2+43XjKW6DqdVL1hlNpab77r14X9frRtxnn6rVOW7VqYfwdLYGq89IbMenNlryTjrrVkZyFhdvl0EOHyVlnnuo6REfGfvzxZ4ZYvfeeW6V582Z1zv/sf1/Jv//9qcHjkXH3qmOaGsds3LBJbr71HuNva11V+8mah14iQG8CpVMkEah/zpkvTz75vHG+FqhapHqnJX8vkwcffNx4GoFaBw9PQAACEIAABCAAAQhAAAIQgAAEEpIAAjXCZlFBgaLXQk1Nje9aqNXV5tqnyv+QIiCQCAJVC00dMZmfv0EWqDVLv/9+mtrcqdCozSGHDJOzz3JLRKuK+vUxN91lbIKk1xQ984xTDCGnU/6GDfL8c6/K1m3bZMeOojoCVQvGKd/+IP/652Ey/KADPNYT1VPlX3/9Xflt5mzp0rmT3HPPLS6q0RKoOmp248ZNhkQ9Sk2lz8nJNq6xbPlKmayksI4WbaLWJb3v3tulZcvmruuXl1fI3feMEx0h26ljnpx77v9Jr9qlC0pKS+Wrr76T/6g1TDVPX9PodQSqzltvkHXVlRe51nfV0vbNN96X+QsWGbx0ikSg6vPGP/aszJ+/SHKys+VM1W5D99nL2IxKC1q9rMBrr70jzZs1N9oIgRrBG5ZTIAABCEAAAhCAAAQgAAEIQAACcSCAQK0H9NycVMlrk1GPHOp/an5BhRSXYE8jJRkrgao3a3r66YlGMfW6pfakhZ93atGiuZxw/DEyfPj+fqumd5N/RU3T1+frafadOneUMrWDvd6xXgvGQw8dbqy1qTdh0psxWWnu3AXywsRXRW/WpFPbdm2kpdp8qlRtKrVh40bREbBNm+bK6OuvMGSjlfT1Xn75DUO46mnw/tJ1199mRJB6b6b0kjr3J5WHFr4dOrSXDz/81IiCbaM2yCopKXHJS12XK668UPqpNVi9k16bVW/ApDeV0klHmGZlZcuWLVtFT9/XSYvhU045rg5nLU/1urFamOoI1c5KEOvrr1a80lLT5MILzzLy1unFSU+6lg7Qj2+86U4p2LxFLQtwshx++EF+6759+w55SrXzMrUpl07ZakOv5s2bGzz0Oqz9+veWQw8eLs89/7Iqd5Y8N8Fcc5UEAQhAAAIQgAAEIAABCEAAAhCAQOISQKDWs23iOZWfqfv1bDx1eqwEakHBVrn/gfGuyFJ7ybVQzc1toqamN5OePbsZU7915GJGRnA5r0Xd5198I0uWLDOiWFu1bin7DBksR6vozm0qAvXBB59QEvYAJRRHecDSkaZTp00XLVPXrVsvRUWmVNTRoQMH7C5HHHGoa/q7daIWsw8//KQMGriHXHzxOX7hazk7b+5CueWWa6VTp46u43744Sd5+51/G9Gyw4btJ4sWLpEvvpoiq1atMcrepnVrGThwN+Pabdq08pu/3gjqZ7Ve6Qy1PqwWvsXFJdJCTefv06eXHHbYcFdUqq8M9NIGepr/n3PmyTb1d25ujuzWv5+MGnWUWmO2jdx550OSrSJib79ttMfpLytR/fvMP9TSBpcH3MBKn1RRUSFTp06Xn6f/JhvyN0p1TbXkdeig6ryvIcS3KZl6332PSo8e3eTaay6tfycmBwhAAAIQgAAEIAABCEAAAhCAAAQalAACNQp4dRSqjkaNZdqxs0o2bqmM5SUb5bViJVAbJTwqBQEIQAACEIAABCAAAQhAAAIQgAAEHEAAgRqFRtbrobZvFTuJqqfsb9xawbqnUWg7BGoUIJIFBCAAAQhAAAIQgAAEIAABCEAAAhBoxAQQqFFs3FhM52fafhQbTGWFQI0uT3KDAAQgAAEIQAACEIAABCAAAQhAAAKNjQACNcotqqfyt2+Vrjag8dwoqL6Xqa6uUVGnlWwYVV+QXucjUKMMlOwgAAEIQAACEIAABCAAAQhAAAIQgEAjI4BAbYAG1VP6WzVLl5bN0qKSu4463bqjkin7UaHpmQkCtQGgkiUEIAABCEAAAhCAAAQgAAEIQAACEGhEBBCoDdiY6Wkp0qJpmjRVUanp6eFFpFZW1kiRWuu0sKhKKqtqGrCUzs462QVqTQ19w9k9mNo3BIGUlPDG64YoQyLnybiTyK1D2ZKVAONO4JZj3EnWnk25E5kA4w7jTiL3T8rWOAkk+7iDQI1Rv8zMSJGcrFTjv4x0kcwMFaZqS+UV1VJRKVJSVm38V16BGItF0ySSQOXmIBYtzjUg0DAEkvXLAONOw/QHcoVALAgw7sSCMteAAATsBBh36A8QgECsCSTSuINAjXXrc72EIhAPgYqwSKguQGEg0KAEEuUDn3GnQZuZzCGQUAQYdxKqOSgMBBxBgHHHEc1MJSGQUATiMe4gUBOqC1CYWBOIhUBFXMS6VbkeBBKXQKw+6Bl3ErcPUDIIxJoA406siXM9CECAcYc+AAEIxJpALMYdBGqsW5XrJRSBhhCoiIuEamIKA4GEJhCtD3rGnYRuZgoHgYQiwLiTUM1BYSDgCAKMO45oZioJgYQiEK1xx14pBGpCNTGFiTWBaArURBUYiVquWLc114OAJtAQH6TRIBtpuRL1/Z2o5YpGW5EHBMIlEOn7O9zrhHt8pOVK1Pd3opYr3HbheAhEg0Ck7+9oXDtQHpGWK1Hf34laroZuR/KHgC8Ckb6/G5pmNMuFQG3o1iL/hCYQDYHaUB+c0c2XXcUTuiNSuBgRiN7mfNH8ILZXPtR8ozs+uEsQ3XwZd2LUsblMQhNg3AnWPIw7wQjxOgTCJcC4E4wY404wQrwOgXAJNJ5xJ+CPQCNHL49eTcNlzPEQiDOB+gjUaH3w+s8nMvmQEtlpcW4JLg+B+BCoifgT0PeJoQrQYLX1lw/jTjByvA6BxCfAuOPdRpF9ceH7TuL3dUqYOAQYdxh3Eqc3UhKnEEi2cSeUdiECNRRKHNNoCUQiUOsrMOqe7/vGIZQbg/qWpdE2LBWDQD0IhCJB/X8h8BSroeQV8FfO2oGgvu91xp16dAhOhUAMCIQyVjDuxKAhuAQEHESAcSdwY9f3u5eDuhJVhUDIBBJx3Am58OpABGo4tDi20REIV6BG+kHqeZ6nMPUlSiO9TqNrICoEgQQm4OsLQF3B4RaqoXxhiGZ1GXeiSZO8IJAYBBh3EqMdKAUEnESAccdJrU1dIZAYBGI17oR7f4ZATYz+QSniRCAcgRqu1AxVXoSbb5xQcVkIQCAEAvYP4WjIVGt8CPXDnXEnhEbiEAg0MgKMO42sQakOBJKAAONOEjQSRYRAIyMQ7XHHwhPqfZY+HoHayDoV1QmPQCgCNVzB6U9g2CNN65dneHXkaAhAIDoEwvlwNT5gbW96T5kaPCrV3xgR2tqo7ih3xp3otD25QCBeBBh34kWe60LAuQQYd5zb9tQcAvEiEMtxx18dQykDAjVePYTrJgSBYAI1HNHpS5yGKy/CuV5CAKQQEICAhygN5QPZLVN9i9Rg44CnmLWvuWqKU8YdOiUEGj+BkL7k+/wRh3Gn8fcOagiBhiHAuNMwXMkVAhDwTyDa404w1sGuh0ANRpDXGzWBQAI1mMSwg3Ef6ykwguUR7HXf12jUTULlIJCQBIJ9mNoLHexY63VvkaqfD3VM8DyWcSchOw2FgkA9CQQbSxh36gmY0yEAgToEGHfoFBCAQKwJxGrcCbVegcqDQA2VIsc1SgL+BGqoEiMScRos72CvezdEuMc3yoakUhCIEoFwPsD1JYMdH/ADuDY6zBKpNTXVRi2C5eleFzW19niz8oHGgmDjRLDXGXei1MHIBgI+CAR7z3ufEux4xh26GQQgEIxAsHGEcSf4d6tgjHkdAhDwJBDPcUfdKYV0n2WV2F9ZEaj0akcTqI9ADVee+hMUoUsP97qGjm40Kg+BuBAIvm5pIPnp90PYJlHNsSDwh7t93NF5WjN0wx1fGHfi0om4KATCJMC4EyYwDocABOpNgHGn3gjJAAIQCJNAw487tT+JhCxREahhNiGHO4OAL4EaSiSWp8SofTvW3XLbeMFXfoGfqytKg0kSZ7QWtYRAfAjUnXJvL4d/4enrgzfYL6/mMOI7T1/jjj8ijDvx6StcFQLRIsC4Y1/fOVpUyQcCEAhEgHGHcYd3CARiTSAW447nNUKPRPV5Lzdy9HJGilj3Eq6XMAS8BWo05WkoAsM8xlOYalkaSjksiOEcmzDgKQgEEpRAMMFpL7a5Dql3RWrqTMEPJlLdU/LNscCXRA30o409f8adBO1YFAsCAQgw7oTWPfi+ExonjoJAKAQYd0KhFN49WWg5chQEnEsgHuOORTtaEpUp/M7tv9RcEbAL1FC+mIcSeRpMYPia+h/u9NtQGi+U+oSSD8dAoDESCOcD3Lv+gabj+9oYyvuDOxBPXx/u7uODT9m3520fAxh3GmMvpk7JRoBxx7+MqM93lvqcm2x9iPJCIFwCjDuMO+H2GY6HQH0JJMq4412OaEhUBGp9ewfnJzWBcASqtzwNJko1mLoCwx5tWjf4u2FEalI3EYWHQFQJWMthRJJpsHVMPfP0fK/bz/WOGPUXoaplrHtjqVRjvVN/446/KNS6Ue6MO5G0PedAoD4EGHcYd+rTfzgXApEQYNxh3Imk33AOBOpDINHGHV2XQPdZwfaesFh43Mcxhb8+XYRzk52AJVCDRS+EK0/DEaehiFhTxiY7bcoPgeQl4OsLQbCp+WZt/YtUOw1/ctZ63/v7QhL4Rxf/P9gw7iRvX6TkziHAuOOctqamEEgUAow7idISlAMCziHQEOOOv+AVuxQNtPeEN30rPyJQndMvqakPAqEI1GDT9r1FhH956mlAfU+vNQvpX5ZiUenIEIg9gbobuxlq1OvpwB/U1sHuNVL1GOB/aon1mvs8+/G+xh33tBT72sqMO7HvL1wRAtEgwLgTDYrkAQEIhEOAcSccWhwLAQhEg0DDjDvmvZr3XjPux+FO50egRqOtySPpCWiBGlr0qe+1B/3JU89ps6EJDF+b0fgDHKzMSd8wVAACCUAg8Po9dTd/s4ocikjVU/NdH8Q+PtytMSQ11bxOdbUeR0ypGmjcSUlJrS0G404CdCGKAIGwCTDueCLj+07YXYgTIBA2AcYdxp2wOw0nQKCeBBpy3LHumcKVqMHWbtWvE4Faz4bn9OQmEEyg2kWor/UHfUWR+pOnvo/15udfelhHcjOR3H2O0icXgfCn6bsjU/2LVEuCuiNQ617HFKeWW/XenMp7PLDGHTMf9zjCuJNc/Y3SQsDXl33fz/n+EYdxhz4EAQhEQoDvOyY17rMi6T2cA4HICDTUuFP7bvYZrOIrKtV+nxVIoiJQI2tnzmpEBN69v4vf2gRb9zSQPLXL1uACI7RIMXdB60agNaImoSoQSBgC3jLSKlgoEaZ2+el9vDUV31p3xx6Jao0XOpLUPo6Ykaf2TaXc44Bbnppf/L2jVK08PaPcGXcSpqNREAjYCDDu2LsD33d4c0AgFgQYdxh3YtHPuAYEPN5pXkEf0brPMu/BzPsmf5Go/iWqeX8UUKKyiRQd2ckEggvU4FP33XLCXHcwdHkaOErMbBf/Nw9u0eLkFqTuEIguAfemTf7W4/GM8AwU7WV+ANe+k32sju7rw9163+vD7SLU+tu+2LnxtcB4wnPcsROpK08Zd6LbY8gNAvUnwLjD95369yJygEB4BBh3GHfC6zEcDYH6E4jFuOMZmGLcLQWNRLXO8ZauvmrMFP769wNySGIC/gRqoOjTcCNPA0V/ecpXE6T3Wqj+RClTTJK441H0hCfg/cujvw98uxe1f2BbItSqqL8Np+wS1X2sO/rU/YFuRZa6o1Cta/j70abueGLKU8adhO9+FNChBBh3rMgPzw7A9x2HviGodkwIMO4w7sSko3ERCNgINNS4430vFk4kqvc9mb8oVAQqXdnRBAILVN9RXd7ywVcEmPcxxSXVsm1HtTTLVWFlavMYEgQg4AwCaWmpkpWZLmmpWoC6p9jr2nv/QmpuLGXKU7dMNR94/nBjSlTvaf72cUfnXVhVJgXlJdKmJldSGHac0eGoJQQUgXiOOzsqq2RLaaW0Sk1Tu995LhVC40AAAo2XQDzHHaksksryQimTdlJV7XsGUeMlT80g4FwC3uOO9/2V9djfdP5AU/kRqM7tV9Q8AAFfAjX86FPrAr6ju1bkV8pDk7dJcWm19O6aLg9f2cm4uSFBAAKNm4AeS6qVQCjeWS47isukWdNM9fuJaTK9fyG1R7j6mO3vAcpcC9UzYsL7R5tFZQVy/sqPZbuSqINzOspHu5/OuNO4uxu1g4BBIJ7jzlI11t24YKUUKYm6e9McmbRvP8Yd+iUEHEAgnuNOaukySf/7ZpGqIqlpsptk7fks444D+hxVhICvcceayutvVqCvpdXq7lVhfJvyuF+z0yYClb7naAL+BWp40afWm8xbYmzaWiV3TNxqyFOdLhjZWkYe1NzRzKk8BJxIoKy8UjZvKZbcnPQ666K61zrV0afuiK2601vs65fqCAsdheq9mZTI2vLtcvKK9w15qtOd3Q+VC/P2diJ26gwBRxOI5biTX1ohl89bYchTna7t21X+r3t7R/On8hBwIoFYjjsp5fmSsfhqQ57qlLHLlZLe+WQnYqfOEHA0AWvcadokw+d9lgnH3MfC1zR/Ozz/e1TU5sImUo7ua46vfDgC1XvtU2vqvj95qgPE3vq6WL6YXuzifN9leTJg12zHcwcABJxIoHB7iVRUVUl6qntzOk9Jqp/XQtQUo743kdIf/Km1Eah1N4TS4864TT/L6wV/uBC/1/802b95Vycip84QcDyBWI07L6zaJB+uL3DxnrB3HxnSupnj+QMAAk4kEKtxJ3P9JEnZ9JELcdbAJyS1xWAnIqfOEHA8ge07Sv3eZ7nvt9wS1Tvy1AKIQHV8VwJAIALeAtUtRc3ds/1vGGXf7Knu1H1rOu4dE7fJyvxyVxE+ebQHDQIBCDiUQKWKzNpYUCRNstMNAnqMsSSplqLmc2ZEqb9p/Hps8Yw6dUehWuPOySvfk0Ulm12UV+97o0OJU20IQCBW484V81fI30WlLuC//HMI8CEAAYcSiNW4k/X3lSI7l7ko5wz/waHEqTYEIFBVVe3zPsu6vzIJmWske0/l9z2NXx/pjli1CDOFn77maAL+BKo/eWq8jZSlCBR9akkM/YY7+55NHnzfurebmsLL+qeO7nRU3rEEqtX6p2vzt6vN5LRA9fwA149TVWSq99hifaDb12a2Psz1+qruCHgLa40MWPScB+N5e18tLdKyHMudikPAyQRiNe7865e/PDB/c9ie0ixdbSRFggAEHEcgVuNO1pyjPdjm7P+ZSHpTx/GmwhCAgOlofN1n+V4P1RSjkUShIlDpbY4mEK5Ada9x6pYVnlLVikw1o1K9BSoRqI7ublTe4QT0+LFmfWGtQNUw3Gst6whUT4FqjCxexKydZc0PfS1Qren+1u6S+gRvgUoEqsM7HtV3NIFYjTveApUIVEd3OyrvcAKxGnfqCFQiUB3e86i+80HVagAAIABJREFU0wn4us8y7rg8ZGk4UahEoDq9T1F/LwJ2gepv+n44a5/ao0/1eefc655Gqy+NQKULQsCZBKxxRH+wN22SVvuLpzVd3/wF1D5t3xKinhGodY+xIuLN48zo+IF/Pe8BGYHqzD5HrSEQy3HnyF8XewBHoNL/IOBMArEcd7LnHuMBmSn8zuxz1BoCFgHv+yxTnpoC1RKp5rGB10J1r4Oqj/WUqESg0t8cTcCXQA2+9qmOCjPfdMZbqnZKv7c81a8hUB3dvag8BFwEvG8orA9xc9zQ0/drP85rP+DtEaVujG6BauWnVgWo/WB3r9mMQKXjQQAC1vcT/a91Q9GQ4w4ClT4HAQjEetxBoNLnIAABOwHv7zv2JdPqRqG6xWhdwWrtOWHdZ1mzANXzI0cv954jSCtAwDEEIhOo5hvJ/iXBlKiez+vnzr3PvSOtfpUIVMd0LSoKAQ8CdoGq10G2PsTN5/X0fffh7k2i3D/U2H8ptUfFmwLVvpFUjQxa/ILHtYlApTNCwJkEYjnuHPXbEg/IRKA6s89RawjEctzJmXesB3AiUOl/EHA2AS1Q7fdZJg0zAMVXFGpom0kRgersXkXtPQgEE6ihTN93y1NToLo3mRIEKv0NAhAwCHjfUBgf5645+1qomuOHfTFz/YGv1zg1j9WG1f17p7XkiPnDjXmMdQ0EKp0OAhCI9biDQKXPQQACsR53EKj0OQhAwE7AEqjWfZZ5X+Ve89RfFKqvzaTc0/gRqPQyCLgIWALVkhHBp++b62jYJam/6FMtNs67nwhUuhsEIOApUJtkW8LUFKPmmOJeo0ePKe61T016lmu1XrPGHetcS7TqfPZcQgQqfQ4CEIjtuDNiJhGo9DkIQCC2406T+USg0ucgAAE3AS1Qrfssb1nqHYVqCdJwo1CZwk+PczSBSASq99qn5q+txv96iVUEqqM7F5WHgI2APQLV+mA3Zaievq8jTd2S1PrV1L6xnRWd6hkVb55TXa3HHmsaPwKVjgcBCJgEYjnuIFDpdRCAQKzHHQQqfQ4CELATsAtU637KikK1i1J3xKl7f4lQ10FFoNLnHE0gHIHqlhmBN4+yT+knAtXR3YvKQ8BDYugH1gd7rd7wEKjmB735irUOqrU5nfWrqSVE7M9bAtWaokIEKh0PAhCw/9gSi3EHgUqfgwAEYj3uIFDpcxCAgC+Bat1TuaNQQ5/G7z2d3wqUcwlWNpGi0zmZQCCBGmj9U7fE8L15lPVGO+/+LR542UTKyb2NujuVQN0bCms9HnsEqv5hxtw0yv7BbRelFj/7jzn6WE+BWqOm8E/0QM0mUk7tedTbyQRiPe6MmPm3B242kXJy76PuTiUQ63GnyfyRHqjZRMqpPY96Q8AkYP5gbN5nWcEn3tGmnpGm7nuvUNdBJQKV3uZoAqEIVHvEV6D1T611US3hoUUIAtXR3YvKQ8Ag4O+GwlrPVE/hN5P7Q9y9Dqr1mrlEiBWZah2rzzIFqiVeEah0OwhAIPbjDgKVXgcBCMT6+w4ClT4HAQjYCdgFqnFnpW6j7FGo4a6D6msjKQQqfc7RBLwFat1drt03IVZUqSVE7FP17euf6uPMLxA1cv4DWz34EoHq6O5G5R1KwPuGIifLkqXWh7r5r5aipgit1anqD3sEquePOaZstcYh6zV1huz59yQP0kSgOrTjUW1HE4j1uDPi96UevIlAdXT3o/IOJRDrcafJglEepIlAdWjHo9oQqCWgBap1n2WKU0+BWleqmvdkgTaS8p4hiECluzmagBao1nRYK7rUAmKfpm9KU+N/jZc9o019P6ePQaA6untReQi4xgsLhfuDXT+jN5AyX7Gmjdg3k3L/6mn+guodDW+NRfrf6mr98a7+RyUEKh0PAhDwLTIabtxBoNLnIACBWI87CFT6HAQgYCdg3WfZN45yR6Aad1x+p/bb78cCrYOKQKXPOZpAqALVvuagr/VPLaFqRZBZkWEIVEd3LyoPAYNA4BsKHWVa7ZpeYheoZjSqaVitY8y/3ULVOkZP40eg0uEgAAGLQKzHHQQqfQ8CEIj1uINApc9BAAKBBar3GqdugeoWpnXXQUWg0q8g4IdAtAWqNX3fihZDoNL1IAABfzcUNTUpKgLV80M7EoFq/HCjBWqKGQ1PBCp9DgIQiPW4g0Clz0EAArEedxCo9DkIQMCfQDXvqepO4/deB9U+Rd9zgykzZ+91UIlApc85moA/gWr/AmBFl1qbt7ijTd3T+u1T+q31T/W/Fzy4zYMva6A6urtReYcS8L6hyM40Rac5hd8tUGs/pj2m66fWzvGv1nP0vT7E9WMrOl4LVElRx6h/Bi990YM0a6A6tONRbUcTiPW4c/SsZR68WQPV0d2PyjuUQKzHndyFx3mQZg1Uh3Y8qg2BWgJ6Cr++z3JP4fctUK17Kmt6vzmjTx9rbd7rXl4NgUr3goCNQDCB6r3moFuU6s1brIysjVys59yPEah0NwhAwN8NhZ6eb35QWx/0xse5bSMpK0JVr3Fqbkxn/ZpqX4/Z+OVUvVCj10BFoNLhIAAB148rJgrrhsK8YWiYcQeBSreDAARi/X0HgUqfgwAE7ATsAtX3OqimILVvLmUJUn8bSSFQ6WMQiFCghruBlBYdFzy41YM3Eah0Pwg4j0DdGwrNwFzftK5Ada9xat8V0trEzj7F38jFeMEuUFNUBOokD8hEoDqvz1FjCMR63Dl61lIP6ESg0gch4DwCsR53cheO8oBMBKrz+hw1hkBdgeoWpIE2jfK1uZQpVy3J6v7Xug8zzhk5erkrjg78EHAagXAiUAMJVHN6rRk5Zm0ghUB1Wm+ivhDwTSD4DYUlVM0ParckNaedWM+5I1Ct52rlae0BZgQqApV+CAEI1N28LjvTGmesH26iO+4gUOl1EIBArL/vIFDpcxCAQHCBas72s5ZFCyRVdV4IVPoUBAIQiIZAta9/Wqs11HRbU6gSgUr3gwAEfN1Q1NRUqw/ytNqFyXU0qsnJcxqJf4HqubyIGYFaXVOlRp1UIlDpchCAQO0PuiYIc0qbHiYabtxBoNLpIACBWH/fQaDS5yAAAV8C1S1M607ZR6DSZyBQDwLRFqjeEagXPsQmUvVoHk6FQKMg4H1DkZVhRqq7p/CbU00iFajmmXp9VDMCda9lbCLVKDoOlYBAPQjEetw5ZjabSNWjuTgVAo2CQKzHnaaL2ESqUXQcKgGBKBHQPxjr+yxrjVNTlvreSIop/FGCTjbOImAXqNYUfUNF1O4QZY/y8jeF3x6BikB1Vv+hthAIRsB+M6GPtT7YLYFqSdN6CVRjzr8ZXYZADdYivA6Bxk8gHuMOArXx9ytqCIFABOIx7iBQ6ZMQgICdQEMIVDN/96a/rIFKn3M0gVAEqmuTFiPCy1wy2JSmxl+1f/t+TASqo7sXlYeAxzRaXwLVFKfuqfqeOz2mGmOM9cFtCNLaYz2m8OtxyBiXEKh0OQhAwHP901iNOwhUeh4EnE0gmEBtiO87CFRn9zlqDwFvAt4C1VzP1H8EqnEXVnuMGdxiRqy6n7eugEClt0HAIIBApSNAAAINSSAeNxRM4W/IFiVvCCQ+gXiMOwjUxO8XlBACDUkgHuMOArUhW5S8IZB8BBCoyddmlDjJCCBQk6zBKC4EkoxAPG4oEKhJ1kkoLgSiTCAe4w4CNcqNSHYQSDIC8Rh3EKhJ1kkoLgQamAACtYEBkz0EGk6gmlPomMJPH4OAswn4v6Ewp4xEd0qbmsiv/h+B6uw+R+0hEI9xB4FKv4OAswnEY9xBoDq7z1F7CHgTcAtU97R9pvDTTyAQRQKWQDXXHbTWGvTcRCqyNVARqFFsJrKCQNISCHRDkZpqrrETjTVQdS7VegxDoCZtX6HgEIgWgXiMOwjUaLUe+UAgOQnEY9xBoCZnX6HUEGgoAg0lUC1XZAS/jBy93G2NGqom5AuBBCWAQE3QhgmhWOs2V8rq/HLZd48mIRydnIeszK+QzdsqZUi/nOSsAKUOsImUCAI1+TrId4XLpWNGU+nXpF3yFd5W4kUlm2V92XY5tOUuSV0PCu+bQDxEBgKV3ggBZxOIx7iDQHV2n6P2EPAmgEClT0CggQlEIlDtu1/rcC/92PxPF9b9d6ym8N/+fL7M/bvUg9SNZ7WTYYNyjeeqVblufXa9dGybIdec1tbjuFsn5Mv8Zea5OhiuQ5t0Of1freSgwbmyY2e1XDFujYw+o70M6p3tOu/+lzfKkP45cuT+zUSfP2zPXBlxQDN5/fOtsmxtudxxfgclhszD/1pZJo++sUkm3trFmKq8s7RG3vhiq/z0Z7EUl1RLnrreEUObyaiDmxvH/7m41Hh9pRKjTXNSZehuTeTMEa2Mv73Tg69ulBZN0+Tyk9qIZtCve5aceVQrj8Nm/1Uij7+tr99VsjNTpEptUv7vbwvli+nbpbCoymAycnhz+ed+zYzzZi0qkec/LJCHruworZunGc9VVolcdP9queuiPBk7MV+27VBPeKX2rdPl8es6yeUPr5GxF+RJr66ZriPeUFy07B2j2uSPxSXyzPub5YVbukpabZUuVHmf8o+W8s99zTIUl1bLzc+sN57TbaLLM+k2s/yk5CNQnxsKe2SqNb5Yz9nHIRU/b4CJZQTqqQvflZ+3r/JokAm9jpVj2/Qzy6LKdOL8t6VnTit5bJejXMcVVpXJAbNfkO3qX52yUtJk99wOcn/Pf8geTTqIFpS3L/9aPtz9DOmQYY5h5TVVcuDsifJ6v5MMcXnygnfkmDZ95ZwOg+WEBW/JwS16yjWd93ddY+L632RO8QZ5ptcxxnM7qsrlkdVT5b9b/pLtlaXSPbulnNpugFzccR/j9amFK2Xcmqny187N0iI9S45o2UvGdBsuLdPc454+rkyVQ5d9bPdDZVSb/q7rPbD6B5mydal8tsfZkp2a7nr+YXXN+aocr/Q7UdLUDqA6zSpaJ1f8/an8vOcl8n0IdT1y7mS5qOPecmLb3V353rL8K72fqDzQ8wjXc+vKd8jIea/L6K7D5P/aDXQ9/2PhChmz7EuZtudFkp7iHkc1i9sU5+mDL5EmqRnJ98aixAEJxGPciYVAvfS3v2T21iKj7mnqLdWtSbZc1beLHNi2hUxauk5eXLrexaV1Zroc3bmtXNG7s/Huq1KD6GvL8+XD1Ztka3mldGmSJad17yDHdTG/FxWpD/vjf5yrxgj3Z3yW+jLz9WGD5Jrfl8g/8lqra++Qb/K31mGfrr7gvHPg7tJV5WmlK2YulgEtc+XSXp09jp9RsF3umrtcPho+QHKsLwLqiGeWrJVpG7fJ5P37i76ulYLVS32tkfdXbZT3Vm6U/NJyaZOVIYe0bykX9uokzdPTRDPTZT+pazt5Tl3jrx07Zfzg3gY/neYVFsvtfy6Tjw4aUDtK8eaCQGQE4jHuxFKgVix/Qaq2/CzZgyeqmyb1XlffCUp+OUmy+oyR1Nbu7yCaXtnc6yWt9b6S3vlUA2adc2sRV6x8WWp2rpLM/neJ/W/fLVAtZX9eJSk5XSSzzy3uQ6qKpOTX09QNyw7zOVW21NyektHzMkltsadUb/tNyhc/Itn7vK2+Qpr3NkbyPk8/l5KujntHUrLcPxJXb1XnL6k9v6pYSmaeJVn9xkpqyyGurMrn36oY7Ke+/JVI1eYfJWvQsx5VqN72u5Qtuk9y9vtAyubcINWFszxez+x3l6S1GhIwb31O1abv6qLRZd57sip6MylfNkGqCqapclRKatM+ktHjQsVgkNkGK1+RylWvus/PaC3pHY5UnC6WyvxPpXLdx5I96Bn14WIG5lSu/8R8bsgrvpuDZxOSQDgC1ejyxnJq+gNR/1dje2y+ZiUiUBOyuSlUPAg0BoF63j2rZR8lGg/fp6mBUL/Xe3TMlMwM800/fe5OeeXTLbJNCcPx13SSrh3cN8v63AG9spVEbCEVlTXy1S875PtZRfLyHV2ltKxGLn1ojTTLTZUnrussbVuaH7rXjF+nrpdjyEp9/nAlW88/trU89tYm+WFWsZxwaAs552hTZM6Yt1O06PxwXA/j8fWPr5OCwko5RknLdi3TDVH6izrmsWs7SUm5ut6DawxZe8heTaVIicRpfxTLKYe3lEF9PEVGQWGVXHDfarnp7Pay/4Amcok6T0dqPjumiyFldapWdxVXj18rqzdUyKt3dpVWzdIMefndzCI57pAW0rldhvy5pES+/71YzjmmlZygntP1f/b9AunfM0vuv6yjITm16D39jlVyz8V50kSJ3B3FVbJK5amZXnRca+mkJKwWuU2yUw1etyuBrPlYSXNZs7HCqKOV/zv3d5ecLLN9XvvfVvn0x+3ymBKwum20cF64olSeGt3ZEL5n3blKrj+9nRy8lymTSMlFIB43FLFYA3WfWc/J4a12lVPa7WGOO+r/+iu5aQnEz7cslvtWfS+bKnbKf/c4S/rktDGOW1G6VYb/+aLcqSTkPs26KFlRJuNW/ygl6svuNwPPk7c3zpExy79Ur3WW9/qfZkg/LV33mPmUvNXvFBneorvoa49s21/u6HaI8Xd+RZFM7nuiHFYbTXnnym9lTlG+fLT76VJZUy0j5r0m65VgPD9viHTObC5/qejLL7cskc8GnC07lVwd/sckOVDle0Lb3Qyx+2nBIrmq0/7Gtezp44KFcvXf/5U/hlwprdPN9/jGimI58I+JRr46/7M77Ok6RR/7kTrnsk5D5dauBxvPf7F1iVy0+GNZPnS0vL9pXtC67jbzSbmk41APQXzmoveNvN7od7LrWmNXTDGEdmFVqSFnM2plqcVz0T7XSq5NlG6pLJFBvz8jTynJfLxNBifXu4vS+iMQj3EnFgL1mB/myJDWzQzxWaY+5N9V0nD65kL578EDZdzCVfLX9p1y14Cexo9Jf24rkif/WiMPDtpFDuvQSu6fv1I+X1cgZ/ToIN1zs+VXJTI/X79FruzTRc5Sz63eWSYnTZsnV6vHg1qZ36ey1ZeAXk1zRF/3CCUhT+zWTlYXmz/+XDdriRyrBK3OO0P92jm4VTOXlNSvnzB1nmxQQvO9YbtL5xxTrFap37rO+Hm+LC8ulf8dMlDaZJrfxwrKK5S8nSd5OZlyarf2cqKSnVYaq2RroHrpen+kpPDx6pzdW+TKxtIK+XJ9gVzfr6sMbdPcVfZrlGjWeX2p6nxWzzy5UollnX5Q0nbMH0vl5yP2UuXnh1pGlcgJxGPciZlALd8iJb+dpsRiByVFT5T0jscZoMrmXKNuOCoka88JLnDV2+cYojNLybjU5gPUr8C+z9UnlP91r1QrgZo9eJLH375aQYvJiuUTpKZ8qzr+BUlp0sM4rKZ0jZT+doZk9r1DUpv1lprKnVKhRGJNRaESi69JVf5/DQGac8AXSg6670+s8zJ6j1bCdVcjr5SUTElp2kv/5SqC/fyaigLjWpLeQrL3elHxaG8cVzrrfCWMD1ASdG+DSdYej0pqK/NHaoPT3OuMPLMGPCalv6gflfWxeUfWvppiXL+mfFPAvNPzjpKakjVmfvNuUuePkPS26ruV+m6T2nx3VYaLlfUskvQuqp3UD+CVG76Q6u0LVTs8bbxusN6xRDL73arX2VOvzTE4Zfa/xzz/9/NUufZXHG+VmuKlUjpbfZfqqX58rpXgkb8zODOWBBCosaTNtRxJ4J37zC+Q4ayB6o42NT624h6BqiXmv1Q06MlKNJp1MaNJrTTm6fWyn5KMq9V0cP3a1ae6o1DtAlQf//fqchn95Dp55OqO0qyJilyoFah5KsLyoSs7iQpmCChQf1uwU0qVCNVicz81td4uUKf8ZsrJh6/qaESLeqdZKlr07kkqauzGzh6S11fH1NJTR5a+MrarESmqBWp+QaUMV9GwN5xp3nh8NUNd74MC428tUHcqIXv5w2vlgpGtZeRBZsSrTlpY6mu/dlc3+XamWUYtW3Vk7YWjWnsIVEvkLlheJreoqF4tpK1o0/UqylTzGqPqvldf9xeUZ95TU2UL/AtUHexy09PrDFk64sBmMkGV+b5L82SPXU1prKVy/57ZdaKHfXHhucQj4OuGIjO92hhzAk3h1+e5N5kyvusZY431nL8IVP38kGUveYBYve+NUQejxeXpHQYp0agiDlRK1fWxfeEeNf9NObJ1b1msojr1a+Nro1AtgfpK3xPkHy3NL+zPq4jR8aunyZKh17kEansVfaqjWe/qflhQgVpaU2mw+d+Ac6RbVguxC1RLIH6sIlqHNO1Uh4OOAj1r0QcyZeD5LsnrD9aNy76QGTvWyNRBF7oOeUjJ3wU7N8kxrfvK02unyw97qmiHWg5aoH6zbamStBXyfJ9RcmSr3j4FaqC6hiJQtylpOnTW80o4nyqXq+jW67scKCfVRqz6E6i6Aloc761E9eO7joh6/yDD+BKIx7hz7OzlHpX+5Z/u6KRo0bBEppaBOi3ZUSJnTl8gr+zXX95ZuUFWKjE5Wf2tk47MPHzKbDl/l45ysJKcJys5em3frvJ/3c0bfp1un7NMZmxWIvXQQZJfUm4I1EcG72pEtFrjmv465X1d/dr+X/0uVyjZeqaSr76SFqhrS8qUeG0l9w00l8r4eM1meXDBSuNvu0CdoCJDdV0OV8e+oqJo3x++hxpHzKSlZ7B6XaZk6LlKivpK9rLrvKZtKpTSqiollneVg1WkKgLVJzaejIBAPMadZouO9yhpzvAfIih58FMqVkyU6qKlkt7uEKlY9bqK0nxDnZRqRKSWz79FCdQXlLw0Z+CULxwrNWUb1XPPG4/9nWscG4ZALfvjcklrO1wJVz3Wpqoo1JuN/C0RaopCNQOlukzl+6ASkpsNiRtMoGYNfNIUvToZP756/pDiT6Cm5nQ08peUDJdA1RGfZbOVyMxopSTqw2b5VHlLfz9XPR6npOq+hkBN73ispHc9q/aa+nqprnpoOesvb6ulSqYequTmJYYs1alKRZCWL3lUiWUldZv2Ng+rKVdC9kxJUdG4Wbs/7ENQV0vJzyMko9vZKp/TVeTqVClfcLsR3Vux5m1JyWyjhO/4OjysMvBvYhIIVaAa3V11vXAjUI3zWAM1MRufUsWGgClQzV3aQt1EKhEF6pbt7ilnOmpST1nXEaMLV5TJbRPWK9HYTU0jr5Dbn1tvTAe3pqdrgdpWRYLqqE8t8n6dv1P9WyMTbuoim7aaQvDOCzsoqbjZiHK99MQ2AQWqjtbUsu+DKdtURGVnWaUiTK0IVD0V/Zd5xYao1OmhyRtFC1cdKfukirbMVdGd1z62zoj6PGBgrvTrkSUDe+X4nLquozY/m7Zd3n3AjBDTAlWX74vpO+ShKzoaAlaX/TAVlfvBlEJDoOplDsa/uUkmjOksndu7o3C/+71Innh7s/H8/OWl8uInW4zp+prV9We0k8F9clwRqKEIVF89d9cumX4jUPXxeor/tY+tlTIln086rIWcpZYtsNK9L20wlg0YryJYSclHwP8NRaprqQtfm0hFJlD1OFYdM4GqIz+tpCNFf9rzYumU2UxmFq01ptn/NvgyWVG2VU5Rf/+spornqbVDLYGq5WiPrJZqen2ZfLR5gRymolmf2vVoQ6BqAfqGmq6vlwnQzx3UsmfACNTzOw6R6YWrjGjXj/Y4XR5c9aMrAvUmNd1dR5v+MeQKo6gXq+jPKduWqSmyafKVinhtnpYlepp8mir/iNZ9ZO+mnVU0ajef09pHzn9DRZ42kVeV/NVpp4o6GapE8iO7HiWHqmUE9pr1rDyqRLHORyctUHX07FAVafvMuhnyPzXFX0e/2iNQg9U1FIH6tMr7Pypq9usB54rx9+aF8rWqm06BBOq5f32omBUZSw+QGheBeIw7sRKoejr6VX06S7lan2iympI/edl6+eyQQfLEX6tlZoFayqJLG2Ppovlqavqfarr/a/vvJkuKdsrYOcvlPTXNXkefWul/KiL17nkrjOf1Dz1aoNrToJZNZeLQvhEL1GHtWshHa9QyQkP7SU913RNV/sd0aiOvqnJbArVE/Xp6rIpwvX2PHrJ/2+Zy1Pfq7927G5GtOmnpGaxeevkAnf87KiL32SVmhNbYPXoa8tZboBZVVBkRtprbZMVmWVEJEaiN6+0ft9rEY9yJiUBV09L1VP3MPirqUQnAkhnHm3/r6EcVSFM682xjunhmvzuUON0gpWo6fWb/ser1Q40p7f7PDV2gVm+fpyI7r5acff+tslT3CyrKM3vou0rytXWLR9fPLvrnozTJGvycKlffoALV3mFSctSSYXtrOexOvgSqlqE6qlVHkmb0ut5DoFZtmiLli+4x8tH5lS8Zp6I956up8JONTLVA1XLXldSyAnrZAFN4nmGIVn95W+d4C1QtT6sKflJLBHzkUfbyxQ8ryT3DeF7L6qpts9S0/aPVMdVGdGr19rkqknaSiubtaZxn5KNkrKjlALKHvGrwJSUXgYYVqJqFCmZBoCZXp6C00SXQWATqvrs3kX+otUR1ykhPkW55GYYUfkBNn9eRazefY0ZcXP3oWhmqjrWm2GuB2jw3zYii1OuSapn5xPWdDcFqRVTqKEs9HU5HXF55Slv5+Pvtfqfwa4Gqp7Dr625QUZcnHtbSmNqvp/BP/KjAmJL/5r2mQNVrrOp1SK8Yt9YVyVmilg2YoSTrvKWlhvDU+d2m8ttNTam3Jx1ZOlPJVx2BqpMWqEcf2Fy2KpG8eHWZIYT1+qcXjGxjRNRqgarz1NGmT93QWborPlb6cXaxIVafVQJ1Qa1AfU+J2U9+2C5vfblV7r4kT0WIrjem8IciUDXbfj3cN2jvfr1N1bUqoEDVZdGRr3qK/78f7mFE+lpJR9rqiNdJah1ZUvIRiMcNRawiUI9o1UtObW9GLei1TPuqKfw6juDCxR8Zq7K+0HuU8doRc16RI1r3MqaxWwJVC8dWGTnyoZKneiOjl/ocb0w7twTqYjXlXK9lOn7NT/J3ezg7AAAgAElEQVRW/1PkOBXR6m8K/wVqjdDT1JqmR82bLAc27y65aZkugarXC/1vwV8yd++rjLJsU2ugblbT2w798yVjaYFBuXlSpKbxf6mm1s/YvtqYBq+XFXip7/GG+LSng9TSA3uq4/W0d51eyv9dnlRRp7/udamkqxuX21d8I/N3bpRPdz/TeN0SqK+q5QU0k1Wl2+TyzvsZz1tT+LVADVRXvXSBrt91nQ9wFeX0Re8Z13tNSWa9Lut+s5+XyzvtK+d12EsJ0WLZVz2erF7TjAMJ1GuWfia/7VirpvyraBFSoyIQj3EnVgJ1U1mFq630Op6X9Tan4GvR+IuKJj20Q0uZs61Yliox+PSQ3sY09q/VuqU62vStA3aTXdWUfCt9mb/FEKvvKgGpp69rgaqjVPesncKv11HtkJ0ZsUA9WU3HLygrVzJ3p+zTpplRvmvV1PpzZyx0CVQtPV9WMvNTtQyB+vomj6gp+YtVNOrL+5rRbKHU601VL73UQJkyx/kq6vVOxUKLZh0d60ugjt9LrfM8e6kRIXuOilzV12AKf6MaAuJSmXiMO7EQqJVrP1BRp68pefmBsYZoxd9PSHXxEleEqRH9+PfjSmi+J5Vr31frdH6v/n5LtUGaehz43FAjUMsX3Kbyq1Fi9l6jbY3p5m0ONKIw3VP41TqkKvqyRn2nqVw1WapL1xrSsir/s4BT+DN7j1FRm7VT+FX0Z0p2R4/+41OgqiUERP1gr5cqyFRrwFasedeUqSoCVa8NW6qWO0hrrcrX4zxTIPe6VtIMcWkKVF12PQVfJ2PZABUlWqPKawjUQHnXlsxboFb8PV4qFfec/ZX8tCVTrE5TAvVjU6Cq9VzT2xwsVUpI1+xUP6arCNPUlnu7z6gulZKf/qWiY09XZb8kLu8jLlo/AgjU+vHjbAgEJdBYBOpRahMnvemQPemoxstUFKZ3apKdotY47WaswWmfwr9eTYG/Um0adcaRaj1QtY6pXaBqwaojPl/9bKshZI9Tmz75WgNVC887LuhgbISk1zstUpK0SD2nBeqUX80p9d5T+EfdsMJjKrxVXn0dHZGqZfBoFQlqT8/9u0Ct7eqOZrUE6uFDmxoydUdxtbEMgY4osQSqtaarFpy6flbS8nS22txp8p3dRC8zoCNQtUDV6eHXNsoiFcWrI3xDFajhroFqlePtL7fJZz9tlzfuMQWzlbT0Xb6u3BC8pOQjEI8bilgJ1DPVep/2zZt06yxXa5xq0eidmimp+auKSN2sBJ9eA9Wawq8FqhZ5/1HScXDTjh4CVedxyZJP5Hcl+Tao8wIJ1EvVhlB646jjlWjVmyL1Umuu6jVQ39r4p+goVO8p/F1/ecQlUO1l1eL3X3Nflb45beXpWlFqvX6Ikq675bYXvVlWlbqRGabWPl2jdrL3Th/s9n+yr5KvlkDV67PqtVVHzH1NCpXA1VPuvQWqv7r+Q8nnvk3ayrPqmjrp6+oNtfZv3tWYev/2JrVmrNokyjsd0LybvKum9AcSqHozqwXFG+W7QRck3xuLEgckEI9xJ1YC1VoDVQvPTmrN0Ka1vzjap7pXqC8QZ/68QDqq15/Yq7drfVO97qde/9NKWp7qTZ0+V+uRrqudwj9+cC/RkaP2FOkUfi1Qj+3cxlgPtbCi0pCi+nuJJVBbZmTIiVPnynq1Vqp3emGfvobIDVSvVWrdVr00gfcUfr1x1LB2Lf0K1MeUQNWbZp09faHsUOXSG2chUBlU6ksgHuNOwwtUJQN/PV1FlubXwZM1UE2Zb6GnzJerTZxOlvT2R6h1Nz9XU8LPU+tmnmR8Ygc7NxSBqtf9LJ2p1h31Tmm5htStqdhiikdrCr++sorGLF9wqxKHnxgCMdAaqPbzfPUBfwI1tWk/tcnSh2pdVrVUgRpz07ucagpUlSrXvquWLnhZ0jsdb6xFmrPve8qUmhvsmlP4R0m6mjpvT66lCJRADZS3PqfuFH4ticcZUju1We0mnzUVistZKq9dJHO3Bzyn8OvXfr9AyeI8I+LVnkqmHiwZu16jym7ONiIlFwEEanK1F6VNQgKNRaD62kTqpf9sMabk33peB9dqNjvLqtU6o/ly9ojWxs733mug6ijR79VGUJNuU5u7FFUb0+Dt63xq2agjNk8+vEVAgaq7gpZ+Y55aL+VqcyotUMsrauQ6NU1dR54eqzaRymuTIflbKkSLQ73Bkt5o6b1vtqlI2qbGaxu2VIrewf60I1rKSep69vSOiup8Xx37/oM9jGnQlkDVa5vqjayWrS2T89TGVtaartYmUjoaVkfBjjyohbHR1tylJfLNr0VyxUlt5J/7NTMiQO0CVUfEjn5inazdVBFVgXqDEsIZtZt86c209BR/fwL1jufzDWl932W+1zdLwredo4ocjxuKWAlUX5tI3a0iKr/e+re8qKa5W6to6QjPs9TGRzd3PUj+qaJW7QJVC8t/KmGpN2WyhJ8Vlak7ij73aLUJ1DIlZoMJVH38m0qY3qyEqZ6KrwVqsZpmf+ScV43IUz3Vv7taNmBlmRpzVGSrnlL/d0mBPKWiSE9tP1C91kJWlRXKI6unyrVdDpAra9d3tTrsKQvfMdY3fUeJST1lXgvIF1XkbF6mueGMTtct/Z9xDS2I7QJVv7ZARaeOmvem6DVbfQlUX3XVEbi6fBepKNR+KsJXs/2f2qBLS1kduXv4nJeN6+nyWmmmEs53qXbQ9ZunpLLelOsZJYOzUs0N9vSGVwNyO8hpaomEaiVk9WZdpMZFIB7jTqwEqt7MyVoD1d5q3muFfrthq9yidpe3RKSOytSRqHoN1F7NmsisLTvkP2s3yy27dZfjurR1SdZoC1R9vS/Uxk2Ld+w0NqhaqDa6sgTqrC1FRmTsuD13lfYq0tVKd6uydm6SJbosweqlz9d1HdWlnQxQm0htV1P09XIGV6t1Yk9Xm235ikDVAlUnve7qBb8sNCJXEaiNawyIR23iMe40tECt2vStmo5+txJw96sNk9zTucv/+n/2zgLejuL64ycv7kYMCO4UCe4uRQv88RbXUrS4FHcoWty1SNECLaXFPTgBggYIJCFC3JOX/5zZzNu99+59V/L27u7d73w+kPfe3Z2d+c7subO/PefMxdLQYRFpt/IlFrXu7q67vIsVNR+zmzWVc26BgDrpc2m71FFNw6epAeYMv98KoioCNi2sTCTNzCEn2x3k1ZvT20Qq6IFqNo+a/Jn1vHQeqO1WONukGvXsTIPZDEtMSiI9r5pNpNRLVEVOLbOGGs/OMf+1OU2dgCpzp1nPU5k7VdoufrARSw9o6lOpTaRK1m1qyhdQjbutSSNwqNlAa4q01U2k2na3YramPuiwxh02RD/IWhszd+wrNl9tkxA+v4UIqHFYj5a7JgJqy7GkJgiEEqgHAfUsI7BpuHuwnLxfHyMwTjQh9N1lk0G5u7er+PjtT7PkzIP6ypk3jbKbJW1nNqHSork21WPz2L36yFKLtDPh9T/JlSaEv29P78FbN4jSnKpbmnQB2xuvVz1/w9U625/vM3lJ1QNV86S6ops93ffcr3L7WQNtSoHxpv57jRerbto0xYS19zSpAgYt30kOM5s1zTZC631GMB1sRF89Tjdy2nTNLtYjVvOiBosKwxfdZXJ9Ga/MRU0+07NMO9QLV9sSLKONCHuyCb+/5fRFbS5VzfOqIq1uFqXh/v16tZW9jEDrdrh/f6jxRH3mVxvm78qPZvOts28ZJece3s+KrlrUW1c3frrq+EVsrlkt6mmr6QjOCxynf1feuoGXjslHxtP1/Nt/sRtGuaLevSpS/2/wFJvDVT1ng+XA84Yb3l1kv+38vKjczukhEMcDRS0EVM1PquHuwaKemZqDU8PJd8nb2f3qn9+0Yt5VxmtSw+c1x+lKnbzUIq9O/N6KkW8POlLeNWH0F//4SlMOT/1c84bu+8Ujdtf5FY2IqELmDmbTpgP6DTIepw/Kgf0Hye8C19Owfc09qu3RMtp4r+pmTy9PGGaE1OnS1+Ri3dTkVT3PbFClIfCXm89eGP+tDX/vYzav2nWhleTkRTcy4bS5hue8H16SJ8d9Lh+u8Scbrm+2EJSLltg6h8FrE3+QY799Rt5f4yhT72s2HcDFS/rHqMettuUd09eXTS7WUn2dZdqnAqrmiR01a4os3L6bHG7E1P36rm5/V2/Zp37zB5tPNlhUHN3CCKwquh7w5WMyx4TauaJpCzR9wZof3Ch7mtQHpw7cOD03FC0ti0AcdqcWAuofB39lQ/T3NJ6d+eXWb0ZYEfSCVb1cdvpy5tj3v7ai4uHLLGzugXlyp9mg6VmT93SsSQOg3quHLL2w/HZAL3v8ZLNA2NN4c1635nKybFc/zF8/0+vqBk+7m53uXdnrjc9svVvOz1Wa356j3vtK/s8cn/+5erqqaPn4xqvI3776ybbzlBVzI0/eNV6xKvhqbtfbS/RLvW3vNikA/jXiV/nFeLKqR+6qJnfrMUZAXcyIsMG262ZV2s9TA9f7lxF3bzR5U5/eZNW8rWPKmmocBIEmAnHYnagFVA3XV2vSdhndRd4vjRPek5lDLzQC5ePmj2atMMdszmYEPOtZOdBL41POubN/uNvsLP+jyZ96rhVgVYgNFt0kScPO25qQ8tZ9tsr5TI9tnPKVCaE/Q6abkHmZM9n73KQZaNVpCWm39LHGQ3Z1aZww2O5ar6H1rqj4qeHrOefZc9vYfKSt2vu2rtFcXz1YO6z9dyuITn9vP7NZ0y3mmPmOHSbP68yPjzMh+duZ/vubeqnwO2fkU0bANFFJJjWAKzM/OUEaJ36Q0xftf+uea5Zdt+adbbvEwSbP7GZ+PcYTd9Z3N9mcp2IifRq6Lmc8SQ0DkwfWjscPdxrWPxnWRki2ZZ7M/PQks4HWylbkdWXGYBO+v9SfrDBNSR8BBNT0jRktThmBehBQU4a8RZqrmy3td+6PctCOvaxwWq9FPV+PuuzngrQH9drfeuxXHA8UtRBQ63GsSvXp7cnD7eZYL656sCxrUgSkuahH76YmlUJ+aoM094m2+wTisDu1EFAZYwhAILkE4rA7UQuoyaVNyyAAgTACCKjMCwhETAABNWLAEVZ/9zPjTW7SOfLnfXPzo0Z4yZpX/V/jlfp8iFdqzRvCBasmEMcDBQJq1cNV8sSdhtwn+/ZdTfYxIf9pLg+P+VTuN+kO3IZXae4LbS8kEIfdQUBlJkIg2wTisDsIqNmec/QeAvkEEFCZExCImAACasSAI6xeQ/4nmc2iencPbFkf4fXiqFpzsGru2O5d8nIYxNEYrlkVgTgeKBBQqxqqsk4aO3uadGzdVjqbjarSXDTf6ozGObJQ205p7gZtL0IgDruDgMp0hEC2CcRhdxBQsz3n6D0EEFCZAxCoMQEE1BoD53IQyBiBOB4oEFAzNsnoLgTyCMRhdxBQmYYQyDaBOOwOAmq25xy9hwACKnMAAjUmgIBaY+BcDgIZIxDHAwUCasYmGd2FAAIqcwACEIiZQBzrHQTUmAedy0MgYQQI4U/YgNCc+iOAgFp/Y0qPIJAkAnE8UCCgJmkG0BYI1J5AHHYHD9TajzNXhECSCMRhdxBQkzQDaAsE4ieAgBr/GNCCOieAgFrnA0z3IBAzgTgeKBBQYx50Lg+BmAnEYXcQUGMedC4PgZgJxGF3EFBjHnQuD4GEEUBATdiA0Jz6I4CAWn9jSo8gkCQCcTxQIKAmaQbQFgjUnkAcdgcBtfbjzBUhkCQCcdgdBNQkzQDaAoH4CSCgxj8GtKDOCSCg1vkA0z0IxEwgjgcKBNSYB53LQyBmAnHYHQTUmAedy0MgZgJx2B0E1JgHnctDIGEEEFATNiA0p/4IIKDW35jSIwgkiUAcDxQIqEmaAbQFArUnEIfdQUCt/ThzRQgkiUAcdgcBNUkzgLZAIH4CCKjxjwEtqHMC9SigTpo0Wd54413ZfPONpEOH9nU+gnQPAskmEMcDRRwCKnYn2fOQ1mWLQBx2BwE1W3OM3kIgn0AcdgcBlXkIAQgECSCgMh8gEDGBehRQH3n0aXnq6X/LAfvvJdtsvWnEBKkeAhBojkAcDxRxCKjYHe4DCCSHQBx2BwE1OeNPSyAQB4E47A4CahwjzTUhkFwCCKjJHRtaVicE6lFAfeDBx+S5f/1P9t1nV9lh+63rZKToBgTSSSCOB4o4BFTsTjrnJ62uTwJx2J2sCahTp06Tt95+TzbdZH1p27ZtfU4kegWBCgjEYXcQUCsYIA6FQAYIIKBmYJDpYrwE6kVA1UXL62+8Iy+/8pYMHfp1E9RllllS1lt3Tdlyi42lXbvmF/jPPPuC9VzdeqtNZc89di4YmG+/+8F+/u23w0QfHBZaqLdssP5asuMO25Ss21VWaR1RHx/v7OPqWSAQxwNFrQTUSu3OiBGj5L8vviZDhgyV0aPHSqtWYu3ImmusKjvttI107tSp6JR4+533rf2ZMmWaXHLRGdKlS+eCY886+1IZNuzH0DpamYtts81msv8f9ig57aK2O5XWX7LBHACBPAJx2J1aCajV3OeV3HMffTRE/vHYM/LTzyOkc+dOsuEG68hee/5OWrdunUP5qqtvlvc/+EROPfloWXXVlZiDEMg8gTjsTq0F1NmzZxsnlRflhf++LAMHLmLv/7AyceIk0eeqjz7+TMaOHWcP6d27l6y++m9kR+Pc0qNHt8zPFwBAIAoCCKhRUKVOCAQI1IOAqguWa6+/TQYP/qjo2A5cdGG56MLTCx4A3AkffvipXHnVTfbXJZdcTC48/7ScuvTzq6+9VebOnVtwjeWWXUrOOP24kh4YldYR9fHcCBCoBYE4HihqIaBWanfeHfyhXP+3O6SxsTEU+yIL95fzzzu1IG/z8J9GyD33PixffOG/GLr0krNEbVqwzJ49Rw48+Nhmh3R988Ln6KMObvaYqO1OpfXXYo5yjfojEIfdqYWAWs19Xsk99/XX38l5F/zVTgh9AT1q1GiZPHmKiebZykT17NY0UYZ8NlQuufQ6I4j0lCsvP7fsl8j1N9PoEQR8AnHYnVoKqPrC5P77/yGjx4y1ndYXubfcdEXBFPjllzFy7vlXiuaGDyvdunWRc/5ykvTv35fpAwEItDABBNQWBkp1EMgnUA8C6osvvS533Pmg7doqv1nReIRubby6elkv0SGffSkvGo+v6TNmyHXXXBS6qdSECZPktDMutA8JWpZcwgioF/gC6syZM+X4P59tFwKLLDJADjxgL+nVs4e8+dZgeezxZ+05u//fjrLrLtsXnWCV1hH18dwJEKgVgTgeKGohoFZqd5548jnr1TXIeF9suOG60rfvQsabdIo8++x/5bPPv7TDsf9+e8q2xkvUldfNZni33HpvgegaLqDONgLqcfZUtYFbbblJzhC3amhl7VZDQwN2qlaTn+vERiAOu1MbAbWy+7zStYS+5FFvd/U43Xmnba2n/J9POse+fL715iulfft21h6dfuZF8tNPI+XoPx0i66+3ZmzjzIUhkCQCcdidWgmo+pyl655gKSag3njT3fLGm+9au3HwQfvIGoNWtRE3KsDeedffrTPKuuuuIccefWiSho+2QKAuCCCg1sUw0okkE6gHAfXyK2+Qj02ISI8e3eXaqy+QNm3a5CDXBc2cOXNCPUT1s0svv96G1LqSL6C+/PKbctsd99uPL7/0L1ZEdcU9bOi1/3bdxWaBYFYIIaXSOqI+PslzkrbVF4E4HihqIaBWaneUg4oR/fr1yRlgFTgOO+Ik+0Cx8UbryZFH7N/0+b33PyrPP/+SDXlbfLFFTAj/8/azUgKqEz8qnUlR251K66+0/RwPAUcgDrtTawG1nPu80nvulNMukJ9/Hmm94ZdeanGL88STz7WeqJdefKYN2f3PC69Yr/jlllvaeJGdGNmkGzNzlpz/yTD5YvJ0mTynMPonsgsnvOJn1lwh4S2sXfN0yd22bWvp2rm9eTkYvv6uXWtE4rA7tRJQ3UuTbbfdXH4ZNUY++PCToh6op5x6vvxsUhZtttkGctghf8gZAifE9u2zkFx91fm1HB6uBYFMEEBAzcQw08k4CdSDgHrxJddaDy4Ngb38srMrwqn5ef7+0BM2VE3miXxj8pvmC6g33HiX9TbVkFkVLoJFw3Kvve42+6crLz9HBgzoF3r9SuuI+viKIHEwBBaAQBwPFLUQUBfE7uTjPOKPJxtv1Kmy+WYbyqGH/L7p47lzG41w8Yt9afPSy2/I7Xc8YD8rV0CdaQQINWzt27cvawSjtjuV1l9WozkIAiEE4rA7cQmozd3nld5zZ5x1sfzww09y3rknyzJLm3WRKScbMUTzN2tqI/WcV49UtVf6u6Y8iqJMnD1X9n19iIw1qUkouQQQUAtnhIqnvXp0sl6OcZY47E6tBNSp06bJ9OkzZCGTx/TGm+4yHqaDiwqoF1x0td2PIkxAvfueh03+1FdC06XFOXZcGwL1QgABtV5Gkn4klkA9CKiPPPq03VxFy0YbrStbm9BVXdTnb3iQPwjDvv9Rzjn3Cmlndo+9+OIz5CYTcvKVyf+VL6D+5ezL5LthP8g6aw+S4449LKcazU942ukX2r/9+YQj7WYwYaXSOqI+PrETkobVHYE4HihqIaBWa3fyB/jbb7+Xs8+93P75qD8eZDZsWTt0DlQioK6w/DL2QeeHH3+ydamnx3bbbSnbbL1ps/MrartTaf11dzPQoZoRiMPu1FpALec+r/Sec6G3e+y+k+zyu+1k5MhfRL1SNbpGcx0++o+n5fn/vCybbLK+HGBSjvzPpEjStVTnTh1lI5OaZFmTE74lylkffisvjJnQElXVXR0IqOFD2qF9G+napbyXhVFNijjsTq0E1CCzUgKqhu+rLdGIwEMP2VfWMM9Gc40X+acm2u92E9E3a9ZsOejAvQtSDUU1LtQLgSwRQEDN0mjT11gI1IOAqvlNzzebHvz4489NDNu2bWNCXgfKiisua8Ji180Ju9eDNGz2jLMusWFpfzziACu8nmcSnocJqOptoQnRw96k/vrreDnmuDPtdV09YQNZaR1RHx/LZOOimSQQxwNFLQTUauxO/gTQDWHUdukLGhU51YNebVdYqURALTbRNDfqPnvvWnQeRm13Kq0/kzcMnW4RAnHYnVoLqOXc55Xec7qOUi9ULcubEH19Saz55LfacmPZZpvN7Qvjtuals4bzX33tLTnrLhVZTzj+iKIvkisZ2G1f/EgmELYfigwBNXwm6fxbqFenSqZZix8bh91JooCqYJ/71//kgQcfC2W8267by2677lA07VmLDwwVQiBDBBBQMzTYdDUeAvUgoCo5zXH6v/+9Zjc/+MZ4dAV3utZFlXpS6EZPrtx6233yyqtvSXBX6mIC6glmAyndcXKzTU0un0Nzc/mMGzdejj3eE1D/dNRBssH64d5jldYR9fHxzDaumkUCcTxQ1EJArcbuBMdfbdTfbrhT3nn3A7ux01lnnCDLL7900SlSSkDV+g457ATr2bGp8Q7b7rdb2HDb4cNHyK2332/zGmq59poLbQheWIna7lRafxbvF/rcMgTisDu1EFArvc+ruec+/PBTecR4mv788yjp2rWLfQmtHqlX/vVG+eTTL+wGU22NZ9n9RhxZeaXlbWSObg6jG95pjmdNZ9TcZnXljDACanFKCKjhbBBQPS4dN36lnFtsgY4p5YGqz0bX33CHfG2i+sKKeqofe/Qh0qtXzwVqBydDAAKFBBBQmRUQiJhAvQioQUwqIHxvQsq+GPqNybPzsowfP9F+fNaZJ8iKKywrLm+pigiXGC+KTib0TEsxAfXMv1xi6hsua6+9uhx/7OE5I6LeGppYXcupJx8tq666UuiIVVpH1MdHPK2oHgJNBOIQMmoloFZid4LHKpNbbr1PXnv9bfvnPx55oAl/XafZWVNKQNWTNR3AHOO1lS/EfvvdD3L2OZfZ+vUlkL4MCitR251K6+c2gkC1BOKwO7UQUCu9z1vqnvvwoyFWQO3Tp7dccdk5ctU1N8snn3xuPU7XWnM1O0z6MlmFk79eca7079+32qGz553+wTfy4lhv7UbJJYCAGj4jCOH3uCRBQNX1hq47dNO5A/ffU5ZYYjGTjX2eza+sOVCHD/858k3osBsQyCoBBNSsjjz9rhmBehRQg/B01+sTTvQ2lvrdzr+VPffYWY4+9vQmUbU50IMGrSIn/fmP4jZhWNhsUnVF3iZVb739vvEiu8NWc81VF9iHi7BSaR1RH1+zCcaFMk8gDiEjDgG1lN0Jfu52odW/HXLwvrLF5huVnCflCKjFKpk7d67sf+Ax9uN999lNdth+K+xUSeIckGYCcdidWgmoldznla4lwupW+6F5UDXlkb5E1pfJTpgNbjZ1rkmDpB5np592rPxm5QXbKf6X6bPk4Le/YBOpkAFBQC2EwiZSPpO4BdSRZuPLk04+zzbIOa4ER+wLs7nUhWaTKS3NRcSk+fuHtkMgTgIIqHHS59qZIFAPAqrm59KwNg01yy/6me5wrQ9TKqBqGL+GtI0d92vJ8XWbSb38yptymwmB1aJ5v/SNqivXXHurDH7vI5u/8Oqrzi9aZ6V1RH18yc5zAARaiEAcQkYtBNRK7I6+uHHl3vsfleeff8n+euABe8nWWzW/sZM7rxwBVV8Y9Tae9a1bN+SM3pdffivnX/hX+7djjzlU1l1njdDRjdruVFp/C01BqskggTjsTq0E1Eru85a451wuQ80pr6lGtFx2+fU2nD8YeXPaGRdZz7Jzzz6pRTaTGm1E1AuHDJPPJ0+XyeRDbbqLEVB9g2YydJl0Eq3N+r+9NOgvMZc47E7ScqDq5pVnnOnlUQ4TUD//4iu56OJr7OeXXHSmLLaY/0wV8/BxeQjUBQEE1LoYRjqRZAL1IKCecur5Nkfp+ib/6Bqrr2JzcLUxC6pfjJjw9NP/thtDaXGLel3g/PrrhJw8qfr5taD4q+UAACAASURBVNffJsOG/SgDF11YTjrxKOnRo5vdQVI3i/mz8WKdNGmKqBfqQQfsbfL29JDX33hXnnjyOVv3ASZEZZutN7M/a07De+97RJZdZimbG0zzMlVaR9THJ3lO0rb6IhDHA0UtBNRK7Y6O6iOPPiVPPf28HWDNUbqt2ZQlWDp0aJ/zIihoqzS/80MPP2kPP/WUY2SACZHt2LGDdOnS2f7t0yFfyKWXXW9zim2x+Yay1FKLS7duXWW4STPy8KNPy4QJE81O2Z3k+usukvbt22On6us2ozd5BOKwO7UQUCu9zytdS+RPJF33/Pmks2XGjJly0YWnm805F7WHqC365zP/sS+A9EXQ2LG/2mgfzX16681XWBtDgUDWCMRhd2oloM6ePVsmTpxsHVLue+Af8v77H9s1hdoFfc5RJ5b27dvZPOwa6acvmYMh/DoXvv9heFMIf+fOneSG6y+xm9JRIACBliOAgNpyLKkJAqEE6kFAveY64wU6+KNmR3jXXXQTqZ2aPUY9tNRTa6klF5cLzj8151jdVOGqa24pEF31IM17qqH+rVu3tudcfuUN8vHHn9mfg29XK6lDz436eG4JCNSCQBwPFLUQUCu1O5r7y+1u3Rz3M884XlZacTl7yO13PCDqeVqs6EPLheefZvKLDZQRI0bJOeddIdOmTQ89XF8GHX/c4TJo9d9gp2ox8blGrATisDu1EFArvc+rWUsEB86lG9E0I5puxJUJEyZZYXXmzFk2l+Evv4wx4sok+2LoD7/fPdax5+IQiItAHHanVgLqn086x97nxYq+sP3bdZfYCJg33hwsN918txVbw4quXTT3+4YbhG+8G9f4cV0I1AMBBNR6GEX6kGgC9SCg6he0htG/YTxCvzNJy38dP6GJuebqUs9QJ0g0NxhP//N5efyJ52TnnbaV3XbdvuBQ3aBFPU7Vo1XfxPYxYfubbLye9SJr27ZN0/HBvKiXXfIXWXTRAU2flVuHOyHq4xM9OWlcXRCI44GiFgJqpXZH8weqwDllytSi46oeqBrypulDtPzjsX/Kk0/9u+hDiHpwnH/uKU0btmjd/3vxNfnAvPD5+eeRxhNklnTv1k1WWnl52WmHbXJsEXaqLm4vOlGEQBx2pxYCqna3kvu82rWEO+9Px5xmPcr+esV5xqM9N03SV199K/c/+JjdZFO9zzbdZH2bJkm9UCkQyCKBOOxOrQTUC0ze0qEmf2mxoqH4F194hvVG1aIRff/694vy5Vff2JcrWrp37ybLL7eMfdGy5JLeOocCAQi0LAEE1JblSW0QKCBQDwJqfqceMAt6zdm17z67ms1Sto5l1O834S2vvf6O3HTDZTxMxDICXDQpBOJ4oKiFgJpEu1PpmGOnKiXG8WkhEIfdqZWAWssxUHG0Xbu2Nn0RBQIQaJ5AHHanVgIqYw8BCKSDAAJqOsaJVqaYQD0KqI+YfH9PmdynwbyktRyicePG21xg+/1h97I3iKll+7gWBGpJII4HijgE1LjtTqVjip2qlBjHp4lAHHanHgXUNI05bYVA3ATisDsIqHGPOteHQLIIIKAmazxoTR0SqEcBVUNFNP/O5pttaDdZqXWZO3euvPfex7LOOoOaQllq3QauB4GkEIjjgSIOATVuu1PpeGOnKiXG8WkiEIfdQUBN0wyhrRBoeQJx2B0E1JYfR2qEQJoJIKCmefRoeyoIeAKqWKEv+MXvftZ/vZ81p433s/ef617+3/zP9bhDL/XzkeoZT125RCq40EgIQKBlCBR/oGhl0lt4ubLUvsxPmzXfFhlrY+yH2iX3d7U5wb/5NkrP9gxS43z7FIeA2jK0qAUCEGgJAnHYHQTUlhg56oBAegnEYXcQUNM7X2g5BKIgEK2A6j1vtdr5xGHhW8RF0SPqhEDCCDx80aJNokQlAqp2wxNREVATNqQ0BwKJIhD2QNG+rfe125yAqrYlKKw6e+P+VkxA1dPW+O72HAbD1z05UUxoDAQgEC2BOOzOjh9+l9Opd7ZZM9pOUjsEIJAoAnHYnS5Dd8lh0HHjVxLFhMZAAAK1JVCugBp0XPE2f/Oc5TznFc/Bxf3rfm5yZEFAre2gcrVkEUBATdZ40BoI1BuBOB4oEFDrbRbRHwhURiAOu4OAWtkYcTQE6o1AHHYHAbXeZhH9gcCCEUBAXTB+nA2BkgSqEVC1Uj+MHw/UkpA5AAIZJrAgDxStWjWotZlPT9OMNJqfvbB+PFAzPKnoOgRKEIjD7iCgMi0hkG0CcdgdBNRszzl6D4F8ApUIqLmepnigMpsgUBYBBNSyMHEQBCBQJYE4HijwQK1ysDgNAnVCIA67g4BaJ5OHbkCgSgJx2B0E1CoHi9MgUKcEEFDrdGDpVnIIOAHV5b1wLWtuEyk9Bg/U5IwhLYFAkgk090DhbxJVuImUl4enfA9U9VO11yIHapKnA22DQE0IxGF3EFBrMrRcBAKJJRCH3UFATex0oGEQiIVAVAJqTo5UcqDGMrZcNCEEohNQNbRf5NBLJ+T09Kkrl0hIz2kGBCBQCwLFHyg8gdTLU95SAqoJ8Z/Xik2kajGwXAMCCSYQh91BQE3whKBpEKgBgTjsDgJqDQaWS0AgRQR8AdXbBMptEKXPW2G/26ewMjaRQkBN0SSgqdESQECNli+1QyDrBOJ4oCCEP+uzjv5nnUAcdgcBNeuzjv5nnUAcdgcBNeuzjv5DIJcAAiozAgIRE0BAjRgw1UMg4wTieKBAQM34pKP7mScQh91BQM38tANAxgnEYXcQUDM+6eg+BPIIIKAyJSAQMYFyBFRtgobju92wvfynXoi+/i34u7d48D8nhD/iAaR6CCScQKkHCm2+nwvV+1nNSH5ov29vvM/8PM3zDZT9GyH8CZ8ONA8CNSEQh91BQK3J0HIRCCSWQBx2BwE1sdOBhkEgFgL5AqqXJs1LlVY8pN8+jc1/9nIh/f6/Xkc055qmXzPHkQM1lrHlogkhEBRQc0UJq47mihS6O8v8vyGgJmQAaQYEUkAg+FDhvtjdJlFe3h0nmFYpoHqWCQE1BXOBJkKgVgRqbXcQUGs1slwHAsklUGu7g4Ca3LlAyyAQB4EoBFTn3IKAGseIcs3EEWhpAdXr4DxpbDSeYOZNxSGXjM/pM5tIJW4K0CAIRE4g/4GiQzvPW7ShofV8j1N9o+k1oxoPVCvCGhfVxnlzjdVpkEHf3pbTp+Hrnhx5H7kABCCQLAK1tjs7fPBtDoB3tlkzWUBoDQQgEDmBWtudzl/8LqdPHTd+JfI+cgEIQCC5BFRA1ecs1WMaGhqsHuM9X1XvgYqAmtzxpmUxEGgJAVWb7QTT/BB+BNQYBpVLQiBhBMIeKPI9UN1bTfuVX0YIv3ecesXPV141rYh4IfwIqAmbADQHAjEQqLXdQUCNYZC5JAQSRqDWdgcBNWETgOZAIGYCTkB1gqkL4fcFVSun5gmq/t88sdWJrv6/LpUaIfwxDzCXj59ASwmo4XlRBQ/U+IeYFkAgdgKlHyi8nDqulCug5oioCKixjzMNgECSCNTa7iCgJmn0aQsE4iFQa7uDgBrPOHNVCCSVQLiAGvQ+RUBN6tjRrpQQqERAdTlSc8VSK2HkbCQV/P2QSybkkCCEPyUTg2ZCoAUJFD5QePmUW7VqmC+cBgVU3UTKhfSbgPwGT1htbHQb1Lk3o8E8zV4Iv+eBKsYD9fac1hPC34KDSVUQSAmBWtudHT74LocMIfwpmSg0EwItSKDWdqfzF7vktJ4Q/hYcTKqCQAoJeALq/M2erHNK4QZS3jOYL6rmpk/DAzWFw06Ta0mglICqbXGCqXdz+WKp95n9f46AGgzjR0Ct5WhyLQgkk0CxBwox+Uo9gTRXQA1uaOfl73FpQvwcqVYpnW+fdHEwTwXWVgioyZwBtAoCtSdQa7uDgFr7MeaKEEgagVrbHQTUpM0A2gOBeAkEBVQXvh+W/1RbacPx5//nOa94v7sSDOUnhD/eceXqCSJQTED1hQlfQPVyDXpiqfu8mIDqBJCDL2YTqQQNN02BQCwE8h8oOrb3mjHP5CsNCqj5b0C9L3NPQNVNp9wXuQvxdy90nIDaqpVnm1b/hk2kYhloLgqBBBGotd3Z/n02kUrQ8NMUCMRCoNZ2p9PnbCIVy0BzUQgklIAKqPqc5T9TFXqg+vlRnbep78ySn/9Uu8kmUgkdbJoVD4GWFlCtkGFVVU9oRUCNZ1y5KgSSRKDYA4XzQHXiaLUCqoqsGuLfSkP4EVCTNPS0BQKxEai13UFAjW2ouTAEEkOg1nYHATUxQ09DIJAIAkEBNbiBlO9d6guqThx1TnJBD9R8T1Q8UBMxvDQiCQTKFVC1re7G8X52Yfv2N9uVsI2kEFCTMMq0AQLxEmj+gcJrW753qfvbfId3m6vH9373cvc4u6P/NhrtFAE13nHm6hBIEoFa2x0E1CSNPm2BQDwEam13EFDjGWeuCoGkEigUUBdsA6nc57H5Yf47nzjMU38oEMggARVQfRHCc992JRiq7x1j/990vCeYNh0dmgcVATWDk4ouQyCPQPgDhaeAem87/RASfwOpYMiIJ5jmCqh+ShG1Q+4z4wNPCD8zEAIQaLIJisI9UHheFtHYHQRUJh0EIFDr9Q4CKnMOAhAIEgiud4LPWJ6jilsDhYuqbn0U/NerO3e/ilYIqEy6LBPIF1BzRYrgJi2egOo+L5UH1WM6Tw666NccvE9duUSWcdN3CGSSQP4DRacO3pe4S1ju5UHN/YJ2n7kve5cWxG1m577M9SwN3/ePNwLq17fmcB6+7smZ5E6nIZBlArW2O9u/900O7ne2WTPL+Ok7BDJJoNZ2p9NnO+dw7rjxK5nkTqchAAGPgAqo7jnLPlnNd1JxAmp+/tP89Gn5OVDz85/aOhFQmW5ZJlCOgKp8gpu1FNtIKnic81ZFQM3y7KLvEPAIFHugUFui+UtVQPWOyX3D6Z3r1RHYFLLgWE9A1fyn3vkIqMw8CECg1nYHAZU5BwEI1NruIKAy5yAAgSCBoICaK57ap6lA1F/xDaS85y4/YieY/9R+hoDKpMsygeYE1KDwkS+gus+aC+PXYw66aFwOXjxQszzb6HtWCRQ+UDTMRxEUUL0/OaHUeZoGBVTf+zRXWM0VUMUIqLfkoMYDNaszj35nmUCt7c72732dgxsP1CzPPvqeVQK1tjudPtspBzUeqFmdefQbAh4BT0D1nrPyvU8L/2b/Yv6bn9s0IJo6nnigMrMgkEegEgFVTw3Lgxr8uy+0escioDLlIAABz0Z4rqTui92lA/E9UHO9THND9W0N9m1o8OHEpRVxAqr7kkdAZc5BAAK1tjsIqMw5CECg1nYHAZU5BwEIBAkEn7OsPGr3mvBSpwWdVJyHaf7f3TmuTgRU5hcE8ghUI6A2lwfVLRycZyoCKlMOAhAo9kDhfUk3zM+t7L8p9fOZFobwu8+cjfHskf6nIfzezwiozDkIQKDWdgcBlTkHAQjU2u4goDLnIACBYgKqL57aJ66C8P1S+U+dmEoIP3MMAgECTkD1v/C9myu4SZQ7vNIwfj3vwAtzQ/gfvGAx6dzRhe8yFBCAQFYIOPvx86hJTTbAf/vpiajOy9Rnoh6nnjCqQqt+HrRH3kZU+hcnnnqfr/ZVbgj/kLWOle6t22cFNf2EAATmE6il3dlucG4I/3+3WF26tmnNWEAAAhkjUEu703FIXgj/+s+KtOmSMeJ0FwIQsE9R5qEo/znLeZ96z1JBj1T7l6ZnL/+ZrPn8p/YscqAy4bJMoJSA6m7G3H/tbxZbUGgNC+8/5/bJ8sOoWU2IyYGa5dlG37NMQG3F3LmNMnrcFOnQzgsn8UPydSMpn05u+L4TTf0v+WAYf6PVThub6tLP9hr+mAydPrapQnKgZnnm0fcsE6il3Tnmi+HyzZQZTbjJgZrlmUffs0yglnan43fHiUz7rgk3OVCzPPPoe9YJhD1neUzCNo/y/25/KjP/qT0WATXrUy3b/a9OQPV3y3YiathmUvrZQ/+dLv96a2oT5Av/2F9WWbpDtqHTewhkkIDaiEmTZ8gcI6I2tHJepc6DtFWTgOq+wIMvZHxcfv4eJ6J6AqrmR/Vf6Fwx7m25b+xHTac9suLesn63gRmkTpchkG0CtbQ7t/40Th4f4Ufd3LjWcrJmr67ZHgB6D4EMEqil3Wn/yx3SavQTTZTbr3qNNHQflEHqdBkCEAh7zvK8TJv3PvU+d8d5/7q/5Yfv278joDLZskwgTEB1N1klYfxWwjB3mNsxWwUN/X36jHny5+t/lWnmXy2H7NxLdt6kW5aR03cIZJLAtOmz5NcJ06Rb57Yy16ieLqTE5TT1PFJ9NPlf2J49KjzGhcp59Xl2Z/K8WfLbb++XyXM97/dzFt9cDu2/Via502kIZJlALe3OVGPX9v9omEydM9ciP375gbLP4n2zjJ++QyCTBGppdxoap0q7oQeLzPWcVdoudbS0WWSPTHKn0xDIMoHpM2aHPmcpExe67/3sHrbKDd/Xs7yNfF1BQM3yTKPvEhRQ7e0REClyd7vOD9l38Py/+4Krd6O5+oaPaZSL7x5vRdSVluwgFx7ZV1q3bpk8qME2MpwQgECyCOj92dg4T6ZOny2TTWhrt67tZc7s2Tlf3s5zVHOcNjSoR6rzcPftiN8r9+XtfZFr3ZojNbhDpLM7X80eLwf/8IQVUdftMlAeWmHPFrM7yaJMayAAgSCBOO3OsBlz5OTPf7Ai6uo9usgNay6L3WF6QiADBOK0O21mfS9tvjnNiqituq0mbX9zNXYnA3OOLqaXQFCMXJBe5Nud7t06hD5n6TXyN5Ty/uZdvRLvU3s8HqgLMmycm3YClQqoTpzwRY5iuVB98cN5ok6c2ig9uzbI7Dle+G5+QQxN+2yi/RAoJNC6dSvp0L6NtDHi6Jy5c/LefPpf3updmiugerbFD+kvzIWqAqr/ssZd27dJU+aZt7GzZkj/hq5F7Q5jBgEI1B+BOO3ONGOXxs+cK33atMHu1N/UokcQKEogTrvTunGazJ49WeY09MPuMEchUIcEiomuQbszt3Fu6HNWoUDavPepe/4KC9+3nyGg1uEMo0tlEygmoHo3jp9TUH/PD+kPhuvnfx72mZ+z0Akhhd6r3q7a8z+f/29+O4LX8joaiPsN6bnxUSubBwdCoN4JmCD4El3075f8L2vf03O+gbD/eF/C7ss2NzSk8O1m8J51ISVeGL/nle42kAqG8wcbrGbB32RK7VJwAyl3pN+HXM94az3sQS7037UHu1PvM5/+xUkAu4PdiXP+ce1sEsDuYHeyOfPpdZwEam131PmkuWewcPG0XO9T77mp4HkQATXOKca14yaQL6A6YcHlGgwL488VH3zxpJjAqgJHvmDha6S5m7/41wsIqd7J842DR6wSb9VKjo17PLg+BKImUEnYSO6GTqZlwfw3ecKp+/J2Aqf3u9cbFzYSDM/PDxuZf+R8cdQTRYNCqfvZia1eXc0LpcFzAmbE2o/gixnsTtSzjvqzTgC7461bsDtZvxPofy0JYHewO7Wcb1wLAu6Zp1wSLf2c5V3fOaT4z2C57Vow71NbFwJquUPMcfVIoBIB1RMgCkP2PQ/Q3Lec5Xh9+V6qtmaLN79+510aKoIGKijmrRassx7Hjz5BoFICzT1Q5NyTITeVf25ueH2+16n3Re1/cQc/dyJC8MvcF0obzHnFPWBzX+joBXzv01z7kesZG/Q2xe5UOmM4HgILTgC7E2TIemfBZxQ1QKA0AewOdqf0LOEICLQsgbjtTtgzWO5zmu9RGpb71D2fFQvft58joLbspKG2dBEoLqDa26NoGH++WOH97nuahn1eTCRtTtBwNIMeYoV/a545HqjpmpO0NhkEchcAuYKpa2Ep4dR9CXvH+xtABf+e//bV8zwtdU/7L1vcscVevsRld5IxirQCAukigN0JRtj4hpB1TLrmMa1NFwHsDnYnXTOW1iaZQLme71HZnWIbQxXzTM19VnNp0qyS4z29hTnUIKAmeQrStqgJhAmo9paZvxN2c/lH/ZymKpzmiq2V5Et1fQwKqcXCc/1ji+U1Laa8lMr7GDVp6odAkgmE308FOW8CX6LBUH3vC9bvX3P5djwPVD9fj/ty1vq8fKbqhVpYV673ae6xYZ7xnldrk8WwPxSKrE3ZQZo+D147X7QoLmJgX5I8u2lbUglgd5xdwu4kdY7SrvojgN3B7tTfrKZHSSFQTJ+o3O542or/fFHuc5Z7rsr/13mUNjT4e04Ej3EE/eenwtynTccgoCZlwtGOOAg0L6Da26rZzaRyBYlyRVT71d0kWATDa70v9abbM0f0yH8BUkzMKOW9FgdnrgmBtBHIF0/dfVkoqvo9Kyacel/QuQSCx7ovdf/L2xNRg2Kr+9kJrYGrFskr6B1RXsh+/nGFHq7ueniCpW0m0940EcDu5OZ7x+6kafbS1rQSwO5gd9I6d2l38gnkPocUPjP53/PeT4Xp0nLP8SL13ENVocBazEkluBlUsI5ckdY5nxT3PrVtREBN/sSjhdERKCagesKD3jx+OG1QLM31Bgvm8woXUf36TNbCRqeQun9zN4xydXu2IW8zqQAKJ7wimEY3P6g5ewSKCaWOhPdFG56nNPchxHmZ5i8IchcC4Tl2PDvivQX1v8S9e95ak6ZKmvOWD9qdfG/U4Gf5P5eyO94CJ3tzgx5DICoC2J3S6x3sTlSzj3qzSgC7g93J6tyn3/ERcBF8xUL93XNWmH3KfQbzHkQaGnKj+ry1gv+3/OesfME0X3BtLvdp07MgAmp8E4grx0+gtIDqfbk6b7Aw4TRXpPBF1zDB1YkdwbcxwU1jXF1hobY+reKiavxEaQEE6odAvlja9MWZE1KSryQWfxvqvtSD3qT5b0R9wdT3QvXP83MtB8XVfBE1+FmufQqOTW44TTHbht2pn/lMT9JBALsTHCfWO+mYtbQy7QSwO9idtM9h2p8+AqXsTq63qde/efPyn7NyU6NVIp4Gn+uCofvuuasYUTxQ0zfXaHELEnjk4oFNHl5h1TphYv4tW3Bsc56ouXlM8x8CnNdqMHG5NQs5zQgLlyWEtgUnAFVBoASBsDekhX/LFVHzE5gXfhE7e1CYDzUoWHrnuQWD+yTcRvgiaq6HbLiNyu80docbAQJJIoDdcXavWD61JI0WbYFAfRDA7mB36mMm04s0EajU7niiquthUEwNPv+4MP/w56z8a3q/+5v9FvOOdc9zCKhpmmG0tcUJlBJQ9YKNjf4mUfp7c55aLqzeF179m9kXQjQMNxj2ny+QFAol+aIpImqLTwUqhEABgea+QP0vWu+0sOTm7os2t2LvC9rbMKow7MSd42yIC03xUn94C4Fi9sDzbPWSozf3MibXhuV3u7hggd3hJoFA9ASwO7mMsTvRzzmuAAHsDnaHuwACtSYQLmS6VoQ7pwSfrYIeqrl7yPjPTGFerPlh/N5zmffs5DaZKsbC1kcIf62nCtdLEgEVUL2bJlw0cIKo1+bCfKjBc3NFUf8thhNaVDAJluLeq4Ubuvjn4Y2RpPlDW7JCIDzhZ7GNoYJf7j6hwjebLpQ/SNF9qfuf+ecFjw8TUYPnBt+klrI77vNiid7zxdisjDr9hEC8BLA78fLn6hDIIgHsThZHnT5DIF4CzdudMIeTQvE16EBS+MzVXB3B/SXCBFfHpqkOBNR4pwtXj5dAcwJquKdp7iZRvvDgvEqDwqknzOamAbCSa1OncwXagEwaomT4m0/Fy4yrQyCLBMI2Tao07CSY7zSfYTHvDz+Jejj15l7+5HrJVhemX1xUzeIsoM8QqC0B7E5teXM1CEAgfJNI1jvMDAhAIEoCLuIueI1idif370Hx1YvU8z/PFVLDPF7zxdN8sTSsPXigRjkTqDvxBJyAamXNgFLQfO7RsE2lCoXT8DqD4beF3qSVCKpB8bY50AggiZ+GNLCGBBZk9/hiImf43wu/0MO+lMO8UPU4L1Q/uGlU7qZSQWT5dRTasty25ONuXoStbnCwO9Vx46z6JIDdCV/vhI32goTsY3fq8/6hV9URwO5gd6qbOZwFgeoJlLI7pfKL5l+5uEdoMA2an+vUPUMF/82PynN1FhNPw57XcsL+8UCtfoJwZvoJVCKg5gqifm7TfA8xL2dqbgkKo/7DQW5obhjN3LrC3duLjcKCPISkf2TpAQSaJ9B8vq/qznWip3e2t3APy7PTXO1+GL5fh398eBqRcmxAvt3RBU40wilpRrj3IFCMAHYHu8PdAYFaE8DuYHdqPee4HgQqtzv+80OxPKRenblOa8HQ/LBruroKI/qC+9QUSyGQv0mVN654oDK/M00gKKBauaIp5L44lmBYvvcGI/y83Jyo8yWVvM2jguH97nhPhMkVIYIbUOW3DKE001OYzrcwgUq+8HMFU9eQ3Leg+SKqOyp4neC979khXzz1BVVnEwpF1LC6gljC8qWGbYJViS2p5NgWHiKqg0DdEcDulDek2J3yOHEUBMohgN0ph1Jx8bW8szkKAhAIEmguHUh+FElQE/HP85+zguJp/vNVWLi+H92Xu8lUcyMU5gGLgMqczjQBBNRMDz+dh0BZBHK9QvNPKfQ0DRNJm/tbrthZKJ66z4NepKVCZJpPQ+JfsdAj3v+suRc3ZYHjIAhAoGoC2B282auePJwIgSoJYHewO1VOHU6DQFkEEFDLwsRBEEguAUL4kzs2tAwCySLgL6qb89oo9lmpv3v5Tr03olqKHZ8ropYO6a8mTD/3nMpShyRrzGgNBNJOALuT9hGk/RBIHwHsTvrGjBZDIFkEKvFw91pOCH+yRpDWQKAIgUoE1Hzvr9xwfzaRYpJBoB4IVPqFX+r4csRWF7Iyb56XP7lUnX7If8P84+cvPZrZQaVU6Gupz/PHttLj62Fu0AcIREWg1D2ff91Sx2N3ohop6oVA/RAoZUewrAi9SAAAIABJREFUO6XXVvUzG+gJBFqGQKkIuXLWJ8GWhIXQe5+ziVTLjBi1QKBCAk5ALRXuGiaeBi8VzIs6/+vW/lP4d/vXplOL5VwNa09jI2ElFQ4vh0OgxQhU8qBR6tjCEDnf67RcYTKYF8hfRJS32C/3Gs6GtRhEKoIABCoiUMqW5D9kNFc5dqci9BwMgcwSwO5kdujpOARiI9DQUBjxVizcP/fvwfO8/Kj+576DW2guU7vvjK/NBOttLtUAOVBjmyZcOAkEmhNQcwVQ/S08XDZ/s6jgxlCeWOrdvM67zPU7KGIU1lGMDiJqEuYNbYBAJcKFtR6BV7K+o2h4mFwpgTO3rqBNcG9j/daVqsvZOUYUAhBIF4FyRA7sTrrGlNZCIOkEsDtJHyHaB4E0EghPF+YenZzdaU7gbNXKi8oLai/6c/65YXXki6jF7FxTXTufOAxFJo3zjDa3CAEVUEsJDI2NGlbbvHgaFEVzvU7VIDjvsvm3tblL8wVTT8TI71Kup2rw01JtbhE4VAIBCOQQKOfBIXhCuHjhvty9I4vVWeweL+94fyESDKWp1G5UejzTBQIQaHkC2J2WZ0qNEIBA8wSwO8wQCEAgagL5dqa4Z6k+L/mtCYqihdE1TnvxvVGbu07u+fOkocEJseG9t56sCKhRTw3qTzKBUgJqvjdpvqBQ3ItUXcL9DWFUgM091xNH/Y1jHKVcFbVUaoEks6VtEMgigeKiaXnCaT4zP99peZs55dqM3HMWREzN4ljSZwikhQB2Jy0jRTshUD8EsDv1M5b0BAJxEWguVD4gmTb96IXiu1+DDiO+05rn+Ob9Xp73qh6bG+5fjAcCalwzhesmhsDDFy1atC1heU/DBFNPCHWCqBeyr/ds8G/5nwe9TVu1KhRNwzxUg0YEz7DETCEakmECYV/6zXmSV+rRsaBoyxVT3XWwKwtKnPMhED0B7E70jLkCBCCQSwC7w4yAAARamoATOfPrDfMw9Z9V8qPsckXS4LkuNL+UiOqJssXzoRa0Dw/Ulp4K1JcmAqUF1MLQfT9E3+tpKfE0X5zwN4Nywmmud6rvcaZn5nuu+nTtcea/UrvdpWk8aCsEEkGgnJuqaPKbvA/KqauZTvuhJQuYbadA2S3i0VqOo2uhSpyIYaMREEg1gXJsBXYn1UNM4yGQOALYneaHhPVO4qYsDUo3AXtL5Wz0lNsfJ6q6Wy/48iZXcPUeWNzmU4XHeWnSSomo+eJq/vFhtAnhT/ccpPULSKCYgBrmfZovhAaFVBfqn+95qufoZ61MPo05c+bJ9BmzQ3KdLmAnOB0CEIAABCAAAQhAAAIQgAAEIAABCGSEgGovHTu0lTZtjFhq9q3JF0SLiajFvFLzN5RCQM3IRKKb5RNoXkDNDcUPE1D1b8FNpvJD76142qq1TDPCabeu7aV1Q+vyG8eREIAABCAAAQhAAAIQgAAEIAABCEAAAgUE5s6dK5OmzJLOHVtbXaY5EdVtEhUmoGrFYYJr/gXxQGUSZppAmIBajvepQvPFUg/hvHmN8/8N5EM1r0WmTZsjvXp20lsy06zpPAQgAAEIQAACEIAABCAAAQhAAAIQaCkC88yGUePHT5POndsW8URtsJdyWUvCQv69z0vnQkVAbalRo55UEiguoJbnfepC93WXN09ENbfv/P/09zlzRDp1bC8NrRFPUzlBaDQEIAABCEAAAhCAAAQgAAEIQAACiSUwZ06jzJo12+RF9XQZtzmUL5aqHpO76ZQ7LtipUl6oCKiJnQI0rBYEKhFQgztU+yKpdyM68TT3X5Gp0+dI716d3SG16BLXgAAEIAABCEAAAhCAAAQgAAEIQAACGSEwTyZMnC4d2rcu8DQNE1HL8UINHuMgIqBmZDrRzXAC+QKq71HquXjni6b5AqlXa6GA6naOmzx1tvTp3QX8EIAABCAAAQhAAAIQgAAEIAABCEAAAhEQGDNuinQ1YfxaVMspzHXqRQXnh/Lni6lOywl6rLrmIqBGMHBUmR4CxQTUYuKplUubQvTDvU+DN9zkqXMQUNMzHWgpBCAAAQhAAAIQgAAEIAABCEAAAikj4AmobVQiLSGieqH81XihIqCmbFLQ3JYlUKmAmr9xVH7uU09gtf+3DUVAbdnxojYIQAACEIAABCAAAQhAAAIQgAAEIBAk4Auo+ldvTxv7U45YWokXqp8z1V0HAZU5l2kCQQG1WPh+JblPg96net6UaXPxQM30DKPzEIAABCAAAQhAAAIQgAAEIAABCERJQAXULp00B6qKpNV7ofobSWlrc0VUBNQoR5C6E08gTEAtnftUvUtzw/e9sH7XXf3Z+wUBNfFTgAZCAAIQgAAEIAABCEAAAhCAAAQgkGICTkDVLoSJqGGbSfnH+jlT3d9cZHFOqP/OJw5rkn1SzIqmQ6AqAtUJqHqpYhtH+X9XEXXq9EY8UKsaGU6CAAQgAAEIQAACEIAABCAAAQhAAAKlCaiA2rljQ0HIfrENpcrbTAoP1NLkOSIzBEoJqOWE74d5n7rzEFAzM5XoKAQgAAEIQAACEIAABCAAAQhAAAIxEHACql7az3uaG8of5oUatpmUH8aPgBrDUHLJpBJwAqrLf1o6fF9vRt0oyg/T9wXUXO9TdfmeNgMP1KSOPe2CAAQgAAEIQAACEIAABCAAAQhAIP0EVEDt1EE9UAs3jsr3QnUCaaVeqORATf88oQcLQKAaATUYvu88TV1+jFxhFQF1AYaGUyEAAQhAAAIQgAAEIAABCEAAAhCAQEkCQQFVDw56oQaF0qAXKgJqSawcAAGfQCUCqvNSzRdQ8zePCob044HKbIMABCAAAQhAAAIQgAAEIAABCEAAAtERcAKqJ55WF8afH86fv5EUHqjRjR81p4BAcwJqc/lPfc9TDeXXjhaG7+vfps2YxyZSKZgHNBECEIAABCAAAQhAAAIQgAAEIACBdBLwBFTNedqqrDB+PU41G99T1eu3E1HD8qAioKZzbtDqFiJQjoAaDNNvLv+pC98PeqQioLbQQFENBCAAAQhAAAIQgAAEIAABCEAAAhAIIRAUUD0htDCMPyiOlsqDioDKNINAHoF8AdV5kuphQS9T73f7f1tDmFga/Jt37jyZPlPwQGXWQQACEIAABCAAAQhAAAIQgAAEIACBiAiogNqxvZVO53uVlhfG31we1KCXqq155xOHeYoQBQIZJKACqstt6rxLHYbyBdTw8H09HwE1g5OKLkMAAhCAAAQgAAEIQAACEIAABCBQMwJOQPW8TJsP4692IykE1JoNJxdKIoFyBdTgBlJh+U+d96neqM77FAE1iSNOmyAAAQhAAAIQgAAEIAABCEAAAhCoJwKFAmp+jlNfVNV+O6E1Pw9qcxtJIaDW04yhLxUTaGkBVSP3VTh13qx4oFY8JJwAAQhAAAIQgAAEIAABCEAAAhCAAATKJhAUUFWX8TaHaj4PathGUgioZSPnwKwRKCagOi9T5eG8S70kwvOa/vM+s//PyYka9ECdMatVpDlQfxw1W555fbIM+W6GTJg8V7p1bi2L9W8rW67dRdZduWOLDefEKY3y8odTZOPVOkuvbq1brN6kVTRsxCx5+rXJ8vl3M2XyNI/n8ou3l+037CLLL2YTqlRVPjP1Xf33sfKH7XrIZmt0rqqO5k66658T5K0h0+Tcw/rIwgu1LTj06r+Pk69/nCl/PX6AyQvTSq4xv3/41XQ56fd9ZJVlSvcrK+Pf4gNDhRCAAAQgAAEIQAACEIAABCAQOQEVUDu0U2c2F8IfLqBqQzxx1fvPc4DzfnYluNmU03zsMeRAjXwcuUCCCZQSUP1wfW8Xt6CA6t1IWnIF1ODvUQqoL38wVW55/FeZ2yjSxmiavbq3kekzGo3wZ/5gynF795YNV+3UIvSfenWSPPDvibLHVt1kjy26t0idSatEed5seDYafF07N8hChufoX+fIVMO0wYz9gTv0kN9u0LWqZj/7xmS559kJsr05/8Ade1RVR3MnnX3LaBn6w0w544A+svryHQoOPezin0VF0OtOHCD9e7eRc28bI58PmyEn/n6hsoT2LIx/iw8KFUIAAhCAAAQgAAEIQAACEIBATQgEBdTwPKieQBr0SvUEVO9v3mfuGP9fBNSaDB8XSQOBSgRUFUa1+CKq/S30b94xIjNmSSQeqD+PmS0nXTvKiqcqyu2xZTfp3LHBtuXr4TPlzU+my2/X6yL9jFjWEuWxlybKwy9Mkt026yZ7b5NcAbXRMFexs9IS5PmH7brLDht2k9YeTvnXm5Plrmcm2Hov/GM/WWbRdqHVN3ftlhBQm6u/bAH1z0ZAXaiNnTfTpjdaobic0pLjX+0YldNOjoEABCAAAQhAAAIQgAAEIACB7BHwBFRfIG2JjaScwNqUJxUP1OxNLHrsE2gpAbVR3RbzNpCKUkC94+nx8vzbU2z49V8O7tvskJ5962jTMpHzDvePu9OEfL/3+TQrCGpI/lQjpt1vPEzfHzpdppjQ9YV6tJH1ftNJdt6kq5xw9UjrvRgsi/RpK1ef0N8KcU++MlFeeX+ajJ04x4a8r7tyJ9lr6+7SqYOnZD792iR54uXJJly8tzz1qgmPHzZTepprHrRjT/Nvg9z19AT59udZxoO2tRxgvDzXWsFPPfDhlzPksZcmyfcjZ0n3Lg2yxvIdrYDbuYMn/F1w12iZM1vs9e7853gZOXaOXGu8LDu2axXan9236Cbt2hYqrI7nWit2lFP2W6iA598eHSevfjhNNl69kxyzZ2/rlXrcX0fKViZVgrb7cdPGTqZNVx3fX6bPnCf3/muCvPPpNGk0k0B59O3VxgjQE3M8UEeMnW29ejVdQIPxIF5uYDvZb/seTSH4Klo+98YUOeuQPvL35yfKkG9nyNHm2husUuhVXKmA+sQrk+RpMxaXmPFXQbXa8VdQb5l+al0/jJplvrAaZOWl2ss+ZowWNnNES7F+jJ0wx86HvxzcR5YY4IvSdxuxevAX0+SaEwZI2zZVqOEYOAhAAAIQgAAEIAABCEAAAhDIFIFwAdXbSKqhwTkO5Yf1KyLvb/YnPFAzNWfobIUEWkJAzfVI1QbMM2HgnqAalQfqqX/7RTRf52G/6ylbr9ulaK9V4NznrOHWe/KhiwY2HXfmTaOtp+qFR/aV5Uxuz8vvGyvvfTHd5k5dtG8bI1jOlo9MjsxzDu0rQ76ZIW9/NsOGfK+wRHtZyfynopvm8lTR8t9vTbGi3yATOv718Fnylcm1ubTx0rzgiH42tcBfHxgr73w23V5b87KqB+Lgz6fbXJwqZq68ZAeZNXuevGfEWxVdbz1jEWlnhLO3h0yXqx4cK4v1a2v7qDle/2nyky6/ZDv5y0GeGLzfuT/JzFnzpIvxvu3aqUFWNOLdwTv1tDk+i/Vn0b6FOUIdz6N27xWao9S1RT16rzcC7bc/zZLTb/zFCIatbNuXXKSdEZw7yu826SYX3z3GsJthxb/FTT5aFXWnz2q0qQFcCP8v4+bIaTf8Ygy5yI4bdZU25th/G0F8ljnuaiMcan8uvWeMfGAEZMdJc7Du+1sjTIbkOHUC6lKmHWFepZ8Z8XXOXJHr5nugurpPMyH/a5hxq3b8HRf1ft5otU5GaJ9rx00F7suP7id9jHBcrB/at3tNWoNNzTz6k+GuRcf4j5eNkJ5dW8sNpyzc9EVW4W3N4RCAAAQgAAEIQAACEIAABCCQIQJOQPUF08KQ/ea8UhUVAmqGJgxdrZxASwuowQ2k1AN15uxoNpH605UjZYzJz1kqh2W5AuqRl46Qacar8s6/LGpFz/wSFsI9yoiAx101UroY4VJza6popuLoubeZfJzfz2zKweoE1G1NSoFDdu5pqz7RpB8Y/sts2WXTbrLvtl5KgOOvHiUjTGqCi4/ywuSPMR6e44yX4s2nLWI8W703Rk8az8kHjTfmFcf2M+Kk8dicL6BqCoM9tvRTC5TqT37/HE8nKOZ/rmKzis4qZt5zzqJNAqoed84hfWXlpb2NmLRP2jcVhi8/pp8VO6cY794zjdg60vByAupNj/0qL70/VU7Zf6Emj1t3Dc2Rqsc54XG15TrIKX9YqFlvTCeglroD8gXUU/fvI2uu0EFK8SoWwv+nK0bImPFz5fwj+soKZrMtLX//z0TjcTzJit4q8Bfrh3LR62q55fSF7fxRb2P11NU5oXODAgEIQAACEIAABCAAAQhAAAIQKEVABdT2bXVDKCeEuo2i/E2jEFBLUeRzCDRDICigunymeri/eZTLcWr/amvKz4Ea/L1WAuoZRpD7xnhBtpQH6u1PjZf/vDPFhvNrCLYKmOuaEH79XUuYgPb6x9PkuofHWa9SFXJd0fBwDTnfccOusr8JyXcC6rF79bZeilouMl6aHxsvzaCAeP4do02Y+kybkmAx47mpGx9pCQq66kWpRcPsNdzeCag3Gm/FhXr4ym+p/uRPCcfz8F16ylbrFHr0vj90hlx27xjp09N4Rp68cJOAqqH5fztpQFN1bxgm1xomKqiqsOrKP16cKI/8d1KTgHqCEYs172qwf+qhqgL0DoabpjJwwuOf9uglmw7q3Ox9XGkIv6vbCaileIWN/6+T5loBVD1/7zhrkab2qQfyWTePliUXbieXGS/U5vpxyxPj5X+Dp1iv4W2MwH6MeTGgXqw3n7aw9cKlQAACEIAABCAAAQhAAAIQgAAEShGIQkD1rumlAVDv1FbkQC01DHxezwTKEVA9UdS7aYLCqtuNrTlBNSoPVM0T+ZzZ3KhUDlQV5fYOCeE/9XqTAsDkFXUh/NqXd01Y/ScmXH+YyUeq4qyGp19kcmQONCH0zjMwuInUG58YsfChcbL2Sh3lZOMh6cqjRih81AiGztvSCagn7LuQrG/C3LU4ATW4a3yTgGrC8xcb4AmoPUwo9zmH9smZgq1NPgIVLjUtgRNQbz/T91LVg0v1J39OO56rG2/PMw7MvZ4ee9PjxmP0valNOVBdCL+mA9C8p64UE5UdP8fECajquakCpCs6yxbq2camMHDCY5BbsXtxQQXUUrzCxl/D7Q+/ZIT1HL3rbF9A/czkdD3v9tHWQ1g9hZvrx4/GY1c3Q9Nj9zFep3qs81ytZ7tD3yAAAQhAAAIQgAAEIAABCECg5QjkC6heOH5+zlP/d72yO6ZJIM3Lgeq1DgG15UaJmlJNIK0CqnovnnzdKJvXUnNo7r6Fv2mTbrj0xsfTZfM1O9mNfJzIqF596lE6dsJcOfrKETYnpxNQ8wdRxVkVFXVTo51M/e73DY0H6XHGk1SLhvAfa8Ls1VPweuOFqXkwVYg7Z34Iv262pJsuVSOgrrJse/nTFV4I/+XH9Lceqa7oBk5uE6liAmqp/uR/rqkDTjai8uw582TPrbrJbpt3twKt9ufF96bIrU+Ot6doeoGlTZ7RYgKqC+HXDa+uO3FhG/KvRTfy0rQGTkC94R+/yisfTLUpDTS1gSszTD5XFU81N2otBdRSvMLGX9loCL/Op3MP6ysrLZkbwq/5dI/Y1Q/hLyYEq9iqoqsy083KVJAOy1ObakND4yEAAQhAAAIQgAAEIAABCEAgMgIIqJGhpWIIeATSKqBq21/5cKrcYjwjVUTVMPfePdrIjJmNVoTS4jZEckKcepIuu1g7+chs3qPh11pUQF20bzuzcc/PsrzJYbmiEcF086OXTX7OH0fNlvMO7ysrmk2j9OeTrx9lBUUVN9sadVHDrh99cZIVAvsbj9A1VuhoN7b6wgiFyw5sLxeYulWErFZAfdPs7q6bQakIqekEVDRV4XLoDzPlkj95QmaYgDptxryS/Qmb/8rzZpObVPPG6jX7924r442XpXpaajnY5Cb9rclNqqWYgKqfOe/aAWbDKcvECNqfG4FQixNQNR/q6TeMkukz59lUBP0MPxWkdeOufbb1ROuqBFTjPatetPlFPUW1H5qrtr9pV3ATKc1dWu34f27G+kYjBiuvjVfvLFNNXlP1TNbNwK46foAV7Ev1Qz2fr7x/rG2y5ns9M8QDGHsFAQhAAAIQgAAEIAABCEAAAhAoRgABlbkBgYgJRCegerlSowrhd1jU2/S5N6dYDz4VyDQcfKDx1tzWbOCzphHv1ANdN/m5+Ylx8uX3s6SjEbY0x6buXK+bGF1xbH97zouDp8qL5vefRs+yguwixnN15026yoarejlLtajA+LgRTEePn2PF2gs1/Lxza3nq1UlWcB1rvEXVC3WDVTrLXlv7HrFPvTbJnqfh6hqqrUU3GtKcq5cYj04V9LQ8ZP6mbdB6NURfi+ZJfdKcr2kFXLu2WKuzbGP6p3274K7RMmbcXLna7C7fOpAys5z+hE2tb811nntjsnw+zOOp/VlusfbWy9d5WOp56gV7vNlAa9ByHa1QHSwq4N7z3Hh597Ppdg6svWInm/v16ofGyoE79pTNzK7zWlREfcRsmDTkuxlWeFSm663cSXbdrJsVIDXv6NOvTjZCdD9ZzIjfzRX1Fn7VjM+lRlh27ILHX/3gWPl6+Cz5qxE1VezUPLVa9yUmRUP/hdpUPf6aYuGtIdNNXZPsBlo6Bisv1UH2N57LblxL9UPzvu595nDb3NMP6CODli8UgCM2A1QPAQhAAAIQgAAEIAABCEAAAikm4AuowTB9QvhTPKQ0PWkEnICquS9cflNtY26u02pyoNZGQE0aT9oDgUoJ6EuAU0z6BE03cbUJ35+fdqbSajgeAhCAAAQgAAEIQAACEIAABDJKICoB1WlFbCKV0YlFt30CCKjMBgjES8Dlgz3U5IPdJpAPNt5WcXUIQAACEIAABCAAAQhAAAIQSAsBBNS0jBTtTC2BagRU3ztVuz3Peqt6/wV/xwM1tZOChteUwLUPj7M5di826QTat/M23aJAAAIQgAAEIAABCEAAAhCAAATKJVCJgKp1Wo9SG/6o/80L/O595goeqOWOAMfVPQEE1LofYjoIAQhAAAIQgAAEIAABCEAAAhCAQB0TQECt48Gla8kg8NCFi9iGVJID1fc21TPxQE3GSNIKCEAAAhCAAAQgAAEIQAACEIAABLJIoFwB1dN/KvdAteftfOIwG3hMgUAWCXgCqrczW7mbSCGgZnGm0GcIQAACEIAABCAAAQhAAAIQgAAEkkggWgFVe2zC/BFQkzj0tKlWBBBQa0Wa60AAAhCAAAQgAAEIQAACEIAABCAAgZYngIDa8kypEQI5BBBQmRAQgAAEIAABCEAAAhCAAAQgAAEIQCC9BBBQ0zt2tDwlBBBQUzJQNBMCEIAABCAAAQhAAAIQgAAEIAABCIQQQEBlWkAgYgIIqBEDpnoIQAACEIAABCAAAQhAAAIQgAAEIBAhAQTUCOFSNQSUAAIq8wACEIAABCAAAQhAAAIQgAAEIAABCKSXAAJqeseOlqeEAAJqSgaKZkIAAhCAAAQgAAEIQAACEIAABCAAgRACCKhMCwhETAABNWLAVA8BCEAAAhCAAAQgAAEIQAACEIAABCIkgIAaIVyqhoASQEBlHkAAAhCAAAQgAAEIQAACEIAABCAAgfQSQEBN79jR8pQQQEBNyUDRTAhAAAIQgAAEIAABCEAAAhCAAAQgEEIAAZVpAYGICSCgRgyY6iEAAQhAAAIQgAAEIAABCEAAAhCAQIQEEFAjhEvVEFACCKjMAwhAAAIQgAAEIAABCEAAAhCAAAQgkF4CCKjpHTtanhICCKgpGSiaCQEIQAACEIAABCAAAQhAAAIQgAAEQgggoDItIBAxAQTUiAFTPQQgAAEIQAACEIAABCAAAQhAAAIQiJAAAmqEcKkaAkoAAZV5AAEIQAACEIAABCAAAQhAAAIQgAAE0ksAATW9Y0fLU0IAATUlA0UzIQABCEAAAhCAAAQgAAEIQAACEIBACAEEVKYFBCImUAsBNeIuUD0EIJBRAu3atZFZs+ZktPd0GwIQgAAEIACBtBFg7ZK2EaO9EEgXgfZt50mrVq3Mf2L/Nf9v+tn9rj1yn/t/c+fpOe5cr+96zLx5+pM5ZucTh9kfKRDIIoFaCKiLDuieRbT0GQIQgAAEIAABCEAAAhCAAAQgAAEIRE7gp5ETBQE1csxcIMsEEFCzPPr0HQIQgAAEIAABCEAAAhCAAAQgAIG0E0BATfsI0v7EE0BATfwQ0UAIQAACEIAABCAAAQhAAAIQgAAEIFCUAAIqkwMCERNAQI0YMNVDAAIQgAAEIAABCEAAAhCAAAQgAIEICSCgRgiXqiGgBBBQmQcQgAAEIAABCEAAAhCAAAQgAAEIQCC9BBBQ0zt2tDwlBBBQUzJQNBMCEIAABCAAAQhAAAIQgAAEIAABCIQQQEBlWkAgYgIIqBEDpnoIQAACEIAABCAAAQhAAAIQgAAEIBAhAQTUCOFSNQSUAAIq8wACEIAABCAAAQhAAAIQgAAEIAABCKSXAAJqeseOlqeEAAJqSgaKZkIAAhCAAAQgAAEIQAACEIAABCAAgRACCKhMCwhETAABNWLAVA8BCEAAAhCAAAQgAAEIQAACEIAABCIkgIAaIVyqhoASQEBlHkAAAhCAAAQgAAEIQAACEIAABCAAgfQSQEBN79jR8pQQQEBNyUDRTAhAAAIQgAAEIAABCEAAAhCAAAQgEEIAAZVpAYGICSCgRgyY6iEAAQhAAAIQgAAEIAABCEAAAhCAQIQEEFAjhEvVEFACCKjMAwhAAAIQgAAEIAABCEAAAhCAAAQgkF4CCKjpHTtanhICCKgpGSiaCQEIQAACEIAABCAAAQhAAAIQgAAEQgggoDItIBAxAQTUiAFTPQQgAAEIQAACEIAABCAAAQhAAAIQiJAAAmqEcKkaAkoAAZV5AAEIQAACEIAABCAAAQhAAAIQgAAE0ksAATW9Y0fLU0IAATUlA0UzIQABCEAAAhCAAAQgAAEIQAACEIBACAEEVKYFBCImgIAaMWCqhwAEIAABCEAAAhCAAAQgAAEIQAACERIwE0caAAAgAElEQVRAQI0QLlVDQAkgoDIPIAABCEAAAhCAAAQgAAEIQAACEIBAegkgoKZ37Gh5SgikUUBVw0CBAAQgAAEIQAACEIAABCAAAQhAAAJpJLDogO4t2mwE1BbFSWUQKCSQVgG1pY0NcwMCEIBA1gnoogvbmvVZQP/TRoD7Nm0jRnshAIFaEsBG1pI216qEQBRzEwG1khHgWAhUQQABtQponAIBCECgDglEsZCrQ0x0CQKJIsB9m6jhoDEQgEDCCGAjEzYgNKeJQBRzEwGVCQaBiAkgoEYMmOohAAEIpIRAFAu5lHSdZkIgtQS4b1M7dDQcAhCoAQFsZA0gc4mqCEQxNxFQqxoKToJA+QQQUMtnxZEQgAAE6plAFAu5euZF3yCQBALct0kYBdoAAQgklQA2MqkjQ7uimJsIqMwrCERMAAE1YsBUDwEIQCAlBKJYyKWk6zQTAqklwH2b2qGj4RCAQA0IYCNrAJlLVEUgirmJgFrVUHASBMongIBaPiuOhAAEIFDPBKJYyNUzL/oGgSQQ4L5NwijQBghAIKkEsJFJHRnaFcXcREBlXkEgYgIIqBEDpnoIQAACKSEQxUIuJV2nmRBILQHu29QOHQ2HAARqQAAbWQPIXKIqAlHMTQTUqoaCkyBQPgEE1PJZcSQEIACBeiYQxUKunnnRNwgkgQD3bRJGgTZAAAJJJYCNTOrI0K4o5iYCKvMKAhETQECNGDDVQwACEEgJgSgWcinpOs2EQGoJcN+mduhoOAQgUAMC2MgaQOYSVRGIYm4ioFY1FJwEgfIJIKCWz4ojIQABCNQzgSgWcvXMi75BIAkEuG+TMAq0AQIQSCoBbGRSR4Z2RTE3EVCZVxCImAACasSAqR4CEIBASghEsZBLSddpJgRSS4D7NrVDR8MhAIEaEMBG1gAyl6iKQBRzEwG1qqHgJAiUTwABtXxWHAkBCECgnglEsZCrZ170DQJJIMB9m4RRoA0QgEBSCWAjkzoytCuKuYmAyryCQMQEEFAjBkz1EIAABFJCIIqFXEq6TjMhkFoC3LepHToaDgEI1IAANrIGkLlEVQSimJsIqFUNBSdBoHwCCKjls+JICEAAAvVMIIqFXD3zom8QSAIB7tskjAJtgAAEkkoAG5nUkaFdUcxNBFTmFQQiJoCAGjFgqocABCCQEgJRLORS0nWaCYHUEuC+Te3Q0XAIQKAGBLCRNYDMJaoiEMXcRECtaig4CQLlE0BALZ8VR0IAAhCoZwJRLOTqmRd9g0ASCHDfJmEUaAMEIJBUAtjIpI4M7YpibiKgMq8gEDEBBNSIAVM9BCAAgZQQiGIhl5Ku00wIpJYA921qh46GQwACNSCAjawBZC5RFYEo5iYCalVDwUkQKJ8AAmr5rDgSAhCAQD0TiGIhV8+86BsEkkCA+zYJo0AbIACBpBLARiZ1ZGhXFHMTAZV5BYGICWRJQP366+/lmedekh2331yWXXaJArL/ePzfMmPGTPnDvr+LmDrVQwACEEgegWoXckOHfiv/fv5V2WabjWWlFZeJtWNffT1M5s5tlBVXWLqpHbNmzZY77npU5syZK4ccvId06tgh1jZycQi0JIFq79sJEybJnXf/w657gqVr1y6y+GILyyYbry09enRryaYW1KXXvu2OR2SZZRaX7bbdJNJrVVr5pElTrN2YPn1G06lt2rSRbl07y+JLLCrrrLWq9O7do9JqJcxGVVxJMyc88uhzMnHSZDn04D2lVatWZVU9bdp0+eTTL+U3Ky8nXbp0KuscDoJAWghUayPz+/fk0y/Ijz+OlH333kkWWqhnWrpf0M558+bJBx98JgMW7isLD+ib2n7UQ8Nbam4GWSCg1sPMoA+JJpAlAfWVV9+RN978QNq2bSMH7L+b9O3TO2dsrr7mTpkxc5acfuqRiR4zGgcBCEAgCgLVLuScbV1/vUGy+WbrRdG0suu8/MpbrYB62ilHNIkHKtLccNP99u9/PGJf6WoEEAoE6oVAtfftsO9/kr8/9E/7QsG9VNZ7ZOTI0TLu1wnSqVNHOeKwvaVjhC8cRo4cI3fd8w/p37+PHHzg7okaku8NnwcNnw4d2svAgQNs26ZMmSa/GjYzzVqxdesG2WmHLWWllSp7aRRmo1qy43+9+g7bvj8ff7Bteznlrbc/lJdefls23mht899a5ZzCMRBIDYFqbWSwg99+96M8/Miz5gVDZ+nXt7fstecOqel/fkNHGBt/9z2P2Rdlv8dpKNZxbIm5md8BBNRYh5SLZ4FAFgVUHVf1qjjILNY7BhaXCKhZmPH0EQIQKEag2oVckgTUSy67WdS7QgXUhoaGpq7Onj3H/r1du7ZMAAjUFYFq71snoKoH0oEH/F8OExUOVUDc7rebyqDVV6qKl95vpTwgkyygFuOjtuTV196Vd9792NqYIw7bR3r2LN9Tt5iNqgpyyEnVCKivv/G+7dOGG6whm26ybks1hXogkAgC1drIYOPvu/9JmdvYKGsMWkmeefYlE82ypxVS01iG/zRStD+LLtJf9t9v1zR2oW7a3BJzEwG1bqYDHUkLgSwKqN26dRENzVrChGDts9eOTQv8fAF14sTJ8uZbH8h3w4bL5MlTpUP7drL00ovL1ltt2PRW34ZKmeO23XZj+c8Lr8u4cROkX7+F5Hc7bSUjR42WV19914ZS9evXR3beaUvp1bN709R4d/An8sGHn5m2TJYe3bvJIPOlvNaaq5R84EjL3KKdEIBAughUu5ArR0BtNA8eb771oXw6ZKixmVOsd9sKyy9lHtbXkfbGtrry3XfD7YP8L6PH2WgBtdObbbqutZ0ffzJUPjVhpr+MHmvD8TV8dqMN17L1qJjxvxffzAGu4s3OO24pK6+8rDz0yDMyedJUOezQvewx5bRHRYXBgz+WfffZWV4xbfrhh5+lTevWstpqK8oWm6+frsGltXVLoNr7tjkB9cWX3pK33/nI3nur/GZ56yW66ior2N9duePOR+xayHkwqTer3pd6zPP/ec16sR515L7WY+u994eY/z6166XOnb17f7NN15OxY8c3eaAOMvfVW+aakydPkT4mQmiH7Taz6yktPw4fIYPf+1R+Gj5SphuPcvUi1/YEvSU1TdNrb7wnY8b8am2HCsPrr7+G9bLSop6jL770tvzw489W+FxkkX6y1RYbSK9e4WH4zfHR+u5/4CnbrnXXWV223MKzBwtioyptn15PveJefuUdy1Ft5BamHU8+9UKOB2pza1lNSXDDjffJVBPCHyxqW1UY1sJatW5NR2Y6Vq2NdIB++mmU3Hv/E/Y5boXll5brb7jXrk12/d3WOQzVZupz4+67/VbefPsDG+6vKTG22Xoj6WrsoNrFkaPGWPulz5LLLrNE0/lfmFRI6gk+Zoyufdpau7WZiejpPd8+ff3N9/KsEW53CKShU5uhdmh185JLU66o5/lNNz9gnidXttfQ9uTb00cf+5eorQwWtZeHHrxXRS+CMjN5Iu7ogs7NsObhgRrxoFE9BLIooKpHxXdm0fnlV8NknbVXla223NBOhHwB9XWzENcvn6WWWkx6Go/VESN+MQvvEbLySsvK73bequkcXcyrJ+vy5oFAH+zVo6J79672i0wfEkb9MlZGmS/MJZdUwXYne56KrfowoV+emvvr559H2fxT+uZfPQAoEIAABGpNoNqFXDkC6vMvvCbvGxFFxYplll7M2Lxf5GdjUwcM6CMH7LebFTQ+/+Ib+/CvPy+33JJWrPzm2x+snd7ACCFX/PV2K5ouNtATRD75dKioN5iKovMa58kXQ78RFT216PEaYqsii9rjK/56mz325BMPs+JKOe3RF2R6fS1Lm+8BfSAZ8tnXRiSaI/9nHpCWN22kQCBuAtXet2ECoYbwjxj5izzxxH9kytRpNkxV70cVR5dYfBH7MkGLCqUaiq732KknH2H/5u4xFVU1LcBiRgDYZuuN5YX/vSEfmpfF+tJE7/1pJqeovijZd5+dpG2btlZA1aLX6W8EU83NqsdomqVDD9nTfvbA35+2AuhSSw60KQV0/TZ+/MQmD1ldY2k+V/UEHbT6yvZeV8Ghj8lTuJN5iaJ1aj7TBvNSZd11V7ftVlFXjzvy8H1CQ91LCajupc3ARQfIfn/Yxb6UqdZGqbdupe3TdeM99z1h+WhUVVsjhqpore3Q4kL4S61ldS06dOh3VgxedNH+Vrjp2bOHsZ3Ls1aN++bm+i1CoFob6S6uofua2uSYo/c3tqO1TXehz4dqO3oGHGMee+J5+fLL7+xp+kyo6xLNeayRL/qyYnFjQ+fMt0364vi4Yw40f28tQ805j5tz1XbqM+ZUY3v1b3qM5jLWNYxbZ22y8TrmxfGa9hourYDaxb2NQ5Dz6NfPunTuZFOz/GKeQTVk39lTXdN8YdZanw75yqxpupj7fDnTvnaytsnprG2h1JbAgs7NsNYioNZ2DLlaBglkUUDd3ng16EYn99z7uIwZ+6tdXK/ym+UKBFRd0Op/LgxUF6UaGqVeTSf9+VA7W1R0VQF1t122kRXMpiW66L/m2rvsZ3vvuaMRXweaL8Lpcu31d9svplNOOtx6v/7NvPHPz/mlHlIjRoy2i14KBCAAgVoTqHYhV0pAHT9+ktx0ywNW+DjqyN/bhwK1rfc98KSoZ8cuxotDbbJ6dai3/+7/91tZbllPnAyGAc+dO9c+vLiiOa312lttuYERWVezfy4WHuvEHbXdapPLaY8TUNdYY2X57TbeBjevvjbYiLTv2WgB9SqhQCBuAtXet04gLNZ+ze25y85bizuuXAE1mEdTRc+bb/27fWlx5OF+/mFdT+nayj3w67pKc9Or16jen2oL9BgnAubf+z8Z8fBeIx7qS+g9dt9OPvzoc/nXv1+x3q/68iS/PGs2EFXvUD3WeX3pS/G7zTpw6602MuLBKgXnlBJQ1WPsiSf/Y7xle8lhh3ie7dXaqGrap4KLiiyrG89dXddq0ZdU+nJIi2NXzlo2LISftWrcdzbXbykC1dpIvf5oEw1zu/G2V7viPPDVq1vzqgfvPT3WCahrrvEb2dZsqqnlttsfts+awRzxtxibqC87DjKpUwYYm6fPhHq/aTi9htVrUc9y9WZVb1LdYK8SAVVfEP3xiN+LRlzqS6Krr73TvvRyNoEQ/paaWQtez4LMzWJXR0Bd8HGhBgg0SyCrAqp+6elDvXo+6JfL/n/YVR56+J85m0ipd4M+KKunlHpi6JePe7OvG03pgt8JqMcefUDTzqWXXXGL3axEH9Rdvj33UK/n6Y7VTxgvKy36JeeKnqPlxBMOyQlpZQpDAAIQqAWBahdypQTUzz7/Wp56+r/WI+P/dt22qSv6cKAPCSp+rrfuanLd3+61AumpJx8e2l1NeTLks69k/K8TZeasWdYma9lwgzVtKgAt5Qio6plWqj0qyjoBNehtqiKMih3qnbXjDlvUYli4BgSaJVDtfRu2iZSKmhpyr96jLvS9UgH16KP2sw/uWj4zHttP/fO/1nNUPaTyixNQdUfrww/du+nj62+4z4ae/umPf7DeV9qGwSbt0WgT3jrdvKjWdZsW9ZjU9Zuu526/82H7d237gP59TYjtItZzXMsttxnBwqRY0uLWXY3GO0zFxWAkUrB9pQTUd979yKQNectuMLXf73exp1Zro6ppnwrTKlDrtd0mV9qfy664NUd8LmctGyagqpcaa1WMTz0QqNZGat81KkajY9TWqC1yRW2b2ku1UW5jSiegapSiepJqeejhZ2wquODLmweNR/33JiXQvnvvJAst1Musfe6xkYwnBBxoNEJHHX3UK//gg/aoSEANeu9rG5xA6+wpAmpyZvWCzM1ivUBATc740pI6JZBlAVWHVL/UvF0VO1nPJxVFVeTUoh5KuijXsPolFl9Y2poQjLvvedyGb7oNSpyAevxxB9mQNS1OQFVvUxcOEXyo1/AOXZSqF0R+Hj0VXNkhuk5vNroFgYQTqHYhV0pAdaH56lWq3qWuvPb6YHnt9fes99cGRgS99rq7iwqoKpw+/c//2ZyIKpZqPjENp1cRI7jxSTkCqoaw6UNRc+1RrzQnoO65+/Y21YoWTRugG0hoXsiddkRATfiUzkTzqr1vSwmEDp7bjT7ogaopijQiJyyEP7geciJcMIVRcFCKbSIVfODX4280ef3Uc129vnv36mlzx6tYEdwERT241E5oJM9PZpMUjQjSFB477rB5k4CqHl4dO3hrNVtaiXTv1jU0dLUUH5cDdT2TEkDXcgtio5yAWkn7br7lQfnVvOjXNAcqmGhRAfXyK2+znrDO26yctewbb75vBJrcTaTc2LFWzYQZqetOVmsjXfRMc3CCL2CcgOqiEvU8J6BqOhT3QscJqPsYAVXvXY1SVPumDjSuaMq4Bx58Svqajao0jF/vT71PgyH8mstUc5rmh/DnRzjmC6gupyubSMU/7audm821HAE1/nGlBXVOIOsCqg6v5rHRDRPsWnq+gKqLT32Lr2FnmjNPi3pDqFeElgURUHWRrw8D+iZTPS70Gq7oQ0lwQ5U6n350DwIQSBCBahdypQRU9xCi+b00hF//1aKbMuhCXjfd042e3CJ/N+Olqvmjg0VzjukGCypUqGCh5bl/vSwfffxFjoB6lUmrMsOkVdHcZMHNYcJC+Eu1BwE1QZOTphQlUO19W0ogdBfU3H933fOY3aToyCP2tX/WSJrHTfh6KQFVc4/qekfz/+k96TxT/brHNG0idfCBuzf1MfjAr56jmuJoGbOJ5557bG+PcWJlMQFAI3o0DcDs2bPtGu6ZZ1+0eeY1rFbDa11Rj1V90a1rv/xSjI+eoy9/dO2o/dfNljQH6YLYqGra50L4NzcbzWh4sBYnuujPKqDq+rKctaxu0PXCf18Xl7ZBz3djx1oV45N2AtXaSE0LoulBdP8KfQmUX/TlxJQp00S97jVFUTUC6pJmMypn74Le5C6E36UJcM+qg8yGUbqXhxbXvkoFVJeWQB12tO1h9i/tY56W9lc7N5vrHwJqWkafdqaWAAKqN3RPPm1CND7/JscDVXNjaY4s9TTq16+3fPzxUPu2X8XVBRFQNeTj3/95VT744DMroupDgQkkk2HGG1Zzf7n8qqmdVDQcAhBIJYFqF3LOM0I3JNAN94KltwnN1fxdTiDQTV6WWXoJu7GehpFpzkPNfagLeCeKqI1UAVUf/tXDYqON1jLiTQ8romh48frrrW7zh31qBBEVM4IeqE5U0AeDRRbuZ3fz1p268zeRKqc9CKipnMaZa3S1922TQGjukwPNPVis6Jrnuuvvsfne9WG/s9mcRNNg6AvfUgKq1unye2qUjm4Opy84vvn2R3vfNxqhU1MpNecxpdE/N5p8g5qyw9tks5URNT6zwoUTUFVs+HTIl9Zu9OjR3Yp/g9/7xLZXvbx07XaX2WRK26ye52qH9G+6oajmNVx3He+lTLA4z1t9qa0bRWnRdE4aNj9r1mzrLa+7cq9o8t9r0Y2xqrVR+gKp0va5PLB6bRU+1bNWvUbV81aL80AtZy2rqRFuv+MRe54y076pt+/bxsOftWrmTErddbgaGzl12nT5m3kJo/ZOQ9/DREZ9qasvTlze52oFVH25o2sSjUL8zcrLWRupkTtqe444bG+77nHe+ro+WnHFpWXG9Jl2EyktlQqomo7ub8YhSO1ZP+Ph2t2s21Y1z7pqnym1JVDN3CzVQgTUUoT4HAILSCBLAqru2vov47G0pwmj0If2YNGw/IfNjsv6MO4eJNTj9N/Pv2Zzb3Xs2N4mENd8qOPNwvwAEwamRR+wx44bbz0r3GZTurGBLtJ1Z2hX1NNKPSI0YbgWDbN6/4MhRpT9wgoB6p0xoH8f41k1KPQt5wIOM6dDAAIQKEmg2oWceqM9aXKcuhzRwQv17tVDDjcPAGrz3nr7IxsCrxswaL6vFc3GURqOH/S6Vzv9lsmNOnrMr9YzTB/m1etUXzapJ4jmTdUXTQNNPrJ11lnN5jLVUHq3MYw+9Dz//Ks2PYu2Z4P117Q71qqwMXnS1Ca7rJ+Vao/mBdQUAQfu/3/Su3cP2y3d0fZ+E1an7daNpCgQiJtAtfet3oe687s+sJfaEO0Hk6/vP8ZDUb1B9SXJVlttKG+aTdzatG1tvbO0/P2hf8qEiZOsR6ZbD7n1jgoNn5j8wRNN6H2nTh2N6LiMFS517XXbHQ9bAWCH7TdvQvnPZ/4nP5n1loau6osUfdnywn/fkDHGLqgnrLb3WbOeU/FSPTBVMFXb8K0RMXUHa12zabjs5sZ2dDbX06KC6asmDFZzD86cOdPuQK3n69ouLPJHo4XuMJvHqHDsitqkbua8xY1d0tBdtW/BsiA2qtL26XW/+eYHedlspOfGZfPN17N2cuKEyTa0X0WfctayWpfuyv2Gyfs/wcwL9RQ+YL/dzFh1YK0a9w3O9ReYQDU2Ul8qaJoOXX+oF2hY0XzMd9/7mMm3PNC+KFYvUd07Q/Mya+i9Fn25o7mRDzpgd/viRotG7Wj0jN5j6r2uRddRb73zobFx4439bCWLL76IbLXFhk3n6DHqKf62OWbatBmy8MJ9bdv0OXTttVa16xx99rzJePyrEOo2ltPzNGXRyFGjjT3dqynqUQXZ/5gN50aZNY3a2F1/tw3Pnws80yqvoJq5WeoqCKilCPE5BBaQQJYE1AVExekQgAAE6ppAFAu5ugZG5yCQAALctwkYBJoAAQgklgA2MrFDk/mGRTE3EVAzP60AEDUBBNSoCVM/BCAAgXQQiGIhl46e00oIpJcA9216x46WQwAC0RPARkbPmCtURyCKuYmAWt1YcBYEyiaAgFo2Kg6EAAQgUNcEoljI1TUwOgeBBBDgvk3AINAECEAgsQSwkYkdmsw3LIq5iYCa+WkFgKgJIKBGTZj6IQABCKSDQBQLuXT0nFZCIL0EuG/TO3a0HAIQiJ4ANjJ6xlyhOgJRzE0E1OrGgrMgUDYBBNSyUXEgBCAAgbomEMVCrq6B0TkIJIAA920CBoEmQAACiSWAjUzs0GS+YVHMTQTUzE8rAERNAAE1asLUDwEIQCAdBKJYyKWj57QSAuklwH2b3rGj5RCAQPQEsJHRM+YK1RGIYm4ioFY3FpwFgbIJIKCWjYoDIQABCNQ1gSgWcnUNjM5BIAEEuG8TMAg0AQIQSCwBbGRihybzDYtibiKgZn5aASBqAgioUROmfghAAALpIBDFQi4dPaeVEEgvAe7b9I4dLYcABKIngI2MnjFXqI5AFHMTAbW6seAsCJRNAAG1bFQcCAEIQKCuCUSxkKtrYHQOAgkgwH2bgEGgCRCAQGIJYCMTOzSZb1gUcxMBNfPTCgBRE0BAjZow9UMAAhBIB4EoFnLp6DmthEB6CXDfpnfsaDkEIBA9AWxk9Iy5QnUEopibCKjVjQVnQaBsAgioZaPiQAhAAAJ1TSCKhVxdA6NzEEgAAe7bBAwCTYAABBJLABuZ2KHJfMOimJsIqJmfVgCImgACatSEqR8CEIBAOghEsZBLR89pJQTSS4D7Nr1jR8shAIHoCWAjo2fMFaojEMXcRECtbiw4CwJlE0BALRsVB0IAAhCoawJRLOTqGhidg0ACCHDfJmAQaAIEIJBYAtjIxA5N5hsWxdxEQM38tAJA1AQQUKMmTP0QgAAE0kEgioVcOnpOKyGQXgLct+kdO1oOAQhETwAbGT1jrlAdgSjmJgJqdWPBWRAomwACatmoOBACEIBAXROIYiFX18DoHAQSQID7NgGDQBMgAIHEEsBGJnZoMt+wKOYmAmrmpxUAoiaAgBo1YeqHAAQgkA4CUSzk0tFzWgmB9BLgvk3v2NFyCEAgegLYyOgZc4XqCEQxNxFQqxsLzoJA2QQQUMtGxYEQgAAE6ppAFAu5ugZG5yCQAALctwkYBJoAAQgklgA2MrFDk/mGRTE3EVAzP60AEDUBBNSoCVM/BCAAgXQQiGIhl46e00oIpJcA9216x46WQwAC0RPARkbPmCtURyCKuYmAWt1YcBYEyiaAgFo2Kg6EAAQgUNcEoljI1TUwOgeBBBDgvk3AINAECEAgsQSwkYkdmsw3LIq5iYCa+WkFgKgJpFVAjZoL9UMAAhCAAAQgAAEIQAACEIAABCAAgSgILDqge4tWi4DaojipDAKFBBBQmRUQgAAEIAABCEAAAhCAAAQgAAEIQKB2BBBQa8eaK0GgRQikVUBtaWPTIjCpBAIQgECKCUQRSpRiHDQdAqkgwH2bimGikRCAQEwEsJExgeeyJQlEMTfxQC2JnQMgsGAEEFAXjB9nQwACEKgXAlEs5OqFDf2AQFIJcN8mdWRoFwQgkAQC2MgkjAJtCCMQxdxEQGWuQSBiAgioEQOmeghAAAIpIRDFQi4lXaeZEEgtAe7b1A4dDYcABGpAABtZA8hcoioCUcxNBNT/Z+893KUotvX/JTlKzhkJkpEoiEoQRJKYAygmPObjSd5zv//A/Xk8wXhMoAIiSDIBoggiICCoKEEQUHKOkoPgb72FvemZPXvv3j1TM909bz3Pfc6V3V1d9anqNdVvrbXK11DwJhLwToACqndWvJIESIAEokzAxkIuyrzYNxIIAgG+t0EYBbaBBEggqARoI4M6MmyXjblJAZXzigQsE6CAahkwqycBEiCBkBCwsZALSdfZTBIILQG+t6EdOjacBEggDQRoI9MAmY/wRcDG3KSA6msoeBMJeCdAAdU7K15JAiRAAlEmYGMhF2Ve7BsJBIEA39sgjALbQAIkEFQCtJFBHRm2y8bcpIDKeUUClglQQLUMmNWTAAmQQEgI2FjIhaTrbCYJhJYA39vQDh0bTgIkkAYCtJFpgMxH+CJgY25SQPU1FLyJBLwToIDqnRWvJAESIIEoE7CxkIsyL/aNBIJAgO9tEEaBbSABEggqAdrIoI4M22VjblJA5bwiAcsEKKBaBszqSYAESCAkBGws5Hahm54AACAASURBVELSdTaTBEJLgO9taIeODScBEkgDAdrINEDmI3wRsDE3KaD6GgreRALeCVBA9c6KV5IACZBAlAnYWMhFmRf7RgJBIMD3NgijwDaQAAkElQBtZFBHhu2yMTcpoHJekYBlAhRQLQNm9SRAAiQQEgI2FnIh6TqbSQKhJcD3NrRDx4aTAAmkgQBtZBog8xG+CNiYmxRQfQ0FbyIB7wQooHpnxStJgARIIMoEbCzkosyLfSOBIBDgexuEUWAbSIAEgkqANjKoI8N22ZibFFA5r0jAMgEKqJYBs3oSIAESCAkBGwu5kHSdzSSB0BLgexvaoWPDSYAE0kCANjINkPkIXwRszE0KqL6GgjeRgHcCFFC9s+KVJEACJBBlAjYWclHmxb6RQBAI8L0NwiiwDSRAAkElQBsZ1JFhu2zMTQqonFckYJkABVTLgFk9CZAACYSEgI2FXEi6zmaSQGgJ8L0N7dCx4SRAAmkgQBuZBsh8hC8CNuYmBVRfQ8GbSMA7AQqo3lnxShIgARKIMgEbC7ko82LfSCAIBPjeBmEU2AYSIIGgEkiFjTxx4qTs3rNfGjaoE9Rusl0hJJCKuRnfbQqoIZwIbHK4CFBADdd4sbUkQAIkYIuAjYWcrbayXhIggfME+N5yJpAACZBA3gRSYSN//PFn+fqblTLszuuJmgRSRiAVc5MCasqGgxWRgDcCFFC9ceJVJEACJBB1AjYWclFnxv6RQKYJRPm9nfXJfKlXt5a0atXUCuZRoyfJrbcMkIsvLmelflZKAiSQeQKpsJFr1/6kAuoqGT6MAmrmRzQ6LUjF3KSAGp35wJ6EhEC2Cai7d++TdyfPkMceuUuKFCniaZR27twrU9+bZe5JdTl37px89/0a838HDhyS3377TapXqyLt2rWQ9vp/yZTP5nwp23fskRF33WCqOXLkqOzQvjRv1iinWjzvhZfGyW23DpQa1ask8zjeSwIkEHICfhdyGzdtk08/XSAj7r5RSpUqmYsCvDb27jso1117VdoIfTR9rpQoWVyu7XtlrmfCFo59+3256cb+UrNGVV9tmjptljRqVE86XNbK1/28iQRSRcDve4vn79ixWxZ++Y1s3bZTfv31V6lcuaJ06dxO2rW9NKZ5W7bukHlffCVYQxUrVkyaNW0ovXt3l9Ku991LXWfO/CrLv1stq1avl4MHf5GzZ8/pmqeydO/WQZq51iZ4ONZH/3nuTblb1zDVqlaWX345InM+Xyyb1N6cPXtW6tatKX20DVgzOeVZvf64htomKn16d5OuXdrn/GnHzj0yafJM+ePjI7TvZ+Wrpd/LqlU/yiF9TsmSJfT9rit9enWT8uVjxVXYj3lfLJWfft4ip06dkqpVKkm3yztIy5ZNUjWkrIcESCCFBJKxkRt+2mxs5K5de41NqljxYmlx6SVyRfeOUqJE8d+/r47Jkq++k40bt6r9OGxsZN06NaVnz64x9umtMVP1O2xPrp61bNFEhl7fN+ffvdi6+Eq81u3FlqcQPasqgEAyczOvqhnCz2lHApYJZJuAig/9CRM/kr/++YGcH76CEGOR/O6kGfL3p/7gWXQtqE7n7zNmfi7r12+S7vpDXKtmNfNRsEs/UJYu+14ua99KruzRyWtVua7buHGb+SG/rH1L87dvvl1lfuAffXh4zrX4aPjHP1+TO24fLI0a1vX9LN5IAiQQfgJ+F3KrVq+TDz+aYzZnIErGl8/nLZF9+w/KLTddlzZIezRX2Vtjp8qA63pK61bNcp6LD6C3x39ghF54nvkt+FiBwHL1VV39VsH7SCAlBPy+txAG3nv/U+nUsY3m9asrxUsUkzVrNsiyr1fKrTcPkCZNGpj2YU0yRt+lzp3amncJAuVcFTKL6iY0Nk1QvNa1YOEyFW33GI9SiLVY80BMXb58tTxw361S3bWRi7XXp7MXysN/uFMgvL42aqIRK3tc0VHXYkW1nSvMcx984DYpV66sacexYyfk9OnTMVxhC6a+94ncNXyo8WZ1CuwS8hrCRryp7zNK505tTLsgYODvsBP33XNzzj1Hjx2XN9+aYtrRuXNbKVO6lOxUYWXxkuXSq+fl0qqlHU/ZlEwUVkICWUrAr438WQXRie9ONzayTetmZmMFa5lFi5cbr/Ubh/YzRPGNWLZsGbMGKl++rBw7fkKWqE3AtY8/enfOt+OL/x2nm1MtpG2b5jEjUVrtiCPGerV18UPppW4vtjxLp0jGuu13bubXYAqoGRtOPjhbCFBALXikbQmohw8fFfzgwfvzksb1YxqCH9Bf9cPC7d1RcEvzvwJeYBBQ3Z60FFCTpcr7SSA6BPwu5CCgwjvt0uaXSIUK5Y0I4S6ZEFDxfHj2z/5sodyrAggED5Q5cxfLmrUbjFiTyFvW62hSQPVKitfZJuD3vYXH6anTZ6RsmdIxTXxzzBSNSKlqhEWUKeptfZH+r3tz5MiRY/LSy2/LzTf1lyaXNDDeq17qyovF08+8KoMG9o4RID+e9YV5RyFMQtRdvORbeeSh4erdVdRUgwiaUW9MksaN6qsnarc8MUPcQMFay11eefUd6du3h1l/YT0WH8YPcRYeqk88dneOQDvz43myX6OFhmsexIsuApXzBW1x/7ftMWf9JEAC3gn4tZGTp35sHpJo8xc2D56meZXt23fJmHHvqf0YofajjLkM33yXd21vBNm8il9b56VuL7bcO1VemQoCfudmfs+mgJqKkWEdJJAPAQqoYk5VnPv5Itm6dZcULVrEhGVeo2FhzmLaEVDvHn6DfDZ3kQlhK1u2tHpBdMoJs0dox/sfzJbBg/voB/uXCa+JHwYswl99bYI8cL96XbhC0OKv27vvgFnEDx7U23hj7N9/SGpo2OkQfda+vQfk8y+WyKFDR0wIPv4N3hMo32iunu0anod/e+6Ft4xnhrvgYwgfDvBAxTVIkA4PXaQ2gJdJ32uu4AcBrQcJZBEBvws5R0B95KFhMv6dD43tqKke9U5JJKDCIx4fCgiHrVSpgnTrellOnsPx73wgHTu0lks1TM4pEEMh0sKbA3baKW+oNxie5/Yscw/ZR9PnCNKwQETdtHmbTJ32idytnmi1a9cwlyGv2cJF36hdPSilS5dW29dUrrqyS45Ig42nXbv2Sb16tTSM72upqAIxDpGIF1DhqTJd0wbcr8Isfh9YSCBdBPy+t3m17x2N0kFY/TV9rjDC4L/+M1oG9O+ZK0Qdntw1alTR969Hnl1115XoohMnT8kyjbiBF+q9I27Sd7CUuQzPff6FMXKLeonXrlXdrIHg2XVd/6tjqoFH64/rNpoNkUQF4apoJ95Ld5oirKvGqrjxpz/em2dk0bZtuzTVx3vylz/dbzzPHBZDBvXJlW4gXWPN55AACRSegF8bic0XfAvG252CWgAP9k80rdFFRS6KEV+9iJx+bV1BdSdrywvqM//uj4DfuZnf0yig+hsL3kUCnglku4CKUDR4ISCcDB/wZ3RHER/7EEQffOB2E1LhCKhYxPfWfFj42MfHPBbuD2loWWX9b+cafMTDE8K5BnU518QPCn7MEDZWtGhRFWy7mQ/6RB4Mm7fsUFHiA2nQoI70U2+JUiVLyvsfzlbh4ZjZ1Rx4XS9tZzF5TwXc4robinB8FDx769adJn8YwlaR/BypAR568E59jpjnOh6o8PJA3Q3q1zF9R7gbFgzxedA8TyxeSAIkEDoCfhdyjoAK73Z8OMB+DLtjiBEdHFvkDuH/ctG3slJzDd6gOb+wGYRNqYmTphtbhrBhfHggJ7Rjy1DHaPU0w2YXPN6aNT2fxxkCx/gJH2gOw3vy9CaFNz9CbiG+INQWaVEQioyCXIoT9QPp2n5XGkHk4IFfZMbHn0sV9Va9+fdUBLCjEFGr6SZX926XGaEWIo9bQF2nAg5s8rX9rqLNDN2sD3+D/b63iXqOjVZ8iCOEHykq8N/YgEUYu3tTBPciBRFCVXGtl7rc10C8RC5ArE3KqAfsHbcNMrbAKVi74J3ChgkKNpvbt28Rk8MU/75y1Tq1F/NNWqZEZczYaSZn4fVDron5MzZDsIl9/eDYf3dfhM1wtNHJI3/o0GH57yvjdQ11h3y/Yq38oOkO4IV2ft3X3Xjfs5AACQSPgF8bCfsCr3N817XQPKXx3vruniIdCOzDafXqx/ddLf1mvFO/x5x1EK6FbW2q+aOxTsL6Bd70TZs0NF72TkSMX1tXUN3J2PLgjWh0WuR3buZHgAJqdOYHexJQAtkuoM5fsFQ9LzfKSM2h5RR8cOOH6Gr1QurQoVWOOAohEknBUfDj+M9/jzIfzMhl4wio92g+MMezCdfhmn56iEl8vhvnWSfV+2LBwq9NSOnJk6fNB0SjhnWkdevmRphFcQRULOLr/P781eqt8cFHn8l9996ScwgKBAmcWPu3v4w097kFVPx3fiH8yON3RfcOOQzO5/MpbULqWEiABLKDgN+FnFtABSl4s/+gnp0QSB1b5AiosK/PPv+m5h8dqBs2tXPAYlMKQiTykkK0gPCB0DfYIXjdv/HWZJM77JjmILzh97xjs1Q4OX78ZE4esrxGCc9+7fWJUl+fh9Bbp4zTg6SqVa8s/dWOOwXPhjj64MjbTdg/7Ci8ZSEOu0P+HQG1apXKRnQdrLYSH1gsJJBuAn7f2/h2Yl0D7yf87+0qaKLgoKeXdZMZG8pVq55Pg+GUT2YvMO8mRAIvdbmvOa7C64kTp1SAPS7ff79WftZ8p/ASdyJ/IF6iHdjYRXn+xbFmjQLPdHdZq7YGeVz/938eytUG2JNp+jcInhBR3QUbMogiat68ccLhgufqhInTzUYQDqtCweYyPN5xgAxsAQ6QO3nqtKYFWWRyqY68/zbPufXTPUf4PBLIZgLJ2EhEqSxdtsJE9GEjFo4miNLDBlN8gTCKNQ7On/hSD56CB+pdw4bmOMcg7cnRo8dN1AzOvcCmzFxdY6BeRDn6tXW4r6C6/drybJ436eh7MnMzr/ZRQE3HyPEZWU0g2wVU5LfB4QPxp0NPePcjqXBxeZMDzBFHn/rryJh8NxBZ4bXasWNr1zUP5oR+YmK5ryloouGHFwt05N1a/cN6440Fz1hHQP3zk/flfMBfaNOF523YoPm6psyU//f3h82jCiOgxudhxQnWZ86ckRtvuLagZvPvJEACESHgdyEXL6ACB8SV6npy9mUqMrhD+B2BEoIG0oU4BV4bCLF18hTCCwO2FbnCELqPUP9uelL3G29OliefuNfYWYT4YpPHOewmv2F4/sUx5qRsd35WhCbD0x4n4LrL08+8JgMHnD98Cm1HahP3QTK4FgIqPpQQCgzRF3kgWUggEwT8vrfxbZ0+Y64RCfAh74TSHz16zIiX9464WT2qLqTlwL3wQMUmcKKD4xLVlR8bCJMNNcoGUT4oEAPwbjubLBBxcSAm8ge6CzzEkOcY6yN3gfj6+qh3pX6D2jEbJLgGa61XdUMF4fvFi+fOYYiDVt6Z8KEeENclRrDdt083YvQgK6Q+cudTBQO0F5vlOGiGhQRIIFgEUmEjsUbZtXuvbvZsla+Wfq/e8O2k59V5HyKJ9CTPPf9WTp5oEEG6EQin7nzL2zRXKjzyHS//wto6h3RBdSNi0Y8tD9ZIRq81qZib8VQooEZvnrBHASOQ7QIqTlfEzt/AAb1iRgZeGPB8wr/ndYiUO9+Ml2sKM/QQDNboridOn3UEVISoOac0JnpeMgIqQmUbNbywmwoB9bQKqDdRQC3MsPFaEgg1Ab8LuUQCKk7XflvzoWJzChtCjgfqDhVo3lLvUrc9SwRt0eJvZf36TeaUb4gT2MyCjYKA2klD8GGfP/pojjzx+Ig8cxi668WHA0Lw3Yc3uIVS97XP/Ot16X/t1UYMgYC6efN2uUfzM7oLBNSSpUqY3Nnt27XI8ZQL9QRg40NJwO976+4sDmzCPB+u3lLOgSf4O4TIZ/41ymwoxJ8wDw9uRNzEH+CUV135wcWa45R6cyJFBzaSJ+ja7Mkn7snx3EKKD2xqx+ciRBTRhp+25NrgQIj9p7qJ87DmZS6np2O7C8QPpAjAs+LLHk0TgpRJ3bt3NAKJu0BAwabLVVd2Vm/YjrH2QG0aNlF6XBH776GcUGw0CUSMQCpspBvJ8u9+MPYFEX/ujeB4bPhOhB1x0gYlwgob+39Pv2LSBiGVUGFtXX5D5a4bqQMKa8sjNg0C2Z1Uz010kgJqIIeajYoSgWwTUJ3Q978/9Qfzo4ePY4R5IVzTyT+KD/8XXhpnFskI0fIijnq5Jn7eYDGODwYIuPHli/lfmdxeCBtNlYCKENm5ny+O8dRwcqBSQI3SW82+kIA/An4XcokEVLQAIWPIYwiRBadc4yRb2D2E8N9wfT+TCyyvAo/TF//7tjk8D3YLuRBhoxFK99PPmzUXWRnjke+E+BbU40QCKoRceL26RRl4n0GkdYfw5yWgIoSvxaVNVOz5SE8Cr2c85ngSd0Ejwb+nmoDf99ZpB7zFEUKPUFNE5MSXyVM+NqGoTl5g/B3v50svjzeemO7N14LqQs7URHkER+s7h1D5a9WLE+sfhLm6N7aRv33JV9/JIw8Nz4nyMV6mo9+V5io6IA2RU7CugRdX2zbNYv7d+Tu8veAZH+8tik0eHDgFwaPb5ZclHKZx49+XMpoD2e11C5sGoQS5lONF5lSPNesjARIoPAG/NhJ2rnz5crkeiJRpM2bOE0Qm4lvyqKYWit+oQZoSrDuGaiqjS39PFYJ1kNv7FBVj02aUphTBQXjVdT1SGFvnbpiXugtjywtPmXf4IeB3bub3LAqofkaC95BAIQhki4CKH7I9emI9coTiR274sPN58PCDgwU4clp11/BQXY9ruKgeIqVhGsj5hYOWvIijXq6JHxbkCXz/w8+kXbtLTU4dHEBwVhf+m9QL5Es9FRpJxbGQT5WAumev/kiPnmTqRX8Roof+/eOfr5nDWuiBWogXh5eSQAQJ+F3I5SWgAtEPP2wwIirEUgioKPMXLDMH8UFwQF5p5A/8fsUa8yEC++QUhNHCHiJs1wntdQ5CwDWJDrbJa1gSCajrN2ySqdM+0dPGu+sHziVGFJquYck1qleVIYP7mKry80CFgArh5uDBw/LOxA/NfTcM7WvsKgsJpIuA3/cW7Zszd7HJ8XvH7YPkYpdQULRokRwxdefOvTJm3DTp0rmtSWuBwzfnat7PEiVK5KylvNYF8RIbx506tZHq1SrrIVK/qS34wUTc3HfPLSbPKvIV99ZDW9xpMSBSIny+mqYF6aEHwRVVWwFP0o0bt8pI3QB3i7IQWuHB/ujDw2MOcEEbzx+SNTbXwXPY7EEaAaTzwFrQXXDIlRPqj3BbiKzYXEdKgVOnNQfqnEWGycj7b41J85Su8edzSIAE8ifg10bikOGSulHbSdMJISe6yEV6GOUe3eRZajZgrulzhbFnSBFUv15tadv2UqlY4WKT23mhnm+B9B4PaG5kpBzC+gKHTDXRQ6Nat2xqvvkOag5UfHNWrlQxJy2IF1uHb9qZGjUAR5/qesCl17q92nLOp/QR8Ds382shBdT0jR+flKUEskVAxYEB+/Swg3r1amlu0Z4xp6Vi92/O54vMiYgoyG/VTz/snd1EhJNNmTbLeIO6C8LXuqjACe+HPK9Rb4Uunc9fk6hs2bLDfLwg7xgOR8EHCX6k8XEBkRMFOfZwmMFjjwzPCRWBl9RUbRM+EJyyUw8/ee+D2eqhMcz80zffrJJtO3bFnDKLf1u05FvzEYEPACQyh+fEbXqgC3Y+nQIPkNOnfzV/ZyEBEsgOAn4Xcj+riIEDE+4aPjQhqE9nLxR49rs9PWH38H8QHxGODw9OHOri9s6AwDl9xucmjN85VA8PQLjvYf0YwQEvXguEG2xIxR8ag0NosGG1T+1syZIl9aCqS/WjpIuKoOfzs+LwvS0a7nvj7wdXOc+b+t4nZtMJdhQFHnPIQY3/Rkg/Cwmki4Df9xYf6s+98JbJ5RtfsJnhPnwJGxnzNGJnt66XSpUsYUJNsanhnDDttS48C+/9ypU/yoGDh8xmAzzUe2q+UfzvgQM4MG6KyU8avxGBA1c+U7Fy0+Ztprn16taSPrr5cV7YuFCQXqONHu4Zf+AUrli+fLWsXfez3HFb7MFXCxYuMwd6JiqwCW5v2K3bdsp8FVB26toQHueNdc14Te/uCaOJ0jUH+BwSIIG8Cfi1kRAqsVGzbv1Gc2AeSk097BcHWuKQYSfiBALmoiXLTdohrAVgI2EXeve6PMarH99zixcvNzYMB2CWVYeeVi2byJU9OsfkYy7I1h3QDZ+39Rt08KA+OYdZea27IFvOeZReAn7nZn6tpICa3jHk07KQQLYIqFk4tOwyCZAACRSKgI2FXKEawItJgAQKTSBK7+0PazYYr9L4vPSFhpLHDYhCqqNe7zzsKVVEWQ8JBJ9AKmzkWvWS/1qdUJwIxuD3mi0MA4FUzM34flJADcPIs42hJkABNdTDx8aTAAmQQMoI2FjIpaxxrIgESCAhAb63nBgkQAIkkDeBVNhIpFNb/t1qGTqkL1GTQMoIpGJuUkBN2XCwIhLwRoACqjdOvIoESIAEok7AxkIu6szYPxLINAG+t5keAT6fBEggyARoI4M8OtndNhtzkx6o2T2n2Ps0EKCAmgbIfAQJkAAJhICAjYVcCLrNJpJAqAnwvQ318LHxJEAClgnQRloGzOp9E7AxNymg+h4O3kgC3ghQQPXGiVeRAAmQQNQJ2FjIRZ0Z+0cCmSbA9zbTI8DnkwAJBJkAbWSQRye722ZjblJAze45xd6ngQAF1DRA5iNIgARIIAQEbCzkQtBtNpEEQk2A722oh4+NJwESsEyANtIyYFbvm4CNuUkB1fdw8EYS8EaAAqo3TryKBEiABKJOwMZCLurM2D8SyDQBvreZHgE+nwRIIMgEaCODPDrZ3TYbc5MCanbPKfY+DQQooKYBMh9BAiRAAiEgYGMhF4Jus4kkEGoCfG9DPXxsPAmQgGUCtJGWAbN63wRszE0KqL6HgzeSgDcCFFC9ceJVJEACJBB1AjYWclFnxv6RQKYJ8L3N9Ajw+SRAAkEmQBsZ5NHJ7rbZmJsUULN7TrH3aSBAATUNkPkIEiABEggBARsLuRB0m00kgVAT4Hsb6uFj40mABCwToI20DJjV+yZgY25SQPU9HLyRBLwRoIDqjROvIgESIIGoE7CxkIs6M/aPBDJNgO9tpkeAzycBEggyAdrIII9OdrfNxtykgJrdc4q9TwMBCqhpgMxHkAAJkEAICNhYyIWg22wiCYSaAN/bUA8fG08CJGCZAG2kZcCs3jcBG3OTAqrv4eCNJOCNAAVUb5x4FQmQAAlEnYCNhVzUmbF/JJBpAnxvMz0CfD4JkECQCdBGBnl0srttNuYmBdTsnlPsfRoIUEBNA2Q+ggRIgARCQMDGQi4E3WYTSSDUBPjehnr42HgSIAHLBGgjLQNm9b4J2JibFFB9DwdvJAFvBCigeuPEq0iABEgg6gRsLOSizoz9I4FME+B7m+kR4PNJgASCTIA2Msijk91tszE3KaBm95xi79NAgAJqGiDzESRAAiQQAgI2FnIh6DabSAKhJsD3NtTDx8aTAAlYJkAbaRkwq/dNwMbcpIDqezh4Iwl4I0AB1RsnXkUCJEACUSdgYyEXdWbsHwlkmgDf20yPAJ9PAiQQZAK0kUEenexum425SQE1u+cUe58GAhRQ0wCZjyABEiCBEBCwsZALQbfZRBIINQG+t6EePjaeBEjAMgHaSMuAWb1vAjbmJgVU38PBG0nAGwEKqN448SoSIAESiDoBGwu5qDNj/0gg0wT43mZ6BPh8EiCBIBOgjQzy6GR322zMTQqo2T2n2Ps0EAirgJoGNHwECZAACZAACZAACZAACZAACZAACZAACaScQN1aFVJaJwXUlOJkZSSQm0BYBdRUGxvODRIgARLIdgI2dsKznSn7TwK2CfC9tU2Y9ZMACYSZAG1kmEcv2m23MTcpoEZ7zrB3ASBAATUAg8AmkAAJkEAACNhYyAWgW2wCCUSaAN/bSA8vO0cCJJAkAdrIJAHydmsEbMxNCqjWhosVk8B5AhRQORNIgARIgARAwMZCjmRJgATsEuB7a5cvaycBEgg3AdrIcI9flFtvY25SQI3yjGHfAkGAAmoghoGNIAESIIGME7CxkMt4p9gAEog4Ab63ER9gdo8ESCApArSRSeHjzRYJ2JibFFAtDhirJgEQoIDKeUACJEACJAACNhZyJEsCJGCXAN9bu3xZOwmQQLgJ0EaGe/yi3Hobc5MCapRnDPsWCAIUUAMxDGwECZAACWScgI2FXMY7xQaQQMQJ8L2N+ACzeyRAAkkRoI1MCh9vtkjAxtykgGpxwFg1CYAABVTOAxIgARIgARCwsZAjWRIgAbsE+N7a5cvaSYAEwk2ANjLc4xfl1tuYmxRQozxj2LdAEKCAGohhYCNIgARIIOMEbCzkMt4pNoAEIk6A723EB5jdIwESSIoAbWRS+HizRQI25iYFVIsDxqpJAAQooHIekAAJkAAJgICNhRzJkgAJ2CXA99YuX9ZOAiQQbgK0keEevyi33sbcpIAa5RnDvgWCAAXUQAwDG0ECJEACGSdgYyGX8U6xASQQcQJ8byM+wOweCZBAUgRoI5PCx5stErAxNymgWhwwVk0CIEABlfOABEiABEgABGws5EiWBEjALgG+t3b5snYSIIFwE6CNDPf4Rbn1NuYmBdQozxj2LRAEKKAGYhjYCBIgARLIOAEbC7mMd4oNIIGIE+B7G/EBZvdIgASSIkAbmRQ+3myRgI25SQHV4oCxahIAAQqonAckQAIkQAIgYGMhR7IkQAJ2CfC9tcuXtZMACYSbAG1kuMcvyq23MTcpoEZ5xrBvgSBAATUQw8BGkAAJkEDGCdhYyGW8U2wACUScAN/biA8wu0cCJJAUAdrIemjHegAAIABJREFUpPDxZosEbMxNCqgWB4xVkwAIUEDlPCABEiABEgABGws5kiUBErBLgO+tXb6snQRIINwEaCPDPX5Rbr2NuUkBNcozhn0LBAEKqIEYBjaCBEiABDJOwMZCLuOdYgNIIOIE+N5GfIDZPRIggaQIpMJGnjhxUnbv2S8NG9RJqi28mQTcBFIxN+OJUkDlHCMBywQooFoGzOpJgARIICQEbCzkQtJ1NpMEQkuA721oh44NJwESSAOBVNjIH3/8Wb7+ZqUMu/P6NLSYj8gWAqmYmxRQs2W2sJ+BIUABNTBDwYaQAAmQQEYJ2FjIZbRDfDgJZAGBKL+3sz6ZL/Xq1pJWrZpaGclRoyfJrbcMkIsvLmelflZKAiSQeQKpsJFr1/6kAuoqGT6MAmrmRzQ6LUjF3KSAGp35wJ6EhEA2CaibNm2T2Z99KSMfuC3P0XnjzcnSuHF96Xl116RG8Ic1G+Tb5atleJI7le+9/6nUqVNDunRu56k9v/32m7zw0ji57daBUqN6FU/38CISIAESAAG/CzkvttU24VWr18nczxfLfffcIuXKlbH9uHzrX/b1Ctm+fbcMvb5vRtvBh2cHAb/vLejs2LFbFn75jWzdtlN+/fVXqVy5ollvtGt7aQy8LVt3yLwvvpLdu/dJsWLFpFnThtK7d3cpXapkznVe6jpz5ldZ/t1qWbV6vRw8+IucPXtOqlerLN27dZBmzRrFPPPcuXPyn+felLvvukGqVa0sv/xyROboOw57c/bsWalbt6b00TZUr3ZhrfOsXn9cQ20TlT69u0nXLu0vtHfnHpk0eab88fER2vez8tXS72XVqh/lkD6nZMkS0qhRXenTq5uUL39BXP183hJZvGR5rurLlS0jT2g9LCRAAsEjkIyN3PDTZmMjd+3aK7BJFSteLC0uvUSu6N5RSpQonrCzhw4dlnHjP5BBA3oZO+KUt8ZMlR1qd+JLyxZNYtYLXmxdfB1e7C/u8WLLgzeC0W1RMnMzLyoM4Y/ufGHPAkIgmwRUfGB/POsL+dtfRuZJ/5tvV0nVKpWkQZI5bpYuW2FCPR55aFhSIz123HtGQMVHgpeCj4B//PM1ueP2wdKo4YUfbS/38hoSIIHsJuB3IefFttoki42jV157RypVrCDVdeOot4oemSwQWbZu3WmEHxYSsE3A73sLYQCbtJ06ttG8fnWleIliskY3f5d9vVJuvXmANGnSwDR9l4qmY8ZOlc6d2krrVs2MQInNiqJFisiIu28013ita8HCZSra7jEepRBrIYRCTF2uG84P3HereX+d8tPPW+TT2Qvl4T/cKRBeXxs10azPelzRUYoUKartXGGe+6BuipcrV9bcduzYCTl9+nQM8j2at3Dqe5/IXcOHGm9Wp+A9RV7DAdf1lDdV2EDp3KmNaRcEDPy9lArE991zc849H02fK8ePn5D+114V84ziKqSUKV3K9lCzfhIgAR8E/NrInzdulYnvTjc2sk3rZmZjZd/+g7Jo8XLjtX7j0H65WgObNka/3SC4Dhncx9hMp7z433G6OdVC2rZpHnNfabUdjhjr1da5K/Bqf73Ych94eUsSBPzOzfweSQE1iQHhrSTghQAFVC+UCn8NBdTCM+MdJEACmSXgdyGXaQF1jYbWLfnqO7nphmtl1BuT5NGHh5sPnUwVCqiZIp+dz/X73sLj9NTpM1K2TOkYcG+OmaIRLFWNsIgyZdosuUj/96Yb++dcd+TIMXnp5bfl5pv6S5NLGhjvVS915TVCTz/zqgwa2FtatbwQqo8NbwiYvXpebkTdxUu+1U3p4eoBW9RUg40TvO+NG9XXTea8N03enTTDXI/IHHd55dV3pG/fHnKJRh0dPnw0Vxg/RAl4qD7x2N05Ai0E1NNnzhhbw0ICJBAOAn5t5OSpH5sO3nLTdbk6CpsHb/z4MuvT+XLq1GlByP9A9UCNF1Av79reCLJ5FT+2zqv99WLLwzGi0Wml37mZHwEKqNGZH+xJQAlQQI0dGHhjNGpUT9q3a2EW5/hAGDKojyxVTweEjRVRjwv8GPa95gq56CJ8UogcPXpMZn26wPy9aNGi+vemJuQLIfyOB+rRY8dlqYaHrVu/ST0bDksZ/WDBD2i3yy/Ld2bEe6CiTV8u+ka++36NPve4VKp0sQlJQ3tRHA9U7Hoi4fnGPNo8Tb0x0E+E0K1Y+aN6bJyRBvVry8CBvQShaCgIQYH3x+Yt202/69SuIVdf1VVq1apm/g7PjTlzF8l67dMZ9XytWbOq9Lr6cqlX77yHB3Zf3/9gtgzWtiB1AkL/ypYtrd4jnXLaG9DXgs0igawk4Hch50VALcheADjsFcTHvXv3a2hwKbnkkvrG5hQUkg/B57yHSHOZMnWW8dqPt62ICNi1a5+xT4sWf6uCyRHjzda//9XGtjkFHz0IVf4Ff9ew4WvU+3/hl1+bsOamGraMAg8RXPPDmvXG5tasUVW9Xrvn2MZEAmpB9+AD6LM5i2St2m3Y46pVKsrlXS+Tli2bZOVcZKe9E/D73ub1hHcmfmTC6q/pc4VZB/3rP6NlQP+euebi2xqiWqNGFV0P9cizse66El104uQpWbZMQ+fVC/XeETcJPLFQ8NznXxgjt2h+0tq1qhshs3z5snKdvq/uAo/WH9dtNN6riQrCVdHO+/Xv7rRGe/cdEKyv/vTHe836JlHZtm2XjH37PfnLn+7P2ZChgOp9XvJKEggKAb82Epsv8DSNtzt59Qse/PPVJiGV0L+fHe1LQPVr6xK1KZW2PChjGbV2+J2b+XGggBq1WcL+BI4ABdTYIUF+GuSrwUe7I0YiLAsf2RAYd6ooOHnKTA3futrkCEM+HHhAlCldWvr162HygX2/Yq3xhoJI6gioCEXbsGHz+bC1ShXMh/wkref22wZp6FydPOdFvID6xfylpv4hg3pLNc37BXFz5sfzTHsReua0GV4b/dSzokH9OkbIRPgaFgBOXjP0E6EcV13ZWdpqPyBuTJ32iflQgfiKAlECucWccFh82B8/flLz/nQwfx/39vtGRHb3G3mC7tGQvpo1qwn6jMUHQubgHVJJ+w3hF+LCQxqSBw4sJEACwSHgdyHnRUAtyF7ABr3w0ljpq6JNaxVCESYLe4ENm2ZNY3Mjuolt3rJD3lP79rh6iWEDCxtZH340Rx595C797wvCCOwO7HLz5o11o6erFC9eXD6ZvUB2aj6yx/RaFGwGwUOjnwpCl7a4xGwwzf5soezZc8BsmnW4rJW5bsK7H0nxYsXl2n5XGnEXOa8/0U00J5Q4kYBa0D0Iid60ebvccH0/UyeEH3yMwSuPhQQK+liqWys1v6cIgUeYKUL4sRbCfz/3wlsmjB2/6+4yY+bnckzfU1ybqMTX5b4GaxvkAsQaCmulO3QtVEM3IpyCFBjvfzhbHn/0bvNPr742Qdq3bxGTwxT/vnLVOn335stf//xAwjaMGTvN5Cy8fsg1MX/Hpsj+A4fk+sGx/+6+CBu/aOMIVyoOCKjYNK9UuYKsU+H2rG6g1NYNmN66xkGeVhYSIIHgEfC7toF9wTcWvmFaaJ7SeG99d08P6HphnG643HnHEGML4FWfyAMVG7FIEYINGnjTN23S0HjZ47stGVsXTz2Vtjx4IxqdFvmdmwWtCUoW/818o8PX67zD14X/3/lv1OH8/cK/OfeddxJznMWc/1/3NrXoNUP+stH8vywkkI0EKKDGjnoiARU/bG5vJuwOlilTynzYIsRr8pSPzce747mJGiEcYnGeXw5UeEU0aFBbruzROc+p5xZQ4cH072ffMAInEpg7BQcaLFUPjiceG2EOZEAOVAiqjtDptAfen87HOPpZqnRJuf3WQTn1QFxADliEv6LA6wQfF04eNHcj8aE/Qb1UEvUbeXxu0LxAjoAKQRUfGE75579Hqbh7Za4cQNn4/rHPJBAkAn4XcgUJqF7sBTzUR+shfhBC8jqYIREr2FoIL+6D/159fUKMZz7ug6i5/LsfTDiuE3a3c+des1EEm1ehQnl5S8UWeKm5vU32qDcsTupGzkMIqFtUsH138gw9eOaemHZ+8NFnxhMVEQHxAqqXexAqiE0lr/mugzRv2JbMEvD73sa3Gl6fWN/gf7G5i4JNhJc11P3BB25Xj+xKMbdgA2L//kNyp+Zc91KX+xpskJw4cUoF2OPy/fdr5WfdcL1XRVp4e6FAvEQ7sBGM8vyLY82apmOH1jGPwsYuIof+938eytUGCJzT9G8PPXiHEVHdZbRufCMaBhsqiQo2MCZMnC7DVAzBYVVOmT5jronawb0QmCGgIioIeVYfHHmHibJhIQESCBaBZGwkolKQlm27HrgHL3g4piAS0X04FJxX3tI80V27tDORMCiJBFRENSJ6EBuytXRDCpF+c3VtgnrvHn4+Z7ofW+fF/vq15cEayei1Jpm5mRcNeqBGb56wRwEjQAE1dkASCajIm4UcWU6BB8IZzYF1o+bAQijoSl1M/0EX6O6Cf4f3lCOgIh8OhE58SOPDAVs+B1Rgxcd2frm73AKqIzDgw929SN++fZdJWA5PDYS/QUDNr81oJ/qJg7IgDjtlxcq1GpK/2IS0oUAEQB9wOiRCYhHy7+y+YjGBQx8S9fv7FWv00IdhOQLqU399MCdnGeqFd0s3DU3t2DH2QyhgrwabQwJZR8DvQq4gAdWLvYAnGjaV4IkKUQOiBT5UihfPnWPMGZi9ew/k5Dx1hBf87ZtvVplD/Nz2CfZss2783KNhwk6BFwg+aEbqITTwGMHmDvI+wua5y3904+pq9VqFgAo7jrpw0Iy7nNRQZByyA5EnXkD1cg+8X+FxB++U+nVrG/tcRcP4WUigIAJ+39v4eiEOQiTAh7wTSg9vS3zQ3zvi5pwUFc598EDFvHfnRnX+lqiu/PrxxltTTDSOE/GC9xIbvoj8QYGIe1n7lprWon1MNfAQg5f4n5+8L+bfIb6+Pupdqa+b1P37xR74hPf+1dcnmrVOIvuC6Jx3JnyoG9Fdcgm28EhF3e60H0i5gXUNTuWGgMJCAiQQLAKpsJF4z3ft3qubPVvlK03Jhnfd2biFlyrsAjxOnZJIQEW6EQin7vXKNv2Gw7ee4+VfWFuXiHQqbXmwRjJ6rUnF3IynQgE1evOEPQoYAQqosQOSSECNP9HenQMrXih1avtqKbw5L+RARc5R5EEdPLCPyVuKAs8peHTk53HkFlDxYYNwtMcfvcvkWHUKQvTx8YEwVITCQUDNr824z91Ppx4joGoOvj+5PkTgfbVx4zbZum2n/u9W83EDDxAv/XY8UP/+1B9icozhQ6OgJOoBe03YHBLICgJ+F3IFCahe7AUA4wMEm0zw/oLX6j4VSG/VHIh16lzwAHMPxEfT55gQ3ngRBN76KDjgxgn/TxRWnyOg3q8CquZ8fPqZ11RAvTrHg8R51rPPv2XSnTgCKkLr77v3ljznRCIBtaB7UBnEqp/042yb2lvky27cuF6+IcZZMSnZyQIJ+H1v3RXjwCZsMAwfNjQm5zDeyWf+NUqFgZ4xBzzhXqTlQHRJ/CZwXnXl1xGsq7DRjHcWa5oJevL1k0/ckxM+OHHSdKlwcflcuQjnL1iqkUBbjPjgLkh19Kl6yD780LCY6CBcA/EDKQLwrPgCT9Lx73wg3Qspho4b/77xQM8vH2yBA8kLSIAErBBIhY10NwzRLLAvf/vLSDmoXqRIMYLiThuEiEDkV0ZETX4HW8LG/t/Tr8jNekhfs2aNpLC2Lh5YKm25lcFgpTEEUj03UTkFVE4yErBMgAJqLODCCqhOCD9+HN07ivgBPHDglxwP1JdfHa8HJ7WMSQWAXcZm6m2Un4CKa1rpISJXXdnFfFw8+/ybuU6qRfg+PJzgmerkQE2VgOqmA29U5A2DUIsdWISxxvcb6QyKqcfYDdf3zfFApYBq+SVm9SSQIgJ+F3IFCahe7EWiLiCXKfIzDdaD/OLLkSNH1evrbePxUc8VYutch3zRv+jJ2k7+Qi8CKuw/vD7dz4OX6+uj380J4cdBV8iD/ejDd+UZrhsv6ni5J75/Bw8eVq+78eY3JD78OEXDzWoiQsDve+t0H6H4CKG/y4inZXNRwe/6RUUuMh/4TsH799LL4020S6OGdXP+vaC6kDM1UR5BpO+A1/m1mt7ni/lfmTBXtzcX1jlIM/TIQ8NzIlqMl6m+m81VdEDaIqdgHYS1U9s2zWL+3fk7NqYvU2/yNq2bxfR13/6DxgsenmV5HfB5WG2Ke62HCs6ePWs8ULt362hy0bOQAAkEi4BfGwk753ZYcXq1ctWPMmPmPHnqryONSIpQfAim7gLbBA9VpFxDiiCURPYDmzY4SwMH4VXXFEKFsXXxlAuyv4Wx5cEawei2xu/czI8IBdTozhf2LCAEsk1AnfnxF3J/As8hhMQjgXdhBVSEnY5+Y7LZYTQHimgemxXq+QBBEyFwTgg/hIDde/aZwxbgJTrviyWyRvPqtGrZNJeAio8C5E9drafSIrfWsDuvzwljw6n3+PcB6g2CA5/gRTFdw+hwWi4OiEqVgIof+c+1jQiZq1WzupzRE6IRJof0A3fcNth4iiFfYBFVN9z9nr9gmYxUby6IEPRADchLzmaQgEcCfhdyEFDzs60lS5Yo0F7gkL2Nm7bqQTEtTS5Q2CAc6AQb2b3b+YPr3AUn1m/dtsOEFicq8C797yvj1aPuenOQnRcBFTYZ+RTx0YMwfkQNwCsfJ3bD+x4eqLB94zW8Fx9L1/x+OB42y5Z+vUJa6T1IP4B63v9gtvFwQ6gvfgsKuge/EU0uaSCN1Ou0mB6GhQ0rCElPPnFvTAoUj0PJy7KIgN/3FoiQtge5z++4fZBc7IpsgSeVI6YiV/CYcdOkS+e2JvffcU2zMVfXIiVKlDDvl1O81AXxEpvBnVRorK5e3+fO/aZz/QfzzuDkakTlvKbh9TiUCe+DUxA++9qoiSbVRo8enaSoihbwJEVkzMiRt8eIshBa4fWeyOvr/MEqY82Gs3NoC56B/ICI5MF7H29vsGZzvNzRNmwSd9IURFWrVNK+nJElS5fLvn0HzdrHXWcWTUF2lQQCTcCvjXxFN2JK6reh877jIJ6du/bob/NSswGDb6+8SnwIP8RYrEma6KFRrXVdA1EV3qv4HqxcqaLZjELxYuvwLTZTowYQGYPDflNtywM9mBFrnN+5mR8GCqgRmyTsTvAIZJOAitOZERaGD+D4Ag8G5PHCx3ND9aaAcIjr4OF0m4aQYlfQKfioPX36V5MEHAVhl7P0BGbUj1OgkUC8Tu3q8q3mCIX4ifKrCpAfz5ova3/8yXxMI4QdO5bY2YzPmYUcOVNVOMDHC67DR4tT0CYnHPbIkWP6A1zOHGbgJC0/3+Zx2uaB+bYZKQXQT+dUadQPL7F52jeEwqEeiMAQa/EDX1xPimyg1/fTPjsfVSc09xnEhfUbNpkPIpzQiwMfIOyiIAwPAohzwrXTB4S6denczniNsJAACQSHgN+FnBfbWpC9QO5TfJRg4wU2FaJFyxZNNU9z15gUIA4teGwgRyFOsM2rIJQN9haCKHKi4tTboeod7xTkb3xFQ+/g+YGT71FwQAxsLARYhPXDzkPcvFJFm7ZtLjXXIEUA2grRBx8yFfVDqJUKS7DlEFpgP/HsHzTUHyIL8q4WdA/s/lcq/MALDh5tNWtUk169Lpe6eaQvCM6sYUsyTcDve4sP9edeeMvMzfgCryr34UtIqTFPc//uVm+pUrohglBTbCpgcwTFa114FgRb5I4/cPCQWTMhDUBPfZfxv8gNDyET+UnxN3fBmgkbJ5s2bzP/jI2RPn26m3fMXbAR3qZN81z5S3ENcrevXfez2Qh2lwULl8mChV8nHEpsTjvesLBTWBvhgKpDaiOweY788L01n7zjZZbp+cDnkwAJxBLwayPx+46NmnXrN5oD81CQqqNd2xbSoUOrmBPK45nj8El8E9X/PY8z/o7N2MWLlxsbdvz4SY1iKWOiDHGYsDsVUUG27oBu+LytKVQQLYPDrLzaX7ShIFvOuZNeAn7nZn6tpICa3jHk07KQQDYJqFk4vOwyCZAACXgmYGMh5/nhAb0Qm1//+s9oI7i4P4QC2lw2KwsJROm9xaYDvErd4fupHNJZn8w3OZXjw/dT+QzWRQIkECwCqbCRa3XD9Gs9oNLtdR+sXrI1YSSQirkZ328KqGGcCWxzqAhQQA3VcLGxJEACJGCNgI2FnLXGWqgYBz3h8CZEIFRBeO7p04J8prt27ZMHH7gtoSeshWawShIoFIFsf28LBYsXkwAJZB2BVNjIzXrA5fLvVsvQIReiWLIOJDuccgKpmJsUUFM+LKyQBPInQAGVM4QESIAESAAEbCzkwkQWqUiWaS5TeMEhhL94sWJ6sE0tzXPWnQc5hWkgs6yt2f7eZtlws7skQAKFJEAbWUhgvDxtBGzMTXqgpm34+KBsJUABNVtHnv0mARIggVgCNhZyZEwCJGCXAN9bu3xZOwmQQLgJ0EaGe/yi3Hobc5MCapRnDPsWCAIUUAMxDGwECZAACWScgI2FXMY7xQaQQMQJ8L2N+ACzeyRAAkkRoI1MCh9vtkjAxtykgGpxwFg1CYAABVTOAxIgARIgARCwsZAjWRIgAbsE+N7a5cvaSYAEwk2ANjLc4xfl1tuYmxRQozxj2LdAEKCAGohhYCNIgARIIOMEbCzkMt4pNoAEIk6A723EB5jdIwESSIoAbWRS+HizRQI25iYFVIsDxqpJAAQooHIekAAJkAAJgICNhRzJkgAJ2CXA99YuX9ZOAiQQbgK0keEevyi33sbcpIAa5RnDvgWCAAXUQAwDG0ECJEACGSdgYyGX8U6xASQQcQJ8byM+wOweCZBAUgRoI5PCx5stErAxNymgWhwwVk0CIEABlfOABEiABEgABGws5EiWBEjALgG+t3b5snYSIIFwE6CNDPf4Rbn1NuYmBdQozxj2LRAEKKAGYhjYCBIgARLIOAEbC7mMd4oNIIGIE+B7G/EBZvdIgASSIkAbmRQ+3myRgI25SQHV4oCxahIAAQqonAckQAIkQAIgYGMhR7IkQAJ2CfC9tcuXtZMACYSbAG1kuMcvyq23MTcpoEZ5xrBvgSBAATUQw8BGkAAJkEDGCdhYyGW8U2wACUScAN/biA8wu0cCJJAUAdrIpPDxZosEbMxNCqgWB4xVkwAIUEDlPCABEiABEgABGws5kiUBErBLgO+tXb6snQRIINwEaCPDPX5Rbr2NuUkBNcozhn0LBAEKqIEYBjaCBEiABDJOwMZCLuOdYgNIIOIE+N5GfIDZPRIggaQI0EYmhY83WyRgY25SQLU4YKyaBECAAirnAQmQAAmQAAjYWMiRLAmQgF0CfG/t8mXtJEAC4SZAGxnu8Yty623MTQqoUZ4x7FsgCFBADcQwsBEkQAIkkHECNhZyGe8UG0ACESfA9zbiA8zukQAJJEWANjIpfLzZIgEbc5MCqsUBY9UkAAIUUDkPSIAESIAEQMDGQo5kSYAE7BLge2uXL2snARIINwHayHCPX5Rbb2NuUkCN8oxh3wJBgAJqIIaBjSABEiCBjBOwsZDLeKfYABKIOAG+txEfYHaPBEggKQK0kUnh480WCdiYmxRQLQ4YqyYBEAirgMrRIwESIAESIAESIAESIAESIAESIAESIIEwEqhbq0JKm00BNaU4WRkJ5CYQVgE11caGc4MESIAEsp2AjZ3wbGfK/pOAbQJ8b20TZv0kQAJhJkAbGebRi3bbbcxNCqjRnjPsXQAIUEANwCCwCSRAAiQQAAI2FnIB6BabQAKRJsD3NtLDy86RAAkkSYA2MkmAvN0aARtzkwKqteFixSRwngAFVM4EEiABEiABELCxkCNZEiABuwT43trly9pJgATCTYA2MtzjF+XW25ibFFCjPGPYt0AQoIAaiGFgI0iABEgg4wRsLOQy3ik2gAQiToDvbcQHmN0jARJIigBtZFL4eLNFAjbmJgVUiwPGqkkABCigch6QAAmQAAmAgI2FHMmSAAnYJcD31i5f1k4CJBBuArSR4R6/KLfextykgBrlGcO+BYIABdRADAMbQQIkQAIZJ2BjIZfxTrEBJBBxAnxvIz7A7B4JkEBSBGgjk8LHmy0SsDE3KaBaHDBWTQIgQAGV84AESIAESAAEbCzkSJYESMAuAb63dvmydhIggXAToI0M9/hFufU25iYF1CjPGPYtEAQooAZiGNgIEiABEsg4ARsLuYx3ig0ggYgT4Hsb8QFm90iABJIiQBuZFD7ebJGAjblJAdXigLFqEgABCqicByRAAiRAAiBgYyFHsiRAAnYJ8L21y5e1kwAJhJsAbWS4xy/KrbcxNymgRnnGsG+BIEABNRDDwEaQAAmQQMYJ2FjIZbxTbAAJRJwA39uIDzC7RwIkkBQB2sik8PFmiwRszE0KqBYHjFWTAAhQQOU8IAESIAESAAEbCzmSJQESsEuA761dvqydBEgg3ARoI8M9flFuvY25SQE1yjOGfQsEAQqogRgGNoIESIAEMk7AxkIu451iA0gg4gT43kZ8gNk9EiCBpAjQRiaFjzdbJGBjblJAtThgrJoEQIACKucBCZAACZAACNhYyJEsCZCAXQJ8b+3yZe0kQALhJkAbGe7xi3LrbcxNCqhRnjHsWyAIUEANxDCwESRAAiSQcQI2FnIZ7xQbQAIRJ8D3NuIDzO6RAAkkRYA2Mil8vNkiARtzkwKqxQFj1SQAAhRQOQ9IgARIgARAwMZCjmRJgATsEuB7a5cvaycBEgg3AdrIcI9flFtvY25SQI3yjGHfAkGAAmoghoGNIAESIIGME7CxkMt4p9gAEog4Ab63ER9gdo8ESCApAqmwkSdOnJTde/ZLwwZ1kmoLbyYBN4FUzM14ohRQOcdIwDIBCqiWAbN6EiABEggJARsLuZB0nc0kgdAS4Hsb2qFjw0kuVTV8AAAgAElEQVSABNJAIBU28scff5avv1kpw+68Pg0t5iOyhUAq5iYF1GyZLexnYAhQQA3MULAhJEACJJBRAjYWchntEB9OAllAIMrv7axP5ku9urWkVaumVkZy1OhJcustA+Tii8tZqZ+VkgAJZJ5AKmzk2rU/qYC6SoYPo4Ca+RGNTgtSMTcpoEZnPrAnISGQTQLqli075MPpc+T+e2+R0qVL5TlC495+X1q0uEQ6dWxjrnnjzcnSuHF96Xl11wJHdeq0WdKoYT3p0KFVgdcmc8Gyr1fI9u27Zej1fRNWs337Lnn/w8/kwQdul+LFi+W6Jr6P7gs2K6dPZy+Qkffflqv/v/32m7zw0ji5/daBUr16FfP3nTv3ytT3Zsljj9yVU81nc76U7Tv2yIi7bkimm7yXBEggjQSSXcjt2rVXlnz1ncDWHtdwt9KlSkq9+rWla+e2UqdOTdMTLzayMDY3jXj4KBIIJIFk3tsdO3bLwi+/ka3bdsqvv/4qlStXlC6d20m7tpfG9HXL1h0y74uvZPfufVKsWDFp1rSh9O7d3bzjTvFS15kzv8ry71bLqtXr5eDBX+Ts2XNSvVpl6d6tgzRr1ijmmefOnZP/PPem3K3riGpVK8svvxyROZ8vlk2btul9Z6Vu3ZrSR9tQvdr5tQjKs3o9bE+i0qd3N+napf2F9u7cI5Mmz5Q/Pj5C+35Wvlr6vaxa9aMc0ueULFlCGjWqK316dZPy5fMWV9et3ygzZs6TRx4aZu5hIQESCB6BZGzkhp82GxuJ9Q1sUsWKF0uLSy+RK7p3lBIlipvO4hrYkvhy0UUXyQP33SrV1MahvDVmquxQuxNfWrZoEvM958XWuev4RoXdT/S7LVEppTb6ySfukSJFinhuZ/BGMLotSmZu5kWFIfzRnS/sWUAIZJOAit3Dae9/Kh07tpZr+16ZcARWrFwr02d8rj+MHeTqq84Lpt98u0qqVqkkDTzkvcGPIxbdzr22hvnzeUtk69ad5sMiUTl9+ow8+/xbMuC6q6V1q2Yxl2AR8MZbU8yH0kMP3pHr9vc/nC1F9Yd28KA+ufqPj4x//PM1ueP2wSoU1zV//+nnLfLupBny96f+YH6gUTZu3KYfIYflsvYtbSFgvSRAAikmkMxCbrUKItigukQ3m9q0biblypeVI4ePCQSGNWp7Rz5wm7GjXmxkYWxuihGwOhIIHQG/7y0++t/TNRE2ixs2qCvFSxSTNWs2yLKvV8qtNw+QJk0aGBa7VDQdM3aqdO7U1qwnIFDOVSET64QRd99orvFa14KFy2SHbq7CoxRrEAihEFOXL19thAZnY9ZZW3w6e6E8/Ic7BcLra6MmGhvS44qOutYoqu1cYZ77oNqWcuXKmnYcO3ZCTp8+HTOGezRv4dT3PpG7hg813qxOwToKeQ0HXNdT3tS1G0rnTm1MuyBg4O8QH+675+aEc+LQocPy31fGm789/uhd+QqtoZtUbDAJRIiAXxv588atMvHd6cZGYl2DTZJ9+w/KosXLjdf6jUP7GUr4dvxsziLjoOMuRYpcFGMXXvzvON2caiFt2zSPuQ5OPY4Y69XWuSvARtThw0f1n36LqRffcyVLlJA77xhSqHZGaOgD3xW/czO/jlFADfyws4FhJ5BtAuqnn30ppfQH8MYbrzULcXfBj9boNyYZ79SGDev4EkG9iAOpmDMFCah4xgfqgXri5En1Fh0U88jZny3Uj4Oj8vPGLXLXsBukVq1qOX93hNdbb75OGZwXSN3Fq4Caij6yDhIggfQS8LuQO3LkqAoJ7+hHRmvjERZfjh49JmXLlhF4Y6TLRqaXHJ9GApkj4Pe9hcfpKd1sLVumdEzj3xwzRWpUr2qERZQpGllzkf7vTTf2z7nuyJFj8tLLb8vNN/WXJpc0MN6rXurKi9LTz7wqgwb2llYtL4TqfzzrCyNg9up5uRF1Fy/5Vj09h6sHbFFTDSJiRumarXGj+mp3uuU5ANjgRblNI2fc5ZVX35G+fXuYTR+ID/Fh/I5X2ROP3Z0j0Dr3Q/gdM3aa1KhRVb5fsZYCauamP59MAgUS8GsjJ0/92NR9y03X5XoGbB688VEgoM5RAfVPT96Xb1sgoF7etX1OhGOii5Oxde764OmK9dY9I26S2rWqF6qdBQLlBSkj4Hdu5tcACqgpGx5WRAKJCWSbgPrZ3EXmA3+FLnjjF9PwjDh37jfZs3e/CSlzvEjhodGoUT1p366FgXjy5CnjmQCP1l91EV1dPzSuvqqLOZkRP1bwVMXCfsXKH9UT4ow00BDWgQN7STkVEFCOHjsuSzVUbN36TSpkHpYy+vGC3c1ul1+WM0gQcxEu98Oa9Sa0rKYu0nv36p4jdnoRUH/+eau8O3mGPKHhac4HEsJPnn9xrFw/+Bpd9K8xz+6nHxBOWanha3guwvEhdqC4++9VQEU4yXYNDRwy+LwXK7xely5bIZu3bJfjx09I5UoVpVevy82HF8refQdM+MvgQb01fcBC2b//kPkwwf379h6Qz79YIocOHdGPuirm3+AhgoIFDHZ912pyd7CuWqWiLk4uk5Ytm/CVJwESKCQBvwu5hV9+bUL3n3zi3hxxI69He7GRhbG5BdkWtAM2HbkUd+oHBYTcbmojjqkdOnPmTI7gC5v95aJv5Lvv18jRo8elUqWLTbivY/cLiZKXk0DaCPh9b/Nq4DsTPzJroGv6XGHWMv/6z2gZ0L9nrt/Vt8d/oL/TVaTvNRfWEPF1uutK9LwTup5atkxD59UL9V790HfSK+G5z78wRm7R/KT4+Mf6oLx6tV/X/+qYarBu+3HdRuO9mqgg9QDaeb/+HesHp2DNMXbce/KnP96bEzkTf/+2bbtk7NvvyV/+dH+u8PyP1Z6c0TUHIpogpNIDNW3TnQ8igUIT8GsjsfmCjZV4uxPfgFQKqH5tXXybxr/zgdmAcm98eW1noQHzBt8E/M7N/B5IAdX3cPBGEvBGIBsFVIiDCGFHTtPGKoyiwEPqzTHTTCgYwlDdAmq8xxQWy2dViOx7zRVSsUJ59eTcpoLfQRU4uxkBdaeKhciNgxxiCA9774NPpU7tmjliIkLeN2zYfD6ErVIFFRf3yaQpM+X22wYZERZlwrsfSfFixeXafleq50MZFVI3yCefLsgJVfMioJp8pSqWdtd0BE4+V3hUzPx4ni727zah90hXgPxfjlg6QT+catasZjw+nOLuv1cBNb59i5csN6F6zZs3NqLt9ypSQKx44rER5sMEeVfxYw/xGYJuqZIlNYfrbIGXC/o/8LpeGt5STFnOVi7FTAoBFIQRbtq8XW64vp+5Dh9LCEGEJwsLCZBA4Qj4XchhwY/NpDt/fy/ze6oXG1kYm1uQbYEY+vKr441nG+wy2vmFbhLBbmBj7Ibf80h/MX+p8SQbops41TSnIjZ7YCuxkYawXhYSCCoBv+9tov4gBB5eUgjhRzoi/PdzL7xlwtixNnCXGTM/NxsRuNZLXe5rIF7CQwqbulgT3KHrH2yaOgUpirAGwFoF5dXXJkj79i1icpji31euWqdro/ny1z8/kLANWK8hZ+H1Q66J+Ts2ffYfOGQ2k/MqszViCW2Mz+X+ww8bNCfi13KvMsHmDAXUoL4ZbBcJnCfg10bCvmAdAA/3FpqnNN5b3+HrhPAj/dvy79ao3Tyujh4VzJqjWdMLuZ1hW5tq/mikCMEGDbzpmzZpaL65IHYmY+vcY+040OAcjCrqWFLYdnLepI+A37mZXwspoKZv/PikLCWQrQIqDiH4VEPZcVASxMOPps81Sb4RWoGQjbwEVOT2hLiJAwOwKI8v+PCHIOgIfPg7PLOQ0+/Rh4fnOcvgIdGgQW25skdncwALPEf/+Pg9OTlxcOMHH31mPFHhFeVFQMU9c9TjFh8iCOFAgQBZQXdTIfY63qjw+kQIGzxjIbiCSdWqF9IbpEJAje84nv30M6+ZvDzw0HUEVHyoOIfNIKci+nyf5hRCv1HgIQtPsr/9ZaT5b4wVROhEYcNZ+kqz2yTgm4DfhRwOpcMGxg2/5wPLrwFebKTb5hRkcwuyLbCVyMOKDwlnowgbQS+8NNakKYGACo//fz/7htnkwuEQToE4u1S947DR49zrGy5vJAFLBPy+t/HNwaYrNkPwv9jQRcFBTy9rqDveH/e6AH/DoSWIFkm0cZKoLvfzEIly4sQpFWCP64bqWvlZN3QhSDph9BAvUYcTIYPIGYgTHTu0jmk2ok/gsf6///NQLrrr1DMVee+R6z1+vYZ0TT2u6GQ2dRMVbMZOmDhdhukaBYdVOeWAiq7jxr8vw+683qSBQqQNBVRLE5vVkkCKCCRjIxFtiAg6vOvwgm9Qv47JBY0NJqcg4nD6jLnm3+EcAzF0lYqv+Pa74zY9M+L3a5H2BJu6cMCppRtSyKM8V9coqPfu4efPtPBj6+IxjdbDj/HdNHBAr5g/eW1nirCzGg8EkpmbeVVPAdUDeF5CAskQyFYBFcwQWnZps8ZSu04NmaweoDioAPls8hNQcUorDi5wnzjv5o8P//oqCEKgvPDDqrlx5i42oWIop06d1lxey8+fVK0fEfplLliUQxjFLif+ho9+J0zdqQepA3CIAz4ivAqou/XwBHwooG/w8oAnCcRU59Ra5EM9fvyk8c5A31b/sD7XgQmpEFDh6fGVCskItz2tYgUK+nyrhuchjN8RUP+s+YOcXVjncKqn/vpgTlgwPHfhrfv//v6wqWO9pkGAlwp2dOvXrW08WN27rcm8G7yXBLKNgN+F3JSps/S9PuPZA7UgG+m2OQXZ3IJsiwmHQwjetVfFDCcOlcGhdxBQcbI4PjiwaVW27IV8kNu375Ix6ikHLzh84LCQQBAJ+H1v4/sCAQAiAT7knVB6ROfgg/7eETfH5EvHvfBAxbrEHSLq1JmorvzYISoIETjO2glCAyJJsMGKAhEXh1Jik9td4CGGdQzWDu4C8fX1Ue9Kfd2Y7t8v9t2H99err080a7Lixc/nMHQXHJr1zoQPTWomt2CLjRfYpssvb59zOCcF1CC+EWwTCcQSSIWNRJqwXbv36mbPVvO91LVLOxPJiAI7CY/SS10bsPh3RPUVVS9Tx0sf6UYgnLrzLW/TdQY88h0v/8Lauvixxnccogvx3Ref19lrOzl/0kcgFXMzvrUUUNM3fnxSlhLIZgEVYt5EzW+DD+MOujC/7LJWZhbkJ6BC3MSOYn4CKnYanfypqC8+58w0/XCHt+fggX1Mnj0U5NmBdwc8KfEMhKHD8zKv4lVAxf2jRk8yXhbo59ffrIzJFQYGY9V77Mkn7jFeFW3bXJorXDVZARXepi++NE6aX9pYrlSPDwi5KP/45+vmBEuc9OsIqAjDc06idATUvz/1h5wcZfECqrNw+UkXNNu27TR5ZRs3rpdvWF6WvursNgkUSMDvQg7pOGC3vOZALchGum1OfjbXi23BCbo4oXuQ5qF2F3itYfMKAmpeIgjsI4Qd2Pv4D5ECYfICEkgTAb/vrbt5OLBps6a1GD5sqPEmdwqEyGf+NUo9mXrGHPCEv8PzvHbtGrkOcMqrrvxwIAoIm8s4lArv3QR9b7EucTy/J06artEz5XPlIpy/YKls+GlLro1fpOP4VD1kH9ZoISf/vPN8iB+IzMGz4sse3XRGOqHuGnoLgcRdli9fLch9WrRoERcfMdE8+DdEzwxXz1QWEiCBYBFIhY2MsQXf/WDsC6LhsBGbV5m/YJmJgMkrRzPug439v6dfkZv1kL5mzRrpd2nhbJ372bBFr2i6k+ZaT2Ei87y0M1gjGp3WpHpuggwF1OjMD/YkoASyWUDFkMALaZsupB/XU1adH8H8BFTkzYNnwkO6s4fQ8fiS6ITpeAEV+fjat2sZc2gUdhybqRclfvA2anoBeMQ++vBdMd5Q7mfl9dGQaJohhcBy/bEvryICPDXjPwpefR0/to1NqgGcNusInE5d7j7hx/n/+8erZjcVwieKw8QtfroFXuQxRbis+yRIx6vFqScZAdXd54MHD5t8h3mlWAjoa8hmkUAgCPhdyOEEayzaO+gm1DV9uufqC953HN4EMcSLjXRfk5/N9WJbYIvWaAgewngdG3/2LDZ1xqp3Wh0joEK4efb5N3OdAo7wfQi48ExlIYGgEvD73jr9QSg+QujvMuJpbk/ryVM+louKXGQ+8J1y5MhReenl8eYwzkaaCsNrXciZmiiPIDzAESp/bd8r5Yv5X5kwV3f4Kd5FrFEeeWh4TkSK8TId/a4RC9yb1vAUxZqqbZtmMf/utBHeXtgwb9O6WcyQ7tNc9kinhDWS+1BP5yKsfxByq4/NKbv37JP3NTUShFNsgsevn4I6Z9guEsgmAn5tJOxc+fLlcqFCOrEZM+fJU389L6AimrBEiRK5DtGcMm2WudexnVgrxW/GYtNmlEYKQmStrgfdFcbWxTcMB/ji0F2kjHOiCNzXeG1nNs2NTPfV79zMr90UUDM9qnx+5Alku4CKkIzTp0/HfDTkJ6BiwQ5PTdyHA54qaR5UHCKFRfVVV3b2JA58+NEcwaIb4iEW2/P0xw4f+DjkBAIqnjFeRVp85F+jIf2VVKg9cOAXWaqpA1ppEnN4k+J6LNrhQVFHPUDyW7TjQ+T5F8eYuYxcfm7vEvzbl4u+NR8sEEQTHQYRL3i8pqFvFdVztq+e0HuxeoTgoCwIpMgnhoOzsDhwC6joz39fGW8+jhBKh5Ov4cWBMJibbrg2KQ9UsEQKgEbqdVqsaFFzgjb64sUTLvIvNztIAoUkkMxCDmFj8CLDwXxt2jQ3GzYQTuEVjkPwkN8Qp2AXVkDNz+Ze2aNTgbYF4bqvjZpoNo9woEORi4oINqDggVZPw4OdQ6SQLxp5lweopx1O/cbfp2uIMk4ih11jIYGgEkjmvUV6IZOn7/ZBcrFLKIBHpSOm7ty5V1NZTJMundua0PXj+ps/V98XCAbDh13wuPRSF8RLbFh00oPZkGv+3Lnf9Hf7B7Omue+eW4wIiTVGb1374LfdKVhz4T2uVrWy9ND3vqiKFvAk3bhxq4wceXuMKAuhddHib42IgJz07nL+kKyxZlPESReEvyPXK7zNW+oaq3u3DjH3YH2VKNQfFzGEP6hvBdtFAhcI+LWRr+hGTEnNZ9qpY2uT81jDVvSg4D36nbHUbMBgfYAySw+yQ85lbL7UqlndeKSv1sPmYFvvGj5U6qp3OsRYfAs10UOjWuv3XgU9hPigfjviG7BypYpmMwrFi62DEDpTowbw3emkZEMu9/9q6pOOHdvo91jHhMPvpZ2cN+kl4Hdu5tdKCqjpHUM+LQsJZJOAipyj81RccxJ15zXcOKQIi3jn5HqEeuKwEeTfQsHiH6e/48fylC7qkc+mV6/LzQ8kPFobNagrHTqcTweAglB0/Ngivw3Kr7/+Kh/Pmi9rf/zJ7BAipxcEWOxyOt6h+CHEPfiowA9lRf2hbaUfLvg7FvIQFRAmB2ECP+rOIVF59QmHMeGeoUP65roEXlxvqPfH4EF9TPh7fInvP/L1IPcZ2nyjCqA4QRKhbfMXLtO+nVVPrzsFSde37diVE0qPayGuYOGB3K79rukhcz5fpCL0VUas2LvvgDmw4bFHhud4iSEP2VTdvXUfvrVTT8TFQVjwMEVBPiHkVoXnyFk9XbtmjQtjkYWvM7tMAkkRSHYhh9DbJUu/0/zOO43dKqXiBfISQ/CA8IHixUYWxuYWZFvwTIgcc+YsMvnL4AkLgWT79t3GJuIQPRT8/xBdsAkDm1ihQjmzKdSmdfOkmPJmErBNwO97iw915EXHeiO+wKvKffgSPMHnqTc38qrjvUaoKfKVOgKl17rwLIgKK/XQlQMHD6nQUNSkAeip+Ubxv8iNDiET+UnxN3fBu/6ZvsebNm8z/1yvbi3pox7v54WNCwWbNNjEiT9wCldgrbJ23c/mYBd3WaDrlwULv044VNhAiT+MxbkQGzTIk4x8g3mJrLbHn/WTAAnkT8CvjcQ6Bhs1CMPHgXkoOJypXdsW5jvPSTEC7/Rv1bbAM3Xv3oPIDmSEVAicyPnuFHzrLF683NgwnD+B9Uirlk3MAcJu+1GQrTugGz5vawoVfLc5B1QhxdnsOQvVk/W2PG2R13ZyPqWPgN+5mV8LKaCmb/z4pCwlkE0CapYOMbtNAiRAAp4I2FjIeXpwBi5C/kZsjMGLlYUEwkwgSu8tNoXhVZqXYJnsOGGDHLlK48P3k62X95MACQSXQCpsJBxDvtYQebfXfXB7zJaFhUAq5mZ8XymghmX02c7QEqCAGtqhY8NJgARIIKUEbCzkUtpAH5XBkwOhbh0152Et9XaHxwjSDSDVx4MP3G5SpLCQQJgJRPG9DfN4sO0kQALBIpAKG4mzGpZ/tzphJF+wesvWhIlAKuYmBdQwjTjbGgkCFFAjMYzsBAmQAAkkTcDGQi7pRiVZAULzEVa3fPkPsl/DgxHChnQCV1/dVRpqegEWEgg7gSi+t2EfE7afBEggOARoI4MzFmxJLAEbc5MeqJxlJGCZAAVUy4BZPQmQAAmEhICNhVxIus5mkkBoCfC9De3QseEkQAJpIEAbmQbIfIQvAjbmJgVUX0PBm0jAOwEKqN5Z8UoSIAESiDIBGwu5KPNi30ggCAT43gZhFNgGEiCBoBKgjQzqyLBdNuYmBVTOKxKwTIACqmXArJ4ESIAEQkLAxkIuJF1nM0kgtAT43oZ26NhwEiCBNBCgjUwDZD7CFwEbc5MCqq+h4E0k4J0ABVTvrHglCZAACUSZgI2FXJR5sW8kEAQCfG+DMApsAwmQQFAJ0EYGdWTYLhtzkwIq5xUJWCZAAdUyYFZPAiRAAiEhYGMhF5Kus5kkEFoCfG9DO3RsOAmQQBoI0EamATIf4YuAjblJAdXXUPAmEvBOgAKqd1a8kgRIgASiTMDGQi7KvNg3EggCAb63QRgFtoEESCCoBGgjgzoybJeNuUkBlfOKBCwToIBqGTCrJwESIIGQELCxkAtJ19lMEggtAb63oR06NpwESCANBGgj0wCZj/BFwMbcpIDqayh4Ewl4J0AB1TsrXkkCJEACUSZgYyEXZV7sGwkEgQDf2yCMAttAAiQQVAK0kUEdGbbLxtykgMp5RQKWCVBAtQyY1ZMACZBASAjYWMiFpOtsJgmElgDf29AOHRtOAiSQBgK0kWmAzEf4ImBjblJA9TUUvIkEvBOggOqdFa8kARIggSgTsLGQizIv9o0EgkCA720QRoFtIAESCCoB2sigjgzbZWNuUkDlvCIBywQooFoGzOpJgARIICQEbCzkQtJ1NpMEQkuA721oh44NJwESSAMB2sg0QOYjfBGwMTcpoPoaCt5EAt4JUED1zopXkgAJkECUCdhYyEWZF/tGAkEgwPc2CKPANpAACQSVAG1kUEeG7bIxNymgcl6RgGUCFFAtA2b1JEACJBASAjYWciHpOptJAqElwPc2tEPHhpMACaSBAG1kGiDzEb4I2JibFFB9DQVvIgHvBCigemfFK0mABEggygRsLOSizIt9I4EgEOB7G4RRYBtIgASCSoA2Mqgjw3bZmJsUUDmvSMAyAQqolgGzehIgARIICQEbC7mQdJ3NJIHQEuB7G9qhY8NJgATSQIA2Mg2Q+QhfBGzMTQqovoaCN5GAdwIUUL2z4pUkQAIkEGUCNhZyUebFvpFAEAjwvQ3CKLANJEACQSVAGxnUkWG7bMxNCqicVyRgmUBYBVTLWFg9CZAACZAACZAACZAACZAACZAACZAACVghULdWhZTWSwE1pThZGQnkJhBWATXVxoZzgwRIgASynYCNnfBsZ8r+k4BtAnxvbRNm/SRAAmEmQBsZ5tGLdtttzE0KqNGeM+xdAAhQQA3AILAJJEACJBAAAjYWcgHoFptAApEmwPc20sPLzpEACSRJgDYySYC83RoBG3OTAqq14WLFJHCeAAVUzgQSIAESIAEQsLGQI1kSIAG7BPje2uXL2kmABMJNgDYy3OMX5dbbmJsUUKM8Y9i3QBCggBqIYWAjSIAESCDjBGws5DLeKTaABCJOgO9txAeY3SMBEkiKAG1kUvh4s0UCNuYmBVSLA8aqSQAEKKByHpAACZAACYCAjYUcyZIACdglwPfWLl/WTgIkEG4CtJHhHr8ot97G3KSAGuUZw74FggAF1EAMAxtBAiRAAhknYGMhl/FOsQEkEHECfG8jPsDsHgmQQFIEaCOTwsebLRKwMTcpoFocMFZNAiBAAZXzgARIgARIAARsLORIlgRIwC4Bvrd2+bJ2EiCBcBOgjQz3+EW59TbmJgXUKM8Y9i0QBCigBmIY2AgSIAESyDgBGwu5jHeKDSCBiBPgexvxAWb3SIAEkiJAG5kUPt5skYCNuUkB1eKAsWoSAAEKqJwHJEACJEACIGBjIUeyJEACdgnwvbXLl7WTAAmEmwBtZLjHL8qttzE3KaBGecawb4EgQAE1EMPARpAACZBAxgnYWMhlvFNsAAlEnADf24gPMLtHAiSQFAHayKTw8WaLBGzMTQqoFgeMVZMACFBA5TwgARIgARIAARsLOZIlARKwS4DvrV2+rJ0ESCDcBGgjwz1+UW69jblJATXKM4Z9CwQBCqiBGAY2ggRIgAQyTsDGQi7jnWIDSCDiBPjeRnyA2T0SIIGkCNBGJoWPN1skYGNuUkC1OGCsmgRAgAIq5wEJkAAJkAAI2FjIkSwJkIBdAnxv7fJl7SRAAuEmQBsZ7vGLcuttzE0KqFGeMexbIAhQQA3EMLARJEACJJBxAjYWchnvFBtAAhEnwPc24gPM7pEACSRFgDYyKXy82SIBG3OTAqrFAWPVJAACFFA5D0iABEiABEDAxkKOZEmABOwS4Htrly9rJwESCDcB2shwj1+UW29jblJAjfKMYd8CQYACaiCGgY0gARIggYwTsLGQy3in2AASiDgBvrcRH2B2jwRIICkCqbCRJ06clHdvIBsAACAASURBVN179kvDBnWSagtvJgE3gVTMzXiiFFA5x0jAMgEKqJYBs3oSIAESCAkBGwu5kHSdzSSB0BLgexvaoWPDSYAE0kAgFTbyxx9/lq+/WSnD7rw+DS3mI7KFQCrmJgXUbJkt7GdgCFBADcxQsCEkQAIkkFECNhZyGe0QH04CWUAgyu/trE/mS726taRVq6ZWRnLU6Ely6y0D5OKLy1mpn5WSAAlknkAqbOTatT+pgLpKhg+jgJr5EY1OC1IxNymgRmc+sCchIZBtAuq+/Qfly0XfyLZtu+TIkWNStmwZadyornTv1lEqVbo40KN2+vQZefG/4+TkyVM57bzoooukXLmycmnzxnL1VV2kRInige4DG0cCJBBcAn4Xcps2bZPZc76UkffflrBzu3bvkylTP5ZHHx4usFnpKtu275KiRYpKrVrV0vVIPocE0k7A73uLhu7YsVsWfvmNbN22U3799VepXLmidOncTtq1vTSmH1u27pB5X3wlu/VdLlasmDRr2lB69+4upUuVzLnOS11nzvwqy79bLatWr5eDB3+Rs2fPSfVqlXUN1kGaNWsU88xz587Jf557U+6+6wapVrWy/PLLEZnz+WKBvTl79qzUrVtT+mgbqlerknPfs3r9cQ21TVT69O4mXbu0v9DenXtk0uSZ8sfHR2jfz8pXS7+XVat+lEP6nJIlS0gjXRv26dVNype/IK7u3LlXliz9znDDGrJMmVLS5JIG0luvK+VikfZJwAeSAAnkSSAZG7nhp83GRu7atVdgkypWvFhaXHqJXNG9Y843F+yaF/vx1pipskPtTnxp2aKJDL2+b84/e7F18XXAhn/xxVLZuWuPFC1aVOrXqy29el4uVapULLQt51RKH4Fk5mZerWQIf/rGj0/KUgLZJKDu23dQ3ho7VQXTetKqZVMprx4Hvxw6LGt0V/Gnn7fIk0/cK8WLFwvsTDhy5Ki88NI4GaEfE1WqVDLtxKIfP+qzPp1vPiaGDrnwAxzYjrBhJEACgSTgdyG3avU6+XjWF/K3v4xM2C/Y13cnzZCn/vqgii9F09b3ae9/KiWKF5dBA3ul7Zl8EAmkm4Df9xbCwHv6jnTq2Ebz+tWV4iWKyZo1G2TZ1yvl1psHSJMmDUxXsAEyRtdOnTu1ldatmhmBcq4KmUWLFJERd99orvFa14KFy1R83GM8SiHWQgiFmLp8+Wp54L5bpXr1C2Io7MansxfKw3+4UyBQvDZqolTVtU+PKzpKEd0YWfb1CvPcBx+4zWwkoxw7dkJOnz4dMwR7NG/h1Pc+kbuGDzXerE75fN4SQV7DAdf1lDdV2EDp3KmNaRcEDPwdouh999xs/obN6zHjpknzZo2lQf06Urp0STlw4BeZO2+x1KpZTW66sX+6h57PIwES8EDAr438eeNWmfjudGMj27RuZjZW4IizaPFy47V+49B+5ule7AeugxNMu7YtpG2b5jGtLl26VIwY68XWuStwbLSp+/fNrxUr1soPas9H3n9rziaQF1vuAScvSSEBv3MzvyZQQE3hALEqEkhEIJsE1OkzPpd9+w7IPSNuyoXi8OGjgQ/hcgRUeHlVU48Nd1mpXhMzZs6T//nbg2n18OJbRQIkEB0CfhdyQRVQIZpAQB08qHd0Bok9IYE4An7fW3icntLIlrJlSsfU+OaYKVKjelUjLKJMmTZL4DfuFgjhffnSy2/LzTf1Nx6YXuvKa/CefuZV3ejobTa3nYJNGQiY8KKCqLt4ybfyyEPDczZhfvvtNxn1xiTdFK+vnqjd8pwX2LxBue3WgTHXvPLqO9K3bw+5pHF9SbQGhDgLD9UnHrs7R6BN9JBFi78ViBUPqdDLQgIkEDwCfm3kZI2cQbnlputydQo2D974KF7tBwTUy7u2N4JsXsWPrYMTzUHdzLnj9sEx1U6Y+JHxmL2u/9WebXnwRi/aLfI7N/OjQgE12nOGvQsAgWwSUN//YLbxdijISwCL4UPqmep8PGCY4OWJj3GEoKLgh/OzOYtkrSYVR2h9VQ2RuLzrZdKyZRPz9x/XbTRhagj3OnPmjNSpU1MG6A9YpUoVzN+RiHzXrn1Sr14t3cn8Vn98jxjPiv56TZ3aNRLOjPwEVHjRTp8xN8cDzF3/wi+/looVypvE5/jgQAqD775fI0ePHjdpCxDS1r5dC/NMeIecOHFK+ulHhVPguYvd0Ad0F9MdKjf7s4UmBQJC7/z0JwDTn00gARJwEfC7kPMjoCKf2EK1RfvVm6N06dLq2dZUrrqyS444kowdrlqtkox+Y7Kxd05BSBvsd7lyZaSgZ9Oe8bUIEwG/721efXxHP7oRVn9NnyvMO/Sv/4zW9UvPnPWNc9/b4z+QGjWqSN9rLqwX4ut015XoeSfUq3PZMg2dVy/Ue3VzG55YKHju8y+MkVs0P2ntWtWNkFm+fNkcIcCpC2sWrLfgvZqoIPUA2nm//r2Gy7t1r26mjx33nvzpj/eqN2uRhPci1dPYt9+Tv/zpfuN5Fl8QzguPrg8//Ew6dGhlUh+wkAAJBI+AXxuJzRd4mjoCZGF6lsh+eBFQ/dg6OAidPHVKbo7zgof37J69B8wmULK2vDB957XeCfidm/k9gQKqd/68kgR8EcgmAXXd+o0yddonJmcWwsfivS4cgJ98usDk5rr9tkE5TJ0Q1L8/9Qez2Eb42qbN2+WG6/uZD3Is0hH6Bg8KFIiZdTVUrGGDOpqLpoh8omFoJ46fNCFkKAgNW/LVd9Jcc5f2urqrpg4ortcsUMF1jzz2yF0JxzIvARUfAhCHmzZpKD21Lqd+iADVNDdY926XmbA1fJh8MX+pfK+eEkPUIwt/27xlu8z8eJ7mT+1qQtcgLEyf+blJZ+CE2kIoXqofOAjf63vNFaZ+pA549vk35QYNX4H3hp/++JqwvIkESMAaAb8LucIKqMhhOFE/TK7td6XJewjPiRkff25SkzgfAMnaYeRWfO+D8yH82AwrUuQiY7u9PJv2zNoUY8UWCPh9bxM1BSHw+MhHCD9ygOK/n3vhLRPGXlPD1N1lhq4Vjh0/Ya71Upf7GoiXyAUIEbKMesDeoeutGjWq5lyydetOef/D2fL4o3ebf3v1tQnSvn2LmBym+PeVq9bJJ+p99dc/P5CwDWPGTjMeWNcPuSbm79hY3n/gkFw/OPbf3RfN/uxL00akTXIXeKZO0w11rINQOnZobWwZCwmQQDAJ+LWRsC/4RoKHewvNU5rXd2OiXieyH7CtTTV/NFKEQGDFdxa+3eBl7+RQ9mPrNmzYLPCWxaaXkx5gxcofjSMPnGDw7QrnGL+2PJijGo1W+Z2b+fWeAmo05gZ7EWAC2SSgYhiw8IVwicU5dhXr1KlhfryQwNs53MTLhzt+qCqrNynEWC9l85YdMv6dD+R//+ch8xx8oC//7gezK+iEgMBbFaFz8JKqoB6j8cURUHFQlNNWeMJCKGjUsK6eJDvQiLUoqP+bb1cZMdb5UUYOsX8/+4YMGdzHJEB3yuIly41A+sRjI8zHzHPq9QHBAQdTYcfyhZfGmgMlvv9+rTyu7cWz4fE6W0Vh57/99McLN15DAiSQPgJ+F3IQUD/8aE6O/YlvMRxBYVucHKjj3n5fqlWvLP37XZVzKYQKHLDw4MjbjTd+KuxwohB+L8+mPUvfnOOTkifg973N/Z7+Zjw98bvvbCBjM/llDXV/8AF9L6uez73uFGz67t9/SO6MCxvF31FHfF3ue4+r8IoP+mPHj5u1xc+a7/ReFWmxLkOB+IA6nGiY518cq4e2dDBipbsgCgh5XLG2ii/r1DMVeZAfevAOI6K6y2gN/e9xRSeziZ2oYFN8wsTpMuyOISa/vLugXeByRgVUHKqFw7UgWjgb2MmPKGsgARJIJYFkbCQcS5YuWyHb9eA4eMEj/zFyQWODKa+Sl/1A2hNE/8EZBXmTEe04V7/XUO/dw89v1PixdbgPTjPzFywzuZrxnXbJJfWlw2WtjB2GFz1srh9bnspxYF25CSQzN/PiSQGVM40ELBPINgHVwQkxce/e/Xry7C75ToXMEiWLy/A7h5pDpLx8uK9fv8l4R2AnsX7d2tJAPU3dJx0i8TgEUoSn/nbuN+PpgIJDVvAMfKBvVg9Wdz5W7Ejix3WkHoiAE2fjiyOg4sOmih5ygHJO6/7ll8PypaYBwHOG3TkkR6DdqF5ezuEHuBYL/dFvTtYTZ+/R0PsLOc+260nVY9QbBJ4e+BFH3jEcEnHTDdfKxo3bjGfYIw8Nkxf1AKvBKr5CrJ0ydZYJ/3cEZD/9sTy1WT0JkEAhCfhdyEFAnfnxF3L/vbckfCJOh4UXhyOgIiQYIXHYuHKXp595TQYO6Gk+TlJhhxMJqF6eTXtWyInDyzNKwO97G99oRM5AJMCHvBNKf/ToMfNBf++Im6VWrdweqPhYT5QWKVFd+UF6460pJmIHp9mjYC2EiJ4G9Wub/8aH/2XtW5r8ge4CDzGkE/rzk/fF/DtEztdHvSv1G9SO2ajBRVhrvfr6RBO+n+jgUITlvzPhQ43M6ZJLsE3Uh/UbNpnoJtSXKNQ/o5ODDycBEpBU2Eika9u1e69u9myVr5Z+r97w7RJumuRnP5BuBMKps1GEodmm32DwyHe8/Atr69zDi43qY8eO64FUJYwtcjaRcD4G/t2PLef0sUsgFXMzvoUUUO2OGWsnAclWAdU99KdOnTZhDQOv62VC++FVgZBSdwg/FsiTp3xswiCcfFn4sPhJf0i3qTiwTgXVxo3rmXCwPSrMjho9yRxccmnzS8wCHaH5OKURYWbwIMUHOrxg73aFhuUIqAkOiUJ788uBCsHz2efeNB8+8JZIJADgwwjhbI8/elfOiYyoF/ld8fECb1X8qENQffudDzWM/x49AXeB+TeE+COU/+TJkybfGcL38UHlnJjrpz98/UiABIJFwO9CrrAh/G6h1E3gmX+9Lv2vvdqcdpusHUa9iQRUL8+mPQvWvGRr8ifg971114qNU2zqDh821KQlcgqEyGf+NcpsbLgPeMLf4c1dW3O2xx/glFdd+fXio+lzBWsxHEqFNckEzd2HNYgTbTNx0nSpcHH5XLkI5y9YqpFFW2I2i/EcpCrC+uVh3fwtp7na3QXiB9ZfeFZ82bNnv4kW6t69oxFIvBRn7RafZ9XLvbyGBEjAPoFU2Eh3K+EgA/sCpxh3DmU/9gM29v+efsWkL0JKo8LauvzoYS3jONP4seX2R4ZPSPXcBFEKqJxXJGCZQDYJqPACRdi9syB30GJX8T8qPl7X/yoNw7rUiI/x3pvIHYrDl9wCqntoDh48rB4S442nJnYTHW8r5xonxNWWgAovEITn36UfPziYKpGAio8TCJ/xJ90ifB9h/PBMdQp2QLvqgQhz5y02YXXweIUH67jx72vO1suNdy0OlXIKBQfLLyqrJ4E0EPC7kCusgPqWbuTgQBf3wQzw2nhDPeSdEP5k7TBCdpFWAPbdLZR4fXZhN7jSMDx8BAkkJOD3vXUqw2YFQuixfihXrmyuZ2Dz+CLNIew+oAQbui+9PN6cbI+oFK91IWdqojyCiI7B5u+1fa/UXO1fmTDXgQN65dSLdQrSLz3y0PCc/OzGy3T0u9JcRQds8joFuUmxhmnbplnMvzt/h7fXZRraio0ad9mnEUM4cArCabfLL8vFAd5dWEc53rnOBcivj6gcCL7I58pCAiQQLAJ+bSTsXPny59OKuMvKVT/KjJmIqrkgoBZkP3D/4cNHY7xP8W8QXUdpShEchAenlP+fvfcOl6LY9v4XknPOmyiScxKQjCgSBFFMgIg5H0+45977/+++7+/cc889HnPAAIKSTUgGyUjOWXLOOad3fWvbw+zZszdDz9Se7p5vPY8P25nu6qpPVa2p/taqVXdi65wyYREHzjnhtgkH9H2idrCtnoOBw4KR7sSWe6sFg1sat30zOyIUUIPbX1gzjxBIJQEVE22sFCKeZ+lSJfWHJr+c0h+dJTopP6M/kojxhS0PzoFR8CCtWqWSOSAK8bggUjoCKl7Ma91dTWqo12kePd0Zp9pj0o/Dl06fOWu2jt3frZ1uOWtgQgVMVu8OeFUkQkDFgQY4bAUJLxD44Zy/YLnxfEUdsgoRgOtnzV4kG/S0257qTYKTbSES4NAoBB4HFyctWLhCY+ksNVv24GnqJNQLh1bB48T5QcZ3FFA9MqBZDBKIg4DbidydCqjOllfYSHjp4yUFdqh8uTImRjNSvHYYhzMgJhhsEw77w4sJQpcgvAq222b3bNqzODoRb81xAm7HbfqcYLGJl/7Uk72lWJhQgHjqjpiK+OzDv56op8w3NuE1sONlts4lsE100MC+ofrGkhfES4iQLfXQynJlS5kwRKvXbDRx1Z97doCJs/qpbq/vqnMMzLGchIWQT4eNNuGN2rdvKbl1LgdP0p06nl/UuMnhoiyE1kUa1gjx5CO31KcfkjXCLBg78eHxDMQ0xU4chBVp17Z5hjaEKIp5FRbWx477WedK9aRWrWrGs/WoHtAy+5dFUrNGFd11lG67mEiABLxFwK2N/FgFyPwF8kvLFg1NbHaRXHLw0BFzIC8WYPDuFKv9wDznw49Hqe2oLg3r32POujipMVDnzP1VnXtKmMUopFhsHeKZ4r2yY4dWakdLq4PPSlm5ar20V8/58r/HVsVBebn1/fTZZ/qbf5FiteXear1gl8Zt38yOCgXUYPcZ1s4DBFJJQMWkfdnytYKX9xO6RR9eCoj5iUk6vA3wt5Pw47hq1QY9JOCaVFfvitZ6Av1PGh8M29yREMcGwitWHK9fvy4VypeVLl3aSFrl9MMG8JI+ffp8Oavb/OFV0alDa91OOl0n9AONiIsXe5zA2K9v99AzIdB+rCfNYhUyfAudcwF+VHGCI64LT7i2qsYJ69ThXhOXFAn571FxtH+/BzJcC8EVLxYQfM+ePa8/4EXMQQqNGtbJcB2+++KrcSbGKV6YnIT75i9YJs9prMPwFxY39fFA92cRSIAEwgi4ncjhZPvpeqgcvEejJSwejZ841Qgazg4AHP4Cr/5juiCTP39+s4DTUe2kcxAe8onXDsNjDLFUN276zRy217tXFyOQ3O7ZtGccFn4i4HbcYk6B8EWICR+ZME8JP3xpl27vn6OLEYfVW6qALjRjqynilToCZax54VkQbNfpCdEnTp4yL/YIA9BZ443i3xO6UwhCJuKJOi/9Ttlw4ApCCe3avc98VCWtonTTRZh0YeNWwmF0jfRQp8gDp3AF5nWbt+6Qp57ok+EezGuwEB0twTY53rAIx4Q5FBafL+mcEvNGzJHa39ciU3n91IdYVhIIMgG3NhJCJRZq4GWOA/OQKpQvYxZRmjdvEJrPxGo/4ICyePEqY8MuXLiki7qFNDRKLenQvlWGeMy3s3UndMFnpIZQwaKNc5gV5i2wrdgRiXxxEDAE1shFpNvZ8iD3Ay/WzW3fzK4uFFC92NIsU6AIpJKAGqiGY2VIgARIIMEEbEzkElxEZkcCJBBBIEjjFosd8CoN376fyAafOm2eVNaF7sjt+4l8BvMiARLwFoFE2MjN6iW/fMX6DF733qolS+NHAonom5H1poDqx57AMvuKAAVUXzUXC0sCJEAC1gjYmMhZKywzJgESMAQ4btkRSIAESCBrAomwkbv3HNDzHzZIv4dv7RwkcxKIl0Ai+iYF1HhbgfeTwB0SoIB6h8B4OQmQAAkElICNiVxAUbFaJOAZAhy3nmkKFoQESMCDBGgjPdgoLJIhYKNv0gOVnYsELBOggGoZMLMnARIgAZ8QsDGR80nVWUwS8C0BjlvfNh0LTgIkkAMEaCNzADIf4YqAjb5JAdVVU/AmEoidAAXU2FnxShIgARIIMgEbE7kg82LdSMALBDhuvdAKLAMJkIBXCdBGerVlWC4bfZMCKvsVCVgmQAHVMmBmTwIkQAI+IWBjIueTqrOYJOBbAhy3vm06FpwESCAHCNBG5gBkPsIVARt9kwKqq6bgTSQQOwEKqLGz4pUkQAIkEGQCNiZyQebFupGAFwhw3HqhFVgGEiABrxKgjfRqy7BcNvomBVT2KxKwTIACqmXAzJ4ESIAEfELAxkTOJ1VnMUnAtwQ4bn3bdCw4CZBADhCgjcwByHyEKwI2+iYFVFdNwZtIIHYCFFBjZ8UrSYAESCDIBGxM5ILMi3UjAS8Q4Lj1QiuwDCRAAl4lQBvp1ZZhuWz0TQqo7FckYJkABVTLgJk9CZAACfiEgI2JnE+qzmKSgG8JcNz6tulYcBIggRwgQBuZA5D5CFcEbPRNCqiumoI3kUDsBCigxs6KV5IACZBAkAnYmMgFmRfrRgJeIMBx64VWYBlIgAS8SoA20qstw3LZ6JsUUNmvSMAyAQqolgEzexIgARLwCQEbEzmfVJ3FJAHfEuC49W3TseAkQAI5QIA2Mgcg8xGuCNjomxRQXTUFbyKB2AlQQI2dFa8kARIggSATsDGRCzIv1o0EvECA49YLrcAykAAJeJUAbaRXW4blstE3KaCyX5GAZQIUUC0DZvYkQAIk4BMCNiZyPqk6i0kCviXAcevbpmPBSYAEcoAAbWQOQOYjXBGw0TcpoLpqCt5EArEToIAaOyteSQIkQAJBJmBjIhdkXqwbCXiBAMetF1qBZSABEvAqAdpIr7YMy2Wjb1JAZb8iAcsEKKBaBszsSYAESMAnBGxM5HxSdRaTBHxLgOPWt03HgpMACeQAAdrIHIDMR7giYKNvUkB11RS8iQRiJ0ABNXZWvJIESIAEgkzAxkQuyLxYNxLwAgGOWy+0AstAAiTgVQK0kV5tGZbLRt+kgMp+RQKWCVBAtQyY2ZMACZCATwjYmMj5pOosJgn4lgDHrW+bjgUnARLIAQK0kTkAmY9wRcBG36SA6qopeBMJxE6AAmrsrHglCZAACQSZgI2JXJB5sW4k4AUCHLdeaAWWgQRIwKsEaCO92jIsl42+mSMCap8/77zJ5iOBVCUw5v+rrFXPJblyidy8eWsoOH/j3/S/9QJJ/zv9P4dY5Ge3vsd1l6/mkrSKxROKF4aBiQRIgARIgARIgARIgARIgARIgARIgAT8SMCGTpI/703VdtL1HfzraD3pn6X/P5Lz/a3PnPuc79P/Tb821+/6j15DAdWPXY1lThQBvwqoiTY2ieLJfEiABEjArwRsrIT7lQXLTQJ+IcBx65eWYjlJgASSQYA2MhnU+cxYCNjom/RAjYU8ryGBOAhQQI0DHm8lARIggQARsDGRCxAeVoUEPEmA49aTzcJCkQAJeIQAbaRHGoLFyETARt+kgMqORgKWCVBAtQyY2ZMACZCATwjYmMj5pOosJgn4lgDHrW+bjgUnARLIAQK0kTkAmY9wRcBG38wZAfVPjIHqqsV5UyAIjPkvf8ZA5Rb+QHQ/VoIESMBDBGxM5DxUPRaFBAJJgOM2kM3KSpEACSSIAG1kgkAym4QTsNE3KaAmvJmYIQlkJEABlT2CBEiABEgABGxM5EiWBEjALgGOW7t8mTsJkIC/CdBG+rv9glx6G32TAmqQewzr5gkCFFA90QwsBAmQAAkknYCNiVzSK8UCkEDACXDcBryBWT0SIIG4CNBGxoWPN1skYKNvUkC12GDMmgRAgAIq+wEJkAAJkAAI2JjIkSwJkIBdAhy3dvkydxIgAX8ToI30d/sFufQ2+iYF1CD3GNbNEwQooHqiGVgIEiABEkg6ARsTuaRXigUggYAT4LgNeAOzeiRAAnERoI2MCx9vtkjARt+kgGqxwZg1CYAABVT2AxIgARIgARCwMZEjWRIgAbsEOG7t8mXuJEAC/iZAG+nv9gty6W30TQqoQe4xrJsnCFBA9UQzsBAkQAIkkHQCNiZySa8UC0ACASfAcRvwBmb1SIAE4iJAGxkXPt5skYCNvkkB1WKDMWsSAAEKqOwHJEACJEACIGBjIkeyJEACdglw3Nrly9xJgAT8TYA20t/tF+TS2+ibFFCD3GNYN08QoIDqiWZgIUiABEgg6QRsTOSSXikWgAQCToDjNuANzOqRAAnERYA2Mi58vNkiARt9kwKqxQZj1iQAAhRQ2Q9IgARIgARAwMZEjmRJgATsEuC4tcuXuZMACfibAG2kv9svyKW30TcpoAa5x7BuniBAAdUTzcBCkAAJkEDSCdiYyCW9UiwACQScAMdtwBuY1SMBEoiLAG1kXPh4s0UCNvomBVSLDcasSQAEKKCyH5AACZAACYCAjYkcyZIACdglwHFrly9zJwES8DcB2kh/t1+QS2+jb1JADXKPYd08QYACqieagYUgARIggaQTsDGRS3qlWAASCDgBjtuANzCrRwIkEBeBRNjIixcvyeEjx6V6tcpxlYU3k0A4gUT0zUiiFFDZx0jAMgEKqJYBM3sSIAES8AkBGxM5n1SdxSQB3xLguPVt07HgJEACOUAgETZyy5YdsnzFOhn4dN8cKDEfkSoEEtE3KaCmSm9hPT1DgAKqZ5qCBSEBEiCBpBKwMZFLaoX4cBJIAQJBHrdTp82TKmkVpUGDe6y05LDPx8rjA3pKsWJFrOTPTEmABJJPIBE2cvPm7SqgrpdBAymgJr9Fg1OCRPTNJAmoO24GpxlYExK4MwJj/itNb8gluXKJ3Lx5ayg4f+Pf9L/1Akn/O/0/5zmRn936HtddvppL0ioWv7NC3eZqt8Zm954D8u3on+TGjRuhJxQsWEDKly8jjRvVkYYNaie0nGfOnJMvvhwnvXt1lVq1qmWZ99Tp86RQwYLSsUOrLK9ZsXK97Ny5Tx57tEfMZZwwcarUqF5FmjdvEPM9vJAESCB1Cbi1rXvUtv44aZY8P3SAwKZmlb4e+b3Uq3e3tGzRSGK1j/G2Rk49J95y8n4ScEvA7bjF8w4cOCwLFq6QvfsOyrVr16RUqRLSulUTadK4bobi7Nl7QObMXSKHDx+TPHnySO17qkvXru2kYIH8oetiyevqYfOkIwAAIABJREFU1WuyavUGWb9hm5w8eVquX78h5cqWknZtm0vt2jUyPBNztX/+60t5ZvAjUrZMKTl9+qzM+mWx7Nq1T++7LmlpFaSblqFc2dKh+97R6y/oVttoqVvXtnJv66a3ynvwiIwdN1n+8OYQrft1WbJ0jaxfv0VO6XPy588nNWqkSbcubaVo0Vvi6tmz52T+guXy2/bdcuHCJSlSpJDUr1dLOnVsLblz53bbhLyPBEjAIoF4bCTGOmzkoUNHzftjiRLFpF7du+W+di0kX768oVLDfi5ctFI2bNxm5jdFixZWO1pP2tzbxNhMpK+GT5ADanciE2xIv77dQx/HYuui4dq//5DMW7BM9u8/bN7Vq1SpKJ06tJaKFcuFLo/FlltsCmYdQSCevpkVzBzawk8Blb05dQmkkoC6fsNWmTxlrrz84pOmwW/cuCnnz1+QHTv3ytJla6SaxrV59JEH5a677kpIh8CEfNHiFeYHtHjxolnmOW7CFBVQC0ivnl2yvGbuvCWyfcdeee7Zx2IuG36o8QLQqeO9Md/DC0mABFKXgNuJHDwzJn4/XVq0aCgPdu8QFeDadZtl0s+/6EtHc2OTYrWP8bZGTj0n3nLyfhJwS8DtuIUw8J2OWyxoVK+WJnnz5ZFNm36TZcvXyeOP9Qwt/B5S0XT4iAnSqmVjs9AMgXK2Cpm5da405Jn+ptix5jVfX+4PHDhiPEoh1kIIhZi6atUGeeG5x6VcuVti6PYde2T6jAXy6stPC4TXT4eNljKlS0r7+1roPC23lnOtee5LLzyhQmZhU47z5y/KlStXMqA8onELJ3w3TQYP6me8WZ30y5xfBXENez7UWb7U+RJSq5aNTLkgYOD7AioQO/Mu1PuDD7+We1Q8rl+3lhRRgQSiMVi0aN7QiLlMJEAC3iPg1kbi/XD0mEnGRjZqWNssrBw7flLf7VYZr/X+/R4IVRYOOrAb7du3lNJqQ06eOmNsKRaIHurRyVz3vtoPvBPCaSc8YeHZEWNjtXWRlHft3i9jxk6Spk3qm4Vq9XmSnbv2mjK88tJTxkbGYsu913rBLpHbvpkdFQqowe4zrJ0HCKSagDpl6lz5tz+/mIk8JthfjZgoHfSHr22bZjnaMhRQcxQ3H0YCJJAFAbcTOQio02culAL6ctG//4NG5AhPeCH4/Iuxxju1evXKXNRhDySBBBJwO27hMXX5ylUpXKhghtJ8OXy8lC9XxgiLSON1Nwv2ID3a/9YOmLNnz8sHH400u2Jq3V3NeK/GkldW1f7b3z8xu3Ua1L+1VR/zNQiYXTq3MSLA4l9XymuvDFJvrnRPT3hYDVO7UrNGVRUv22ZJdMzYn813TzzeK8M1H3/yjXTv3l7urlnVeIxFbuOHOAsP1bfeeCYk0EIgiVwQh4C6ZetOI/QykQAJeI+AWxuJ9zOkAY8+lKlSsHmOZykcdLDY87IKlZH2FF6rjmMOBNQ29zY1gmxWya2t+0jtGTxjO3fK6DQT/vxYbLn3Wi/YJXLbN7OjQgE12H2GtfMAAQqotxoBP37bftslr786yHx4Tr1Tl+qWrq3bdumq4hkppC8Z+NGDwIqJ+7vvD5cnBvSSChXKhjIxE3qNqdXzoU5SqVJ5+fDjUSa+FrafIe3bd0hmzV6kJzkeMxNy5IVJuhsPVIgWCxatkOO6GlpQQwA0VI+OjrpVw3m5gAcqvGpRprXrtqhXxlWpVrWS9OrVRYoULmTKg4Dohw4dM9s8Fi1eqS8RZ4340UNXSytr+ZEwSZg5a5Fs1gDqyKNM6RI6AWgm9evXMt8j/4VajtVrNsm5cxekZMliZptc0yb1Qt/jRevh3t1kqXqMYPsdJhPwZOl+/30aPgKvZkwkQALJJuB2IgdbNFPtGjyw1q7dnEmogNcZPP6PHD1uvDHggQq7EW4fMcnHi8PGTdvk2LGTZjsstgk/+EBHyZs3ffvbDz/NNHbp+PFT6rW21dgReMXBawyhULaprYZXXEv9DIthjn2KtMPJ5sznk0AiCbgdt1mV4Rv1pMI4vb/bfWac/uOfn0vPHp1Dv/nOfSNH/aAhkErr73j7LKsTnle0iy5euizLdAcQvFCHDnk0FALEzLHeGy4DdP5USbefQsjElljHk8vJC7YF4iW8V6MlbFdFOZ/X78uHebcePXZCRnz9nfzxD0Oz3HWE+dqIkd/Jn//4vPE8yyph/oP5EUKYMJEACXiPgFsbicUXLKxE2p3IGsI+4d0nO1uIe2IRUN3YuoMHj6oX/Xhjz7IKoxSvLfdeqwajRG77Zna1p4AajL7BWniYAAXUW42DExaxzcv5AcL2sd9+252+1axkcSM0jh0/WZ58ordud6sseDGAEPlwn26hTDCRn/TzbPVYGGKEwf/+n0/lqSf7aCzSNI33dUY++3y0NFFhsa0KkFdVmMQWMQiKWDW8ky38uGe0/rA/+EAHEzfs5InT8vOUX6S0ip+P/e4lAgH1oMbsQZwexDPDVrXvfpiuAkSFUJnx/F+XrJY6dWpKF121zJs3r0ybMV8OaoyeN14bbOoF7wpsDXmk7wMm3hdeSLDND94iSHPnLZU1Kpo83LurlNVYZLv37NdQCXOMSAJhA1towQEiMYRZiLgo1zhl2ePBTplirXl4uLBoJBBoAm4nco6ACpvxxVfjjQdEzRpVDKtz587rxH6i2WaLOKmOgOrYBcc+wqNt1i+LpGH92mZRCvYKcZyxUIOFISQIIYjViDABdXWL2m61S9iCjC238OqALdylsaK//3GGiZuYVrlCyP44zwl0A7JyKUnA7biNBgtb4PGSjy38CAGE///Xe1+Zbezhi8W49+fJv8j5CxfNtbHkFX4NxEvEAsTCCRann9J5FeLRO2nv3oNmHL/5+jPmo08+/VaaNq2XIYYpPl+3fqtM08WTv/zphahlGK47ixCzsO/D92f4fsHC5XL8xCnp2yfj5+EXzVCvepRxiNqS7BJi3ddUL9ZIz6+U7IysNAl4kIBbGwn7gvcZeLjX0zilkd6lTlXf++BrHf+tzUIxQsKd0/lMGV2EwtwF7zxOgm1FCBB4smOBBg4v99Sqbrzs4W3v1tbhHQw27ZlBjxgnHbyzIW+8W6IMWISOx5Z7sEkDUyS3fTM7ABRQA9M9WBGvEqCAeqtlcMjUqG9+0G1YA81KYrSEF/hq1Sqpd1Mr4+2EuH/Y3uWs+H3z7Y/mJQCeWJECwazZi2WHirIvqpDgJGxtxQ8qPK3uREDFYSxly5WSHuqd5SRM9CGavqQxXuFFir/hNQHhwEkQS3EgleNlCwF11eqNpg7OVhRnJRPXYKsatrBAQI4W3wvl/993vjCCLH6onbT411VmEgEhGYdEQEDFBCE8PAJWWQsVKhASYr06RlguEkgVAm4ncuECKhZ3ps9cIC8+/4RZRPpp0mxdWCllBE7YkqwE1GiM4V22e/eB0Km3sL+5c9+VwaZh2xrs3YDHbm2xg8c7YhLimZF2OFXakvVMHQJux20kIXgo4XcZ/2KhGAkHPWGMvfSCzivKZAzNgcVWeIM/HTbHcPKMllf48y6o8Hrx4mUVYC/ImjWbzdxoqIq0zjZ6iJfI4wHdYo/07vsjTPxkjOvwBM9PLKL857+/kqnBt+qCNuZoiP8HETU8IaRI+/tamsXjaAkLxd+OniQDn3rYHFaVVcLOneXqOY95lyOApE7PY01JwB8E4rGRmN8sXbZW9mu8Y3jBV6ta2eygwwKTk/7+j89MKJOzumDcpVMbI1jino3qbPKsetZX+H1xCHMT7NTD7ruKulB8SuOkztb3MOQL8dOtrVuydLXZaahHQquTTl0T0xq7ExEGperv53u4teX+aGH/ljKevplVrSmg+rc/sOQ+IUAB9VZDYSI+McwD9fLlKxpza5XghGlM9lUNkBPqsYDt6ViNdLagttSDU/AZvBk+/Wy0xugaaITHyBd3BCIvrpP4hx68JXri6d+O+UmK6SmvdyKgYksdtpTg5Mbw9Le/f6r5dDY/7hBQq+rKZ1c9RdZJOMgFQi68bJEgoMKLCz/wTsLKKH7kIfQi9ACEYniCYNW0alolExagtG7jR8KJvJ+r98Uf3nxWChe+FUcNJ0EOVw8TeI9AXIaAivhjiDXmJAgrV69elf56cBcTCZBA8gm4nciFC6ioBbzz69auKZUqlzee5ogNiAWa2wmoK/UgmS1bd8iZ0+cMDNhUeL05h7hE2zLshCrBAo2T4AULrw5s46eAmvx+xRLYJeB23EaWCrtnIBLgRd5ZFIYHOcTLoUMe05Ocb4Urwr3wQL2kW/DDY6M6eUbLKzsKGLPY2ePMVzAHwS4Xx3sLIm6zpvXNokh4gofYDF2w+dPbz2X4HPOzz4aNUfGgUoaFZlyEOc4nOlfDPMgJDxJ+Mw5awWJ4p46tMwm24dfB6wvPflpFVoQZYCIBEvAmgUTYSIQwO3T4qC727JUlGt7t3tZNQl7n7/zrS7mmB+LhXSjcpsApB4s3zvsddilCOA2Pt7xP35fgke94+d+prQNxOMZMmz5fw660k9atmoQawXEMwu6gu+7K5cqWe7NFg1OqRPTNSBoUUIPTP1gTjxKggHqrYeBNgS37jncmxFTEQe3Tq1vIIxXxcOCF4XhjYtUPL/3wWkUM1TNnz4W20Ee+uGcllMLjA+LjnQio4UJpeNfCKii2xeO0SAgLWCHFVnonGQFV45n+8feXDQio2CqH7a5OCgmo6kEGzzEkvERt10nDPt0+i5iwNWtWMVvf8LKFLXJvvj5YV1CLhPI4pFv08UKEH21szwsPZeBcBAH1igqoj1JA9ah1YLFSjYDbiVykgIrxjxAj8KporqJHs2YNDMrsBNQVK9bLfN2ChkNpIEYgvik85uHBES6gQsQJ94aPZufSBdRqZqcABdRU68WpV1+34zacFDyVsJg6aGA/E6rHSRAi//6PYWZhNvyAJ3yPnTCI9R55gFNWeWXXMpgPYNEa4x/241tdcH77rWdDMdJH6+nSxYsVzRSLcN78pRpHfk/IRjjPgLg5Xed0r+qCthPz3fkO4gfmPXhWZMKBohA92mnoIwgkWSXEYJ46bZ6Jg48Y8kwkQALeJZAIGxleO+zcg33BocSYqyD+aP78+TN54+MdCyHRsMiSVYKN/b9/+9i8OyIM0Z3aOuTrHHiHxa9wj/nrKurifXHwoH4mpNGd2nLvtmhwSpbovgkyFFCD0z9YE48SoICa3jBHj56Qr0ZMMC/cjofDR5+M0oOQ6mfYdo6VQWy3d17g4X3x3gcjjJj4k3pv4KRGeH0iRdvC/5seUoWtXs7BSfhxe+fdr6SubiPLTkBFDB5slcOPINJXKlriQITwwObwmkAsrvAt/IkSUMO7L2K5gg08beGl8s67X2Y6PRfb9+G9i9XYrAQMCqgeNQosVsoScDuRixRQARDxpPepSPGmhgdxTqDNTkCFjUMc1PCTsvEZ7BoF1JTtkqx4DATcjlsnayweYwv9YCOeFs70xHHjp0gu9V5y4qvjgrO6WPzBR6PMeEWM91jzQszUaHEEsZMFL/6Ibzx33hKzzTV8ToQ5BRZUXntlUOigTONl+vkYqaOiQ/hCMeYcmKs1blQ7w+dOGeHthUUdLDSHp2O65RVe7hBOw8MNRQLBog5s0wCN/Roe3zCGpuIlJEACSSDg1kbCzoU7hzhFX7d+i3rgz5G//iVdQJ03f5kepLsxg33CtdiNUxI7D3XHINKZM+cyeJ/iMyzaDNOQIjgIr5y+192JrXPKA+9YxKrGThwcduwkxIzHQhd2A2JB+05seRKaKSUf6bZvZgeLAmpKdiVWOicJpJqAOnnKXHlZBUwkBPs+rx6mO3buNT9YeAnAdnJH3Pzxp1ly+Mgxc0ACvCjnzP1VNmksHHhhhHtAwdsCq5H44Qs/CTZSOEw/RGqMbq+/R9q1ba4hAMTkiednJaDCGxQ/gHgGhF0IvEjbVIidMHGa2a5Rt87d5mVmkm6nK1+uTOiAqER5oIIDYvvUUK/TPHoy9uo1m8wLzttvDTUvMghYvkFP0O2pHirwHINnB8qCE3xxeBUF1Jwc0XwWCbgn4HYiF01AxYT+ypUrGQSZ7ARUx2MMsRcrq1cbRIo5c5cY20sB1X2b8s7gE3A7bkEGIX2w/fOpJ3ubUEJOQqxhR0xFXPThX0/UraGNTXigC3rA22z93c+XL18oPnGseUG8hKdpSz1gEvGQMQ+D8IC51XPPDjA7fBAKqauGScK8I1wg+HTYaBNWqL2G5sitogU8SXfq/OlFndOFi7IQWhGbFLuJEAc+PKUfkjXCLO6GxyxFfEB4riMsEuZn4Qk2yNmWi7iq4/VwO4i7CDkQnrAt15k/Br/XsYYk4B8Cbm3kx7oQk18Pd0KoNsRa11huegjuEXN4LhZg8J6DBGeazz4fqwdaFjfb+mEvEBsZQivsGnbz4T3tw49HSS0NL9RQ3yMR6u2kxkDFe2CpkiVCi8eYO93O1iGs3GR9L+zYoZXa0dKmDNgRiTnTA/e3N3FPT6jTDRZ6qutOROewvFhtuX9a1v8ldds3s6s5BVT/9wvWwOMEUklARSyYb3U1EKe+Oqmg/jAixl7jRnWlgQqb4enatWsqXM6TzVu2G09LCJgI+I3VyPCtXSd04j1CPUJ7aGzTumEHKcE7AnG8sMXL2QqPUxdn6osHYodiNfA+3SaG1UdM8vFDGJ4QPuBDvT+3ipY4oOkB9cyAYOkkxGxduGiFHDt2wmwdgViJ0xbx4oMED7AaGki8efP07bNI29XLBD/8jiCxfMU6cxJkv77dQ9dgIvCxnngLMRhb+RCzZ4m+kMA7Ax6zFcqXlS5d2pjtIEioJ15WIKzCg6x48SLmcIZGDeuEvn//Q3DoaURmJ0GEvXLlmgmmzkQCJJB8Am4ncogTPUfHs3MIQlY1wZZXCCTwkIhmHyF8wNbARtdVIaOqbo3dtGl7aKstFnNgryHkOAmHxNTQlwUnTAA+Hz9hqr6kVNMdBPWiPif5pFkCEkgcAbfj1vFawmGQkQleVeGHL+FU5zm6HfWwzlcK6HwFW00Rr9QRKGPNC8+CYLtODzw5cfKUmd8gDEBnjTeKfxFnHkIm4pPiu/CE+ddMDUG0a/c+83GVtIrSTReR04WNWwmLx40a1Ykav3SVhlzarHGWn3ri1uGauBMH1s1fsDxqo2Bu5XjDjtTt/bB30VKf3t0yebUmrpWZEwmQgFsCbm0khEos1GzdttPsAkTCgVBNGtcz71bhCybwLsWWfTjF4HyHiupQAo9Q510J9x7V97XFi1cZG3bhwiUN31ZInXJqGeeY8Nipt7N1eO8cqZ6lsDnhh1lhIRoOQSdOnDbvrRB58W4ZbktvZ8vdMuZ97gi47ZvZPY0Cqru24F0kEDOBVBJQY4bCC0mABEggBQnYmMilIEZWmQRylECQxi08z+FVml1Io3jgYhGnsi7+Rm7fjydP3ksCJOBtAomwkdhps1xjtQ8a2NfblWXpfEUgEX0zssIUUH3VBVhYPxKggOrHVmOZSYAESCDxBGxM5BJfSuZIAiQQToDjlv2BBEiABLImkAgbiV2Mq1ZvkH4P39qxR+YkEC+BRPRNCqjxtgLvJ4E7JEAB9Q6B8XISIAESCCgBGxO5gKJitUjAMwQ4bj3TFCwICZCABwnQRnqwUVgkQ8BG36QHKjsXCVgmQAHVMmBmTwIkQAI+IWBjIueTqrOYJOBbAhy3vm06FpwESCAHCNBG5gBkPsIVARt9kwKqq6bgTSQQOwEKqLGz4pUkQAIkEGQCNiZyQebFupGAFwhw3HqhFVgGEiABrxKgjfRqy7BcNvomBVT2KxKwTIACqmXAzJ4ESIAEfELAxkTOJ1VnMUnAtwQ4bn3bdCw4CZBADhCgjcwByHyEKwI2+iYFVFdNwZtIIHYCFFBjZ8UrSYAESCDIBGxM5ILMi3UjAS8Q4Lj1QiuwDCRAAl4lQBvp1ZZhuWz0TQqo7FckYJkABVTLgJk9CZAACfiEgI2JnE+qzmKSgG8JcNz6tulYcBIggRwgQBuZA5D5CFcEbPRNCqiumoI3kUDsBCigxs6KV5IACZBAkAnYmMgFmRfrRgJeIMBx64VWYBlIgAS8SoA20qstw3LZ6JsUUNmvSMAyAQqolgEzexIgARLwCQEbEzmfVJ3FJAHfEuC49W3TseAkQAI5QIA2Mgcg8xGuCNjomxRQXTUFbyKB2AlQQI2dFa8kARIggSATsDGRCzIv1o0EvECA49YLrcAykAAJeJUAbaRXW4blstE3KaCyX5GAZQIUUC0DZvYkQAIk4BMCNiZyPqk6i0kCviXAcevbpmPBSYAEcoAAbWQOQOYjXBGw0TcpoLpqCt5EArEToIAaOyteSQIkQAJBJmBjIhdkXqwbCXiBAMetF1qBZSABEvAqAdpIr7YMy2Wjb1JAZb8iAcsEKKBaBszsSYAESMAnBGxM5HxSdRaTBHxLgOPWt03HgpMACeQAAdrIHIDMR7giYKNvUkB11RS8iQRiJ0ABNXZWvJIESIAEgkzAxkQuyLxYNxLwAgGOWy+0AstAAiTgVQK0kV5tGZbLRt+kgMp+RQKWCVBAtQyY2ZMACZCATwjYmMj5pOosJgn4lgDHrW+bjgUnARLIAQK0kTkAmY9wRcBG36SA6qopeBMJxE6AAmrsrHglCZAACQSZgI2JXJB5sW4k4AUCHLdeaAWWgQRIwKsEaCO92jIsl42+SQGV/YoELBOggGoZMLMnARIgAZ8QsDGR80nVWUwS8C0BjlvfNh0LTgIkkAMEaCNzADIf4YqAjb5JAdVVU/AmEoidAAXU2FnxShIgARIIMgEbE7kg82LdSMALBDhuvdAKLAMJkIBXCdBGerVlWC4bfZMCKvsVCVgm4FcB1TIWZk8CJEACJEACJEACJEACJEACJEACJEACVgikVSye0HwpoCYUJzMjgcwE/CqgJtrYsG+QAAmQQKoTsLESnupMWX8SsE2A49Y2YeZPAiTgZwK0kX5uvWCX3UbfpIAa7D7D2nmAAAVUDzQCi0ACJEACHiBgYyLngWqxCCQQaAIct4FuXlaOBEggTgK0kXEC5O3WCNjomxRQrTUXMyaBdAIUUNkTSIAESIAEQMDGRI5kSYAE7BLguLXLl7mTAAn4mwBtpL/bL8ilt9E3KaAGucewbp4gQAHVE83AQpAACZBA0gnYmMglvVIsAAkEnADHbcAbmNUjARKIiwBtZFz4eLNFAjb6JgVUiw3GrEkABCigsh+QAAmQAAmAgI2JHMmSAAnYJcBxa5cvcycBEvA3AdpIf7dfkEtvo29SQA1yj2HdPEGAAqonmoGFIAESIIGkE7AxkUt6pVgAEgg4AY7bgDcwq0cCJBAXAdrIuPDxZosEbPRNCqgWG4xZkwAIUEBlPyABEiABEgABGxM5kiUBErBLgOPWLl/mTgIk4G8CtJH+br8gl95G36SAGuQew7p5ggAFVE80AwtBAiRAAkknYGMil/RKsQAkEHACHLcBb2BWjwRIIC4CtJFx4ePNFgnY6JsUUC02GLMmARCggMp+QAIkQAIkAAI2JnIkSwIkYJcAx61dvsydBEjA3wRoI/3dfkEuvY2+SQE1yD2GdfMEAQqonmgGFoIESIAEkk7AxkQu6ZViAUgg4AQ4bgPewKweCZBAXARoI+PCx5stErDRNymgWmwwZk0CIEABlf2ABEiABEgABGxM5EiWBEjALgGOW7t8mTsJkIC/CdBG+rv9glx6G32TAmqQewzr5gkCFFA90QwsBAmQAAkknYCNiVzSK8UCkEDACXDcBryBWT0SIIG4CNBGxoWPN1skYKNvUkC12GDMmgRAgAIq+wEJkAAJkAAI2JjIkSwJkIBdAhy3dvkydxIgAX8ToI30d/sFufQ2+iYF1CD3GNbNEwQooHqiGVgIEiABEkg6ARsTuaRXigUggYAT4LgNeAOzeiRAAnERoI2MCx9vtkjARt+kgGqxwZg1CYAABVT2AxIgARIgARCwMZEjWRIgAbsEOG7t8mXuJEAC/iZAG+nv9gty6W30TQqoQe4xrJsnCFBA9UQzsBAkQAIkkHQCNiZySa8UC0ACASfAcRvwBmb1SIAE4iKQCBt58eIlOXzkuFSvVjmusvBmEggnkIi+GUmUAir7GAlYJkAB1TJgZk8CJEACPiFgYyLnk6qzmCTgWwIct75tOhacBEggBwgkwkZu2bJDlq9YJwOf7psDJeYjUoVAIvomBdRU6S2sp2cIUED1TFOwICRAAiSQVAI2JnJJrRAfTgIpQCDI43bqtHlSJa2iNGhwj5WWHPb5WHl8QE8pVqyIlfyZKQmQQPIJJMJGbt68XQXU9TJoIAXU5LdocEqQiL5JATU4/YE18QmBVBJQ9+w5ID9OmiXPDx0gBQsWyLKFvh75vdSrd7e0bNEox1tx4aKVMnfektBz77rrLilcuKCkVa4grVo2lrS0Cgkt02ZdUcULyosvPCGFCxVMaN7MjARIwF8E4pnIHTt+UhYuWiH79h2Ss2fPq90qJDVrpEm7ti2kZMliCQNx9uw5OXDwqNSpXSNDnps2/SZVq1Y29tJJEyZOlRo1qkjzZg0S9nxmRAJeIxDPuD1w4LAsWLhC9u47KNeuXZNSpUpI61ZNpEnjuhmquWfvAZkzd4kcPnxM8uTJI7XvqS5du7aTggXyh66LJa+rV6/JqtUbZP2GbXLy5Gm5fv2GlCtbSu1Ec6kdMaZv3Lgh//zXl/LM4EekbJlScvr0WZn1y2LZtWuf3nfdzIe6aRnKlS0dKsM7ev0F3WobLXXr2lbubd30VnkPHpGx4ybLH94conW/LkuWrpH167fIKX1O/vz51HakSbcubaVo0czi6n7lNk3nTtV0Oy/KwEQCJOBdAvHYyN+27zY28tChowKbVKJEMalX9265r10LyZcvb4ZKY+4zfcZ8OaP/Dh3yaCYgXw2foPOXI5lCcHt7AAAgAElEQVQ+r1+vlvTr2z30eSy2LjIT4yG7cr0cO3ZCLl68bMrZuFEdadummeTKlSt0eSy23LstGbySxdM3s6LBLfzB6yeskccIpJKAitXDid9PlxYtGsqD3TtEbYm16zbLpJ9/0R/G5tKp47053lo/T/7FTN579+xinn1NXxJOnzorG1UcQNm6dG5jfgwTlfACs279Vml/XwuBWMtEAiSQugTcTuSOHTspX42YoIJpFWlQ/x4pqt5cp0+dkU1qc7fv2CNvvzVU8ubNkxCwK/QF4dclq+X1VwdlyA/CSbdu7aRRwzqhz/GyAhEkGbY8IZVlJiQQAwG34xbCwHc6J8JicfVqaZI3Xx7BQsSy5evk8cd6Sq1a1czTD6loOlzHNxZxGzaobQTK2Spk5tY5w5Bn+ptrYs1r/oJlcuDAEeNRCrEWQijE1FWrNsgLzz0u5crdEkNhO6bPWCCvvvy0QHj9dNhoKVO65O/zldxazrXmuS/pAnCRIoVNOc6fvyhXrlzJQO2Ixi2c8N00GTyon/FmddIvc35VoeGS9Hyos3yptgKpVctGplwQMPB9ARWIn3v2sdA9N2/elJmzFhkRGKIr7E2f3l1jaCVeQgIkkCwCbm3kjp17ZfSYScZGNmpY2yysYLF40eJVxmu9f78HQlVau26LzJi5QC5fvqL2qJC89caQTNV9/8OvdXGqnhE2wxOcehwxNlZbF34/yokFLtij8uVLS15d5MKiGGwYFngch6BYbHmy2ihVn+u2b2bHiwJqqvYm1jvHCKSagDp95kIpoD+A/fs/aCbi4Qk/Wp9/MdZ4p1avXjkpL90QUPECgC1lkWn1mk0yecoc88JSuVL5HOsjfBAJkEBqEHA7kcOiE7weno3icXHmzLmEbo9FDDIIqG+8NjhDo/zznS+MgNq40S3POQqoqdFvU72WbsctPE4vX7maaffJl8PHS/lyZYywiDRePbnhv/Ro/x4h1PC0+uCjkfLYoz2k1t3VjPdqLHll1VZ/+/sn0rtXV7MA46QpU+caARMLxxB1F/+6Ul57ZZB6wOY2l0DMHKZztpo1qqpI0DbLbjBm7M/muyce75Xhmo8/+Ua6d28vd9esKtHsFMRZeKi+9cYzIYH23PkLMmXKXOnc6V6Zo7uFCuTPTwE11Qcg6+95Am5t5LgJU0zdBjz6UKY6wubBG99JP/w403imwglm6bI1meYouA4Capt7m2a7wzEeWxdZyG/H/CQliheTh3p0itmWe74xA1ZAt30zOwwUUAPWSVgd7xFINQF15uxFZjVu7drNmSbT8Iy4ceOmHDl63Gwpc7yWsG1j6bK1snvPfrlw4aKUKllCunRpY14akPD99z/MMJPoaeotceLEKfW4etZ4u8IjKzIUAETQkiWLR/UkzU5AxbM++3yMVKxQ1rxoOM/OqmzYJoJyvfj8Exm8v+B1ijAFb7w+WI4ePaHlnKYeHgNNfpgQwLsCW/uv6ItVmdIl9Me+mdSvX8t7nZclIgESSCgBtxM52Bl4koULLFkVDB6keEHAVnxjB9W+OPENsT0O323ctE0F2ZOSO3dus1X4wQc6Ghv2r/e+MgtM4alZk/qyas3GDJ9hS+8Lzz8u0QRULJTBUwPPgAdZhfJlpGuXdlKxYtmEsmRmJJBTBNyO26zK983on8wc6P5u9xmR8h///Fx69uicaR4wctQPxtup+/3ts6xqeF7RLrp46bIsU7EBXqjY8uqEV8Jz331vuAzQxeRKFcsZIbNo0cIhIcDJC/O2LVt3Gu/VaAnbVVHO5/X78mHerUd1wWfE19/JH/8wNMvdNwhHMmLkd/LnPz5vPM8iE8QVCqg51cv5HBJwT8CtjcTiCzxNHQEylhLgnSweAdWtrQsvG+Y523UBCItQcMiprGHg4rXlsdSd19w5Abd9M7snUUC983bgHSRwRwRSUUCF59IXX403HgQQOJHOnTuvW7gmmq1giJMaLqAu/nWVEQfq1KkphTRO6Br1BEWsP2zPwKQa28zwI4sYXa1aNdatcJVN7Jl585fp9vgt6jExMBR/Bi//730wQp5+qo9UrVIpU1vdTkDFdrbdu/ebmKVI2ZUNW/LffX+4eQkKj2eGPLAF5ekn+4TK/h9/fdm8RGBb3i7N/5G+D5gtKHj5wJY+R7C9o87Fi0mABHxFwO1Ebuu2nTJh4jSzOAUxNKt4yojxDJv4iMb6Kq/CJeIpjh47SXo91MVsF4ZX26xfFknD+rWlgi4UYXst4phiAadjh9Ym/hgOccDLySsvPa12VYzICvsMsaWzeqphC1vu3HcZmxtNQIVHRt48eVWU7WBsHMKjTJs+P8M2YF81Ggub8gTcjtto4DBHgZcUtvAj/AX+HwsX2MaOMRmezHxFF5VxbSx5hV8D8RKLvBjTmFc99URvYxOctHfvQfn+xxny5uvPmI8++fRbadq0XoYYpvgcIYimTZ8nf/nTC1HLMHzERDMf6/vw/Rm+X7BwuRzXxe6+fTJ+Hn7RDN2xhDIO0Ris0RIF1JQfegTgEwJubSTsC5xe4OFeT+OUxnJWxO0E1Ht0URghQrBAA2/6e2pVN1728LaPx9bhXiwOL1m62sSWRnq4TzcTdgUpHlvuk2b2ZTHd9s3sKksB1ZddgYX2E4FUFVBxCMF0jVUD70y8aP80abaUVY8LbK3ApDhcQI1sT0z4//b3T1UEfViqVa0UEiEhSFavnha6/Ny5C+ZFZMBjD5ktYkgQXhEXMCtvidsJqPC2wFZ+56XidmWbOWuhiqAHQzG8sCoJURUvDRAsHPHXEVBR91LqFcZDEfw0illWEkgMgXgmctjuiq31ED7gsVG5cnnzYoDDEWBjYXveefdL9YboZeymk2DPtqoHWbSwJbgGNm/37gOhk2/j2cKPgwTHjPtZD415NsPhDz/8NNN4ooYfMJMYosyFBOwTiGfchpcOHkrwfsK/T6qgiYQdKx/pVveXXnhSypTJGPZomh6Wcvz4KbMYG5mi5RV+DXbz4KCT8xcu6KL0ZtmhC9FDVaSF7UCCeIk8HtAt9kjvvj/CxKZv0bxhhkdhtwziuP7nv7+SqQywK9gJ9MpLTxkRNTwhXFP7+1qahfFoCYvH346eJAN1npfV4Z0UUO33bT6BBBJBIB4bifMzIIri4Dh4wVfTwyohSmKBKVrKTkBF2BO8G3a//z6zm/CUxoqfrXFKke8zg9IXatzYOqccmGchHMlljQON91wcftX/kQfMjkm3tjwR/JlH1gTi6ZtZ5UoBlT2OBCwTSFUBFVixtaxu7ZpSSV/0x42fbA4qQDybSAEVXgpLVBjAVv0r+uOEhG36eOHHj5IjQsIDIvJExu+wtVW3iSJOGF4G8OOJSXvTJvWituztBFS8sOxRMcHxQL1d2fDj/OHHo0LeI6tWb1SRY9Xv3lu5Mgmo27btMl4fWCGtmlbJnDBbWrfxM5EACQSfQCImcpjAH9UwKHvVu2K12pt8+fPKoKf7CbbMwiMUQkb4gXUIFYKttU58wpV6mMyWrTvkzOlzBjhsHDzfnINc4hFQ4bGPQxVwSEx4uqTbiHFADgQaJhLwG4FEjFvUedLPs41IgBd5Zys9dufghX7okMcyhbnAfAVjJ1rojmh5ZccVu4Kwe6ernnqPhLkSdr44iy0QcZs1rW8WucMTPMRwcMuf3n4uw+eYb302bIxUrVZJemgIkPAE769PPhtttu9HO9wOB6188+2PGsapdSbBNjwfCqh+Gyksb6oSSISNxFzl0OGjutizV7081+iCaxOzkzEyZSegItwIhFNnoQj37tuvoULUI9/x8r9TW5ddmyIk2959B4z9dmvLU7XP5FS9E9E3I8tKATWnWo/PSVkCqSygQhAdrVvvsfLXXCfmzZo1MP0gXECFt+n7H3wtderWlA4qfGKrGdJ//89n5vTFcC/Ov/7lpdDhBk6HwimIiL/1psYbPXTomHq6zpI3deu/cwhCZMe7nYCaHgO1nL5YdDFb325XNuQPj5LChQtKr55dzIELOAESJ80iRXqg4jP8yG7XCcI+LftWFVRr1qyS7Ta3lB08rDgJBIxAoidyOI0W23+xRb9kyWLylW6njbbQ5GBcodvz5+vWWiw4Ie4hhFZ4tWKbfaIEVIQkeW7ogIC1HKuTygQSMW4RKw/hgQYN7GdCWzgJQuTf/zFM5w+dMxzwhO8RS72SHmgZeYBTVnll10bYBQR7gbGPudm3evI1YsnDex0JoT6KFyuaKRbhvPlL5bfte0L2wXnGGo1zP10XnF/VEEpFCt+qD76H+AFPeTwrMh05clxGffODtGvXwggk2SUKqKk86lh3PxFIhI0Mry+cUWBf/u3PL2aKoZydgBqNGWzs//3bx/KYHtJXu3aNO7Z12bXD2nWbjTc/4ji7seV+amO/ljXRfRMcKKD6tTew3L4hkMoCKhppwnfTZJ9OpN/UU1Ydr6hwARUx+RCzFKdL44UeyVnFQ9yv2wmouB5bxbBNbP/+w1JOPa0Q6yarlJ2Aih9CnHbtlCWWsuE5O3fuM6IwtnHgsBfEbnU8ZaMJqOFlO3nyjG7fG2XiuEZugfNNJ2dBSYAEYiLgdiIHL1GE/nDEDudh8Nj457++VNGjo9Stc7fZwo/4yvBwj5YQawx2Lfy0bHwGjzBHQMWWf8RqjvQ4g52Gdxo8SZ2ULvCUC4Uk2alb2rDb4PVXB5tFJSYSCAIBt+PWqTt2tmAL/WAjnhbOhGTc+CmS665c5gXfSTgE7oOPRpmxWiMsdNHt8kLM1GhxBD//cpzZKv9g9w4yV0+3xzZXLPo6CXGPsZjy2iuDQgvQxstUF5XrqOjgHPqJ63E4HLy4GjeqneFzJy94e2HBvFHD9NiATkJseCx4Qzht26bZbbsGBdTbIuIFJOAJAm5tJOxc0aLpYUXCE2K5/zx5jvz1L3cmoGJ7fbj3KfLEog2cWxDaDe+Id2LrnDJh8Qnx4COdcyCeYiu/s2vxTmy5JxouBQrhtm9mh4YCagp0HFYxuQRSXUDFC/4VjRUT/tIQLqBigo4t8JjYYxvY1atXZcq0eWYLx6OPPBiTgApPCAijEBdef3VQph/P8B6A607p9rLev7844HCUU6fOGg8s/GB37dImFKcvlrI5eeMABogc8DwNPzE3UkD98adZJixBDfU6zaM/xhAr8DLz9ltDs/SaTW4P5tNJgAQSRcDtRA4iBhagcFhd6VIldftvfmPHEPrkjL6AIH4iDtzDwXqwKTjAKU1PhcUhUWvWbjL3YmHJ8RpD/MXK6tkGu4dDEeD57wioRzQ8wLDPx5rr69W922w1Rt5YDDuuAkifXt2MBx12FkzVw2Vgq7FbANv2sV13lG7NxQEL9+uhECVV9D1x4rQsXb5WGmis1qziISaKL/MhARsE3I5blGXW7MWyYuV6eerJ3lIsTCjAQWzOvOjgwaMy/OuJ0loPyUTsvws6bmfPXqQLsflCsYljzQviJV72W+pcBLHmb9y4qTZho4kN/9yzA0yc1U91e31XHZ+YizgJc7VPh402h3W2b99ScqvNgCfpzp175cUXn8wgykJoXbR4pZlvwTaEp/RDskaYOMjOoS34HvEBEUYAMZvbtc0YygP2J3yrP0QQzL+wuJNP879fD89D+Ccuytjo3cyTBOIn4NZGfqwLMfn1cKeWLRpKmdKIAZ1LDh46ou9FS80CDA7pdRJsy7Vr18ycZrXGdcbhc3jvcwRTiLF4n6ylseEb1r9HihcvKic1zNqcuRpWqGSJ0MJxLLYOMaQn666Bjh1aqR0tbd7TVq3aaA4yrqxzq/z58goWjFHOng91Dh0kHKstj584c4iVgNu+mV3+FFBjpc/rSMAlgVQSUHGAyBz9kXECdWeFbKoKpJjEt2yRvs0dcUSxvQw/mngJf+D+9uak6AdVUIVXKrabjZswVd54bVAmDyzcD2+I//nfYVJbva76q+iaXcIhU/jBcxKEBUzK09IqGvETokN4ul3ZnGs3bNgmM/RAqaHqSYsfbSfBs2uiCg/wMEVCfB6IHvDEgHhboXxZ6aKibeRzXXY33kYCJOBhAm4nchBElqkIue23XUaQhM2DgAkBBJ5c+NtJEGvwH7zbYdtq1qhi4kI7LxkQP2CDEKKkrooZVatUlE2btmfYbout/ot+XWlOlW2unmQ4aAYvJ5N0AWrPnoPGwx62Lo8Kpj/+ONPEY4X9RHxFxGiFjYVgg5eQEmoPG6goBK+zaPEQPdxcLBoJGAJuxy1e1BFiA2MiMmHuEX740i7d3j9H4wcfVm+pAioaYqspxpMjUMaaF56F8b9u3RY5cfKU8ZpCGIDOGm8U/yK+PIRMxCfFd5HzHcT027V7n/m4is6LunVr97uwcetKxFpu1KhO1PilqzTG8maNsfzUExkPvsJhdfMXLI/ao7Aw5HjDIswBFmEiE8qKkAORgi27KAmQQPIJuLWRmCNgoWbrtp3mwDwkHDiJUGjNmzcIvfM5h2RGs6Xw0ncOEkYs+MWLVxkbduHCJZ0DFdLQKLWkQ/tWGeYfeLfLztad0AWfkbrDpk/vbqHDrDCnWb58ndroY2aRuIyeX9Fa5zWNGtbJ0AC3s+XJb63UKoHbvpkdJQqoqdWHWNskEEglATUJeM0j8WL//ocj9SCVvlJFxQAmEiABEvAiARsTOS/Wk2UigSARCNK4hdc5vErDt+8nsq2wQA4Prcjt+4l8BvMiARLwFoFE2MjNECh18XbQwL7eqhxL42sCieibkQAooPq6S7DwfiBAAdV+K+HUZ8QXe17j2zCRAAmQgFcJ2JjIebWuLBcJBIUAx21QWpL1IAESsEEgETZyt+5iXLV6g/R7uLuNIjLPFCWQiL5JATVFOw+rnTwCFFDtsx+pJ7pimyliazGRAAmQgFcJ2JjIebWuLBcJBIUAx21QWpL1IAESsEGANtIGVeaZCAI2+iY9UBPRMsyDBLIhQAGV3YMESIAESAAEbEzkSJYESMAuAY5bu3yZOwmQgL8J0Eb6u/2CXHobfZMCapB7DOvmCQIUUD3RDCwECZAACSSdgI2JXNIrxQKQQMAJcNwGvIFZPRIggbgI0EbGhY83WyRgo29SQLXYYMyaBECAAir7AQmQAAmQAAjYmMiRLAmQgF0CHLd2+TJ3EiABfxOgjfR3+wW59Db6JgXUIPcY1s0TBCigeqIZWAgSIAESSDoBGxO5pFeKBSCBgBPguA14A7N6JEACcRGgjYwLH2+2SMBG36SAarHBmDUJgAAFVPYDEiABEiABELAxkSNZEiABuwQ4bu3yZe4kQAL+JkAb6e/2C3LpbfRNCqhB7jGsmycIUED1RDOwECRAAiSQdAI2JnJJrxQLQAIBJ8BxG/AGZvVIgATiIkAbGRc+3myRgI2+SQHVYoMxaxIAAQqo7AckQAIkQAIgYGMiR7IkQAJ2CXDc2uXL3EmABPxNgDbS3+0X5NLb6JsUUIPcY1g3TxCggOqJZmAhSIAESCDpBGxM5JJeKRaABAJOgOM24A3M6pEACcRFgDYyLny82SIBG32TAqrFBmPWJAACFFDZD0iABEiABEDAxkSOZEmABOwS4Li1y5e5kwAJ+JsAbaS/2y/IpbfRNymgBrnHsG6eIEAB1RPNwEKQAAmQQNIJ2JjIJb1SLAAJBJwAx23AG5jVIwESiIsAbWRc+HizRQI2+iYFVIsNxqxJAAQooLIfkAAJkAAJgICNiRzJkgAJ2CXAcWuXL3MnARLwNwHaSH+3X5BLb6NvUkANco9h3TxBgAKqJ5qBhSABEiCBpBOwMZFLeqVYABIIOAGO24A3MKtHAiQQFwHayLjw8WaLBGz0TQqoFhuMWZMACFBAZT8gARIgARIAARsTOZIlARKwS4Dj1i5f5k4CJOBvArSR/m6/IJfeRt+kgBrkHsO6eYIABVRPNAMLQQIkQAJJJ2BjIpf0SrEAJBBwAhy3AW9gVo8ESCAuArSRceHjzRYJ2OibFFAtNhizJgEQoIDKfkACJEACJAACNiZyJEsCJGCXAMetXb7MnQRIwN8EaCP93X5BLr2NvkkBNcg9hnXzBAEKqJ5oBhaCBEiABJJOwMZELumVYgFIIOAEOG4D3sCsHgmQQFwEaCPjwsebLRKw0TcpoFpsMGZNAiDgVwGVrUcCJEACJEACJEACJEACJEACJEACJEACfiSQVrF4QotNATWhOJkZCWQm4FcBNdHGhn2DBEiABFKdgI2V8FRnyvqTgG0CHLe2CTN/EiABPxOgjfRz6wW77Db6JgXUYPcZ1s4DBCigeqARWAQSIAES8AABGxM5D1SLRSCBQBPguA1087JyJEACcRKgjYwTIG+3RsBG36SAaq25mDEJpBOggMqeQAIkQAIkAAI2JnIkSwIkYJcAx61dvsydBEjA3wRoI/3dfkEuvY2+SQE1yD2GdfMEAQqonmgGFoIESIAEkk7AxkQu6ZViAUgg4AQ4bgPewKweCZBAXARoI+PCx5stErDRNymgWmwwZk0CIEABlf2ABEiABEgABGxM5EiWBEjALgGOW7t8mTsJkIC/CdBG+rv9glx6G32TAmqQewzr5gkCFFA90QwsBAmQAAkknYCNiVzSK8UCkEDACXDcBryBWT0SIIG4CNBGxoWPN1skYKNvUkC12GDMmgRAgAIq+wEJkAAJkAAI2JjIkSwJkIBdAhy3dvkydxIgAX8ToI30d/sFufQ2+iYF1CD3GNbNEwQooHqiGVgIEiABEkg6ARsTuaRXigUggYAT4LgNeAOzeiRAAnERoI2MCx9vtkjARt+kgGqxwZg1CYAABVT2AxIgARIgARCwMZEjWRIgAbsEOG7t8mXuJEAC/iZAG+nv9gty6W30TQqoQe4xrJsnCFBA9UQzsBAkQAIkkHQCNiZySa8UC0ACASfAcRvwBmb1SIAE4iJAGxkXPt5skYCNvkkB1WKDMWsSAAEKqOwHJEACJEACIGBjIkeyJEACdglw3Nrly9xJgAT8TYA20t/tF+TS2+ibFFCD3GNYN08QoIDqiWZgIUiABEgg6QRsTOSSXikWgAQCToDjNuANzOqRAAnERYA2Mi58vNkiARt9M0cE1N5/2nHTIhdmTQKeJjD2v9K0fLkkVy6RmzdvDQXnb/yb/rdeIOl/p//nVCvys1vf47rLV3NJWsXiCWVgw9gktIDMjARIgAR8SIC21YeNxiKnPAGO25TvAgRAAiSQDQHaSHYPrxKw0TcpoHq1tVmuwBCggBqYpmRFSIAESCAuAjYmcnEViDeTAAnclgDH7W0R8QISIIEUJkAbmcKN7/Gq2+ibFFA93ugsnv8JUED1fxuyBiRAAiSQCAI2JnKJKBfzIAESyJoAxy17BwmQAAnQRrIP+I+Ajd9vCqj+6wcssc8IUED1WYOxuCRAAiRgiYCNiZylojJbEiCB3wlw3LIrkAAJkIBdAfXixUty+MhxqV6tMlGTQMII2Pj9poCasOZhRiQQnQAFVPYMEiABEiABELAxkSNZEiABuwQ4bu3yZe4kQAL+JpAIG7llyw5ZvmKdDHy6r79hsPSeIpCIvhlZIQqonmpiFiaIBCigBrFVWScSIAESuHMCNiZyd14K3kECJHAnBII8bqdOmydV0ipKgwb33AmSmK8d9vlYeXxATylWrEjM9/BCEiABfxFIhI3cvHm7CqjrZdBACqj+an1vlzYRfZMCqrfbmKULIIFUE1APHz4mY8b9LG+8Nljuuusu37To/v2H5PsfZ8pLLzwpefPmyVTur0d+L/Xq3S0tWzTK9N3uPQdk+oz58uLzT5jvvvhynNSsWVU6d7pXbt68Ke998LU8+XgvKVeutG94sKAkQAKJJ+B2Igcb8+3on+TGjRuhQhUsWEDKly8jjRvVkYYNaie+sMyRBEjAEHA7bnHvgQOHZcHCFbJ330G5du2alCpVQlq3aiJNGtfNQHfP3gMyZ+4SwRwqT548Uvue6tK1azspWCB/6LpY8rp69ZqsWr1B1m/YJidPnpbr129IubKlpF3b5lK7do0Mz4Q9+ee/vpRnBj8iZcuUktOnz8qsXxbLrl379L7rkpZWQbppGcqVvTV3eUevv6BbbaOlbl3byr2tm94q78EjMnbcZPnDm0O07tdlydI1sn79Fjmlz8mfP5/UqJEm3bq0laJFM4qrq1ZvlKXL1sipU2ekSJHCyqqe3NeuueTKlYs9kgRIwIME4rGRv23fbWzkoUNHzRynRIliUq/u3TrmW0i+fHlNbc+ePS+/LlktO3fuVftxxtjItMoVpHPnezPYp6+GT5ADanciU/16taRf3+6hj2OxdZF5wIbNnbdENmz8TS5evChlSpeU9ve1lDp1at6xLfdgEwa2SPH0zayg0AM1sN2FFfMKgVQTUHfqxBsv+n/50wuhHz6vtEV25bhy5aq88+5X0vOhTpnECPyof/HVePPi88pLT2XK5vsfZ0huFYv79O5mvluxcr35Ya2mcXzwg/vf//OpPPVkH6lRPc0PKFhGEiABSwTcTuTWb9gqk6fMlZdffNKU7MaNm3L+/AXZoS8TEBpgax595EFfLVpZQsxsSSDhBNyOWwgD330/3Sy8Vq+WJnnz5ZFNm36TZcvXyeOP9ZRataqZsh5S0XT4iAnSqmVjM/+AQDlbhUzMK4Y8099cE2te8xcsU9H2iPEoxZwFQijE1FWrNsgLzz2eYSF3+449uvi7QF59+WmB8PrpsNG/iwIt1Jbk1nKuNc996YUnjJCJdP78Rbly5UoGxkc0buGE76bJ4EH9jDerk36Z86sKDZd0XtVZvlRhA6lVy0amXBAw8H0BFYife/ax0D2YP6Hu3e9vL5Url5ejR06YBeomTepJl85tEt62zJAESCB+Am5tJOYwo8dMMjayUcPaZmHl2PGTsmjxKuO13r/fA6ZwY8b+LIULF5I6ughUtGhhOX/hovz66ypz7ZuvPxOa+7z/4ddmwQULy+EJC86OGBurrU1dymUAACAASURBVIukMlFtORa4ut9/nxQvVlS2/bZLBdWlMuCxh6TW3bHb8vhpM4c7IeC2b2b3DAqod9ICvJYEXBCggOoCWpJu+UE9UC9euqTeor0zlGDGzAU62T+nYsUeGTzwEalYsWzoe0d4fVx/QKtHEUgpoCapMflYEvAgAbcTOQioU6bOlX/784uZagXx4qsRE6VD+5bStk0zD9aaRSIBfxNwO27hcXpZF2cLFyqYAcCXw8dL+XJljLCINH7iVIFv5aP9e4Sug8fVBx+NlMce7WFezmPNKyvSf/v7J9K7V1dpUP/WVn3YFAiYECYh6i7+daW89sog9e7KbbLBDpphX4yVmjWqqidq2ywbEeIG0hO60yY8ffzJN9K9e3u5W3fknDlzLtM2foiz8FB9641njECL5/1LF7Lbqy0L3+2Drb3YIfT2W8+a8jKRAAl4i4BbGzluwhRTkQGPPpSpQrB58DTNKmHn4PCvv1P7MUTtRyFzGQTUNvc2jbpb0MnHja3DPAu2MHIRatr0+bJfdxk4i0Cx2HJvtVzwS+O2b2ZHhgJq8PsNa5hkAqkuoGI7Bn6sNm7aJseOnZTcuXObrWkPPtAxtFX+h59mSuVK5eX48VPqKbHVrCTCEwOeClOnz5Nt23YZT4yW+hlEAidhFRFb3pA3hMoKup21a5d2IYETP74zZy2SzRqYHEJnmdIl9Ie1mdSvXytqr9ixY68JP/CWbjdzXnhQ/nffHyF9+9wva9ZukkL6IvSAvhA4aZ1uR0MZELLA2V4Gj5MaNapIU/WYyEpAhWcHuJw9e85sX8Nqads2zZXPXeYlYuGiFbJ6zSY5d+6ClCxZzGyLQ35OmqjeHngGtuitXbfF1K9a1UrSq1cXKaKrtEwkQALeI+B2IpedgIpawosM3hCvvzooVGl4cjk2pmTJ4tJWbZ8T5xBe9d//MEP69OkmM2YuNF4VhQsXNNvRYGdgg959f7g8MaCXVKhwa8HICCoa0xCe+pV1+9ztbDAOhDh06JhUqVJRt+gtlxLFi/KACO91S5boNgTcjtussv1Gd+lgW/393e4zY+0f//xcevbonGluMnLUDxqmo7Txxowlr2jXXLx0WZaplzq8UIcOeVTgiYVkxvh7w2WAxietVLGcETLh2fVQj04ZsoFH65atO41wEC0h9ADK+bx+Xz4sTNHRYydkhIobf/zD0Cw94/ftOyQjRn4nf/7j88bz7ODBo+qpOt7MwcLnMfCi/fs/hhlvtMgwBOy8JEACySfg1kZi8QWeppF253Y1ggc7xMtcd+XKIL7GIqC6sXUIH4B3sshdiAivNOqbH+RPbz9nbFg8tvx2deb37gi47ZvZPY0Cqru24F0kEDOBVBdQ4UUx65dF0rB+bfMiju1cE9TbAiJmxw6tDUdMvhEf7MHuHaSuxhndvXu/2faGbV5YScSEedfOfeqBMMPE6kLcG6Rvx/wkefPkVTG2g1l93Khb4/CD6mw3wzawXZrXI30fMN9joo/tc/DCiJZMvFIVS9tprC3H+wEeEpOnzDFbRLDdbdLPv5h4Xo5YinAFqFf41jLE4EFsr04d740qoCJPeLviYIWKFcqZLSgrVexAjDLE/sGWkDVrN8vDvbtKWY09tnvPflMG5AdRGQnPwLa/jh1aSWONpZbOdZp5EXpYRREmEiAB7xFwO5G7nYCK02uxhRZiBQSShYtWChZ3HtGYX4iTCoF09NhJ0uuhLmbbMGwZXlyw3RaeZRBY8XKALbWv6HbeUvr/EHkgYoTbEwgpk36ebTw+ECv6djYY+UFEhR1r17aZeZ4j4HivdVgiEohOwO24jZYbtsDjJR9b+DFPwP//672vjAdT+GIF7v158i9mqyqujSWv8GsgXiIWIBaBsfD71BO9jS1w0t69B82cCnMbpE8+/VaaNq2XIYYpPl+3fqvOq+aZsEzR0nD1fse8pe/D92f4Ggsmx0+cMovPWSUs3qCMQ3Reh4Q5HOoczdP+w49HSYvmDbV8TdhNSYAEPEbArY2EfcH7DeYh9TROaaS3fng18Z4DOwCHEbyvVdT3nac1PBqESyfBtt6jTjoQWLFAA2/6e2pVN+9ojve6G1s3RQ/bO6te9HhvC0/wrMczYb/hDOPWlnusOQNVHLd9MzsIFFAD1UVYGS8SSHUBNVqbwKNh9+4DoZMWIaDC8xJxQp30kW79QhxRxJZxErazYQINUXWPrvrBW/QPbz6bIdYqvFnhiQqPTWwNgRCAQxBiTbNmLxK8WDyrnhpI36mXVnFdHe2qBx043qh9VNjElrRzGoMQgisOjypTpmToEbcTUJcuW2s8bcPjfjk3w6Prf9/5wogWCKLupMUa6wexDiFcQLzFMwoUzJ8h3ABWSOF1Fu6FFmu9eR0JkIB9Am4ncrcTUB0viFdfHmgWi95590ud6PcyXulOgkC6VQVQvAA4AuqzGl+xknr/O+l//neYeth3MB7x8PxHzC9sr3VEz2++/dGIMLCpsdhgCKiwSfDQ59Zb+/2LT7BDwO24jSwNXvrh/YR/n1RBEwm7SDDfwQGW4fMIfDdNY39iZw5EgljyCr/mggqvFy9eVgH2gqxZs1l26KLJUH3Jh7cXEsRLlMPZUYOdNjioCXOs8IQdPFjQ/s9/fyVTGWBPYCPglQURNTx9rttdox2w4lyDBe1vR0+SgU89bA6rQoKNmqM2421dCIpMnw0bYxbecbAMEwmQgLcIxGMjEaID70XYCg8v+GpVK5tY0FhgikwQRvGehIOkFurBU/BAHTywX8ipBe+J2LmHOKUV1bkFB9HNVpuCfJ8ZlL5Q48bW4d0SB/I5MVmdckHUNQfxad7YxePGlnurJYNXmnj6ZlY0ckZA/eOOm8FrDtaIBGIjMPb/4Acglxr39C1TTnL+xr/pfyMCVvrf6f+Froz47Nb3uO7y1VySVrF4bIWJ8ap4jE20Q6RW6uEFW7bukDMaRxQJXgnwtHAExGjb1CAQ4mCUcM9OHOSElURs44egiJdzeKmGp0u6XQ3b//EiAAEAHhZYjayaVsnkV1q38WeXDmucG0z8cagCvDawmggx1TmFFvFQL1y4ZLwtcKLsho3bMgmhtxNQMQHANXhZqqlCLLa3IoQBhFF4in3+5TgjDOPH2ElOrB94i2AiEI3P2nWbZdbsxcYLjYkESMB7BNza1tsJqBA5ENYDY/+kvjDAPkDQQDgUJ8FrA1tsEafQEVD/+peXQvEOcR08KbDVv0WLhuZ3B94eLfVvLEjBbn/62WiNkThQiutW/FhsMGw0fhOiLRZ5r3VYIhKITsDtuI3MDd7bEAnwsu0sSpw7d9680A8d8liG+Oq4F96YmNOEx0Z18oyWV3bth/lTdZ0DYTEYCUIDduM4iyx48W/WtL5ZoA5P8BDDvAdbVMMT7ANEzarVKkkPDckUnjDH+URtBewRPNUjE3bPYDGmU8fWGQTbDRpmYPLUOVl6oLZu1Tjb2IbsvyRAAskhkAgbiTnKocNHdbFnr3m/grd55073ZlkhhCdBzGQnTjQuxC4ZCKfOQhE+26exUuGR73j536mtQx7wkoUwm5UH6gvPPy6FdPePG1uenBZLnacmom9G0qKAmjr9hzVNEoFUF1BXrFgv83UrF37gsL0cL/TwlMRWrXABFQczhXuKhouQTtOlC6jVVEBtZV7esR3/uaEDsm1ZvJxs1x/jfRoiYKsKqjVrVsl2SxkyQ4y/OnVqGqES20/DY38hduCIkd+bwwy+HvW9emrVDW2rdwpyOwEV12GisFNPn0Togt+27zExXgfpCbYnVKTAlrg3Xx9stoM4Cc9F/eHJhYlBND5GQNWYr3+MeNFJUtfnY0mABCIIuJ3I3U5Ahafab7/tNt7nB1SgwaFS2HLrnDob2RCOgPoff305g8gaGT9sydLVggUweLYizuoZjdn82O8H3cRigyGgIiSL49HPDkECfiTgdtyG1xUHNmEsDFJvKefAE3wPIRLxPXv17JzhgCd897XONeAhHnmAU1Z5Zcf2p0mz5fLlK2YuhvnEt3ryNeYxTjgihPjAydKRsQjnzV9q5iiRiyAIMzRd7c6ruqASGXcd4gd28uBZkQmHsSBmYDv1JI3cju/YrvBDYXA/YsnDOz5cKPFjP2KZSSCoBBJhI8PZrFq90dgXhPMIXwiO5Ic5C+wIHGeySrCx//dvH5u5C0LC3amtQ76Y76xBDFR1rglPCBOHUG5YYMJ8605teVD7g5fqlei+ibpRQPVSC7MsgSSQagIqPAiw1cF5MceqHeKghp/Ois/ggRCPgAqvpnHjJ6tgMDiDp2Z2nejkyTO6vWKU8aCK3G4Wfh8EXvx4F9VTYeG9GjnJ/+Szb6VO7ZpGCMb2VniqhqdwcRPb/v////7ExDBD7MFoyfH0wna3uircYvtt5Gm52L6PH3B4piJRQA2kuWClAk7A7UQuOwH16NETKphOMAtL8B7D4gxsCGI/w35FS7EKqPB+e++D9EP0flLvOZyUW/X3sACx2GAKqAHv0ClSPbfj1sGDBQ5socdWU5w2H5nGjZ9itqI6ixP4HgdMfvDRKDN3qlH91lbW2+WFmKnR4ghiZwu2yiPW/Nx5S4w3Va+eXUJFwRwDc5rXXhkU8ko3Xqafj9H5Tg0Tg91JEDThxdW4Ue0Mnzvfw9urWbMG0qhh7QxVRbx37DjCnKptm2aZOGC+BI+y9mrLnHjvuAgL7k78+fB4hynS/VhNEvA8Abc20jlIN7KCiOH+8+Q58te/pAuoCJkWuVCDMCXw+Oynsd7x7oSEmKTh3qf4DIs2w3RnIZxhyukunDuxdU658M76hdpQJw/nc8RGPar543wOpDux5Z5v1IAU0G3fzK76FFAD0jlYDe8SSBUBFT9kR/RFfqr+mOBHbtDAvqZRHC8FxPvCNnVMhHFqPUTHeARUTOxH6RYwxKS5//dDUE6cOC1L9XT7BhqIHB6kP/40S2rdXU1qqNdpnty5TXwtvDi8/dbQDNtWI3sPXixwAjVSpCcEPsMBLcgHgmi0wx0ixU1sey1Rsph01xN3i6mHB15SEPO1gcbzAof9+w+beK6IAYsDshCHFUJ0T/VIgdcuPDkm6VY+nNjbRA+MQqKA6t0xz5KRQFYE3E7kIKBOnjJXXn7xSZP1jRs39fCZC7JDvdjxMgCBpf8jD4a8yebNX2bsHQ7Yg01BnK41azeZFxGERYlVQMWz4O2GBSW8eIR748digymgciwEgYDbcYu6I6wO4gA/9WRvKRa2qwRzAEdMxenzw7+eKNiijth/F3S8ztZ5QL58+UJzqVjzgngJT9OWeuBkubKljK1YvWajbNI4g889O8CEDsKcpKvOmzA/chIWXj4dNlrKlimlAmZLsysGnqTYKfOi2p1wURZzmEWLVxqP90hBM/2QrBFmsTc87jFivWIXTX2dn+HAzPCEeZCz1X/Z8nU6R/xVYxi2N7YL4gdEY4QSwSIREwmQgPcIuLWRH+tCTP4C+c34xrkXCGd38NARc5guFmDw3gN7hneyqlUqmUNzSxQvZmI7L1iw3IQ4eUHPocBhURBjEXaoloZ6a1j/HhNqCCGNYE9KlSwRcuSJxdbhnXayzn1wUK8Twm28HoB8TN9zu3dvb2z5tt92CeZaT+oiV/XfF7liteXea8Hglsht38yOCAXU4PYX1swjBFJFQEXc0GN62AHiefZ6qLP54XISJttL9D94F9TVyXNVvWbTpu2h7V0QOhETFS8PTsLBBDU0Xhe8GJw0fsJUI1o2bVLPfIRA4viRxYsBfuxK6DMb6MsHvBswGUcsHDwXXg/Xr1/Xw6XKSpcubcyk/HYJXrQQCPo93D3TpfCoxUpkn97dTEiAyIQDF/BjinhiSIi/g1hmCGYOkQPb5ObqtjhsV7t06YqU1FiF96rnmCOO4rl4OYEAgmcVL17EHMbQqGGdW3w03iGe0TyMD+IGzVFhl/EGb9e6/J4EkkPA7UQOh0RhmxhsqJMK6ksH7CbCiDRocE+mCkG0wX/wvEc85Zo1qhg7Au8MbOHFywBCgoQnhCVp3aqJ8Thz0gkVPkZoSIAeD3aUumEH28VigxECZY8uAEUevJAc+nwqCbgj4Hbc4kUdcdQxV4lMWMwIP3wJW0FxgBLisBfQU6Wx1RTxSh2BMta88CyM+3XrtsiJk6d0sTa3CQPQWeON4l+ECYKQifik+C48YY4yU8MA7dq9z3xcJa2idOvW7ndh49aVWMBtpAfNRR44hStWaciPzRrz/qknMh58hcND56vgES1h7hPuDYvQT1gMRyxV2CvMcyJjs7prSd5FAiRgg4BbG4l3NyzUbN220xyYh4SDgJs0rifNmzcILQpDHF2ku/BwtgWcXGAjcYZEV32nC/fqP3rshCxevMrYMJxXUVgdeuCsgsWX8HjMt7N1mPeM1BAqeM9zDrOCbcWiMMLHXb5yRRejSklHzTdyd+HtbLkN/swzawJu+2Z2TCmgsseRgGUCqSKgWsbI7EmABEjA9wRsTOR8D4UVIAGPEwjSuMUuIHiVhguWicSPXUiVdZE6cvt+Ip/BvEiABLxFIBE2crM6wyzXxRNnB6O3asjS+JVAIvpmZN0poPq1N7DcviFAAdU3TcWCkgAJkIBVAjYmclYLzMxJgATMgRFpFYuTBAmQAAmQQBQCibCR2GmzavWGqDv/CJ0E3BJIRN+kgOqWPu8jAZcEKKC6BMfbSIAESCBgBGxM5AKGiNUhAc8R4Lj1XJOwQCRAAh4iQBvpocZgUTIQsNE36YHKTkYClglQQLUMmNmTAAmQgE8I2JjI+aTqLCYJ+JYAx61vm44FJwESyAECtJE5AJmPcEXARt+kgOqqKXgTCcROgAJq7Kx4JQmQAAkEmYCNiVyQebFuJOAFAhy3XmgFloEESMCrBGgjvdoyLJeNvkkBlf2KBCwToIBqGTCzJwESIAGfELAxkfNJ1VlMEvAtAY5b3zYdC04CJJADBGgjcwAyH+GKgI2+SQHVVVPwJhKInQAF1NhZ8UoSIAESCDIBGxO5IPNi3UjACwQ4br3QCiwDCZCAVwnQRnq1ZVguG32TAir7FQlYJkAB1TJgZk8CJEACPiFgYyLnk6qzmCTgWwIct75tOhacBEggBwjQRuYAZD7CFQEbfZMCqqum4E0kEDsBCqixs+KVJEACJBBkAjYmckHmxbqRgBcIcNx6oRVYBhIgAa8SoI30asuwXDb6JgVU9isSsEyAAqplwMyeBEiABHxCwMZEzidVZzFJwLcEOG5923QsOAmQQA4QoI3MAch8hCsCNvomBVRXTcGbSCB2AhRQY2fFK0mABEggyARsTOSCzIt1IwEvEOC49UIrsAwkQAJeJUAb6dWWYbls9E0KqOxXJGCZAAVUy4CZPQmQAAn4hICNiZxPqs5ikoBvCXDc+rbpWHASIIEcIEAbmQOQ+QhXBGz0TQqorpqCN5FA7AQooMbOileSAAmQQJAJ2JjIBZkX60YCXiDAceuFVmAZSIAEvEqANtKrLcNy2eibFFDZr0jAMgEKqJYBM3sSIAES8AkBGxM5n1SdxSQB3xLguPVt07HgJEACOUCANjIHIPMRrgjY6JsUUF01BW8igdgJUECNnRWvJAESIIEgE7AxkQsyL9aNBLxAgOPWC63AMpAACXiVAG2kV1uG5bLRNymgsl+RgGUCFFAtA2b2JEACJOATAjYmcj6pOotJAr4lwHHr26ZjwUmABHKAAG1kDkDmI1wRsNE3KaC6agreRAKxE6CAGjsrXkkCJEACQSZgYyIXZF6sGwl4gQDHrRdagWUgARLwKgHaSK+2DMtlo29SQGW/IgHLBCigWgbM7EmABEjAJwRsTOR8UnUWkwR8S4Dj1rdNx4KTAAnkAAHayByAzEe4ImCjb1JAddUUvIkEYidAATV2VrySBEiABIJMwMZELsi8WDcS8AIBjlsvtALLQAIk4FUCtJFebRmWy0bfpIDKfkUClgn4VUC1jIXZkwAJkAAJkAAJkAAJkAAJkAAJkAAJkIAVAmkViyc0XwqoCcXJzEggMwG/CqiJNjbsGyRAAiSQ6gRsrISnOlPWnwRsE+C4tU2Y+ZMACfiZAG2kn1sv2GW30TcpoAa7z7B2HiBAAdUDjcAikAAJkIAHCNiYyHmgWiwCCQSaAMdtoJuXlSMBEoiTAG1knAB5uzUCNvomBVRrzcWMSSCdAAVU9gQSIAESIAEQsDGRI1kSIAG7BDhu7fJl7iRAAv4mQBvp7/YLcult9E0KqEHuMaybJwhQQPVEM7AQJEACJJB0AjYmckmvFAtAAgEnwHEb8AZm9UiABOIiQBsZFz7ebJGAjb5JAdVigzFrEgABCqjsByRAAiRAAiBgYyJHsiRAAnYJcNza5cvcSYAE/E2ANtLf7Rfk0tvomxRQg9xjWDdPEKCA6olmYCFIgARIIOkEbEzkkl4pFoAEAk6A4zbgDczqkQAJxEWANjIufLzZIgEbfZMCqsUGY9YkAAIUUNkPSIAESIAEQMDGRI5kSYAE7BLguLXLl7mTAAn4mwBtpL/bL8ilt9E3KaAGucewbp4gQAHVE83AQpAACZBA0gnYmMglvVIsAAkEnADHbcAbmNUjARKIiwBtZFz4eLNFAjb6JgVUiw3GrEkABCigsh+QAAmQAAmAgI2JHMmSAAnYJcBxa5cvcycBEvA3AdpIf7dfkEtvo29SQA1yj2HdPEGAAqonmoGFIAESIIGkE7AxkUt6pVgAEgg4AY7bgDcwq0cCJBAXAdrIuPDxZosEbPRNCqgWG4xZkwAIUEBlPyABEiABEgABGxM5kiUBErBLgOPWLl/mTgIk4G8CtJH+br8gl95G36SAGuQew7p5ggAFVE80AwtBAiRAAkknYGMil/RKsQAkEHACHLcBb2BWjwRIIC4CtJFx4ePNFgnY6JsUUC02GLMmARCggMp+QAIkQAIkAAI2JnIkSwIkYJcAx61dvsydBEjA3wRoI/3dfkEuvY2+SQE1yD2GdfMEAQqonmgGFoIESIAEkk7AxkQu6ZViAUgg4AQ4bgPewKweCZBAXARoI+PCx5stErDRNymgWmwwZk0CIEABlf2ABEiABEgABGxM5EiWBEjALgGOW7t8mTsJkIC/CdBG+rv9glx6G32TAmqQewzr5gkCFFA90QwsBAmQAAkknYCNiVzSK8UCkEDACXDcBryBWT0SIIG4CCTCRl68eEkOHzku1atVjqssvJkEwgkkom9GEqWAyj5GApYJUEC1DJjZkwAJkIBPCNiYyPmk6iwmCfiWAMetb5uOBScBEsgBAomwkVu27JDlK9bJwKf75kCJ+YhUIZCIvkkBNVV6C+vpGQIUUD3TFCwICZAACSSVgI2JXFIrxIeTQAoQCPK4nTptnlRJqygNGtxjpSWHfT5WHh/QU4oVK2Ilf2ZKAiSQfAKJsJGbN29XAXW9DBpIATX5LRqcEiSib1JADU5/YE18QiCVBdQpOjE/dvSEDB7Uz3Ot9e3on6SabhNp17Z5lmX7bftumTxljrz1xpC4y3/27Dk5cPCo1KldI5TXmTPn5Isvx0nvXl2lVq1qcT+DGZAACXibQDwTuWPHT8rCRStk375DcvbseSlcuJDUrJGmNqyFlCxZzGrFYS937toXekaePLlVECkqNfT5bVo3leLFi4a+26xeJBBlXnzhCSlcqKDVcjFzEsgJAvGM2wMHDsuChStk776Dcu3aNSlVqoS0btVEmjSum6Hoe/YekDlzl8jhw8ckT548Uvue6tK1azspWCB/6LpY8rp69ZqsWr1B1m/YJidPnpbr129IubKlzFyndtj8A5neuHFD/vmvL+WZwY9I2TKl5PTpszLrl8WyS8f69evXJS2tgnTTMpQrWzpUhnf0+gu61TZa6ta1rdyr9sBJBw4ekbHjJssf3hwiuXLlMh/Ddk2fMV/O6L9DhzyaKRvMi2bPWSw7duw1ZcCz27dvKXfXrJoTTc1nkAAJuCAQj43EuxZs5KFDR41NKlGimNSre7fc166F5MuX15QG18CWRCbYlReee1zKqo1D+mr4BH3XOpLpuvr1akm/vt1Dn8di6yIzicX+4p5YbLkLxLzFJYF4+mZWj8yhLfzbb7qsM28jAd8TGPt/qmgdcunkUeTmzVtDwfkb/6b/jcll+t/p/zlVj/zs1ve47vLVXJJWsXhCOSXC2Jw6dUa+GjHReB107NBKat3tLYHw02Gj5dixk/LGa4OjekbgR/wf//xc8DLyH399We666664GK9YuV5+XbJaXn91UCifa9euy6LFK/RFql4GASKuB/FmEiABzxJwa1thq74aMUEF0yrSoP49UlTt6mm1sZvUY2P7jj3y9ltDJW/ePNbq/eHHowQvIM2a1jfPuHL1qhzVxbGVKzfIocNHZcCjD5kFKSSINuvWb5X297WI225aqxAzJoE7IOB23OKl/7vvp0vLFo00rl+a5M2XRzZt+k2WLV8njz/WM7RwekhF0+E6vlu1bCwNG9Q2AuVsFTJz67xjyDP9TUljzWv+gmVy4MAR41EKsRYiJMTUVas2GKGhXLlbYihsx/QZC+TVl582cx3Mi8qULvn72M2t5VxrnvuSLoYUKVLYlOP8+Yty5cqVDPSOaNzCCd9NM4vl8GZ10i9zfhXENez5UGfz0dp1W2TGzAVy+fIVza9QpsVppwyYN3Zo38oswGDhBsJy/34PcKH5DvosLyWBnCTg1kbu2LlXRo+ZZGxko4a1JX/+fILF4kWLV5l3M4z7dNuxWWbOWiTPDx2QoVp33ZVLiha95d3+/odfm3eqxo3qZLiuYMECITE2VlsXnkGs9jcWW56T7cJn2Tm8lQIqexYJWCaQqgLq1OnzJF/evFK+XBn1htjouS0ZeFHA5LxI0cLSt8/9mXrB0mVrZbu+OGDynggBFXF9IKBCsGUiARJITQJuXzIm/fyLLvickGez8NiyvT0WAmrzZg2kSTq1fwAAIABJREFUzb23vMucFvzxp1nqLbZHXtPFIcdbJDVbl7UOKgG34xYep5evXM3kif3l8PFmbuQIi+MnTjVL6I/27xFCCE/NDz4aKY892sMsQMeaV1Zt8Le/f2J2u2ABxklTps6VAurh2qVzGyPqLv51pbz2yiD1gM1tLsEi/bAvxurCTVX1RG2bZfOOGfuz+e6Jx3tluObjT76R7t3bh7xHf/hxpvEsO6WerkuXrck0H8KCEHb9wGMVXrhOWrhopS7KbJFXXnoqqF2M9SIBXxNwayPHTZhi6o1F2MgEm+fYAQios1RA/ePbz2XLCQIq5ikQZLNKbmxdrPY3Flvu64b2YeHd9s3sqkoB1YcdgUX2F4FUFFDhPfGB/oi99MKTxmvh/Q9GyACNgVWpYrkMjTdRPRZqqEcVPJbgmXBFXzSqVa0kvXp1kSK6PRUplmvOnb8gS5euka3bdukWtDNSSIVR/Hi2bdMsy84CARVbzZapUNrzoU5SqVL50LWXLl2Wz3Vrfa+eXeSbb38MCajwSsUP78ZN24z3au7cuc02uwcf6Bjy/kJ5a+pWM4gd8MJCOVauWm+8NsITXpRwL4QJxAfD9jlsX/n+hxnSp0839dJYaLbyFS5cUL1BWkrTJvVCt8O7d+bsRbJ7937Jqy8Z1apXNtvswAzbUj7SlxaUNTxh+1vky42/RhJLSwL+J+B2Ige7AE+ycIElGg3YECz+7N6zXy5cuCilSpaQLl3ahHYAxGpjIvPOTkA9r895973hxl7C6wN2a+L309SrbWAom11qq+aqF9mRo8dN6IGG6h13X7uWakPTPfsvqs3Ftt5tasPhdVdPvV0hGi1YuDyDaIwYaQs0jMFx9VApWLCgyadjh9Yhwcf/PYQ18CIBt+M2q7p8oyExsK3+/m73GZESu1169ugs9evXynDLyFE/SPnypaX7/e2zxBKeV7SLMLaWqVgJL1RsmYcnFhKei3HrzM2wPbaoLig/1KNThmzg0bpl607jvRotYbsqyvm8fl8+zLv1qM6BRnz9nfzxD0MzeaLDRkUTUCGSwsvs7beeDW35xzMx74LnKjxlS5ZM7I4rL/Y3lokE/l975+EuVZGt/SIjknNOknMykJNiAFEUFBAFHDGOk67j3PsPfPeOOjNmBUFFUEAQA0GQKCgoOYgEQXKOAoIk/dZbx2p29+k+Z5/dXaf33v3W88yDA7urq35Ve3XVW2utChoBrzYShy84AI61O7H9T6WA6tXWxRuTVNryoI15UNrrdW7m1D8KqEEZfbYzsAQyUUDFgvugbOQRooby5ZIVWlCM3fwjVw3CHRDi30rygSHU66Ppc7XQ2l9ERBQ3zyAMbfv23Vkha7K4PnTomPpw2mw1+P5+EjaXFVYaWyCg4pSyhGzCkVfQhMnhOSzUsTlvKHlJIaQaD1R4hCxYtEy1aNZIVa1a6ff2ztGbHmziTXuxcWjSuL6ICU1UjRpVZfNQQCdGx4bh8UeH6nQOEF8Rwv/cC2PUkMF3qnp1a+pQXCwmEAIHbw9sFNat36wQBve4bBzQN4jTY8dNkVDa5iIAt9Z1I7xtr+RFHCGhfsgHBPH011+zckCcPfuz7gM8T5z5VwP7QrHhJBBgAl4Xctt+2KltIw5KYOcS5RZd/s1aLbQ2FvuDg6T1Yj9g35DHGaFxbmxMPLw5Cah4/i2xSbXl8OvWW7pGvsPYzb17D2p73E8E1oZyaHT+/AUtsMLOoz8ob787TdvE227tJja5mD5Qw6EYUqf8WcQUFORlnCz28dY+XXUux5MnflKzPl+kKkjI8UCH516Apweb7lMCXt/beN3BYSq8pLA+Qg5h/P+XXnlXPTxioF5XOMus2YsUDijMWiq2vti6nP8O8RK5ALEegC0YIuuhKlUqRh7Be/nJZ/PU0089pP9u9JhJqk2bplE5TPH3OAieKxFFz/ztkbijM15SNSFn4V39oyN5cPhx/MSphBE+8QRUHIa/IYfKTZs0UD2636DXYbt279NrSKQMMcx8Ok3YLBLIWAJebSTsC7zOsefBwWmitY0J4e/cqZ1ENW4Wu3lOUpSU0XlSGzW8ercEbCvWGXAmQb54eNM3bFBXe9nD2z4ZW5eb/U3GlmfsxMmHjnudmzk1jQJqPgwcvyKzCWSagIrcMvgBw2Ia+fpQTCjao6MGaxHQFIijxWWzPPi+fpG/Q5g78oWaXKFunok3w+ARUadOdZ1HK14xAipEzvcmfqw6tGuphdAT4g37/gefqsdGDdGesU4BNV49EIt37z4QSVGA9kIIiL04K14IfyIBFUKo0yP2hX+PVX1EmIB319KvVmnP09hbKl+Bl6+EwDg3YPAwwelohQpl1W3iJctCAiSQXgLJLOSQgwv2EcIHPDZq1KiiNwbITWouaIntHcSTfz4/Rg0d0l979xsBNScbE49QbgIq7C3ahIMv8x1GQJ0o9hTf7bTFxrZClMFlMVOmztLhvPCAMwVeIgdFADIC6oSJn6hKlctH2TIIRLC5+G1B7kYWErBBIJn31tke/CZjXuNPHPCi4F1A1AgidipWjJ7Dc8Ur+/jxU2qoHLLGlnh1OZ+BBzoOK34+d04OUrboNBsjRaQ16T4Q5YI6+kiIPcrLr74nYkQ71b5di6ivwqVwyOP6P/94PFsbtoln6nT5N4TWQ0R1lnES+o/oGRzmxJZEHqh4bveeA1pQARcUXA7TX9IsvSOHLPcOuFWLIywkQAL+IpCMjURkCWzCfrlwD2uAOrVr6FzQOGAyBYeqM2ct1H+PQ2SIod+J+Ir94pD7xQnl92eR9uTs2XPitd9ZVZMDKUTsLRQnFNT70LABnm2dG/vr1Zb7ayTD15pk5mYiGhRQwzdP2COfEcg0ARVC4SoJt4LHpLMgtB2hY84wDWx8cfEITgav/khKnpuFy3XYF4qbZ3AhATyv9sjCG5sGuHieEM8HhOgnytvlFFBxSglPDHiHfvzpF/qyh+s7tNShqLEC6hq5iGHrth/V6Z/O6vbBwwKiJbxHTHtr1YIHaZZnlSl5EVCffebRqJBUCNIdb2yr2rdvoT1UIVDgcghnQb/h4QuhwpRly9eo77/frkNgTU4zn70ebA4JZBSBVCzkcEh1VELh4XW+TvJLFy1WRA0berdOIwJ79K2IrAjVvyjPocAWIk0IQuKNuJmTjYk3ILkJqG+NFQ9UObCK54H6f8+N1l5wTpulL0CU0OKnRDRFipN14lHyWEx+Q9jMr+VmXiOgIswZvx8QjJ0FAnHfO3rojRULCdggkIr3Fu2CAACRABt5E0qPKBGIlyOHD1TVqmX3QEVKoXipO+LVlVPf4eWNiJxePbNymUJoQGSKWTNAxMUlcbF5juEhhqicv8XkHsQ7bN772ANaeH+NfmuyXsfFu9wuJwHV9MGkPUIaIzD494tvZ7ukysZYs04SIIG8E0iFjUQaN1xKiUPVbyUCBVF2PbrfqBsDO4m9WhPJoewsk8RJpJB4mRovfaQbgXDqzAu/b/8hnU7EePnn1dbFo5FKW5532vxEXgikYm7Gfh8F1LyMAJ8lAQ8EMklAxYIaG20snmMXzdj0w0sKoaRYEKNAHMWpYfduWT+QKLF5btw8A3EWoV939u0tYe9ZXhAQGuHNEStkmu9xCqj4O4SYXpGQeggQyN2H3HyxAupqCcNfKmFpuNQB4acIL4VH2Pdyq65TQI0VhVF/XgTU2EurnEnRJ384UzytkDstWqCNnZoHZJM2SW62RGoCemZ5eHH5ERKwQCDVCzkcHiH8t+/tPSX87TrJNz1BNW5SX3UVzy+E7aI898JbkRusY71DTRdzu3jBTQ7UfpK7umWLxtk8UJGmZIDcpAtv2XgFBz24aNBEHZhn1qzZJB73KyMCaiKh9Pl/vSWh/931Db4sJGCDQCreW1zYlBU9cre+gd4UrJue/9dYfQjgvOAJ/w6va0SjxB4EJ6orp77PmLlQwV5g/YIDFqwPnLlGsbYoU7pUtlyES5auUNt37Imsccx3rN+wRectfuLxByI5682/QfyApzy+K15xI6A6Pwe7Bc9diLhIRcJCAiTgLwKpsJHOHmFNAPvy9/8alS2HsvO5JUtXyv0XiXM041nY2P/955s61Q/S/+TV1sWSTqUt99cohrM1qZ6boEQBNZxzhb3yEYFMElAhJM6YuUBycd4b9zZmLNjhPWROFN2Io26eeWP0+3LJUrOoS6NwwohLmtwKqMivhTx+8MhAqDxKrICKsDKkI3BexoS/Qx7X3ARU5DJduGh5lBdHohD+nATUL5d8q3ZgMzNyUMJZjk0SPGc7dWwXdfmUj14LNoUEMpKA14UcDnaQ/iQ2VB8eG/956R0RPbpJHuVaCqk84HFuLuwz3m3wzmggOZ1tCKjwxIDAAgEUB2ex3wHPj+rVK+sLc+IV83zsBTHTPpqj9ovniPFAfVdyLeKSGmcUA2zv22LrGMKfka9TvnXa63trGohQfITQP6jF06tpKsy/T532uSog+cyduXzPnDkrXqLv6/UGcqS7rQs5U+PlEcSaoGbNqtpLHOsIhLni4jdTkJMUB8JPPj4sErGivUxlXYT86c6DbqxdsMZq1bJR1N+buvDOt23bPOGhRiIBFfbsjHiaVXBE2KANWDsWltRI8KRnIQES8B8BrzYSdq5UqZLZOoQL5WbNXqyefSZLQEWUXdGiRbNF0+HWexRjO0+fPhvlfYp/O3LkuBorKUVwEV5lWUPkxdbFNiyVttx/oxjOFnmdmznRoIAazrnCXvmIQCYJqLEhYrHDgFAwnCji0oKiRYukzAP1sxkL1OEjx3QIB7yuFn/5jdosOXXgzeFWQEVbIVI4F+6xAqrxuEDushriFQLBGBc44TtzE1Bx+/TYcR/qdAVNJQQF4XvIlRrvEqmcBFR42qIeiMM3SHjLNcWLK4SnYEFwl+QJQ9jKp5/NV5flIpkBd90SGQIIL4nyJProdWFTSCDUBLwu5CBiYBPRWi7bq1C+nNiPYuqUePojXP+0bECQPxE2FZ6iEEkQUnvp0iX1+dwlOhwOuQOTFVBx+IUQX5SLUjcOnZDSBN5ssL24RAolVkDdKZc/TRUP/x7db9KX60EQ+WH7LhFdd+v81wjvx2+H3K2n+sgFUaVlM4Ubw1ev2ah+k8vwjICKz+AiLXjfN2l8nRxmnVUz5ZKdKpUrRi4dDPXkYefSRsDre4sGIyWRztM3uJ+e26YgysWIqQcPHlXjJ0xXN1zfSqeiwGWRCxcu04KBM9+5m7ogXuIQtYOkIaos+UNxoeS69d/rNdHDIwbpyJwxEl7fSy5tQVoPUyBeIjKnUsXyqkuXDqqQ2Bt4ku7cuVeNkhzDTlEWQis8x3FoEusRmnWx1Xvqz0+PiFzaYr4D/3b58mW1fsNmadMWNfzBAXpdYsJt9+47qCZNnqkPw+vWrSE27LKO3kHoLqJpnOuztE0GfjEJkEA2Al5t5JtyEFNM8pl2kBRlWdFyBeQS4iP64jhElZiD1zlykR1yLiOsv1rVyjpKcJOkKINtxZ0TNeXCXqwJsAZqINEuLWT/V6ZMKXVScqBiT1i+XNmI84sbWwfBdrZEDeCS48qVKuj+urG/bm05p1D+EfA6N3NqIQXU/Bs/flOGEsgUAdXc9o4FuvMiEOewY6M87u2pWtSsX7+WQuh9XfGsaCeeCqZgs79YvCOMIOnmGSzIP5+zRG3ZukMLk8jhhcThONXEj228MmnKDNmstFbX1a+dcGbiJHO8bEaefurByDPYOEC0QF+aiKBQW/Kdbt68IxKqhvYiATrylcYWpABY9s0afesu+owk58hDdv+gvvqiBAgROE3FZSrOMuH9T3Rb4QWCYpKi7xZhAkIpNjzYLGHjBYH1FcmnBpHCWcDFGa6Xoa8ju00CaSXgdSEHQWTlqg1aeDwht8/DAwx2FgIIxAZjc2EbEKqLDQhyjva5uYtasGiZ3FzfTXulurUxsZBwGd0usTem4PAHmxNcFAgbi/82BV6hsINPSmivKfgs0p/g+wsXLqwPoDp3bq//RIHd+mLeV1qsKSiCSnOxZfAUwU3eTnuIC22+XrZaHTt2QoSbYlpQ7tb1Br2ZYiEBWwS8vrfYqCPFBoTA2IIDEeflS7skvH+xXHZyWLylikuYOkJNka/UCJRu68J3QVTYKJeunDh5Sh/UIg1Aj2436D+RExkHFshPin9zFtiP+QuWKdx8j1KrpuRzlwOL2DRAiAxqKZE6sRdO4TNr5VBli+SJx8UuzoJ2vfjyO3FZwMvWrMV27oStWCkXyB3VHu3I29pd8iBSPLU1u1kvCSRPwKuNhFCJgxqE4ePCPJSqVSrKb3tT1a5d84jjB/ZcOLCFZ+rRoydx1YUWUiFwmsNbfPaorA2WL1+rbdi5c79IyrgS4kzTQF9i6Uwtl5utw4XCEyWFyp39eutUc27tL9qQmy1PnjZryAsBr3Mzp++ggJqXEeCzJOCBQKYIqB7Q8CMkQAIkkFEEbCzkwgoQuRf3SB7FYUPvCmsX2a+AEAjTe4vIGRxUOMP3UzkMc8TrvYZ4gzEncSqpsi4S8DeBVNjILeIlv0ocTZxe9/7uNVsXBAKpmJux/aSAGoSRZxsDTYACaqCHj40nARIggZQRsLGQS1nj0ljRZMlx2FDSkiDXY3EJ50NaEnjS9pF8jRRi0jgw/GpNgO8tJwIJkAAJJCaQChu5e88BuVByk7q7/9X0Y2ROAskSSMXcpICa7Cjw8ySQRwIUUPMIjI+TAAmQQEgJ2FjIhQEVNk4rJIzv4MEj6vwvF1TZsqVUh3Yt46ZCCUN/2YdgEeB7G6zxYmtJgATylwBtZP7y5re5J2BjbtID1T1/PkkCnghQQPWEjR8iARIggdARsLGQCx0kdogEfEaA763PBoTNIQES8BUB2khfDQcb4yBgY25SQOUUIwHLBCigWgbM6kmABEggIARsLOQC0nU2kwQCS4DvbWCHjg0nARLIBwK0kfkAmV/hiYCNuUkB1dNQ8EMk4J4ABVT3rPgkCZAACYSZgI2FXJh5sW8k4AcCfG/9MApsAwmQgF8J0Eb6dWTYLhtzkwIq5xUJWCZAAdUyYFZPAiRAAgEhYGMhF5Cus5kkEFgCfG8DO3RsOAmQQD4QoI3MB8j8Ck8EbMxNCqiehoIfIgH3BCigumfFJ0mABEggzARsLOTCzIt9IwE/EOB764dRYBtIgAT8SoA20q8jw3bZmJsUUDmvSMAyAQqolgGzehIgARIICAEbC7mAdJ3NJIHAEuB7G9ihY8NJgATygQBtZD5A5ld4ImBjblJA9TQU/BAJuCdAAdU9Kz5JAiRAAmEmYGMhF2Ze7BsJ+IEA31s/jALbQAIk4FcCtJF+HRm2y8bcpIDKeUUClglQQLUMmNWTAAmQQEAI2FjIBaTrbCYJBJYA39vADh0bTgIkkA8EaCPzATK/whMBG3OTAqqnoeCHSMA9AQqo7lnxSRIgARIIMwEbC7kw82LfSMAPBPje+mEU2AYSIAG/EqCN9OvIsF025iYFVM4rErBMgAKqZcCsngRIgAQCQsDGQi4gXWczSSCwBPjeBnbo2HASIIF8IEAbmQ+Q+RWeCNiYmxRQPQ0FP0QC7glQQHXPik+SAAmQQJgJ2FjIhZkX+0YCfiDA99YPo8A2kAAJ+JUAbaRfR4btsjE3KaByXpGAZQIUUC0DZvUkQAIkEBACNhZyAek6m0kCgSXA9zawQ8eGkwAJ5AMB2sh8gMyv8ETAxtykgOppKPghEnBPgAKqe1Z8kgRIgATCTMDGQi7MvNg3EvADAb63fhgFtoEESMCvBGgj/ToybJeNuUkBlfOKBCwToIBqGTCrJwESIIGAELCxkAtI19lMEggsAb63gR06NpwESCAfCNBG5gNkfoUnAjbmJgVUT0PBD5GAewIUUN2z4pMkQAIkEGYCNhZyYebFvpGAHwjwvfXDKLANJEACfiVAG+nXkWG7bMxNCqicVyRgmQAFVMuAWT0JkAAJBISAjYVcQLrOZpJAYAnwvQ3s0LHhJEAC+UCANjIfIPMrPBGwMTcpoHoaCn6IBNwTCKqA6r6HfJIESIAESIAESIAESIAESIAESIAESIAE/EOgZrUyKW0MBdSU4mRlJJCdQFAF1FQbG84NEiABEsh0AjZOwjOdKftPArYJ8L21TZj1kwAJBJkAbWSQRy/cbbcxNymghnvOsHc+IEAB1QeDwCaQAAmQgA8I2FjI+aBbbAIJhJoA39tQDy87RwIkkCQB2sgkAfLj1gjYmJsUUK0NFysmgSwCFFA5E0iABEiABEDAxkKOZEmABOwS4Htrly9rJwESCDYB2shgj1+YW29jblJADfOMYd98QYACqi+GgY0gARIggbQTsLGQS3un2AASCDkBvrchH2B2jwRIICkCtJFJ4eOHLRKwMTcpoFocMFZNAiBAAZXzgARIgARIAARsLORIlgRIwC4Bvrd2+bJ2EiCBYBOgjQz2+IW59TbmJgXUMM8Y9s0XBCig+mIY2AgSIAESSDsBGwu5tHeKDSCBkBPgexvyAWb3SIAEkiJAG5kUPn7YIgEbc5MCqsUBY9UkAAIUUDkPSIAESIAEQMDGQo5kSYAE7BLge2uXL2snARIINgHayGCPX5hbb2NuUkAN84xh33xBgAKqL4aBjSABEiCBtBOwsZBLe6fYABIIOQG+tyEfYHaPBEggKQK0kUnh44ctErAxNymgWhwwVk0CIEABlfOABEiABEgABGws5EiWBEjALgG+t3b5snYSIIFgE6CNDPb4hbn1NuYmBdQwzxj2zRcEKKD6YhjYCBIgARJIOwEbC7m0d4oNIIGQE+B7G/IBZvdIgASSIkAbmRQ+ftgiARtzkwKqxQFj1SQAAhRQOQ9IgARIgARAwMZCjmRJgATsEuB7a5cvaycBEgg2AdrIYI9fmFtvY25SQA3zjGHffEGAAqovhoGNIAESIIG0E7CxkEt7p9gAEgg5Ab63IR9gdo8ESCApArSRSeHjhy0SsDE3KaBaHDBWTQIgQAGV84AESIAESAAEbCzkSJYESMAuAb63dvmydhIggWAToI0M9viFufU25iYF1DDPGPbNFwQooPpiGNgIEiABEkg7ARsLubR3ig0ggZAT4Hsb8gFm90iABJIiQBuZFD5+2CIBG3OTAqrFAWPVJAACFFA5D0iABEiABEDAxkKOZEmABOwS4Htrly9rJwESCDYB2shgj1+YW29jblJADfOMYd98QYACqi+GgY0gARIggbQTsLGQS3un2AASCDkBvrchH2B2jwRIICkCqbCR58//og4fOa7q1qmRVFv4YRJwEkjF3IwlSgGVc4wELBOggGoZMKsnARIggYAQsLGQC0jX2UwSCCwBvreBHTo2nARIIB8IpMJGbt36o1q1eqN6YOhd+dBifkWmEEjF3KSAmimzhf30DQEKqL4ZCjaEBEiABNJKwMZCLq0d4peTQAYQCPN7O2fuElWrZjXVvHlDKyM5dtyH6r5Bd6jSpUtaqZ+VkgAJpJ9AKmzkli07RED9Tg17gAJq+kc0PC1IxdykgBqe+cCeBIRAJgmou3btU5OmzFS//fZbZHSKFCmsypcvqzq0b6lat2rietRQxyuvTVD339dXValcwfXn8vLgvv2HVKGChVS1apUSfuzixUvqjdHvqxEP3avKlCmV7Tm087U3JqqB996uqlapmJev992zc75Yokpcc43q1vV637WNDSKBMBDwupDbveeAmjR5hvr1118jGAoVKqjKlSuj2rVtru1rKsvmzdtV7do11LXXXpPKalkXCQSSgNf3Fp09cOCw+urr1WrvvoPq8uXLej10w/Wts62H9uw9oBZ/+a06fPiYKly4sGrUsK7q1auTuqZ4sQgzN3VdunRZrV23SX236Qd18uRP6sqVX1XlSuVVp47tVKNG9aL4w57856V31EMPDlCVKpZXP/10Ri1YtFxhLXflyhVVs2ZV1VvaULnS1TXYi/L8OQm1jVd69+qobryhzdX2HjyiPpw6W/356eGqQIEC+u/PnPlZfTFvqTotf44cfm+2ak5Im5csXaF279qvv6e49B8Cb5fO7VXVqonXaoGcWGw0CYSEQDI2cvuO3dpGHjp0VK9xypYtrZo2uU517tReFS1aRBNya3feHf+ROiB2J7Y0a9pA3X3XLZG/dmPrEg3Nxu+2qkWLv1G339ZdNWxQN9tjbmx5SIY9EN1IZm4m6iBD+AMx9GxkkAlkkoD63aZtavbnX6onn3ggMmS//HJBL8YXLFyu+tzSRbVt08zVcF6+fEU998IYNWTwnape3ZquPpPXh6Z/8oUqWqSI6te3Z8KPnjlzVgu5I4cPjCu0mnZC6L2ufu28NsFXz0/96HMRUIurvnck5uGrBrMxJBAwAl4XcrCtX8z7Sj35+FXbeuHCRbXjxz3672/t09W1bXWDDJuV3r07qZYtGrt5nM+QQKgJeH1vIQx8LOsMHHDUrVNTFSlaWOFwYuWqjeq+gXeoBg3qaG6HRDQd/95H6voOrVSL5o20cLhQhMxCBQuq4Q/do59xW9fSr1aKaHtEe5RCrIUQCjF17dpN6pGH71OVHQfSxn488dhQBeF1zNjJqmKFclqsLCiHyytXbdDf++gj96uSJa/V7fj55/Pq4sWLUeN9RPIWfvTxXPXgsLu12GkKRAbkNbzj9h76rzZs3Krmzf9KwXaVLFlC/emPw6PqwXrq9TcnaqEUgm/pUiXl+85pXlu3/aieEPtX8toSoZ5r7BwJBJGAVxv54869arI43sBGtmzRSBUrVlQdO35SLVu+Vnut33N3nzzZnVdfnyCHU01Vq5bRa5drZG9jxFi3ti52HGD7Pps5X8He4b+xd2zVMtoxyI0tD+L4BrnNXudmTn2mgBrkGcG2B4JApgmon8/5Uv39v0ZlG5v5C75WB+V08cEH7nY1bvkhoGLBDwH1zn69EraJAqqr4eJDJEBblYvwAAAgAElEQVQCLgh4XchBQJ0nQulf//Jwtm+ZOWuR+un0GfXAkP4uWuDukf+8+LYWUGM3B+4+zadIIFwEvL638Di9IFEs15aI9uR+Z/w0iaypGBEWp02fo+Cfee89t0XAwVMzK7rlNtXgujrae9VNXYnI//P50bLh76WaN7saqo/1Gjw8e/a4SYuUy79ZI4c0w8QDtpCuBhE2Y9/+UNWvV1s8UTsmHNQpH87S/4aDZGd5c/QH6hY5ODeHy59+Nl97lp0ST9cVK9erPz75YNTz8Jh9Qz6DgyJ4oZkCL1q0f/D9/aQttcI1udgbEggBAa82Eo4bKIMkii+2wObBGz9RiWd3IKDedGObHKNyvNo6iL04AENkwOtim2+5uXO2NZIbWx6C4Q5UF7zOzZw6SQE1UFOAjQ0iAQqoWaMGT4Sd4on68IiB+v/DK2HBwmXqhx92qUvidVC1akXVs/tNqlatLO8FI6AOkJCLLZJYHJ4S8MZoImEYN8uPF1IDmLJ6zXd68Q+xEyGtHW9sG8nnhZCQTz6dp0XSuSJAnDhxSg0dcqd4e3wclWqgUKFC6qknhmmvCGfxIqDidBOheN9v/kH3A6H9vXp2iniwIkn6oUPHdF+/+nqVKiupAZA0fboIuvVkc4BNBDw1kD6gTu3qqq+cchqvC/RnxcoNavceCW87d16VL1dW9ex5k95goUT6e2dv8fT4WocDIgy3S+cOqk3rppGu7dt3SPM/fOSY9izpeFNb7WkS64GaE1tsdNBWZ8Hp8V//PFK8VwoG8XVlm0nAKgGvC7mcBFSk3vjp1JmIeAHR4+tlq9W69ZvV2bPnxCaW1mG1zvf/1KnT2nMVdgTvao3qVVT3bjeqgxL6hvqcBeG7j/zhPm0vc6vXjQ2zCpiVk4AFAl7f20RN+UDScSCs/ubenfV79a//jFN33NZDNWvWIOojE9//VFWpUkE26l0S9spZV7yHzksU0EoRK+GFipB5eGKh4HtffmW8GiT5SatXq6xD7UuVulaHpToLPFq3btupvVfjFYSrop1/kH93pls6euyEem/Cx3HXA1jDxBNQ0aZx70xVNWpU1amEIDzDG3e1rJk2frdN/WHkIO2hxkICJOAvAl5tJERQeJrG2p3cepfI7rgRUL3aOmebYLNjBdRkbXlufea/eyPgdW7m9G0UUL2NBT9FAq4JZLqAilCtXbv3q5mzFqquXTro3F8oEyZ+onNi9enTRef4Wr9hi86BM0LC1RC+ZQRUeEcg9B/C4tGjJ9Ss2Yu0IGk8Nb5etkYW1lsVhNYq8vcQDCd/OFP1vb2nDo+D8IofaOT3uv76VhJGV0N7NsCj4eNPs0L4EV5WsGCBuKKfFwF10pQZqkjhIjqsFoLs93JiOfeLpZEwOIjJEFEriTDRqWNbHfKGTQ1y9yD8AxuHVpIvFiLzR9Pn6s1NfxFEUZZ/s1aH5DVuXF+VkM3FehFJIGogFA4bC9Nf1AmPEQjKEFLwnY9LmF55+f8nT55Wb42brFqLoAqx+ZKc8uLfkWoB3iEmhD83tlgsgKPZjE384FNVs0aVHDd7rl8cPkgCISTgdSEXT0DF+wePCBwQIbeX8fL6cskKbU/7y6ERbAxE0tmfL9YC6fUdsnKlwgMOwmivnlleZTikOnfuF8k51k7bFwgrPcQrDSH8yLUKW+2mXjc2LITDyi6FnIDX9zYeFoR+YpOPEP569WrqUNCXXnlXHy7H5vjEeudnOSjFs27qcj4D8RK5AJFTEGuFIeK9iTWSKXv3HlSffDZPPf3UQ/qvRo+ZpNq0aRqVwxR/D+FyrhyqPPO3R+K2Yfx70/Wa6q7+N0f9Ow6Hj8uB9V13Rv89HkokoOLf0N933p2mTp8+q9dkaD+EXUQvOb1SQz7l2D0SCBQBrzYS9gXrE+xXmoqDTKy3fiIIiewObGtDyR+NHKdwFIE3PfKUwsse+8lkbJ2zLfEE1GRseaAGO2CN9To3c+omBdSATQI2N3gEMk1A/WzGgmyDhMuXkNvrBhEwUSCo4kKUp//4UFQ+KwidyFEzQHLeGAEVebB6dL8xUqfJlwNvUWwKXnz5Hbnhta/21DQFguE28ZjAza9GUBwquVTrxuRSzUsIPxbyv9+BkK1/EBFNDtQ9ctnLlKmz5NKEEZF8O/jApzPma+EXnmAQK+HZifA184OOZyA+FL+mmBp8X7/Id3zz7Tr9LPobr2Bz8c/nx4hXbX/NwPQXQnR18Soz5YV/jxUhuqvOC4R8tD+KsDxK8pqZAq9ZLDxwcQUEVPz/3Ng62wMvlW3iTYzvhTcvCwmQQHYCXhdyEFBhW53eV/BQh4iKg6muXbIufsN7+28Jv8eBCw5DTMHBCzy+cNACMRSLfwgbJgdjbEtjQ/jd1uvFhnGekIDfCXh9b2P7hfcV3k/4E+HoKCZs/dFHBquKFctFfWSuXLZ0/LhEzcj6xU1dzmcQoXL+/AURJM/JQesW/Zs/UkRaeHuhIEIF7cABNcrLr76nD1Dat2sR9VU4XEEe1//5x+PZ2oB1FnLJP/7okGzi5jgJ/UfkCw57Y0tOHqgfTPpMr/9wgQzWjmfO/qy+XbFO/fLLRTVcLrtidIvf3xa2LxMJJGMjt2zZoQ9V9suFezgsqSMXWCIXNA6Y4pWc7A7SniDyBt6h1cQZB9E2C2XPhXofGjbAs62LbUc8AdWrLc/E+ZKffU5mbiZqJwXU/BxBfldGEsg0AdWZAxUbfB0CLj+MuOXVeA/ghxIXGjwmi25nWbZ8jXhObVZPPPZARECFmFi//tWcV8iJ89wLb2mPjBISmo4NO+p1LqrxvQglg6hpBEV4T5gE4uY78yKg3jPgVu3FGlvgrYUcYUZAhVABgRSXNzgLLtOCiIwNSmw6A/Mc+lJHPGRxUmrKho1btOCJsHgUeHR8K6IqQvUviliCgrQEEIsRxm/6++wzj0bymOEZiKPwNm3fvoVO2F5GmN1+a7eoNsJzFpc2QECF50pubM2HcbswNoUID4ztd0a+9Ow0CSQg4HUhZy6RQgirKRAZjhw9ri+bwWaje7cbtAc+QmBxgIPUHabs339IjRePNHibYSMBG4SDJtxMW0O8xuHh7/T8iBVQ3dbrxoZxcpBA0Ah4fW9j+4lIHIgE2MibUPqzIhBCvIx3USU8ULF2cOZGNXXGqysnrm+LVycicIzXOYQG5EQ1h89IyYNLPpE/0FngIYaLn/4Wk38Z4utbY6eo2nWqq9v6RK8l4P01+q3Jet3iTLdk6k0koCKN0PSPv5CDnoeiDpf15VLS3l7ipQZbx0ICJOAvAqmwkdi7HTp8VA579sqhyXpxOGkd5UCDHudkd/DvSDcC4dQcFOHv9sn6Bx75xss/r7YuHul4AqpXW+6vkQxfa1IxN2Op5IuA2vevO34L33CwRyTgjsDU/wfxr4D2XoThN8X8N/7M+m9cIZD131n/izwZ83dX/x3PXbhUQNWsVsZdY1w+5dXYYJMf7xIpCHYFJQzUhKFBKMXm3XmjNJoGL4PVazbpvzceqM6bavEMPC7/77nRWjBEvs53JXwsnjhquppIUMS/50VAjbe5QR2mnU4BFUnGH3YIHbHYIV7sFi/cESI4OgvEB5y4ItTWFC2gLlimL49B3199bYJq3KS+6iqeHfDARYGgjJsqnSkL/vvZx6JEZWdeIKdQ6vx+iKAQXbSAKpu83Njis9jcQUCGeMMbu12+YHwsYwkkY1sTXSIF741PxTv12WdG6YMPhLY9/dSDIpRmeZqh4MAFAgq83s3GAuLrzp37FA5AdkoqAAgrxvssVkCF6OOm3txsWMYOPDseaAJe31tnp7E2wu/+MAlFd+Zaxzru+X+Nld/dHlEXPOGzSHWESJLYC5wS1ZUT5BkzFyqkVMKlVLAHk2Rd9pc/jdAe6ShIfVSmdKlsuQiXLF0h+dH3RPLXm+9AmpAvxEP2CVmvmRzt5t8gfiBFAL4rXkkkoMJLfu2679Vjo6IP11FHVoqgqtkElUBPLDaeBEJCIBU20okCdgD2BZcSOx1kcrI7iVDCxv7vP99UA+WSvkaN6uXZ1sWrN1EO1Lza8pAMv6+7keq5ic5SQPX1kLNxYSBAAfXq5h1eFzVrVtWniwhzR1i685Rw6rTPVWG5HAr5TI0wibB/XLRgCjYg70uIFz4LDw6EmQ+4q4/OeROv5CSgIiQWJ56JFvmoL685UHFR1tRps6V9D0Z5gDnb5lVAxa28r7z2nhZekRcVxZx4GqHZ9DcnARUerdu371KPjhoc2TzBk/bFl99VTSTcDgIquOTGFt+PS2MKSY6heHnOwvD+sg8kkEoCXhdyOV0ihXA25HPGRsOk3oi9bRvCBLzj4Zkar+BACzkLza3YsDPwRIPXPAqEF9iD3OqlgJrK2cK6/ELA63tr2o9QfITQI48nLm2MLVj7FJA87Njgm4K1x2tvvK+jW+o50g/lVhdyiMbLIwjPdKy/bpVUPl8u+VaHuZp85/hO2AikDHry8WGR6BXt7TVuimosooPzYBfrM3hxtWoJz/erB76m7fD2atu2uRyqxvcWTSSg4vB5xqxFYqeycrqbgjRJr70hUTQ3tYvkcfbL3GA7SIAEsgQlL848sHPOw17DEndbzJq9WB8MGwE1N7uDzyJ3snNfib87cuS4dvTARXiVJToxL7Yu0djGE1DxbF5sOedN/hDwOjdzah0F1PwZO35LBhOggJo1+MihhVxWEFGxKId3Y0HxfNAXLUlI6QbxZliydKUa9Yf7VYUKZSMCKjYCuMwE4eknTp7Sl1FVriyXSElIPQo+g80/6oF3Ai5eQhoA/OAiFD4nARUXOUHMhACLH1V4X8bm78yrgIq+QeDFgv/m3y9xOnHiJ7Vi1QbVXMJlkQ/Mq4CKul9/8329CULI3KVLl9Tnc5doQRo83HqgZl0iNUVC4RrKJVbttLfz4i+/0RfSGAHVDVucEMObGGHFJj0CvFmMR0sGv/bsOgnEJeB1IWdC+J1e+7Ax8CL9Qi6og/1C7miUBQuXqU1y4/Yd4tGGgxZ4gs2UUGAcRLWWy+mwwVgk7zvCdatVrawvkUOILnImDrk/K9civPOPHz+p7uzbW3vLIew/t3rxOQqonPhhJOD1vc16H5frVEZDBvfTKXJMweVsRkw9ePCopNiYrvPEI0QdN88vlPe4aNGi4rF6V+QzbuqCeIkDjw5yYVzlSuUlcuU3WSN9rzaLp/rDIwbpPKtjJLwe4fBYV5mCQ9MxYyfrVEVdJK9yIVlDwZMU3umj5LDVKcpCaMVvPw6ynUIn6sq6JOs9fVjjzPFu/g1pmLBGWyd5WZHTFOsFI3jgAAhrkzKSpxV5nZEDFYfEy+TwZ//+w/oiThN5E8Z5xj6RQFAJeLWRb8pBTDG53KmDpBerWAE5oAuog4eO6EsrcQDjdKDJye6AG/Zr2CM1kEujWjRrqO3HScmBiv1N+XJl9WEUihtbh/XQbIkawKW+uHATBY4mOHhCgZ1CjmfkmoedM3bQrS0P6jgHsd1e52ZOfaWAGsSZwDYHikAmCai4xX3egq+1CBpbkFwbOfhwcREW4ucl9Buh6T+IJyQW+7h9FpcZGM9KiIWvvj5Rbpe+WW6s/07tkNxYWNA3kR8r/KA682phc4L/QRiECFpf8vnhhw2LcoSqTf1ojnhWDcsm7CEkfq6ID9+L1wPEiH59e+qcgM6CH9o35Ad5uFyOFO8GWNPOQQNv15dEoWATgB9/bFjwI1xWfsSby6YI+XzQbgi3e0TUQNi9s8CbExddtRPPDVMgji4WbxHk7kFBQnSE4mGBgXyjfW7uohYsWiYCcjfNDv2dNh39fTCq7gnvfyKbs9bakwQFt1POlw0achtCHMGFDTilxSIACwZTcmKLzdaxYyejvgebIVxUYVgE6mVlY0nAMgGvC7ndcjkdLt6DzTIFh0SwcTj0gL0zhxiwSSZNCrzWy5Qpqf/dpNjAv8MbFSIrNhdFxIO8jtidPnLpghF0sBGB6Lpnz0FdL/IbYzOSU71olxsbZhkxqyeBlBPw+t5i/fDSK+/qNUFswfvrvHwJl2sulgPdw/I7XFx+hxFqirQaZmPuti58F363N27cqg+dcSiMNAA9JM0O/kTOdKTzQH7S2ANjrC/my7ps1+59urm1alZTvXt3+l3YuNoDHJS0lAspYy+cwhPIb79l24+RwxjzKeMdH4+FSYGEZ2Gz4CGLtQ+EZLBAbvjucplo+XKpTVeV8onCCkkgQwl4tZHYI+GgZtsPO/WFeSjYP7Ru1VS1a9c8at+Wk90x2I8eO6GWL1+rbdi5c7/InrCEpEZpoA9knPvG3GzdCdmzTpQUKnf26x25zGrpV6sULsyNLTXErmKPaEputjxDp0jauu11bubUYAqoaRtOfnGmEMgkATVTxpT9JAESIAEvBGws5Ly0g58hARJwTyBM7y0OjOFV6gzfd08i9yfnSFRMDYkGShS+n3sNfIIESCBoBFJhI5HPHQ4zTq/7oHFge/1HIBVzM7ZXFFD9N85sUcgIUEAN2YCyOyRAAiTgkYCNhZzHpvBjJEACLgnwvXUJio+RAAlkJIFU2EhE2qxdt0nd3f+WjGTITtshkIq5SQHVztiwVhJISIACKicHCZAACZAACNhYyJEsCZCAXQJ8b+3yZe0kQALBJkAbGezxC3PrbcxNeqCGecawb74gQAHVF8PARpAACZBA2gnYWMilvVNsAAmEnADf25APMLtHAiSQFAHayKTw8cMWCdiYmxRQLQ4YqyYBEKCAynlAAiRAAiQAAjYWciRLAiRglwDfW7t8WTsJkECwCdBGBnv8wtx6G3OTAmqYZwz75gsCFFB9MQxsBAmQAAmknYCNhVzaO8UGkEDICfC9DfkAs3skQAJJEaCNTAofP2yRgI25SQHV4oCxahIAAQqonAckQAIkQAIgYGMhR7IkQAJ2CfC9tcuXtZMACQSbAG1ksMcvzK23MTcpoIZ5xrBvviBAAdUXw8BGkAAJkEDaCdhYyKW9U2wACYScAN/bkA8wu0cCJJAUAdrIpPDxwxYJ2JibFFAtDhirJgEQoIDKeUACJEACJAACNhZyJEsCJGCXAN9bu3xZOwmQQLAJ0EYGe/zC3Hobc5MCaphnDPvmCwIUUH0xDGwECZAACaSdgI2FXNo7xQaQQMgJ8L0N+QCzeyRAAkkRoI1MCh8/bJGAjblJAdXigLFqEgABCqicByRAAiRAAiBgYyFHsiRAAnYJ8L21y5e1kwAJBJsAbWSwxy/MrbcxNymghnnGsG++IEAB1RfDwEaQAAmQQNoJ2FjIpb1TbAAJhJwA39uQDzC7RwIkkBQB2sik8PHDFgnYmJsUUC0OGKsmARCggMp5QAIkQAIkAAI2FnIkSwIkYJcA31u7fFk7CZBAsAnQRgZ7/MLcehtzkwJqmGcM++YLAhRQfTEMbAQJkAAJpJ2AjYVc2jvFBpBAyAnwvQ35ALN7JEACSRGgjUwKHz9skYCNuUkB1eKAsWoSAAEKqJwHJEACJEACIGBjIUeyJEACdgnwvbXLl7WTAAkEmwBtZLDHL8yttzE3KaCGecawb74gQAHVF8PARpAACZBA2gnYWMilvVNsAAmEnADf25APMLtHAiSQFAHayKTw8cMWCdiYmxRQLQ4YqyYBEKCAynlAAiRAAiQAAjYWciRLAiRglwDfW7t8WTsJkECwCdBGBnv8wtx6G3MzfwTUv+z4LcwDw76RQE4Epv5vLfnnAqpAAaV+++3qq2D+G39m/bc8oLL+O+t/ptbYv7v673juwqUCqma1MikdBBvGJqUNZGUkQAIkEEACtK0BHDQ2OeMJ8L3N+ClAACRAAjkQoI3k9PArARtzkwKqX0eb7QoNAQqooRlKdoQESIAEkiJgYyGXVIP4YRIggVwJ8L3NFREfIAESyGACtJEZPPg+77qNuUkB1eeDzuYFn0BQBdTgk2cPSIAESIAESIAESIAESIAESIAESIAEMpGAjUjdYkV+k+jirAhj/GmijbP+Luv/o5h/v/p35nPm37P+zHq2wO8RyPJMX4bwZ+JcZZ9/JxBUATXVxoYTggRIgAQynYCNk/BMZ8r+k4BtAnxvbRNm/SRAAkEmQBsZ5NELd9ttzE16oIZ7zrB3PiBAAdUHg8AmkAAJkIAPCNhYyPmgW2wCCYSaAN/bUA8vO0cCJJAkAdrIJAHy49YI2JibFFCtDRcrJoEsAhRQORNIgARIgARAwMZCjmRJgATsEuB7a5cvaycBEgg2AdrIYI9fmFtvY25SQA3zjGHffEGAAqovhoGNIAESIIG0E7CxkEt7p9gAEgg5Ab63IR9gdo8ESCApArSRSeHjhy0SsDE3KaBaHDBWTQIgQAGV84AESIAESAAEbCzkSJYESMAuAb63dvmydhIggWAToI0M9viFufU25iYF1DDPGPbNFwQooPpiGNgIEiABEkg7ARsLubR3ig0ggZAT4Hsb8gFm90iABJIiQBuZFD5+2CIBG3OTAqrFAWPVJAACFFA5D0iABEiABEDAxkKOZEmABOwS4Htrly9rJwESCDYB2shgj1+YW29jblJADfOMYd98QYACqi+GgY0gARIggbQTsLGQS3un2AASCDkBvrchH2B2jwRIICkCtJFJ4eOHLRKwMTcpoFocMFZNAiBAAZXzgARIgARIAARsLORIlgRIwC4Bvrd2+bJ2EiCBYBOgjQz2+IW59TbmJgXUMM8Y9s0XBCig+mIY2AgSIAESSDsBGwu5tHeKDSCBkBPgexvyAWb3SIAEkiJAG5kUPn7YIgEbc5MCqsUBY9UkAAIUUDkPSIAESIAEQMDGQo5kSYAE7BLge2uXL2snARIINgHayGCPX5hbb2NuUkAN84xh33xBgAKqL4aBjSABEiCBtBOwsZBLe6fYABIIOQG+tyEfYHaPBEggKQK0kUnh44ctErAxNymgWhwwVk0CIEABlfOABEiABEgABGws5EiWBEjALgG+t3b5snYSIIFgE6CNDPb4hbn1NuYmBdQwzxj2zRcEKKD6YhjYCBIgARJIOwEbC7m0d4oNIIGQE+B7G/IBZvdIgASSIkAbmRQ+ftgiARtzkwKqxQFj1SQAAhRQOQ9IgARIgARAwMZCjmRJgATsEuB7a5cvaycBEgg2AdrIYI9fmFtvY25SQA3zjGHffEGAAqovhoGNIAESIIG0E7CxkEt7p9gAEgg5Ab63IR9gdo8ESCApAqmwkefP/6IOHzmu6tapkVRb+GEScBJIxdyMJUoBlXOMBCwToIBqGTCrJwESIIGAELCxkAtI19lMEggsAb63gR06NpwESCAfCKTCRm7d+qNatXqjemDoXfnQYn5FphBIxdykgJops4X99A0BCqjpH4ofd+5Ve/ceULVqVlf169dKf4PYAhIggYwkYGMhl5Eg2WkSyEcCYX5v58xdImujaqp584ZWiI4d96G6b9AdqnTpklbqZ6UkQALpJ5AKG7llyw4RUL9Twx6ggJr+EQ1PC1IxNymghmc+sCcBIZBpAurhw8fUlKmz1B+ffFAVLFgwX0dp/oKv1f4DR9TwBwdEvnfmrIVq5679qmWLRqpp0waqSuUKKWnTpUuX1WuvT1D3DLhV1a5dPWGdi7/8Vp04cUo/h/L2O1NFxK2tenS/Uf3222/qldcmqMH39VWVf2/XwYNH1Ucfz9H8WEiABMJFIJmF3LHjJ9XXy1arffsOqTNnflbXXltC1a9XU3Xq2F6VK1faKqhJk2eIHd2X7Ttg4x9/dIgqW9bu9+fUOadNtQqBlWcsgWTe2wMHDquvvl6t9u47qC5fvqzKly+rbri+tWrdqkkUzz1yyIv1AtZQhQsXVo0a1lW9enVS1xQvFnnOTV1Ym6xdt0l9t+kHdfLkT+rKlV9V5UrlxU60U40a1Yv6zl9//VX956V31EOyZqpUsbz66aczasGi5WqXvOtXrlxRNWtWVb2lDZUrXV03vSjPn5NQ23ild6+O6sYb2lxt78Ej6sOps9Wfnx6uChQooP8etuuLeUvVaflz5PB7o6pB399+d5peG8UrIx66R1WvXiVj5yE7TgJ+JZCMjdy+Y7e2kYcOHVWwSVhPNG1ynercqb0qWrRI3C6fOnVaTXj/U9Xvjp6qnqyDTHFjI/GsG1sX+8U7d+5Ty79Zow5KO2FnS5Ysoa67ro7q1vV6dW2JayKPu7Hlfh3HMLYrmbmZiAdD+MM4U9gnXxHINAEVm2xstp/52yMJf/hsDRB+3E79dFq1bdNMf8XRoyfUW+OmqMcfG6rKlyuT0q/FBgIbiZIlr1VPP/VgZHPg/JITsnl5c/QHqmaNqnqDgrJ6zXeqYoVyqo7k+Ll8+Yp67oUxasjgO1W9ulkLgB0/7lFTPpyl/vvZx/JdgE4pIFZGAiSQjYDXhdyxYyfVu+99JIJpLdW8WUNVSry5fpINxGbx2IDN+MufRqoiRQpbI/76m+/r723XNsu2mlKwYCERcq9uHKw1IIeKnTY1Hd/P7ww/Aa/vLYSBjz/5QnVo31Ly+tVURYoWVps3b1crV21U9w28QzVoUEfDOyTC4Xh5v6/v0Eq1aN5IC5QLRcgsJAcUw0U0RHFb19KvVqoDcpAMj1KItRBCIaauXbtJPfLwfZHDWrPe+GLeV+oJWSNBEBgzdrJen3Tp3F7WH4WknRv09z76yP16rYPy88/n1cWLF6MG/YjkLfzo47nqwWF3a29WUxYt/kYhr+Edt/fQf7Vh41Y1b/5X6sKFi1p8+NMfh2ebPBA2IKI4C8J68VkcLBcrVjT8E449JIGAEfBqIxEhOHnKTG0j4eiC9xuHxcuWr9Ve6/fc3ScbCdi08RM+1oJr/zt7a5uZFxvp1tY5v9gc7tx0YxttW4sVLaqwx8Oh129irx4eOci1LQ/Y0Aa+uV7nZk4dp4Aa+GnBDvidAAXU9I0QNiqzPl+sxdxUFyOg1hHv0+by492mddNsXzH1o390OzkAABacSURBVM/VZdmU4MfaCKjOhyigpnpUWB8J+JuA14XczFmL1LFjJ9SIGI8t9Pb06bPWw2MhoLZr21xh88BCAplGwOt7C4/TCxcvRXkngd0746dJNEzFiLA4bfocBf/Me++5LYIWnpqvvTFRDbz3NtVAvJzc1pVobP75/GjVr28vfRBiyudzvlTFxcO1Z4+btKgL76onHx8mHrCF9CPwBB379odycFNbPFE7Jhx2HPqi3C/RNM6CA+RbbumirpOoG5RPP5uvPctOiUi6YuV6V5E2F4Uf7A9sD+1Ppr157G9QCHi1kdgnoQy69/ZsXYXNgzd+bJnzxRJ9CIOQ/77igWoEVLc20outW7d+s3jJrspms+Ct/4E4Df3j74+pQoUKKje2PChjGpZ2ep2bOfWfAmpYZgf74VsCFFCVQqjF/IXL1O7d+1UR+TGsU7eGDgsrKSGoKNPFc6GeeFYh3AxeBlgwQ5js27dnnp5ZLblz9ku4HE4kx8miH7c5mlKoUCHZGDygSpW6VnuB4gf0zJmzEvpaRnW8sW0k/xdOND/5dJ66s18vNVc8MxB+/5c/jcj2I24E1AcfuFt9OmO+eGgMjvK43bNHwvGWfKuaNL5O/8gbARXeKOgrBNe8CKi7hN2XctJ55OhxHbrbQk5AO3fqoH+wscnBRqt/v97qmxXrNGd4t8DLlYUESMA/BLwu5GCT4HXhFFji9Qr2a8XKDWr3nv3q3Lnz4nlfVvXseZMWYFAi9k1s5Lz5X+twYXiQduncIe4hkPmO3ARUeIgdOnRM1apVTW8yypYppS+CSFV7jh8/pT3XEAZdWGx5TfmePjd3UWXke5w2Fe1FFAQ8346KrbymeHEJsautune7UXu8ocCjDl4jx8XLpUSJEqqxhDX3EkbYqOE3Y+GiZZIz+5C2rbDVN8tvFfM3+ucdSkdLvL63idqKDTfC6m/u3Vn/fv/rP+PUHbf1UM2aNYj6yEQJUa1SpYK6Rea6m7riPXP+lwtqpYiV8EJFyPw11xTXj+F7X35lvBok+UmrV6usQ+2xPrr9tu5R1cCjdeu2ndp7NV5BuCra+Qf5d2eKpKNy4POeeIn99c8js0XTwEa5FVCXfrVKUhJ8r9dvRthNxxzgd5IACSQm4NVG4vAFv6+xdifRN8ExZonYpIdHDFL/fnFclIDq1kZ6sXXwjEdEI/au8JTFegF7W6yjCspa4V5J05asLef8skPA69zMqTUUUO2MFWslgQiBTBdQITSOlR+dtm2aS26s1rKQLqA3r3sljx/yWSEv1rvjP9IhbMgj00rygiHk66Ppc/WiHmIoiptnsGneu/egFivxQ4YTw8Xyd09LmBi+F/n6vl62Rm38bqsacNctsjGpqAWEyR/OVH1v76nD6UwIPfKBXX99Kwm7qxE3v58RUJ96Ypi+NRICLfKamoK8fNj0IFeOU0BFP5CvBxt6twIq+vThtNk6109DyYt2/vwFNf2TLD74MTf1IFdaBwkBbCj9qFq1Et9CEiABnxHwupDb9sNObRPxviN8zJlvy9nF5d+s1UJr48b1RRy8Rq0XG4i8qQiVRWicsW8Is4VHGQ6QYCdhO3NKdZKbgIrPww5WklyJnTq21WG8EGpS0R6EDL855gOxa3VVx5va6lQFGzZukbaX1RsZp03Fb8crr72nbhFhqkWLxlpERv+qVaskOSXr6f5j8wRbDU+4X8SLZbW0G6HTJUU8gscc+OJQ7ZJ4v6BfEIFjD8h8Nq3YHMsEvL638ZqF+fyq5E/HISfWAvj/L73yrggCA7P9bs+avUj9LHMYz7qpy/kMxMsDkoMU4fCwBUPu76fXPKZgXfHJZ/MkBdFD+q9Gj5mk2rRpGpXDFH+/8bttaq54fCWK5Bn/3nS9Rrqr/81RTcRBynE5gL7rzui/x0NuBVSss16Xw2HYPZOayfJQs3oSIAEPBLzaSNiX2RIpiPUI7qlItLZBkxAyP2Hix2rokP46ZzO86p0eqG5tpFdbhwPcCRM/0V+DvSv2mfCuHyjeszhwTcaWe0DOj7gk4HVu5lQ9BVSX8PkYCXglkOkCKrwH4BEZe6siNrkI2YDQhw1w8WuKyWVK/SKYv/l2nfYUhUCJ4uYZp4CKz2CTvWDBMvXXvzys60Ao/YsvvyM3wvbVHq6mYIO9TTwscFOsERiGSl7Sur/nJY039k4BtagIE2Nk84HwWnhE4Xs3b96hw9mwUUhWQJ34wae6vV27XB9pCrx1x4lIi02NEVCRcL17txu8TlV+jgRIwDKBZBZy8JyEXYTwAY+NGjWqaFGxmWw6zAUtsc2HePLP58foDQdsiLFvsZexvPDvsarPLV1Vq5aN4xKAgIpUAdgkOEs1OcQZJp6msL2w18hRiJDgRMVLe3DgtnnLdrmsamjcfjoFVByIGbsY7/IJ5E2rUL6MDmWOLUuWrlBbt+5UoyTfoyn4zYDY1b3rDapdu+aWZwer9yuBZN5bZ5+w4YaAjz8Hi6CJgt/yN0S4h0hfsWK5KARz5bIleF9jPRJb4tXlfAaHBzhs/fncOTlI2aJ+lMODkSLSGm9qeE6hjj4SYo/y8qvvSVRLO9W+XYuor9qy9Uft5f0//3g8Wxuwbpou/xbvIjlEAcGzHYc5scWtgAqv8x079qhHRw1mTni/vhxsFwkIgWRsJPZIsAmIIIQXfJ3aNXRYvvNyKOxzkAcejjgt5XAUJTcBNZGN9GLrkFLlHbngDm1qLRGEWOcgN/2XS1ZopxVEE3i15ZxAdgkkMzcTtYwCqt0xY+0koDJdQEV4BjbtuMwgdnGPcFRs6rEBRrg58nCZosXPhct1+BeKm2dyE1DhjYF64C0Bb1RTkDIAoWcQPI3AkNslWE4BFaIpvLxwkQI25vCWgscIvD1SIaD+33OjtReJkyEWBhckNO8pESwgnuAyKuelFHz1SIAE/EcgFQs5iHoIT4cX/zoJbS1arIiImHdrz0x4fH0rIiu8Ji/KcyhIQ4LDIYTxG/v27DOPRoXDQiSE12X79tHiiSEIARUem7G5nrGJgKcpbC9C5+FF5yypaA+87xGKj7Qq8YpTQIWdRDgxPFEh3OAWcWzGzAVbWUJxFxGKo29AR73IxYaLcm6/tVvU10yaMkOVKV0qkq/Sf7OKLbJNIBXvLdo4c9ZCLRI8NGxAJJT+7NmftXg5cvhA7SntLPBA/UV+5+Ol7ohXV04ccLs9Imp69czKZYq0P1ivmMNkiLjw8ozNMwoPMQiZf/v9INp8B9Ygb42domrXqa5u6xP9ziDcdfRbk/X6Ld7ldm4EVNSBNsGzFbaHhQRIwL8EUmEjsRc7dPioHPbsVd+uWK/FUhPZBy9V2Bx4nJqSm4CayEbm1dbh+7Af3bf/kBr++4XApg3Y9yFPNA6PEenoxZb7d1TD0bJUzM1YEhRQwzE32AsfE8h0ARXh8RUrINdXp4Sj5NwAm4divUfdPJOrgCobl3cl3CwncTSRwBDb+FgBFaLGGyIyVJS8ZiVEULhbUgSgpEJAhTg6QG6ihLdZvGI8UCEAm8safPxKsGkkkLEEUr2Qw0UKCP9FCpKmTa9Tr742QTVuUl91Fc8vhO2iPPfCW/omW2eKkv9+9rGoQyQIqBBOcBNuvOImhB+RBs5LriBmpqI9+A1BWN+dkuM5Xon9bcAmCzmokZsRuaOPHT2hBeQaNarqg6ZbRexpLaliYgtuAob3i3ODhmfgMYg8sbF/n7GTOAM7nor3Fhc2ZUXj3B3JxwuUmK/P/2uszK8eURc84d8QLlq9epVsFzglqiunoZkxc6G+eAWXUuGAZZLMd+R3N97reM9wUBCbixCe2dvFCzT2cGT9hi3qC/GQfUJyk5p89ub7IX7AUx7fFa+4EVA/m7FA38Yd+70ZOP3YZRLwPYFU2EhnJ5H3GPbl7/81Sp2UXKMIu0dxRsFcufKrXscg2gTRikhTZEpONjKvtg51Tp32uV4f3BZzwAr7DScX7L/qSdRiXm257wc2BA1M9dwEEgqoIZgY7IK/CWSagLpJLirApUpmg/6lXKSEEKyHRw5KOFBuxFE3z+QmoOJ0EyH8A+4SMVJyicYrXgVU1LVm7SY1Z+6SqFyCOQmoEBjww+v0HMWG/4NJn0WJvMhlVr16ZR0iEq9QQPW3DWDrSMAQ8LqQgydneclXGhuqD5v2n5feEdGjmyzea+n8nxAxkR8ZxXi3GRtj7Ft+CKgIeUtFeyDgwAvuiceGxg3jjffb4JxxEGLESV8LsBCkEDFgcms7n8PvB0KSES5sOCOf7CsiSiM/d7u2DOHP1DfZ63treCEUHyH0uHQSXs6xBZvzAuK9NFCickzBJZevvfF+ZGPuti7kTI2XRxCpLeCRfauk6sC67OzZc1GHArjUCSlCnnx8WMQ7XXuZSg57XLSGvO2mYM0BL65WLRtF/b35d6xZ2sr7ghzF8UpuAiouyxw77kM1RFIXQJRgIQES8DcBrzYSdq5UqZLZOoe7KmbNXqyefWaU/t3HhU0QTJ0FtsnkM8fvulsbmRdbZ+rE3g52CdEDzoLL8uCJj0v2KkskY15sub9HNDyt8zo3cyJAATU884M98SmBTBFQkW/riHj64EcG3ggm5+nZn8/phXAjESxvkHAMhGIiDAI/YLhcAPm43Iijbp7JTUDFFFmydKW+VOTWPl1VTfFIQqjn+g2b9Q80UggkI6CifoTLOkPtcxJQ8fwYCXMrW660vvSktHh/mEtQkDsMXlLgg9DYqRLG2qP7TaqJhKViU/PD9l36NmnkjaWA6tOXn80igRgCXhdy2CjARsEmVChfTsJ/i6lTEuKKcP3TsgExlxzBUxQiCUJqL126pD4Xe4xwONwQm98eqLBTqWgPfkPeEjtZr14t1blze1W0SBHJM71V54tEaK/zt2H79t1iL/fKZTjNtOCMvK3Tps/Rnn2dOrZTP+7cq5BWBrmi8Xe4RGqN5G7Fb1MRuVUXnFEnnpXmy4WHcomUhBSCLy4KZMlMAl7fW9BC6CfyAw8Z3E+VdggF8KQyYurBg0fV+AnT1Q1ycSVy/yHCZeHCZeJZVTQqf7ybuiBewtO0Q4eWqrJExPz6Ky7U/F7yCO/QN1fjvcG6o5dc2oK0HqbgMGbM2Mn6cpYuXTqoQmJv4Em6U96ZUXKo4BRlIbQuW74mm9cX6sq6JOs99eenR2TLh4x/uyyXs2HNtU7ysiIcFocVJi+raQu8vvEccjezkAAJ+J+AVxuJixuL4QJcSR9UsQJyQBeQy3eP6NyiOIBJ5DgCIvFC+N3YSDe2Dnva2RI1gMPTynI55mEJ1cdao3XrJpLKqJkqLt6u8JBftOgbdU2J4joXPIpbW+7/EQ1PC73OzZwIUEANz/xgT3xKIFMEVFwYcEwuO6hVq5qEk/bQXj6m4ORwoXj37BYh8LJ49GCBjsU9Ngoo0z+eqy9scnr4YNO/WLwkTPiWm2dWr/5O7TtwKHLrKzbLuIAkNgQMmxn87+TJ0zo0s75szCFYYhGP0LapH82RfDbDEl7MgjYjZP/1Nyeqx0YNyfHSlO+/3662bPtRh9Ci4DIG9NXcKAsxGXnOwOgeETkQpr9WPFmXfLVSC6O4OAVt3CXslsqttmhfYdno15CwPogJ+BNCxauvT1SDBsqlXI5bdn36SrBZJJCxBLwu5CCIrFy1QR+cnDjxk7YNCCeDAIKb6fHfKLAjCNXFBgQHOX1u7qIWLFqmw9bhlQr7AUER+bqcZcL7n4h401p7msUrkybPUC3lgiljs2OfWSU32e+RkF1j55y2PxXtwUZloQhRCMuHkAybjVt74bnitKk4gMLGCwdh8L5FGoNmTRvK4diNEe9ViKxLv14peWRPiO0uri/Ogv0vXLiQzmMNXvskvywKUqL0kcO22BDljJ3AGdpxr+8tNupIsYH1QmzBPHZevoTok8WyTsJGHZvzRvIuIl+pCUt1Wxe+C+ubjXLIcOLkKS38Iw1ADzk0wJ845EU+VOQnjT0UgP2YLxdv7tq9Tze3Vs1qqrekX8oSNq4WCAmwB7EXTuEJrF+w5hlyf/TFV+YSz3gsnOmHkPMV+VkfEPEUl4yykAAJ+J+AVxsJoRIHNdt+2KkvzEPBPqZ1q6b64sZEF2TiOTjnIKd57d8vBXZrI/HZ3GzdCbncb6JErCByxVxmhfzVS2VvduDAEYXvwroLayZc8OtMH5CbLff/aIarhV7nZk4UKKCGa46wNz4kkCkCqg/Rs0kkQAIk4CsCNhZyvuogG0MCISQQpvf2+83btVeprZy+iEJCvuFE4fshnB7sEglkPIFU2Mgt4iW/ShxhTARjxkMlgJQQSMXcjG0IBdSUDA0rIYHEBCigcnaQAAmQAAmAgI2FHMmSAAnYJcD31i5f1k4CJBBsAqmwkbvl8se16zapu/tnXcLLQgKpIJCKuUkBNRUjwTpIIA8EKKDmARYfJQESIIEQE7CxkAsxLnaNBHxBgO+tL4aBjSABEvApAdpInw4Mm2XFcYEeqJxYJGCZAAVUy4BZPQmQAAkEhAA3GQEZKDaTBBwE+N5yOpAACZBAYgK0kZwdfiVgY25SQPXraLNdoSFAATU0Q8mOkAAJkEBSBGws5JJqED9MAiSQKwG+t7ki4gMkQAIZTIA2MoMH3+ddtzE3KaD6fNDZvOAToIAa/DFkD0iABEggFQRsLORS0S7WQQIkkJgA31vODhIgARKgjeQcCB4BG7/fFFCDNw/Y4oARoIAasAFjc0mABEjAEgEbCzlLTWW1JEACvxPge8upQAIkQAIUUDkHgkfAxu83BdTgzQO2OGAEKKAGbMDYXBIgARKwRMDGQs5SU1ktCZAABVTOARIgARLIlQDXNrki4gNpImBjblJATdNg8mszhwAF1MwZa/aUBEiABHIiYGMhR+IkQAJ2CfC9tcuXtZMACQSbAG1ksMcvzK23MTcpoIZ5xrBvviBAAdUXw8BGkAAJkEDaCdhYyKW9U2wACYScAN/bkA8wu0cCJJAUAdrIpPDxwxYJ2JibFFAtDhirJgEQoIDKeUACJEACJAACNhZyJEsCJGCXAN9bu3xZOwmQQLAJ0EYGe/zC3Hobc5MCaphnDPvmCwIUUH0xDGwECZAACaSdgI2FXNo7xQaQQMgJ8L0N+QCzeyRAAkkRoI1MCh8/bJGAjblJAdXigLFqEgABCqicByRAAiRAAiBgYyFHsiRAAnYJ8L21y5e1kwAJBJsAbWSwxy/MrbcxNymghnnGsG++IEAB1RfDwEaQAAmQQNoJ2FjIpb1TbAAJhJwA39uQDzC7RwIkkBQB2sik8PHDFgnYmJsUUC0OGKsmARCggMp5QAIkQAIkAAI2FnIkSwIkYJcA31u7fFk7CZBAsAnQRgZ7/MLcehtzkwJqmGcM++YLAhRQfTEMbAQJkAAJpJ2AjYVc2jvFBpBAyAnwvQ35ALN7JEACSRGgjUwKHz9skYCNuUkB1eKAsWoSAAEKqJwHJEACJEACIGBjIUeyJEACdgnwvbXLl7WTAAkEmwBtZLDHL8yttzE3KaCGecawb74gQAHVF8PARpAACZBA2gnYWMilvVNsAAmEnADf25APMLtHAiSQFAHayKTw8cMWCdiYmxRQLQ4YqyYBEKCAynlAAiRAAiQAAjYWciRLAiRglwDfW7t8WTsJkECwCdBGBnv8wtx6G3OTAmqYZwz75gsCQRVQfQGPjSABEiABEiABEiABEiABEiABEiABEiCBPBKoWa1MHj+R8+P5IaD+f44EpN5KiWb9AAAAAElFTkSuQmCC' />]]>
  </system-out>
</testsuite> <!-- org.udemy.globant.tests.vendorportal.VendorPortalTest -->
